"../../../Engine/Content/Functions/Engine_MaterialFunctions02/Utility/BlendAngleCorrectedNormals.uasset" 0
"../../../Engine/Content/Functions/MaterialLayerFunctions/MatLayerBlend_AO.uasset" 1
"../../../Engine/Content/Functions/MaterialLayerFunctions/MatLayerBlend_NormalBlend.uasset" 2
"../../../Engine/Content/Functions/MaterialLayerFunctions/MatLayerBlend_Simple.uasset" 3
"../../../../../../Users/Jr/Documents/GitHub/UberBall/Content/AnimStarterPack/UE4_Mannequin/Materials/MaterialLayers/T_ML_Rubber_Blue_01_D.uasset" 4
"../../../../../../Users/Jr/Documents/GitHub/UberBall/Content/AnimStarterPack/UE4_Mannequin/Materials/MaterialLayers/T_ML_Rubber_Blue_01_N.uasset" 5
"../../../../../../Users/Jr/Documents/GitHub/UberBall/Content/AnimStarterPack/UE4_Mannequin/Materials/MaterialLayers/ML_GlossyBlack_Latex_UE4.uasset" 6
"../../../../../../Users/Jr/Documents/GitHub/UberBall/Content/AnimStarterPack/UE4_Mannequin/Materials/MaterialLayers/ML_Plastic_Shiny_Beige.uasset" 7
"../../../../../../Users/Jr/Documents/GitHub/UberBall/Content/AnimStarterPack/UE4_Mannequin/Textures/UE4_LOGO_CARD.uasset" 8
"../../../../../../Users/Jr/Documents/GitHub/UberBall/Content/AnimStarterPack/UE4_Mannequin/Materials/MaterialLayers/ML_Plastic_Shiny_Beige_LOGO.uasset" 9
"../../../../../../Users/Jr/Documents/GitHub/UberBall/Content/AnimStarterPack/UE4_Mannequin/Materials/MaterialLayers/T_ML_Aluminum01.uasset" 10
"../../../../../../Users/Jr/Documents/GitHub/UberBall/Content/AnimStarterPack/UE4_Mannequin/Materials/MaterialLayers/T_ML_Aluminum01_N.uasset" 11
"../../../../../../Users/Jr/Documents/GitHub/UberBall/Content/AnimStarterPack/UE4_Mannequin/Materials/MaterialLayers/ML_SoftMetal_UE4.uasset" 12
"../../../../../../Users/Jr/Documents/GitHub/UberBall/Content/AnimStarterPack/UE4_Mannequin/Textures/UE4_Mannequin__normals.uasset" 13
"../../../../../../Users/Jr/Documents/GitHub/UberBall/Content/AnimStarterPack/UE4_Mannequin/Textures/UE4_Mannequin_MAT_MASKA.uasset" 14
"../../../../../../Users/Jr/Documents/GitHub/UberBall/Content/AnimStarterPack/UE4_Mannequin/Textures/UE4_Mannequin_occlusion_Mobile.uasset" 15
"../../../../../../Users/Jr/Documents/GitHub/UberBall/Content/AnimStarterPack/UE4_Mannequin/Materials/M_UE4Man_Body.uasset" 16
"../../../../../../Users/Jr/Documents/GitHub/UberBall/Content/AnimStarterPack/UE4_Mannequin/Textures/UE4Man_Logo_N.uasset" 17
"../../../../../../Users/Jr/Documents/GitHub/UberBall/Content/AnimStarterPack/UE4_Mannequin/Materials/M_UE4Man_ChestLogo.uasset" 18
"../../../../../../Users/Jr/Documents/GitHub/UberBall/Content/AnimStarterPack/UE4_Mannequin/Mesh/SK_Mannequin_PhysicsAsset.uasset" 19
"../../../../../../Users/Jr/Documents/GitHub/UberBall/Content/Mannequin/Character/Mesh/UE4_Mannequin_Skeleton.uasset" 20
"../../../../../../Users/Jr/Documents/GitHub/UberBall/Content/AnimStarterPack/UE4_Mannequin/Mesh/SK_Mannequin.uasset" 21
"../../../../../../Users/Jr/Documents/GitHub/UberBall/Content/FirstPerson/FPWeapon/Materials/MaterialLayers/ML_Plastic_Shiny_Beige_LOGO.uasset" 22
"../../../../../../Users/Jr/Documents/GitHub/UberBall/Content/FirstPerson/FPWeapon/Materials/MaterialLayers/T_ML_FineRubber.uasset" 23
"../../../../../../Users/Jr/Documents/GitHub/UberBall/Content/FirstPerson/FPWeapon/Mesh/SK_FPGun_PhysicsAsset.uasset" 24
"../../../../../../Users/Jr/Documents/GitHub/UberBall/Content/InfinityBladeWarriors/Animations/ThirdPerson_Jump.uasset" 25
"../../../../../../Users/Jr/Documents/GitHub/UberBall/Content/InfinityBladeWarriors/Animations/ThirdPersonJump_Loop.uasset" 26
"../../../../../../Users/Jr/Documents/GitHub/UberBall/Content/InfinityBladeWarriors/Animations/ThirdPersonJump_Start.uasset" 27
"../../../../../../Users/Jr/Documents/GitHub/UberBall/Content/InfinityBladeWarriors/Animations/ThirdPersonIdle.uasset" 28
"../../../../../../Users/Jr/Documents/GitHub/UberBall/Content/InfinityBladeWarriors/Animations/ThirdPersonRun.uasset" 29
"../../../../../../Users/Jr/Documents/GitHub/UberBall/Content/InfinityBladeWarriors/Animations/ThirdPersonWalk.uasset" 30
"../../../../../../Users/Jr/Documents/GitHub/UberBall/Content/InfinityBladeWarriors/Animations/ThirdPerson_IdleRun_2D.uasset" 31
"../../../Engine/Content/EditorBlueprintResources/StandardMacros.uasset" 32
"../../../../../../Users/Jr/Documents/GitHub/UberBall/Content/InfinityBladeWarriors/Animations/0_BaseAnimBP.uasset" 33
"../../../../../../Users/Jr/Documents/GitHub/UberBall/Content/Mannequin/Animations/ThirdPersonJump_End.uasset" 34
"../../../../../../Users/Jr/Documents/GitHub/UberBall/Content/FirstPerson/Animations/FirstPerson_Idle.uasset" 35
"../../../../../../Users/Jr/Documents/GitHub/UberBall/Content/Mannequin/Animations/ThirdPerson_Jump.uasset" 36
"../../../../../../Users/Jr/Documents/GitHub/UberBall/Content/Mannequin/Animations/ThirdPersonJump_Loop.uasset" 37
"../../../../../../Users/Jr/Documents/GitHub/UberBall/Content/Mannequin/Animations/ThirdPersonJump_Start.uasset" 38
"../../../../../../Users/Jr/Documents/GitHub/UberBall/Content/Mannequin/Animations/ThirdPersonIdle.uasset" 39
"../../../../../../Users/Jr/Documents/GitHub/UberBall/Content/Mannequin/Animations/ThirdPersonRun.uasset" 40
"../../../../../../Users/Jr/Documents/GitHub/UberBall/Content/Mannequin/Animations/ThirdPersonWalk.uasset" 41
"../../../../../../Users/Jr/Documents/GitHub/UberBall/Content/Mannequin/Animations/ThirdPerson_IdleRun_2D.uasset" 42
"../../../../../../Users/Jr/Documents/GitHub/UberBall/Content/Mannequin/Animations/ThirdPerson_AnimBP.uasset" 43
"../../../../../../Users/Jr/Documents/GitHub/UberBall/Content/TargetingSystem/Demo_Sample/Mannequin/Character/Mesh/UE4_Mannequin_Skeleton.uasset" 44
"../../../../../../Users/Jr/Documents/GitHub/UberBall/Content/TargetingSystem/Demo_Sample/Mannequin/Animations/ThirdPerson_Jump.uasset" 45
"../../../../../../Users/Jr/Documents/GitHub/UberBall/Content/TargetingSystem/Demo_Sample/Mannequin/Animations/ThirdPersonJump_Loop.uasset" 46
"../../../../../../Users/Jr/Documents/GitHub/UberBall/Content/TargetingSystem/Demo_Sample/Mannequin/Animations/ThirdPersonJump_Start.uasset" 47
"../../../../../../Users/Jr/Documents/GitHub/UberBall/Content/TargetingSystem/Demo_Sample/Mannequin/Animations/ThirdPersonIdle.uasset" 48
"../../../../../../Users/Jr/Documents/GitHub/UberBall/Content/TargetingSystem/Demo_Sample/Mannequin/Animations/ThirdPersonRun.uasset" 49
"../../../../../../Users/Jr/Documents/GitHub/UberBall/Content/TargetingSystem/Demo_Sample/Mannequin/Animations/ThirdPersonWalk.uasset" 50
"../../../../../../Users/Jr/Documents/GitHub/UberBall/Content/TargetingSystem/Demo_Sample/Mannequin/Animations/ThirdPerson_IdleRun_2D.uasset" 51
"../../../../../../Users/Jr/Documents/GitHub/UberBall/Content/TargetingSystem/Demo_Sample/Mannequin/Animations/ThirdPerson_AnimBP.uasset" 52
"../../../../../../Users/Jr/Documents/GitHub/UberBall/Content/AnimStarterPack/Crouch_Idle_Rifle_Hip.uasset" 53
"../../../../../../Users/Jr/Documents/GitHub/UberBall/Content/AnimStarterPack/Idle_Rifle_Hip.uasset" 54
"../../../../../../Users/Jr/Documents/GitHub/UberBall/Content/AnimStarterPack/Jump_From_Jog.uasset" 55
"../../../../../../Users/Jr/Documents/GitHub/UberBall/Content/AnimStarterPack/Jump_From_Stand.uasset" 56
"../../../../../../Users/Jr/Documents/GitHub/UberBall/Content/AnimStarterPack/Crouch_Walk_Bwd_Rifle_Hip.uasset" 57
"../../../../../../Users/Jr/Documents/GitHub/UberBall/Content/AnimStarterPack/Crouch_Walk_Fwd_Rifle_Hip.uasset" 58
"../../../../../../Users/Jr/Documents/GitHub/UberBall/Content/AnimStarterPack/Crouch_Walk_Lt_Rifle_Hip.uasset" 59
"../../../../../../Users/Jr/Documents/GitHub/UberBall/Content/AnimStarterPack/Crouch_Walk_Rt_Rifle_Hip.uasset" 60
"../../../../../../Users/Jr/Documents/GitHub/UberBall/Content/AnimStarterPack/BS_CrouchWalk.uasset" 61
"../../../../../../Users/Jr/Documents/GitHub/UberBall/Content/AnimStarterPack/Jog_Bwd_Rifle.uasset" 62
"../../../../../../Users/Jr/Documents/GitHub/UberBall/Content/AnimStarterPack/Jog_Fwd_Rifle.uasset" 63
"../../../../../../Users/Jr/Documents/GitHub/UberBall/Content/AnimStarterPack/Jog_Lt_Rifle.uasset" 64
"../../../../../../Users/Jr/Documents/GitHub/UberBall/Content/AnimStarterPack/Jog_Rt_Rifle.uasset" 65
"../../../../../../Users/Jr/Documents/GitHub/UberBall/Content/AnimStarterPack/BS_Jog.uasset" 66
"../../../../../../Users/Jr/Documents/GitHub/UberBall/Content/BluePrints/ShooterAnimBP.uasset" 67
"../../../../../../Users/Jr/Documents/GitHub/UberBall/Content/FirstPerson/Animations/FirstPerson_JumpEnd.uasset" 68
"../../../../../../Users/Jr/Documents/GitHub/UberBall/Content/FirstPerson/Animations/FirstPerson_JumpLoop.uasset" 69
"../../../../../../Users/Jr/Documents/GitHub/UberBall/Content/FirstPerson/Animations/FirstPerson_JumpStart.uasset" 70
"../../../../../../Users/Jr/Documents/GitHub/UberBall/Content/FirstPerson/Animations/FirstPerson_Run.uasset" 71
"../../../../../../Users/Jr/Documents/GitHub/UberBall/Content/FirstPerson/Animations/FirstPerson_AnimBP.uasset" 72
"../../../../../../Users/Jr/Documents/GitHub/UberBall/Content/Mannequin/Animations/Death_1.uasset" 73
"../../../../../../Users/Jr/Documents/GitHub/UberBall/Content/Mannequin/Animations/Death_1_Montage.uasset" 74
"../../../../../../Users/Jr/Documents/GitHub/UberBall/Content/BluePrints/Gameplay/GameplayGS.uasset" 75
"../../../../../../Users/Jr/Documents/GitHub/UberBall/Content/BluePrints/HUD_Widget.uasset" 76
"../../../../../../Users/Jr/Documents/GitHub/UberBall/Content/BluePrints/BasicHUD.uasset" 77
"../../../../../../Users/Jr/Documents/GitHub/UberBall/Content/BluePrints/TeamEnums.uasset" 78
"../../../../../../Users/Jr/Documents/GitHub/UberBall/Content/BluePrints/GameplayPS.uasset" 79
"../../../../../../Users/Jr/Documents/GitHub/UberBall/Content/BluePrints/BulletMat.uasset" 80
"../../../../../../Users/Jr/Documents/GitHub/UberBall/Content/Geometry/Meshes/CubeMaterial.uasset" 81
"../../../../../../Users/Jr/Documents/GitHub/UberBall/Content/Geometry/Meshes/1M_Cube.uasset" 82
"../../../../../../Users/Jr/Documents/GitHub/UberBall/Content/BluePrints/Bullet.uasset" 83
"../../../../../../Users/Jr/Documents/GitHub/UberBall/Content/FirstPerson/FPWeapon/Materials/MaterialLayers/T_ML_Rubber_Blue_01_D.uasset" 84
"../../../../../../Users/Jr/Documents/GitHub/UberBall/Content/FirstPerson/FPWeapon/Materials/MaterialLayers/T_ML_Rubber_Blue_01_N.uasset" 85
"../../../../../../Users/Jr/Documents/GitHub/UberBall/Content/FirstPerson/FPWeapon/Materials/MaterialLayers/ML_GlossyBlack_Latex_UE4.uasset" 86
"../../../../../../Users/Jr/Documents/GitHub/UberBall/Content/FirstPerson/FPWeapon/Materials/MaterialLayers/ML_Plastic_Shiny_Beige.uasset" 87
"../../../../../../Users/Jr/Documents/GitHub/UberBall/Content/FirstPerson/FPWeapon/Materials/MaterialLayers/ML_Screen.uasset" 88
"../../../../../../Users/Jr/Documents/GitHub/UberBall/Content/FirstPerson/FPWeapon/Materials/MaterialLayers/T_ML_Aluminum01.uasset" 89
"../../../../../../Users/Jr/Documents/GitHub/UberBall/Content/FirstPerson/FPWeapon/Materials/MaterialLayers/T_ML_Aluminum01_N.uasset" 90
"../../../../../../Users/Jr/Documents/GitHub/UberBall/Content/FirstPerson/FPWeapon/Materials/MaterialLayers/ML_SoftMetal_UE4.uasset" 91
"../../../../../../Users/Jr/Documents/GitHub/UberBall/Content/FirstPerson/FPWeapon/Textures/T_FPGun_M.uasset" 92
"../../../../../../Users/Jr/Documents/GitHub/UberBall/Content/FirstPerson/FPWeapon/Textures/T_FPGun_N.uasset" 93
"../../../../../../Users/Jr/Documents/GitHub/UberBall/Content/FirstPerson/FPWeapon/Materials/M_FPGun.uasset" 94
"../../../../../../Users/Jr/Documents/GitHub/UberBall/Content/FirstPerson/FPWeapon/Mesh/SK_FPGun_Skeleton.uasset" 95
"../../../../../../Users/Jr/Documents/GitHub/UberBall/Content/FirstPerson/FPWeapon/Mesh/SK_FPGun.uasset" 96
"../../../../../../Users/Jr/Documents/GitHub/UberBall/Content/BluePrints/Gun.uasset" 97
"../../../../../../Users/Jr/Documents/GitHub/UberBall/Content/BluePrints/UberBall_GameMode.uasset" 98
"../../../../../../Users/Jr/Documents/GitHub/UberBall/Content/TargetingSystem/STS_Target.uasset" 99
"../../../../../../Users/Jr/Documents/GitHub/UberBall/Content/BluePrints/TeamOneColor.uasset" 100
"../../../../../../Users/Jr/Documents/GitHub/UberBall/Content/BluePrints/TeamTwoColor.uasset" 101
"../../../../../../Users/Jr/Documents/GitHub/UberBall/Content/Mannequin/Character/Materials/MaterialLayers/T_ML_Rubber_Blue_01_D.uasset" 102
"../../../../../../Users/Jr/Documents/GitHub/UberBall/Content/Mannequin/Character/Materials/MaterialLayers/T_ML_Rubber_Blue_01_N.uasset" 103
"../../../../../../Users/Jr/Documents/GitHub/UberBall/Content/Mannequin/Character/Materials/MaterialLayers/ML_GlossyBlack_Latex_UE4.uasset" 104
"../../../../../../Users/Jr/Documents/GitHub/UberBall/Content/Mannequin/Character/Materials/MaterialLayers/ML_Plastic_Shiny_Beige.uasset" 105
"../../../../../../Users/Jr/Documents/GitHub/UberBall/Content/Mannequin/Character/Textures/UE4_LOGO_CARD.uasset" 106
"../../../../../../Users/Jr/Documents/GitHub/UberBall/Content/Mannequin/Character/Materials/MaterialLayers/ML_Plastic_Shiny_Beige_LOGO.uasset" 107
"../../../../../../Users/Jr/Documents/GitHub/UberBall/Content/Mannequin/Character/Materials/MaterialLayers/T_ML_Aluminum01.uasset" 108
"../../../../../../Users/Jr/Documents/GitHub/UberBall/Content/Mannequin/Character/Materials/MaterialLayers/T_ML_Aluminum01_N.uasset" 109
"../../../../../../Users/Jr/Documents/GitHub/UberBall/Content/Mannequin/Character/Materials/MaterialLayers/ML_SoftMetal_UE4.uasset" 110
"../../../../../../Users/Jr/Documents/GitHub/UberBall/Content/Mannequin/Character/Textures/UE4_Mannequin__normals.uasset" 111
"../../../../../../Users/Jr/Documents/GitHub/UberBall/Content/Mannequin/Character/Textures/UE4_Mannequin_MAT_MASKA.uasset" 112
"../../../../../../Users/Jr/Documents/GitHub/UberBall/Content/Mannequin/Character/Materials/M_UE4Man_Body.uasset" 113
"../../../../../../Users/Jr/Documents/GitHub/UberBall/Content/BluePrints/TeamMarker.uasset" 114
"../../../../../../Users/Jr/Documents/GitHub/UberBall/Content/BluePrints/Player_Score.uasset" 115
"../../../../../../Users/Jr/Documents/GitHub/UberBall/Content/BluePrints/Scoreboard.uasset" 116
"../../../../../../Users/Jr/Documents/GitHub/UberBall/Content/FirstPerson/Character/Materials/MaterialLayers/T_ML_Rubber_Blue_01_D.uasset" 117
"../../../../../../Users/Jr/Documents/GitHub/UberBall/Content/FirstPerson/Character/Materials/MaterialLayers/T_ML_Rubber_Blue_01_N.uasset" 118
"../../../../../../Users/Jr/Documents/GitHub/UberBall/Content/FirstPerson/Character/Materials/MaterialLayers/ML_GlossyBlack_Latex_UE4.uasset" 119
"../../../../../../Users/Jr/Documents/GitHub/UberBall/Content/FirstPerson/Character/Materials/MaterialLayers/ML_Plastic_Shiny_Beige.uasset" 120
"../../../../../../Users/Jr/Documents/GitHub/UberBall/Content/FirstPerson/Character/Textures/UE4_LOGO_CARD.uasset" 121
"../../../../../../Users/Jr/Documents/GitHub/UberBall/Content/FirstPerson/Character/Materials/MaterialLayers/ML_Plastic_Shiny_Beige_LOGO.uasset" 122
"../../../../../../Users/Jr/Documents/GitHub/UberBall/Content/FirstPerson/Character/Materials/MaterialLayers/T_ML_Aluminum01.uasset" 123
"../../../../../../Users/Jr/Documents/GitHub/UberBall/Content/FirstPerson/Character/Materials/MaterialLayers/T_ML_Aluminum01_N.uasset" 124
"../../../../../../Users/Jr/Documents/GitHub/UberBall/Content/FirstPerson/Character/Materials/MaterialLayers/ML_SoftMetal_UE4.uasset" 125
"../../../../../../Users/Jr/Documents/GitHub/UberBall/Content/FirstPerson/Character/Textures/UE4_Mannequin__normals.uasset" 126
"../../../../../../Users/Jr/Documents/GitHub/UberBall/Content/FirstPerson/Character/Textures/UE4_Mannequin_MAT_MASKA.uasset" 127
"../../../../../../Users/Jr/Documents/GitHub/UberBall/Content/FirstPerson/Character/Materials/M_UE4Man_Body.uasset" 128
"../../../../../../Users/Jr/Documents/GitHub/UberBall/Content/FirstPerson/Character/Mesh/SK_Mannequin_Arms_PhysicsAsset.uasset" 129
"../../../../../../Users/Jr/Documents/GitHub/UberBall/Content/FirstPerson/Character/Mesh/SK_Mannequin_Arms.uasset" 130
"../../../../../../Users/Jr/Documents/GitHub/UberBall/Content/Mannequin/Character/Textures/UE4Man_Logo_N.uasset" 131
"../../../../../../Users/Jr/Documents/GitHub/UberBall/Content/Mannequin/Character/Materials/M_UE4Man_ChestLogo.uasset" 132
"../../../../../../Users/Jr/Documents/GitHub/UberBall/Content/Mannequin/Character/Mesh/SK_Mannequin_PhysicsAsset.uasset" 133
"../../../../../../Users/Jr/Documents/GitHub/UberBall/Content/Mannequin/Character/Mesh/SK_Mannequin.uasset" 134
"../../../../../../Users/Jr/Documents/GitHub/UberBall/Content/ThirdPersonBP/Blueprints/UberBall_Character.uasset" 135
"../../../Engine/Content/BasicShapes/BasicShapeMaterial.uasset" 136
"../../../Engine/Content/Functions/Engine_MaterialFunctions01/Opacity/CameraDepthFade.uasset" 137
"../../../Engine/Content/EngineMaterials/T_Default_Material_Grid_M.uasset" 138
"../../../Engine/Content/EngineMaterials/T_Default_Material_Grid_N.uasset" 139
"../../../Engine/Content/EngineMaterials/DefaultMaterial.uasset" 140
"../../../Engine/Content/BasicShapes/Sphere.uasset" 141
"../../../../../../Users/Jr/Documents/GitHub/UberBall/Content/BluePrints/BP_GravityBall.uasset" 142
"../../../../../../Users/Jr/Documents/GitHub/UberBall/Content/TargetingSystem/Textures/Target.uasset" 143
"../../../../../../Users/Jr/Documents/GitHub/UberBall/Content/TargetingSystem/Target_Visual.uasset" 144
"../../../../../../Users/Jr/Documents/GitHub/UberBall/Content/TargetingSystem/STS_Indicator.uasset" 145
"../../../../../../Users/Jr/Documents/GitHub/UberBall/Content/TargetingSystem/STS.uasset" 146
"../../../../../../Users/Jr/Documents/GitHub/UberBall/Content/TargetingSystem/Demo_Sample/Mannequin/Character/Materials/MaterialLayers/T_ML_Rubber_Blue_01_D.uasset" 147
"../../../../../../Users/Jr/Documents/GitHub/UberBall/Content/TargetingSystem/Demo_Sample/Mannequin/Character/Materials/MaterialLayers/T_ML_Rubber_Blue_01_N.uasset" 148
"../../../../../../Users/Jr/Documents/GitHub/UberBall/Content/TargetingSystem/Demo_Sample/Mannequin/Character/Materials/MaterialLayers/ML_GlossyBlack_Latex_UE4.uasset" 149
"../../../../../../Users/Jr/Documents/GitHub/UberBall/Content/TargetingSystem/Demo_Sample/Mannequin/Character/Materials/MaterialLayers/ML_Plastic_Shiny_Beige.uasset" 150
"../../../../../../Users/Jr/Documents/GitHub/UberBall/Content/TargetingSystem/Demo_Sample/Mannequin/Character/Textures/UE4_LOGO_CARD.uasset" 151
"../../../../../../Users/Jr/Documents/GitHub/UberBall/Content/TargetingSystem/Demo_Sample/Mannequin/Character/Materials/MaterialLayers/ML_Plastic_Shiny_Beige_LOGO.uasset" 152
"../../../../../../Users/Jr/Documents/GitHub/UberBall/Content/TargetingSystem/Demo_Sample/Mannequin/Character/Materials/MaterialLayers/T_ML_Aluminum01.uasset" 153
"../../../../../../Users/Jr/Documents/GitHub/UberBall/Content/TargetingSystem/Demo_Sample/Mannequin/Character/Materials/MaterialLayers/T_ML_Aluminum01_N.uasset" 154
"../../../../../../Users/Jr/Documents/GitHub/UberBall/Content/TargetingSystem/Demo_Sample/Mannequin/Character/Materials/MaterialLayers/ML_SoftMetal_UE4.uasset" 155
"../../../../../../Users/Jr/Documents/GitHub/UberBall/Content/TargetingSystem/Demo_Sample/Mannequin/Character/Textures/UE4_Mannequin__normals.uasset" 156
"../../../../../../Users/Jr/Documents/GitHub/UberBall/Content/TargetingSystem/Demo_Sample/Mannequin/Character/Textures/UE4_Mannequin_MAT_MASKA.uasset" 157
"../../../../../../Users/Jr/Documents/GitHub/UberBall/Content/TargetingSystem/Demo_Sample/Mannequin/Character/Materials/M_UE4Man_Body.uasset" 158
"../../../../../../Users/Jr/Documents/GitHub/UberBall/Content/TargetingSystem/Demo_Sample/Mannequin/Character/Textures/UE4Man_Logo_N.uasset" 159
"../../../../../../Users/Jr/Documents/GitHub/UberBall/Content/TargetingSystem/Demo_Sample/Mannequin/Character/Materials/M_UE4Man_ChestLogo.uasset" 160
"../../../../../../Users/Jr/Documents/GitHub/UberBall/Content/TargetingSystem/Demo_Sample/Mannequin/Character/Mesh/SK_Mannequin_PhysicsAsset.uasset" 161
"../../../../../../Users/Jr/Documents/GitHub/UberBall/Content/TargetingSystem/Demo_Sample/Mannequin/Character/Mesh/SK_Mannequin.uasset" 162
"../../../../../../Users/Jr/Documents/GitHub/UberBall/Content/TargetingSystem/Demo_Sample/ThirdPersonBP/Blueprints/ThirdPersonCharacter.uasset" 163
"../../../../../../Users/Jr/Documents/GitHub/UberBall/Content/TargetingSystem/Demo_Sample/ThirdPersonBP/Blueprints/ThirdPersonGameMode.uasset" 164
"../../../../../../Users/Jr/Documents/GitHub/UberBall/Content/ThirdPersonBP/Blueprints/ThirdPersonGameMode.uasset" 165
"../../../Engine/Content/BasicShapes/Cone.uasset" 166
"../../../Engine/Content/EngineMaterials/WorldGridMaterial.uasset" 167
"../../../Engine/Content/BasicShapes/Cube.uasset" 168
"../../../Engine/Content/BasicShapes/Cylinder.uasset" 169
"../../../Engine/Content/BasicShapes/Plane.uasset" 170
"../../../Engine/Content/EditorLandscapeResources/DataLayer.uasset" 171
"../../../Engine/Content/EditorMaterials/GizmoMaterial.uasset" 172
"../../../Engine/Content/EditorMaterials/MAT_Groups_Toggle.uasset" 173
"../../../Engine/Content/EditorMaterials/MAT_Groups_Visibility.uasset" 174
"../../../Engine/Content/EditorMaterials/PreviewShadowIndicator.uasset" 175
"../../../Engine/Content/EditorMaterials/PreviewShadowIndicatorMaterial.uasset" 176
"../../../Engine/Content/EditorMaterials/MatineeGroups/MAT_ColorTrack.uasset" 177
"../../../Engine/Content/EditorMaterials/MatineeGroups/MAT_Groups_Anim.uasset" 178
"../../../Engine/Content/EditorMaterials/MatineeGroups/MAT_Groups_AudioMaster.uasset" 179
"../../../Engine/Content/EditorMaterials/MatineeGroups/MAT_Groups_Director.uasset" 180
"../../../Engine/Content/EditorMaterials/MatineeGroups/MAT_Groups_Event.uasset" 181
"../../../Engine/Content/EditorMaterials/MatineeGroups/MAT_Groups_Fade.uasset" 182
"../../../Engine/Content/EditorMaterials/MatineeGroups/MAT_Groups_Float.uasset" 183
"../../../Engine/Content/EditorMaterials/MatineeGroups/MAT_Groups_Move.uasset" 184
"../../../Engine/Content/EditorMaterials/MatineeGroups/MAT_Groups_Slomo.uasset" 185
"../../../Engine/Content/EditorMaterials/MatineeGroups/MAT_Groups_Sound.uasset" 186
"../../../Engine/Content/EditorMaterials/MatineeGroups/MAT_Groups_Vector.uasset" 187
"../../../Engine/Content/EditorMaterials/ParticleSystems/PSysThumbnail_NoImage.uasset" 188
"../../../Engine/Content/EditorMaterials/ParticleSystems/PSysThumbnail_OOD.uasset" 189
"../../../Engine/Content/EditorMaterials/Camera/CineMat.uasset" 190
"../../../Engine/Content/EditorMaterials/Camera/MI_CineMat_Rig.uasset" 191
"../../../Engine/Content/EditorMeshes/Camera/SM_CraneRig_Arm.uasset" 192
"../../../Engine/Content/EditorMeshes/Camera/SM_CraneRig_Base.uasset" 193
"../../../Engine/Content/EditorMeshes/Camera/SM_CraneRig_Body.uasset" 194
"../../../Engine/Content/EditorMeshes/Camera/SM_CraneRig_Mount.uasset" 195
"../../../Engine/Content/EditorMeshes/Camera/SM_RailRig_Mount.uasset" 196
"../../../Engine/Content/EditorMeshes/Camera/SM_RailRig_Track.uasset" 197
"../../../Engine/Content/EditorMeshes/ColorCalibrator/M_ChromeBall.uasset" 198
"../../../Engine/Content/EditorMeshes/ColorCalibrator/M_ClearCoat.uasset" 199
"../../../Engine/Content/EditorMeshes/ColorCalibrator/M_ClearCoatBlack.uasset" 200
"../../../Engine/Content/EditorMeshes/ColorCalibrator/Color_checker.uasset" 201
"../../../Engine/Content/EditorMeshes/ColorCalibrator/M_ColorGrid.uasset" 202
"../../../Engine/Content/EditorMeshes/ColorCalibrator/M_GreyBall.uasset" 203
"../../../Engine/Content/EditorMeshes/ColorCalibrator/SM_ColorCalibrator.uasset" 204
"../../../Engine/Content/EditorResources/BSPVertex.uasset" 205
"../../../Engine/Content/EditorResources/EmptyActor.uasset" 206
"../../../Engine/Content/EditorResources/S_Actor.uasset" 207
"../../../Engine/Content/EditorResources/S_Trigger.uasset" 208
"../../../Engine/Content/EditorResources/LightIcons/S_LightError.uasset" 209
"../../../Engine/Content/EditorResources/SequenceRecorder/Countdown.uasset" 210
"../../../Engine/Content/EditorResources/SequenceRecorder/RecordingIndicator.uasset" 211
"../../../Engine/Content/EditorSounds/Notifications/CompileFailed.uasset" 212
"../../../Engine/Content/EditorSounds/Notifications/CompileFailed_Cue.uasset" 213
"../../../Engine/Content/EditorSounds/Notifications/CompileSuccess.uasset" 214
"../../../Engine/Content/EditorSounds/Notifications/CompileStart_Cue.uasset" 215
"../../../Engine/Content/EditorSounds/Notifications/CompileSuccess_Cue.uasset" 216
"../../../Engine/Content/EngineDamageTypes/DmgTypeBP_Environmental.uasset" 217
"../../../Engine/Content/EngineDebugMaterials/HeatmapGradient.uasset" 218
"../../../Engine/Content/EngineDebugMaterials/BoneWeightMaterial.uasset" 219
"../../../Engine/Content/EngineDebugMaterials/ClothMaterial.uasset" 220
"../../../Engine/Content/EngineDebugMaterials/ClothMaterial_WF.uasset" 221
"../../../Engine/Content/EngineDebugMaterials/DebugEditorMaterial.uasset" 222
"../../../Engine/Content/EngineDebugMaterials/DebugMeshMaterial.uasset" 223
"../../../Engine/Content/EngineDebugMaterials/GeomMaterial.uasset" 224
"../../../Engine/Content/EngineFonts/Faces/RobotoBold.uasset" 225
"../../../Engine/Content/EngineFonts/Faces/RobotoBoldItalic.uasset" 226
"../../../Engine/Content/EngineFonts/Faces/RobotoItalic.uasset" 227
"../../../Engine/Content/EngineFonts/Faces/RobotoLight.uasset" 228
"../../../Engine/Content/EngineFonts/Faces/RobotoRegular.uasset" 229
"../../../Engine/Content/EngineFonts/Roboto.uasset" 230
"../../../Engine/Content/EngineFonts/Faces/RobotoTiny.uasset" 231
"../../../Engine/Content/EngineFonts/RobotoTiny.uasset" 232
"../../../Engine/Content/EngineMaterials/DefaultBloomKernel.uasset" 233
"../../../Engine/Content/EngineMaterials/DefaultBokeh.uasset" 234
"../../../Engine/Content/EngineMaterials/DefaultDiffuse.uasset" 235
"../../../Engine/Content/EngineMaterials/DefaultDeferredDecalMaterial.uasset" 236
"../../../Engine/Content/EngineMaterials/DefaultLightFunctionMaterial.uasset" 237
"../../../Engine/Content/EngineMaterials/DefaultPhysicalMaterial.uasset" 238
"../../../Engine/Content/Functions/Engine_MaterialFunctions02/Utility/BreakOutFloat2Components.uasset" 239
"../../../Engine/Content/EngineMaterials/DefaultPostProcessMaterial.uasset" 240
"../../../Engine/Content/EngineFonts/RobotoDistanceField.uasset" 241
"../../../Engine/Content/EngineMaterials/DefaultTextMaterialOpaque.uasset" 242
"../../../Engine/Content/EngineMaterials/DefaultWhiteGrid.uasset" 243
"../../../Engine/Content/EngineMaterials/EditorBrushMaterial.uasset" 244
"../../../Engine/Content/EngineMaterials/Good64x64TilingNoiseHighFreq.uasset" 245
"../../../Engine/Content/EngineMaterials/MiniFont.uasset" 246
"../../../Engine/Content/EngineMaterials/InvalidLightmapSettings.uasset" 247
"../../../Engine/Content/EngineMaterials/M_InvalidLightmapSettings.uasset" 248
"../../../Engine/Content/Functions/Engine_MaterialFunctions02/WorldPositionOffset/CameraOffset.uasset" 249
"../../../Engine/Content/EngineMaterials/PhAT_JointLimitMaterial.uasset" 250
"../../../Engine/Content/EngineMaterials/PreintegratedSkinBRDF.uasset" 251
"../../../Engine/Content/EngineMaterials/RemoveSurfaceMaterial.uasset" 252
"../../../Engine/Content/EngineMaterials/WeightMapPlaceholderTexture.uasset" 253
"../../../Engine/Content/EngineResources/WhiteSquareTexture.uasset" 254
"../../../Engine/Content/EngineMaterials/Widget3DPassThrough.uasset" 255
"../../../Engine/Content/EngineMaterials/Widget3DPassThrough_Masked.uasset" 256
"../../../Engine/Content/EngineMaterials/Widget3DPassThrough_Opaque.uasset" 257
"../../../Engine/Content/EngineMaterials/Widget3DPassThrough_Masked_OneSided.uasset" 258
"../../../Engine/Content/EngineMaterials/Widget3DPassThrough_Opaque_OneSided.uasset" 259
"../../../Engine/Content/EngineMaterials/Widget3DPassThrough_Translucent.uasset" 260
"../../../Engine/Content/EngineMaterials/Widget3DPassThrough_Translucent_OneSided.uasset" 261
"../../../Engine/Content/EngineMeshes/Cube.uasset" 262
"../../../Engine/Content/EngineMeshes/Cylinder.uasset" 263
"../../../Engine/Content/EngineMeshes/Sphere.uasset" 264
"../../../Engine/Content/EngineResources/Black.uasset" 265
"../../../Engine/Content/EngineResources/DefaultTexture.uasset" 266
"../../../Engine/Content/EngineResources/DefaultTextureCube.uasset" 267
"../../../Engine/Content/EngineResources/GradientTexture0.uasset" 268
"../../../Engine/Content/EngineSounds/Master.uasset" 269
"../../../Engine/Content/Functions/Engine_MaterialFunctions01/Shading/ConvertFromDiffSpec.uasset" 270
"../../../Engine/Content/Functions/Engine_MaterialFunctions01/Shading/PowerToRoughness.uasset" 271
"../../../Engine/Content/Maps/Templates/Thumbnails/Default.uasset" 272
"../../../Engine/Content/Maps/Templates/Thumbnails/VR-Basic.uasset" 273
"../../../Engine/Content/MobileResources/T_MobileControls_texture.uasset" 274
"../../../Engine/Content/MobileResources/T_MobileMenu2.uasset" 275
"../../../Engine/Content/MobileResources/HUD/AnalogHat.uasset" 276
"../../../Engine/Content/MobileResources/HUD/VirtualJoystick_Background.uasset" 277
"../../../Engine/Content/MobileResources/HUD/VirtualJoystick_Thumb.uasset" 278
"../../../Engine/Content/MobileResources/HUD/DefaultVirtualJoysticks.uasset" 279
"../../../Engine/Content/MobileResources/HUD/LeftVirtualJoystickOnly.uasset" 280
"../../../Engine/Content/MobileResources/HUD/MobileHUDButton1_off.uasset" 281
"../../../Engine/Content/MobileResources/HUD/MobileHUDButton1_on.uasset" 282
"../../../Engine/Content/MobileResources/HUD/MobileHUDButton2_off.uasset" 283
"../../../Engine/Content/MobileResources/HUD/MobileHUDButton2_on.uasset" 284
"../../../Engine/Content/MobileResources/HUD/MobileHUDButton3.uasset" 285
"../../../Engine/Content/MobileResources/HUD/MobileHUDButtonFire.uasset" 286
"../../../Engine/Content/MobileResources/HUD/MobileHUDDirectionPad.uasset" 287
"../../../Engine/Content/MobileResources/HUD/MobileHUDDirectionPad2.uasset" 288
"../../../Engine/Content/MobileResources/HUD/MobileHUDDirectionPad3.uasset" 289
"../../../Engine/Content/MobileResources/HUD/MobileHUDDirectionStick.uasset" 290
"../../../Engine/Content/MobileResources/HUD/T_Castle_ThumbstickInner.uasset" 291
"../../../Engine/Content/MobileResources/HUD/T_Castle_ThumbstickOutter.uasset" 292
"../../../Engine/Content/Tutorial/ContentIntroCurve.uasset" 293
"../../../Engine/Content/Tutorial/Basics/TutorialAssets/icon_tab_Levels_40x.uasset" 294
"../../../Engine/Content/Tutorial/BlueprintTutorials/TutorialAssets/BlueprintInterface_64x.uasset" 295
"../../../Engine/Content/Tutorial/BlueprintTutorials/TutorialAssets/BlueprintMacroLibrary_64x.uasset" 296
"../../../Engine/Content/Tutorial/BlueprintTutorials/TutorialAssets/Blueprint_64x.uasset" 297
"../../../Engine/Content/Tutorial/BlueprintTutorials/TutorialAssets/Tutorial_BP_Interface.uasset" 298
"../../../Engine/Content/Tutorial/Foliage/TutorialAssets/Foliage.uasset" 299
"../../../Engine/Content/Tutorial/Landscape/TutorialAssets/Landscape.uasset" 300
"../../../Engine/Content/Tutorial/Mobile/TutorialAssets/android_Icon.uasset" 301
"../../../Engine/Content/Tutorial/Paper2D/TutorialAssets/Paper2DFlipbook_TutorialIcon.uasset" 302
"../../../Engine/Content/Tutorial/Paper2D/TutorialAssets/Paper2DSprite_TutorialIcon.uasset" 303
"../../../Engine/Content/Tutorial/SubEditors/TutorialAssets/icon_Editor_Preferences_General_40x.uasset" 304
"../../../Engine/Content/Tutorial/SubEditors/TutorialAssets/icon_ShowSkeletalMeshes_40x.uasset" 305
"../../../Engine/Content/Tutorial/SubEditors/TutorialAssets/TutorialMaterial.uasset" 306
"../../../Engine/Content/Tutorial/SubEditors/TutorialAssets/T_SmokeSubUV_8X8.uasset" 307
"../../../Engine/Content/Tutorial/SubEditors/TutorialAssets/T_soft_smoke.uasset" 308
"../../../Engine/Content/Tutorial/SubEditors/TutorialAssets/M_smoke_subUV_blackbody.uasset" 309
"../../../Engine/Content/Tutorial/SubEditors/TutorialAssets/TutorialParticleSystem.uasset" 310
"../../../Engine/Content/VREditor/Devices/Generic/GenericHMDMaterial.uasset" 311
"../../../Engine/Content/VREditor/Devices/Generic/GenericHMD.uasset" 312
"../../../Engine/Content/Functions/Engine_MaterialFunctions02/Utility/BreakOutFloat3Components.uasset" 313
"../../../Engine/Content/VREditor/Devices/Vive/VivePreController_MasksB.uasset" 314
"../../../Engine/Content/VREditor/Devices/Oculus/OculusControllerMaterial.uasset" 315
"../../../Engine/Content/VREditor/Devices/Oculus/OculusControllerMaterial_Inst.uasset" 316
"../../../Engine/Content/VREditor/Devices/Oculus/OculusControllerMesh.uasset" 317
"../../../Engine/Content/VREditor/Devices/Vive/T_VivePreController_EM.uasset" 318
"../../../Engine/Content/VREditor/Devices/Vive/VivePreController_MasksA.uasset" 319
"../../../Engine/Content/VREditor/Devices/Vive/VivePreControllerDiffuse.uasset" 320
"../../../Engine/Content/VREditor/Devices/Vive/VivePreControllerSpec.uasset" 321
"../../../Engine/Content/VREditor/LaserPointer/VR_LaserPower_01.uasset" 322
"../../../Engine/Content/VREditor/Devices/Vive/VivePreControllerMaterial.uasset" 323
"../../../Engine/Content/VREditor/Devices/Vive/VivePreControllerMaterial_Inst.uasset" 324
"../../../Engine/Content/VREditor/Devices/Vive/VivePreControllerMesh.uasset" 325
"../../../Engine/Content/VREditor/FloatingText/LineMaterial.uasset" 326
"../../../Engine/Content/VREditor/FloatingText/JointSphere.uasset" 327
"../../../Engine/Content/VREditor/FloatingText/LineSegmentCylinder.uasset" 328
"../../../Engine/Content/VREditor/Fonts/VRText_RobotoLarge.uasset" 329
"../../../Engine/Content/VREditor/Fonts/VRTextMaterial.uasset" 330
"../../../Engine/Content/VREditor/Fonts/TranslucentVRTextMaterial.uasset" 331
"../../../Engine/Content/VREditor/LaserPointer/CursorPointer.uasset" 332
"../../../Engine/Content/VREditor/TransformGizmo/TransformGizmoMaterial.uasset" 333
"../../../Engine/Content/VREditor/LaserPointer/HoverMaterial.uasset" 334
"../../../Engine/Content/VREditor/TransformGizmo/TranslucentTransformGizmoMaterial.uasset" 335
"../../../Engine/Content/VREditor/LaserPointer/TranslucentHoverMaterial.uasset" 336
"../../../Engine/Content/VREditor/LaserPointer/HoverMesh.uasset" 337
"../../../Engine/Content/VREditor/LaserPointer/LaserPointerMaterial.uasset" 338
"../../../Engine/Content/VREditor/LaserPointer/LaserPointerMaterialInst.uasset" 339
"../../../Engine/Content/VREditor/LaserPointer/TranslucentLaserPointerMaterialInst.uasset" 340
"../../../Engine/Content/VREditor/LaserPointer/LaserPointerMesh.uasset" 341
"../../../Engine/Content/VREditor/LaserPointer/LaserPointerMesh_End.uasset" 342
"../../../Engine/Content/VREditor/LaserPointer/LaserPointerMesh_Start.uasset" 343
"../../../Engine/Content/VREditor/Sounds/VR_teleport.uasset" 344
"../../../Engine/Content/VREditor/Sounds/UI/Click_on_Button.uasset" 345
"../../../Engine/Content/VREditor/Sounds/UI/Click_on_Button_Cue.uasset" 346
"../../../Engine/Content/VREditor/Sounds/UI/Dockable_Window_Close.uasset" 347
"../../../Engine/Content/VREditor/Sounds/UI/Dockable_Window_Drop.uasset" 348
"../../../Engine/Content/VREditor/Sounds/UI/Dockable_Window_Open.uasset" 349
"../../../Engine/Content/VREditor/Sounds/UI/Dockable_Window_Pick_Up.uasset" 350
"../../../Engine/Content/VREditor/Sounds/UI/Drop_Item_From_ContentBrowser.uasset" 351
"../../../Engine/Content/VREditor/Sounds/UI/Floating_UI_Open-001.uasset" 352
"../../../Engine/Content/VREditor/Sounds/UI/Radial_Menu_FadeOut.uasset" 353
"../../../Engine/Content/VREditor/Sounds/UI/Teleport_Mode_Entered.uasset" 354
"../../../Engine/Content/VREditor/Teleport/TeleportDirectionMaterial.uasset" 355
"../../../Engine/Content/VREditor/Teleport/TeleportDirectionMaterial_Inst.uasset" 356
"../../../Engine/Content/VREditor/Teleport/TeleportDirectionMesh.uasset" 357
"../../../Engine/Content/VREditor/TransformGizmo/BoundingBoxCorner.uasset" 358
"../../../Engine/Content/VREditor/TransformGizmo/BoundingBoxEdge.uasset" 359
"../../../Engine/Content/VREditor/TransformGizmo/PlaneTranslationHandle.uasset" 360
"../../../Engine/Content/VREditor/TransformGizmo/Main.uasset" 361
"../../../Engine/Content/VREditor/TransformGizmo/Xray.uasset" 362
"../../../Engine/Content/VREditor/TransformGizmo/SM_Dialog_Close.uasset" 363
"../../../Engine/Content/VREditor/TransformGizmo/SM_Dialog_Move.uasset" 364
"../../../Engine/Content/VREditor/TransformGizmo/SM_Sequencer_Key.uasset" 365
"../../../Engine/Content/VREditor/TransformGizmo/SM_Sequencer_Node.uasset" 366
"../../../Engine/Content/VREditor/TransformGizmo/TransformGizmoMaterial_Inst.uasset" 367
"../../../Engine/Content/VREditor/TransformGizmo/TranslucentTransformGizmoMaterial_Inst.uasset" 368
"../../../Engine/Content/VREditor/Devices/Vive/UE4_Logo.uasset" 369
"../../../Engine/Content/VREditor/UI/M_ContentWindow.uasset" 370
"../../../Engine/Content/VREditor/UI/SM_ContentWindow_01.uasset" 371
"../../../Engine/Content/VREditor/UI/KeyDiskMaterial.uasset" 372
"../../../Engine/Content/VREditor/UI/DiscMaterial.uasset" 373
"../../../Engine/Content/VREditor/UI/SM_Radial_Disk.uasset" 374
"../../../Engine/Content/VREditor/UI/ArrowMaterial.uasset" 375
"../../../Engine/Content/VREditor/UI/SM_Radial_Pointer.uasset" 376
"../../../Engine/Content/Functions/Engine_MaterialFunctions01/Gradient/RadialGradient.uasset" 377
"../../../Engine/Content/VREditor/WorldMovementGrid/SimpleGrid.uasset" 378
"../../../Engine/Content/VREditor/WorldMovementGrid/GridMaterial.uasset" 379
"../../../Engine/Content/Functions/Engine_MaterialFunctions01/Density/ExponentialDensity.uasset" 380
"../../../Engine/Content/VREditor/WorldMovementGrid/GridPostProcess.uasset" 381
"../../../Engine/Content/EditorLandscapeResources/FlattenHeightMat.uasset" 382
"../../../Engine/Content/VREditor/WorldMovementGrid/PlaneMesh.uasset" 383
"../../Plugins/2D/Paper2D/Content/PlaceholderTextures/DummySpriteTexture.uasset" 384
"../../Plugins/2D/Paper2D/Content/DummySprite.uasset" 385
"../../Plugins/2D/Paper2D/Content/DefaultPaperTerrainMaterial.uasset" 386
"../../Plugins/2D/Paper2D/Content/DefaultSpriteMaterial.uasset" 387
"../../Plugins/2D/Paper2D/Content/MaskedUnlitSpriteMaterial.uasset" 388
"../../Plugins/2D/Paper2D/Content/OpaqueUnlitSpriteMaterial.uasset" 389
"../../Plugins/Media/MediaCompositing/Content/DefaultMediaPlaneTexture.uasset" 390
"../../Plugins/Media/MediaCompositing/Content/DefaultMediaPlaneMaterial.uasset" 391
"../../../Engine/Content/Functions/Engine_MaterialFunctions02/Utility/MakeFloat4.uasset" 392
"../../Plugins/Runtime/AppleARKit/Content/ARKitCameraMaterial.uasset" 393
"../../Plugins/Runtime/Oculus/OculusVR/Content/Textures/GearVRController_AO.uasset" 394
"../../Plugins/Runtime/Oculus/OculusVR/Content/Textures/GearVRController_Color.uasset" 395
"../../Plugins/Runtime/Oculus/OculusVR/Content/Textures/GearVRController_Normal.uasset" 396
"../../Plugins/Runtime/Oculus/OculusVR/Content/Materials/GearVRControllerMaterial.uasset" 397
"../../Plugins/Runtime/Oculus/OculusVR/Content/Meshes/GearVrController.uasset" 398
"../../../Engine/Content/EngineSky/C_Sky_Cloud_Color.uasset" 399
"../../../Engine/Content/EngineSky/C_Sky_Horizon_Color.uasset" 400
"../../../Engine/Content/EngineSky/C_Sky_Zenith_Color.uasset" 401
"../../../Engine/Content/EngineSky/T_Sky_Blue.uasset" 402
"../../../Engine/Content/EngineSky/T_Sky_Clouds_M.uasset" 403
"../../../Engine/Content/EngineSky/T_Sky_Stars.uasset" 404
"../../../Engine/Content/EngineSky/M_Sky_Panning_Clouds2.uasset" 405
"../../../Engine/Content/EngineSky/SM_SkySphere.uasset" 406
"../../../Engine/Content/EngineSky/BP_Sky_Sphere.uasset" 407
"../../../../../../Users/Jr/Documents/GitHub/UberBall/Content/BluePrints/BallSpawner.uasset" 408
"../../../../../../Users/Jr/Documents/GitHub/UberBall/Content/BluePrints/AllLevels/PlayerInfo.uasset" 409
"../../../../../../Users/Jr/Documents/GitHub/UberBall/Content/BluePrints/AllLevels/PlayerSaveGame.uasset" 410
"../../../../../../Users/Jr/Documents/GitHub/UberBall/Content/InfinityBladeWarriors/Character/CompleteCharacters/Textures_Materials/CharM_Cardboard/Char_M_Cardboard_D.uasset" 411
"../../../../../../Users/Jr/Documents/GitHub/UberBall/Content/InfinityBladeWarriors/Character/CompleteCharacters/Textures_Materials/CharM_Forge/CharM_Forge_D.uasset" 412
"../../../../../../Users/Jr/Documents/GitHub/UberBall/Content/InfinityBladeWarriors/Character/CompleteCharacters/Textures_Materials/CharM_Forge/CharM_Forge_MetalMask.uasset" 413
"../../../../../../Users/Jr/Documents/GitHub/UberBall/Content/UI/MainMenu/OptionsMenu.uasset" 414
"../../../../../../Users/Jr/Documents/GitHub/UberBall/Content/UI/AllLevels/LoadingScreen.uasset" 415
"../../../../../../Users/Jr/Documents/GitHub/UberBall/Content/UI/MainMenu/ErrorDialog.uasset" 416
"../../../../../../Users/Jr/Documents/GitHub/UberBall/Content/UI/MainMenu/HostMenu.uasset" 417
"../../../../../../Users/Jr/Documents/GitHub/UberBall/Content/UI/MainMenu/MainMenu.uasset" 418
"../../../../../../Users/Jr/Documents/GitHub/UberBall/Content/UI/MainMenu/ServerMenu.uasset" 419
"../../../../../../Users/Jr/Documents/GitHub/UberBall/Content/Blueprints/AllLevels/GameInfoInstance.uasset" 420
"../../../Engine/Content/EditorBlueprintResources/ActorMacros.uasset" 421
"../../../../../../Users/Jr/Documents/GitHub/UberBall/Content/BluePrints/Characters/Models/0_Base.uasset" 422
"../../../../../../Users/Jr/Documents/GitHub/UberBall/Content/InfinityBladeWarriors/Character/CompleteCharacters/Textures_Materials/CharM_Barbarous/T_CharM_Barbarous_D.uasset" 423
"../../../../../../Users/Jr/Documents/GitHub/UberBall/Content/InfinityBladeWarriors/Character/CompleteCharacters/Textures_Materials/CharM_Barbarous/T_CharM_Barbarous_MetalMask.uasset" 424
"../../../../../../Users/Jr/Documents/GitHub/UberBall/Content/InfinityBladeWarriors/Character/CompleteCharacters/Textures_Materials/CharM_Barbarous/T_CharM_Barbarous_N.uasset" 425
"../../../../../../Users/Jr/Documents/GitHub/UberBall/Content/InfinityBladeWarriors/Character/CompleteCharacters/Textures_Materials/CharM_Barbarous/M_Char_Barbrous.uasset" 426
"../../../../../../Users/Jr/Documents/GitHub/UberBall/Content/InfinityBladeWarriors/Character/CompleteCharacters/SK_CharM_Barbarous.uasset" 427
"../../../../../../Users/Jr/Documents/GitHub/UberBall/Content/BluePrints/Characters/Models/Barborous.uasset" 428
"../../../../../../Users/Jr/Documents/GitHub/UberBall/Content/InfinityBladeWarriors/Character/CompleteCharacters/Textures_Materials/CharM_Forge/CharM_Forge_N.uasset" 429
"../../../../../../Users/Jr/Documents/GitHub/UberBall/Content/InfinityBladeWarriors/Character/CompleteCharacters/Textures_Materials/CharM_Forge/M_Char_Forge.uasset" 430
"../../../../../../Users/Jr/Documents/GitHub/UberBall/Content/InfinityBladeWarriors/Character/CompleteCharacters/SK_CharM_Forge.uasset" 431
"../../../../../../Users/Jr/Documents/GitHub/UberBall/Content/BluePrints/Characters/Models/Forge.uasset" 432
"../../../../../../Users/Jr/Documents/GitHub/UberBall/Content/InfinityBladeWarriors/Character/CompleteCharacters/Textures_Materials/CharM_FrostGiant/T_Char_M_FrostGiant_D.uasset" 433
"../../../../../../Users/Jr/Documents/GitHub/UberBall/Content/InfinityBladeWarriors/Character/CompleteCharacters/Textures_Materials/CharM_FrostGiant/T_Char_M_FrostGiant_Masks.uasset" 434
"../../../../../../Users/Jr/Documents/GitHub/UberBall/Content/InfinityBladeWarriors/Character/CompleteCharacters/Textures_Materials/CharM_FrostGiant/T_Char_M_FrostGiant_MaterialMask.uasset" 435
"../../../../../../Users/Jr/Documents/GitHub/UberBall/Content/InfinityBladeWarriors/Character/CompleteCharacters/Textures_Materials/CharM_FrostGiant/T_Char_M_FrostGiant_N.uasset" 436
"../../../../../../Users/Jr/Documents/GitHub/UberBall/Content/InfinityBladeWarriors/Character/CompleteCharacters/Textures_Materials/CharM_FrostGiant/M_Char_FrostGiant.uasset" 437
"../../../../../../Users/Jr/Documents/GitHub/UberBall/Content/InfinityBladeWarriors/Character/CompleteCharacters/SK_CharM_FrostGiant.uasset" 438
"../../../../../../Users/Jr/Documents/GitHub/UberBall/Content/BluePrints/Characters/Models/Frosty.uasset" 439
"../../../../../../Users/Jr/Documents/GitHub/UberBall/Content/InfinityBladeWarriors/Character/CompleteCharacters/Textures_Materials/CharM_Natural/T_CharM_Natural_D.uasset" 440
"../../../../../../Users/Jr/Documents/GitHub/UberBall/Content/InfinityBladeWarriors/Character/CompleteCharacters/Textures_Materials/CharM_Natural/T_CharM_Natural_Mask.uasset" 441
"../../../../../../Users/Jr/Documents/GitHub/UberBall/Content/InfinityBladeWarriors/Character/CompleteCharacters/Textures_Materials/CharM_Natural/T_CharM_Natural_N.uasset" 442
"../../../../../../Users/Jr/Documents/GitHub/UberBall/Content/InfinityBladeWarriors/Character/CompleteCharacters/Textures_Materials/CharM_Natural/M_Char_Natural.uasset" 443
"../../../../../../Users/Jr/Documents/GitHub/UberBall/Content/InfinityBladeWarriors/Character/CompleteCharacters/SK_CharM_Natural.uasset" 444
"../../../../../../Users/Jr/Documents/GitHub/UberBall/Content/BluePrints/Characters/Models/Natural.uasset" 445
"../../../../../../Users/Jr/Documents/GitHub/UberBall/Content/InfinityBladeWarriors/Character/CompleteCharacters/Textures_Materials/CharM_Pit/T_CharM_Pit_D.uasset" 446
"../../../../../../Users/Jr/Documents/GitHub/UberBall/Content/InfinityBladeWarriors/Character/CompleteCharacters/Textures_Materials/CharM_Pit/T_CharM_Pit_Mask.uasset" 447
"../../../../../../Users/Jr/Documents/GitHub/UberBall/Content/InfinityBladeWarriors/Character/CompleteCharacters/Textures_Materials/CharM_Pit/T_CharM_Pit_N.uasset" 448
"../../../../../../Users/Jr/Documents/GitHub/UberBall/Content/InfinityBladeWarriors/Character/CompleteCharacters/Textures_Materials/CharM_Pit/M_Char_Pit.uasset" 449
"../../../../../../Users/Jr/Documents/GitHub/UberBall/Content/InfinityBladeWarriors/Character/CompleteCharacters/SK_CharM_Pit.uasset" 450
"../../../../../../Users/Jr/Documents/GitHub/UberBall/Content/BluePrints/Characters/Models/Pit.uasset" 451
"../../../../../../Users/Jr/Documents/GitHub/UberBall/Content/InfinityBladeWarriors/Character/CompleteCharacters/Textures_Materials/CharM_Robo/T_CharM_Robo_D.uasset" 452
"../../../../../../Users/Jr/Documents/GitHub/UberBall/Content/InfinityBladeWarriors/Character/CompleteCharacters/Textures_Materials/CharM_Robo/T_CharM_Robo_Mask.uasset" 453
"../../../../../../Users/Jr/Documents/GitHub/UberBall/Content/InfinityBladeWarriors/Character/CompleteCharacters/Textures_Materials/CharM_Robo/T_CharM_Robo_N.uasset" 454
"../../../../../../Users/Jr/Documents/GitHub/UberBall/Content/InfinityBladeWarriors/Character/CompleteCharacters/Textures_Materials/CharM_Robo/M_Char_Robo.uasset" 455
"../../../../../../Users/Jr/Documents/GitHub/UberBall/Content/InfinityBladeWarriors/Character/CompleteCharacters/SK_CharM_Robo.uasset" 456
"../../../../../../Users/Jr/Documents/GitHub/UberBall/Content/BluePrints/Characters/Models/Robo.uasset" 457
"../../../../../../Users/Jr/Documents/GitHub/UberBall/Content/InfinityBladeWarriors/Character/CompleteCharacters/Textures_Materials/CharM_Tusk/T_CharM_Tusk_D.uasset" 458
"../../../../../../Users/Jr/Documents/GitHub/UberBall/Content/InfinityBladeWarriors/Character/CompleteCharacters/Textures_Materials/CharM_Tusk/T_CharM_Tusk_E.uasset" 459
"../../../../../../Users/Jr/Documents/GitHub/UberBall/Content/InfinityBladeWarriors/Character/CompleteCharacters/Textures_Materials/CharM_Tusk/T_CharM_Tusk_Mask.uasset" 460
"../../../../../../Users/Jr/Documents/GitHub/UberBall/Content/InfinityBladeWarriors/Character/CompleteCharacters/Textures_Materials/CharM_Tusk/T_CharM_Tusk_N.uasset" 461
"../../../../../../Users/Jr/Documents/GitHub/UberBall/Content/InfinityBladeWarriors/Character/CompleteCharacters/Textures_Materials/CharM_Tusk/M_Char_Tusk.uasset" 462
"../../../../../../Users/Jr/Documents/GitHub/UberBall/Content/InfinityBladeWarriors/Character/CompleteCharacters/SK_CharM_Tusk.uasset" 463
"../../../../../../Users/Jr/Documents/GitHub/UberBall/Content/BluePrints/Characters/Models/Tusk.uasset" 464
"../../../../../../Users/Jr/Documents/GitHub/UberBall/Content/InfinityBladeWarriors/Character/CompleteCharacters/Textures_Materials/CharM_Warrior/T_CharM_Warrior_JewelMask.uasset" 465
"../../../../../../Users/Jr/Documents/GitHub/UberBall/Content/InfinityBladeWarriors/Character/CompleteCharacters/Textures_Materials/CharM_Warrior/T_CharM_Warrior_N.uasset" 466
"../../../../../../Users/Jr/Documents/GitHub/UberBall/Content/InfinityBladeWarriors/Character/CompleteCharacters/Textures_Materials/CharM_Warrior/T_CharM_WarriorB_D.uasset" 467
"../../../../../../Users/Jr/Documents/GitHub/UberBall/Content/InfinityBladeWarriors/Character/CompleteCharacters/Textures_Materials/CharM_Warrior/T_CharM_WarriorB_Mask.uasset" 468
"../../../../../../Users/Jr/Documents/GitHub/UberBall/Content/InfinityBladeWarriors/Character/CompleteCharacters/Textures_Materials/CharM_Warrior/M_Char_Warrior_B.uasset" 469
"../../../../../../Users/Jr/Documents/GitHub/UberBall/Content/InfinityBladeWarriors/Character/CompleteCharacters/SK_CharM_Warrior.uasset" 470
"../../../../../../Users/Jr/Documents/GitHub/UberBall/Content/BluePrints/Characters/Models/Warrior.uasset" 471
"../../../../../../Users/Jr/Documents/GitHub/UberBall/Content/Textures/barbarous.uasset" 472
"../../../../../../Users/Jr/Documents/GitHub/UberBall/Content/UI/Lobby/CharacterSelect.uasset" 473
"../../../../../../Users/Jr/Documents/GitHub/UberBall/Content/UI/Lobby/ConnectedPlayer.uasset" 474
"../../../../../../Users/Jr/Documents/GitHub/UberBall/Content/InfinityBladeWarriors/Character/CompleteCharacters/Textures_Materials/CharM_Cardboard/Char_M_Cardboard_Skin_Mask.uasset" 475
"../../../../../../Users/Jr/Documents/GitHub/UberBall/Content/Textures/arena1.uasset" 476
"../../../../../../Users/Jr/Documents/GitHub/UberBall/Content/UI/Lobby/PlayerButton.uasset" 477
"../../../../../../Users/Jr/Documents/GitHub/UberBall/Content/UI/Lobby/GameSettings.uasset" 478
"../../../../../../Users/Jr/Documents/GitHub/UberBall/Content/UI/Lobby/LobbyMenu.uasset" 479
"../../../../../../Users/Jr/Documents/GitHub/UberBall/Content/BluePrints/Lobby/LobbyGM.uasset" 480
"../../../../../../Users/Jr/Documents/GitHub/UberBall/Content/BluePrints/Lobby/LobbyPC.uasset" 481
"../../../../../../Users/Jr/Documents/GitHub/UberBall/Content/UI/AllLevels/ChatText.uasset" 482
"../../../../../../Users/Jr/Documents/GitHub/UberBall/Content/UI/AllLevels/ChatWindow.uasset" 483
"../../../../../../Users/Jr/Documents/GitHub/UberBall/Content/UI/AllLevels/GameplayChat.uasset" 484
"../../../../../../Users/Jr/Documents/GitHub/UberBall/Content/BluePrints/Gameplay/GampleyPC.uasset" 485
"../../../../../../Users/Jr/Documents/GitHub/UberBall/Content/BluePrints/Gameplay/GameplayGM.uasset" 486
"../../../../../../Users/Jr/Documents/GitHub/UberBall/Content/BluePrints/Goal_SM.uasset" 487
"../../../../../../Users/Jr/Documents/GitHub/UberBall/Content/BluePrints/Goal.uasset" 488
"../../../../../../Users/Jr/Documents/GitHub/UberBall/Content/Maps/Arena01_BuiltData.uasset" 489
"../../../../../../Users/Jr/Documents/GitHub/UberBall/Content/Geometry/Meshes/1M_Cube_Chamfer.uasset" 490
"../../../../../../Users/Jr/Documents/GitHub/UberBall/Content/Geometry/Meshes/TemplateFloor.uasset" 491
"../../../../../../Users/Jr/Documents/GitHub/UberBall/Content/ThirdPerson/Meshes/RampMaterial.uasset" 492
"../../../../../../Users/Jr/Documents/GitHub/UberBall/Content/ThirdPerson/Meshes/Bump_StaticMesh.uasset" 493
"../../../../../../Users/Jr/Documents/GitHub/UberBall/Content/ThirdPerson/Meshes/LeftArm_StaticMesh.uasset" 494
"../../../../../../Users/Jr/Documents/GitHub/UberBall/Content/ThirdPerson/Meshes/Linear_Stair_StaticMesh.uasset" 495
"../../../../../../Users/Jr/Documents/GitHub/UberBall/Content/ThirdPerson/Meshes/Ramp_StaticMesh.uasset" 496
"../../../../../../Users/Jr/Documents/GitHub/UberBall/Content/ThirdPerson/Meshes/RightArm_StaticMesh.uasset" 497
"../../../../../../Users/Jr/Documents/GitHub/UberBall/Content/Maps/Arena01.umap" 498
"../../../../../../Users/Jr/Documents/GitHub/UberBall/Content/Maps/Arena02_BuiltData.uasset" 499
"../../../../../../Users/Jr/Documents/GitHub/UberBall/Content/Maps/Arena02.umap" 500
"../../../../../../Users/Jr/Documents/GitHub/UberBall/Content/Maps/Lobby_BuiltData.uasset" 501
"../../../Engine/Content/MapTemplates/SM_Template_Map_Floor.uasset" 502
"../../../../../../Users/Jr/Documents/GitHub/UberBall/Content/Maps/Lobby.umap" 503
"../../../../../../Users/Jr/Documents/GitHub/UberBall/Content/Maps/MainMenu.umap" 504
"../../../../../../Users/Jr/Documents/GitHub/UberBall/Content/Maps/TravelMap.umap" 505
"../../../../../../Users/Jr/Documents/GitHub/UberBall/Content/TargetingSystem/Demo_Sample/ThirdPersonBP/Blueprints/Dummy_Enemy.uasset" 506
"../../../Engine/Content/Functions/Engine_MaterialFunctions03/Procedurals/ComputeFilterWidth.uasset" 507
"../../../Engine/Content/EngineMaterials/AntiAliasedTextMaterialTranslucent.uasset" 508
"../../../../../../Users/Jr/Documents/GitHub/UberBall/Content/TargetingSystem/Demo_Sample/Geometry/Meshes/CubeMaterial.uasset" 509
"../../../../../../Users/Jr/Documents/GitHub/UberBall/Content/TargetingSystem/Demo_Sample/Geometry/Meshes/1M_Cube.uasset" 510
"../../../../../../Users/Jr/Documents/GitHub/UberBall/Content/TargetingSystem/Demo_Sample/Geometry/Meshes/1M_Cube_Chamfer.uasset" 511
"../../../../../../Users/Jr/Documents/GitHub/UberBall/Content/TargetingSystem/Demo_Sample/Geometry/Meshes/TemplateFloor.uasset" 512
"../../../../../../Users/Jr/Documents/GitHub/UberBall/Content/TargetingSystem/Demo_Sample/ThirdPerson/Meshes/RampMaterial.uasset" 513
"../../../../../../Users/Jr/Documents/GitHub/UberBall/Content/TargetingSystem/Demo_Sample/ThirdPerson/Meshes/Bump_StaticMesh.uasset" 514
"../../../../../../Users/Jr/Documents/GitHub/UberBall/Content/TargetingSystem/Demo_Sample/ThirdPerson/Meshes/LeftArm_StaticMesh.uasset" 515
"../../../../../../Users/Jr/Documents/GitHub/UberBall/Content/TargetingSystem/Demo_Sample/ThirdPerson/Meshes/Linear_Stair_StaticMesh.uasset" 516
"../../../../../../Users/Jr/Documents/GitHub/UberBall/Content/TargetingSystem/Demo_Sample/ThirdPerson/Meshes/Ramp_StaticMesh.uasset" 517
"../../../../../../Users/Jr/Documents/GitHub/UberBall/Content/TargetingSystem/Demo_Sample/ThirdPerson/Meshes/RightArm_StaticMesh.uasset" 518
"../../../../../../Users/Jr/Documents/GitHub/UberBall/Content/TargetingSystem/Demo_Sample/ThirdPersonExampleMap.umap" 519
