Log file open, 08/24/18 20:05:42
LogWindows: Failed to load 'aqProf.dll' (GetLastError=126)
LogWindows: File 'aqProf.dll' does not exist
LogWindows: Failed to load 'VtuneApi.dll' (GetLastError=126)
LogWindows: File 'VtuneApi.dll' does not exist
LogWindows: Failed to load 'VtuneApi32e.dll' (GetLastError=126)
LogWindows: File 'VtuneApi32e.dll' does not exist
LogInit: Display: Running engine for game: Multiplayer
LogPlatformFile: Not using cached read wrapper
LogInit: Display: RandInit(1155882303) SRandInit(1155882303).
LogInit: Read version file with build ID '3944462'
LogInit: Overriding engine version to CL 4033788, compatible CL 3944462
LogInit: Registered custom module enumerator with build ID '3944462'
LogTaskGraph: Started task graph with 5 named threads and 23 total threads with 3 sets of task threads.
LogStats: Stats thread started at 3.163037
LogD3D11RHI: Aftermath initialized
LogICUInternationalization: Display: ICU TimeZone Detection - Raw Offset: -5:00, Platform Override: ''
LogModuleManager: Display: Found up-to-date module file ../../../Engine/Plugins/AdvancedSessions/AdvancedSessions/Binaries/Win64/UE4Editor-AdvancedSessions.dll (API version 3944462).
LogModuleManager: Display: Found up-to-date module file ../../../Engine/Plugins/Online/OnlineSubsystem/Binaries/Win64/UE4Editor-OnlineSubsystem.dll (API version 3944462).
LogModuleManager: Display: Found up-to-date module file ../../../Engine/Plugins/Online/OnlineSubsystemUtils/Binaries/Win64/UE4Editor-OnlineSubsystemUtils.dll (API version 3944462).
LogModuleManager: Display: Found up-to-date module file ../../../Engine/Plugins/Online/OnlineSubsystemUtils/Binaries/Win64/UE4Editor-OnlineBlueprintSupport.dll (API version 3944462).
LogModuleManager: Display: Found up-to-date module file ../../../Engine/Plugins/AdvancedSessions/AdvancedSteamSessions/Binaries/Win64/UE4Editor-AdvancedSteamSessions.dll (API version 3944462).
LogModuleManager: Display: Found up-to-date module file ../../../Engine/Plugins/Online/OnlineSubsystemSteam/Binaries/Win64/UE4Editor-OnlineSubsystemSteam.dll (API version 3944462).
LogModuleManager: Display: Found up-to-date module file ../../../Engine/Plugins/2D/Paper2D/Binaries/Win64/UE4Editor-Paper2D.dll (API version 3944462).
LogModuleManager: Display: Found up-to-date module file ../../../Engine/Plugins/2D/Paper2D/Binaries/Win64/UE4Editor-Paper2DEditor.dll (API version 3944462).
LogModuleManager: Display: Found up-to-date module file ../../../Engine/Plugins/2D/Paper2D/Binaries/Win64/UE4Editor-PaperSpriteSheetImporter.dll (API version 3944462).
LogModuleManager: Display: Found up-to-date module file ../../../Engine/Plugins/2D/Paper2D/Binaries/Win64/UE4Editor-PaperTiledImporter.dll (API version 3944462).
LogModuleManager: Display: Found up-to-date module file ../../../Engine/Plugins/2D/Paper2D/Binaries/Win64/UE4Editor-SmartSnapping.dll (API version 3944462).
LogModuleManager: Display: Found up-to-date module file ../../../Engine/Plugins/Blendables/LightPropagationVolume/Binaries/Win64/UE4Editor-LightPropagationVolumeRuntime.dll (API version 3944462).
LogModuleManager: Display: Found up-to-date module file ../../../Engine/Plugins/Blendables/LightPropagationVolume/Binaries/Win64/UE4Editor-LightPropagationVolumeEditor.dll (API version 3944462).
LogModuleManager: Display: Found up-to-date module file ../../../Engine/Plugins/Developer/CLionSourceCodeAccess/Binaries/Win64/UE4Editor-CLionSourceCodeAccess.dll (API version 3944462).
LogModuleManager: Display: Found up-to-date module file ../../../Engine/Plugins/Developer/GitSourceControl/Binaries/Win64/UE4Editor-GitSourceControl.dll (API version 3944462).
LogModuleManager: Display: Found up-to-date module file ../../../Engine/Plugins/Developer/PerforceSourceControl/Binaries/Win64/UE4Editor-PerforceSourceControl.dll (API version 3944462).
LogModuleManager: Display: Found up-to-date module file ../../../Engine/Plugins/Developer/SubversionSourceControl/Binaries/Win64/UE4Editor-SubversionSourceControl.dll (API version 3944462).
LogModuleManager: Display: Found up-to-date module file ../../../Engine/Plugins/Developer/UObjectPlugin/Binaries/Win64/UE4Editor-UObjectPlugin.dll (API version 3944462).
LogModuleManager: Display: Found up-to-date module file ../../../Engine/Plugins/Developer/VisualStudioCodeSourceCodeAccess/Binaries/Win64/UE4Editor-VisualStudioCodeSourceCodeAccess.dll (API version 3944462).
LogModuleManager: Display: Found up-to-date module file ../../../Engine/Plugins/Developer/VisualStudioSourceCodeAccess/Binaries/Win64/UE4Editor-VisualStudioSourceCodeAccess.dll (API version 3944462).
LogModuleManager: Display: Found up-to-date module file ../../../Engine/Plugins/Editor/AssetManagerEditor/Binaries/Win64/UE4Editor-AssetManagerEditor.dll (API version 3944462).
LogModuleManager: Display: Found up-to-date module file ../../../Engine/Plugins/Editor/CryptoKeys/Binaries/Win64/UE4Editor-CryptoKeys.dll (API version 3944462).
LogModuleManager: Display: Found up-to-date module file ../../../Engine/Plugins/Editor/CryptoKeys/Binaries/Win64/UE4Editor-CryptoKeysOpenSSL.dll (API version 3944462).
LogModuleManager: Display: Found up-to-date module file ../../../Engine/Plugins/Editor/DataValidation/Binaries/Win64/UE4Editor-DataValidation.dll (API version 3944462).
LogModuleManager: Display: Found up-to-date module file ../../../Engine/Plugins/Editor/FacialAnimation/Binaries/Win64/UE4Editor-FacialAnimation.dll (API version 3944462).
LogModuleManager: Display: Found up-to-date module file ../../../Engine/Plugins/Editor/FacialAnimation/Binaries/Win64/UE4Editor-FacialAnimationEditor.dll (API version 3944462).
LogModuleManager: Display: Found up-to-date module file ../../../Engine/Plugins/Editor/GameplayTagsEditor/Binaries/Win64/UE4Editor-GameplayTagsEditor.dll (API version 3944462).
LogModuleManager: Display: Found up-to-date module file ../../../Engine/Plugins/Editor/MobileLauncherProfileWizard/Binaries/Win64/UE4Editor-MobileLauncherProfileWizard.dll (API version 3944462).
LogModuleManager: Display: Found up-to-date module file ../../../Engine/Plugins/Editor/PluginBrowser/Binaries/Win64/UE4Editor-PluginBrowser.dll (API version 3944462).
LogModuleManager: Display: Found up-to-date module file ../../../Engine/Plugins/Editor/SpeedTreeImporter/Binaries/Win64/UE4Editor-SpeedTreeImporter.dll (API version 3944462).
LogModuleManager: Display: Found up-to-date module file ../../../Engine/Plugins/Enterprise/DatasmithContent/Binaries/Win64/UE4Editor-DatasmithContent.dll (API version 3944462).
LogModuleManager: Display: Found up-to-date module file ../../../Engine/Plugins/Experimental/AlembicImporter/Binaries/Win64/UE4Editor-AlembicImporter.dll (API version 3944462).
LogModuleManager: Display: Found up-to-date module file ../../../Engine/Plugins/Experimental/AlembicImporter/Binaries/Win64/UE4Editor-AlembicLibrary.dll (API version 3944462).
LogModuleManager: Display: Found up-to-date module file ../../../Engine/Plugins/Experimental/CharacterAI/Binaries/Win64/UE4Editor-CharacterAI.dll (API version 3944462).
LogModuleManager: Display: Found up-to-date module file ../../../Engine/Plugins/Experimental/HTML5Networking/Binaries/Win64/UE4Editor-HTML5Networking.dll (API version 3944462).
LogModuleManager: Display: Found up-to-date module file ../../../Engine/Plugins/Media/AndroidMedia/Binaries/Win64/UE4Editor-AndroidMediaEditor.dll (API version 3944462).
LogModuleManager: Display: Found up-to-date module file ../../../Engine/Plugins/Media/AndroidMedia/Binaries/Win64/UE4Editor-AndroidMediaFactory.dll (API version 3944462).
LogModuleManager: Display: Found up-to-date module file ../../../Engine/Plugins/Media/AvfMedia/Binaries/Win64/UE4Editor-AvfMediaEditor.dll (API version 3944462).
LogModuleManager: Display: Found up-to-date module file ../../../Engine/Plugins/Media/AvfMedia/Binaries/Win64/UE4Editor-AvfMediaFactory.dll (API version 3944462).
LogModuleManager: Display: Found up-to-date module file ../../../Engine/Plugins/Media/AvfMedia/Binaries/Win64/UE4Editor-AvfMediaFactory.dll (API version 3944462).
LogModuleManager: Display: Found up-to-date module file ../../../Engine/Plugins/Media/ImgMedia/Binaries/Win64/UE4Editor-ImgMedia.dll (API version 3944462).
LogModuleManager: Display: Found up-to-date module file ../../../Engine/Plugins/Media/ImgMedia/Binaries/Win64/UE4Editor-ImgMediaEditor.dll (API version 3944462).
LogModuleManager: Display: Found up-to-date module file ../../../Engine/Plugins/Media/ImgMedia/Binaries/Win64/UE4Editor-ImgMediaFactory.dll (API version 3944462).
LogModuleManager: Display: Found up-to-date module file ../../../Engine/Plugins/Media/ImgMedia/Binaries/Win64/UE4Editor-ImgMediaFactory.dll (API version 3944462).
LogModuleManager: Display: Found up-to-date module file ../../../Engine/Plugins/Media/ImgMedia/Binaries/Win64/UE4Editor-OpenExrWrapper.dll (API version 3944462).
LogModuleManager: Display: Found up-to-date module file ../../../Engine/Plugins/Media/LinearTimecode/Binaries/Win64/UE4Editor-LinearTimecode.dll (API version 3944462).
LogModuleManager: Display: Found up-to-date module file ../../../Engine/Plugins/Media/MediaCompositing/Binaries/Win64/UE4Editor-MediaCompositing.dll (API version 3944462).
LogModuleManager: Display: Found up-to-date module file ../../../Engine/Plugins/Media/MediaCompositing/Binaries/Win64/UE4Editor-MediaCompositingEditor.dll (API version 3944462).
LogModuleManager: Display: Found up-to-date module file ../../../Engine/Plugins/Media/MediaPlayerEditor/Binaries/Win64/UE4Editor-MediaPlayerEditor.dll (API version 3944462).
LogModuleManager: Display: Found up-to-date module file ../../../Engine/Plugins/Media/WmfMedia/Binaries/Win64/UE4Editor-WmfMedia.dll (API version 3944462).
LogModuleManager: Display: Found up-to-date module file ../../../Engine/Plugins/Media/WmfMedia/Binaries/Win64/UE4Editor-WmfMediaEditor.dll (API version 3944462).
LogModuleManager: Display: Found up-to-date module file ../../../Engine/Plugins/Media/WmfMedia/Binaries/Win64/UE4Editor-WmfMediaFactory.dll (API version 3944462).
LogModuleManager: Display: Found up-to-date module file ../../../Engine/Plugins/Media/WmfMedia/Binaries/Win64/UE4Editor-WmfMediaFactory.dll (API version 3944462).
LogModuleManager: Display: Found up-to-date module file ../../../Engine/Plugins/Messaging/TcpMessaging/Binaries/Win64/UE4Editor-TcpMessaging.dll (API version 3944462).
LogModuleManager: Display: Found up-to-date module file ../../../Engine/Plugins/Messaging/UdpMessaging/Binaries/Win64/UE4Editor-UdpMessaging.dll (API version 3944462).
LogModuleManager: Display: Found up-to-date module file ../../../Engine/Plugins/MovieScene/ActorSequence/Binaries/Win64/UE4Editor-ActorSequence.dll (API version 3944462).
LogModuleManager: Display: Found up-to-date module file ../../../Engine/Plugins/MovieScene/LevelSequenceEditor/Binaries/Win64/UE4Editor-LevelSequenceEditor.dll (API version 3944462).
LogModuleManager: Display: Found up-to-date module file ../../../Engine/Plugins/MovieScene/MatineeToLevelSequence/Binaries/Win64/UE4Editor-MatineeToLevelSequence.dll (API version 3944462).
LogModuleManager: Display: Found up-to-date module file ../../../Engine/Plugins/NetcodeUnitTest/NetcodeUnitTest/Binaries/Win64/UE4Editor-NetcodeUnitTest.dll (API version 3944462).
LogModuleManager: Display: Found up-to-date module file ../../../Engine/Plugins/NetcodeUnitTest/NUTUnrealEngine4/Binaries/Win64/UE4Editor-NUTUnrealEngine4.dll (API version 3944462).
LogModuleManager: Display: Found up-to-date module file ../../../Engine/Plugins/Runtime/AndroidPermission/Binaries/Win64/UE4Editor-AndroidPermission.dll (API version 3944462).
LogModuleManager: Display: Found up-to-date module file ../../../Engine/Plugins/Online/OnlineSubsystemNull/Binaries/Win64/UE4Editor-OnlineSubsystemNull.dll (API version 3944462).
LogModuleManager: Display: Found up-to-date module file ../../../Engine/Plugins/Runtime/AndroidDeviceProfileSelector/Binaries/Win64/UE4Editor-AndroidDeviceProfileSelector.dll (API version 3944462).
LogModuleManager: Display: Found up-to-date module file ../../../Engine/Plugins/Runtime/AppleARKit/Binaries/Win64/UE4Editor-AppleARKit.dll (API version 3944462).
LogModuleManager: Display: Found up-to-date module file ../../../Engine/Plugins/Runtime/ProceduralMeshComponent/Binaries/Win64/UE4Editor-ProceduralMeshComponent.dll (API version 3944462).
LogModuleManager: Display: Found up-to-date module file ../../../Engine/Plugins/Runtime/ProceduralMeshComponent/Binaries/Win64/UE4Editor-ProceduralMeshComponentEditor.dll (API version 3944462).
LogModuleManager: Display: Found up-to-date module file ../../../Engine/Plugins/Animation/LiveLink/Binaries/Win64/UE4Editor-LiveLink.dll (API version 3944462).
LogModuleManager: Display: Found up-to-date module file ../../../Engine/Plugins/Animation/LiveLink/Binaries/Win64/UE4Editor-LiveLinkEditor.dll (API version 3944462).
LogModuleManager: Display: Found up-to-date module file ../../../Engine/Plugins/Runtime/ArchVisCharacter/Binaries/Win64/UE4Editor-ArchVisCharacter.dll (API version 3944462).
LogModuleManager: Display: Found up-to-date module file ../../../Engine/Plugins/Runtime/AudioCapture/Binaries/Win64/UE4Editor-AudioCapture.dll (API version 3944462).
LogModuleManager: Display: Found up-to-date module file ../../../Engine/Plugins/Runtime/AudioCapture/Binaries/Win64/UE4Editor-AudioCaptureEditor.dll (API version 3944462).
LogModuleManager: Display: Found up-to-date module file ../../../Engine/Plugins/Runtime/CableComponent/Binaries/Win64/UE4Editor-CableComponent.dll (API version 3944462).
LogModuleManager: Display: Found up-to-date module file ../../../Engine/Plugins/Runtime/CustomMeshComponent/Binaries/Win64/UE4Editor-CustomMeshComponent.dll (API version 3944462).
LogModuleManager: Display: Found up-to-date module file ../../../Engine/Plugins/Runtime/ExampleDeviceProfileSelector/Binaries/Win64/UE4Editor-ExampleDeviceProfileSelector.dll (API version 3944462).
LogModuleManager: Display: Found up-to-date module file ../../../Engine/Plugins/Runtime/ImmediatePhysics/Binaries/Win64/UE4Editor-ImmediatePhysics.dll (API version 3944462).
LogModuleManager: Display: Found up-to-date module file ../../../Engine/Plugins/Runtime/ImmediatePhysics/Binaries/Win64/UE4Editor-ImmediatePhysicsEditor.dll (API version 3944462).
LogModuleManager: Display: Found up-to-date module file ../../../Engine/Plugins/Runtime/LocationServicesBPLibrary/Binaries/Win64/UE4Editor-LocationServicesBPLibrary.dll (API version 3944462).
LogModuleManager: Display: Found up-to-date module file ../../../Engine/Plugins/Runtime/MobilePatchingUtils/Binaries/Win64/UE4Editor-MobilePatchingUtils.dll (API version 3944462).
LogModuleManager: Display: Found up-to-date module file ../../../Engine/Plugins/Runtime/Oculus/OculusVR/Binaries/Win64/UE4Editor-OculusHMD.dll (API version 3944462).
LogModuleManager: Display: Found up-to-date module file ../../../Engine/Plugins/Runtime/Oculus/OculusVR/Binaries/Win64/UE4Editor-OculusInput.dll (API version 3944462).
LogModuleManager: Display: Found up-to-date module file ../../../Engine/Plugins/Runtime/Oculus/OculusVR/Binaries/Win64/UE4Editor-OculusEditor.dll (API version 3944462).
LogModuleManager: Display: Found up-to-date module file ../../../Engine/Plugins/Runtime/PhysXVehicles/Binaries/Win64/UE4Editor-PhysXVehicles.dll (API version 3944462).
LogModuleManager: Display: Found up-to-date module file ../../../Engine/Plugins/Runtime/PhysXVehicles/Binaries/Win64/UE4Editor-PhysXVehiclesEditor.dll (API version 3944462).
LogModuleManager: Display: Found up-to-date module file ../../../Engine/Plugins/Runtime/RuntimePhysXCooking/Binaries/Win64/UE4Editor-RuntimePhysXCooking.dll (API version 3944462).
LogModuleManager: Display: Found up-to-date module file ../../../Engine/Plugins/Runtime/Steam/SteamVR/Binaries/Win64/UE4Editor-SteamVR.dll (API version 3944462).
LogModuleManager: Display: Found up-to-date module file ../../../Engine/Plugins/Runtime/Steam/SteamVR/Binaries/Win64/UE4Editor-SteamVRController.dll (API version 3944462).
LogModuleManager: Display: Found up-to-date module file ../../../Engine/Plugins/Runtime/WindowsMoviePlayer/Binaries/Win64/UE4Editor-WindowsMoviePlayer.dll (API version 3944462).
LogPluginManager: Mounting plugin Paper2D
LogPluginManager: Mounting plugin AdvancedSessions
LogPluginManager: Mounting plugin AdvancedSteamSessions
LogPluginManager: Mounting plugin LiveLink
LogPluginManager: Mounting plugin LightPropagationVolume
LogPluginManager: Mounting plugin CLionSourceCodeAccess
LogPluginManager: Mounting plugin CodeLiteSourceCodeAccess
LogPluginManager: Mounting plugin GitSourceControl
LogPluginManager: Mounting plugin KDevelopSourceCodeAccess
LogPluginManager: Mounting plugin NullSourceCodeAccess
LogPluginManager: Mounting plugin PerforceSourceControl
LogPluginManager: Mounting plugin SubversionSourceControl
LogPluginManager: Mounting plugin UObjectPlugin
LogPluginManager: Mounting plugin VisualStudioCodeSourceCodeAccess
LogPluginManager: Mounting plugin VisualStudioSourceCodeAccess
LogPluginManager: Mounting plugin XCodeSourceCodeAccess
LogPluginManager: Mounting plugin AssetManagerEditor
LogPluginManager: Mounting plugin CryptoKeys
LogPluginManager: Mounting plugin DataValidation
LogPluginManager: Mounting plugin FacialAnimation
LogPluginManager: Mounting plugin GameplayTagsEditor
LogPluginManager: Mounting plugin MobileLauncherProfileWizard
LogPluginManager: Mounting plugin PluginBrowser
LogPluginManager: Mounting plugin SpeedTreeImporter
LogPluginManager: Mounting plugin DatasmithContent
LogPluginManager: Mounting plugin AlembicImporter
LogPluginManager: Mounting plugin CharacterAI
LogPluginManager: Mounting plugin HTML5Networking
LogPluginManager: Mounting plugin AndroidMedia
LogPluginManager: Mounting plugin AvfMedia
LogPluginManager: Mounting plugin ImgMedia
LogPluginManager: Mounting plugin LinearTimecode
LogPluginManager: Mounting plugin MediaCompositing
LogPluginManager: Mounting plugin MediaPlayerEditor
LogPluginManager: Mounting plugin WmfMedia
LogPluginManager: Mounting plugin TcpMessaging
LogPluginManager: Mounting plugin UdpMessaging
LogPluginManager: Mounting plugin ActorSequence
LogPluginManager: Mounting plugin LevelSequenceEditor
LogPluginManager: Mounting plugin MatineeToLevelSequence
LogPluginManager: Mounting plugin NetcodeUnitTest
LogPluginManager: Mounting plugin NUTUnrealEngine4
LogPluginManager: Mounting plugin OnlineSubsystemGooglePlay
LogPluginManager: Mounting plugin OnlineSubsystemIOS
LogPluginManager: Mounting plugin OnlineSubsystem
LogPluginManager: Mounting plugin OnlineSubsystemNull
LogPluginManager: Mounting plugin OnlineSubsystemSteam
LogPluginManager: Mounting plugin OnlineSubsystemUtils
LogPluginManager: Mounting plugin AndroidDeviceProfileSelector
LogPluginManager: Mounting plugin AndroidMoviePlayer
LogPluginManager: Mounting plugin AndroidPermission
LogPluginManager: Mounting plugin AppleARKit
LogPluginManager: Mounting plugin AppleMoviePlayer
LogPluginManager: Mounting plugin ArchVisCharacter
LogPluginManager: Mounting plugin AudioCapture
LogPluginManager: Mounting plugin CableComponent
LogPluginManager: Mounting plugin CustomMeshComponent
LogPluginManager: Mounting plugin ExampleDeviceProfileSelector
LogPluginManager: Mounting plugin GoogleCloudMessaging
LogPluginManager: Mounting plugin ImmediatePhysics
LogPluginManager: Mounting plugin IOSDeviceProfileSelector
LogPluginManager: Mounting plugin LinuxDeviceProfileSelector
LogPluginManager: Mounting plugin LocationServicesBPLibrary
LogPluginManager: Mounting plugin MobilePatchingUtils
LogPluginManager: Mounting plugin OculusVR
LogPluginManager: Plugin shader directory ../../../Engine/Plugins/Runtime/Oculus/OculusVR/Shaders found
LogPluginManager: Mapping shader source directory ../../../Engine/Plugins/Runtime/Oculus/OculusVR/Shaders to virtual directory /Plugin/OculusVR
LogPluginManager: Mounting plugin PhysXVehicles
LogPluginManager: Mounting plugin ProceduralMeshComponent
LogPluginManager: Mounting plugin RuntimePhysXCooking
LogPluginManager: Mounting plugin SteamVR
LogPluginManager: Mounting plugin WindowsMoviePlayer
LogStreaming: Display: Took  3.977s to configure plugins.
LogInit: Using libcurl 7.47.1
LogInit:  - built for x86_64-pc-win32
LogInit:  - supports SSL with OpenSSL/1.0.2g
LogInit:  - supports HTTP deflate (compression) using libz 1.2.8
LogInit:  - other features:
LogInit:      CURL_VERSION_SSL
LogInit:      CURL_VERSION_LIBZ
LogInit:      CURL_VERSION_IPV6
LogInit:      CURL_VERSION_ASYNCHDNS
LogInit:      CURL_VERSION_LARGEFILE
LogInit:      CURL_VERSION_IDN
LogInit:  CurlRequestOptions (configurable via config and command line):
LogInit:  - bVerifyPeer = false  - Libcurl will NOT verify peer certificate
LogInit:  - bUseHttpProxy = false  - Libcurl will NOT use HTTP proxy
LogInit:  - bDontReuseConnections = false  - Libcurl will reuse connections
LogInit:  - CertBundlePath = nullptr  - Libcurl will use whatever was configured at build time.
LogInit:  - MaxHostConnections = 16  - Libcurl will limit the number of connections to a host
LogInit:  - LocalHostAddr = Default
LogOnline: Display: STEAM: Loading Steam SDK 1.39
LogOnline: Warning: STEAM: Steam API disabled!
LogOnline: Display: STEAM: OnlineSubsystemSteam::Shutdown()
LogInit: WinSock: version 1.1 (2.2), MaxSocks=32767, MaxUdp=65467
LogInit: WinSock: I am Dell (192.168.2.109:0)
LogInit: Build: ++UE4+Release-4.19-CL-4033788
LogInit: Engine Version: 4.19.2-4033788+++UE4+Release-4.19
LogInit: Compatible Engine Version: 4.19.0-3944462+++UE4+Release-4.19
LogInit: Net CL: 3944462
LogDevObjectVersion: Number of dev versions registered: 18
LogDevObjectVersion:   Dev-Blueprints (B0D832E4-1F89-4F0D-ACCF-7EB736FD4AA2): 10
LogDevObjectVersion:   Dev-Build (E1C64328-A22C-4D53-A36C-8E866417BD8C): 0
LogDevObjectVersion:   Dev-Core (375EC13C-06E4-48FB-B500-84F0262A717E): 2
LogDevObjectVersion:   Dev-Editor (E4B068ED-F494-42E9-A231-DA0B2E46BB41): 23
LogDevObjectVersion:   Dev-Framework (CFFC743F-43B0-4480-9391-14DF171D2073): 33
LogDevObjectVersion:   Dev-Mobile (B02B49B5-BB20-44E9-A304-32B752E40360): 2
LogDevObjectVersion:   Dev-Networking (A4E4105C-59A1-49B5-A7C5-40C4547EDFEE): 0
LogDevObjectVersion:   Dev-Online (39C831C9-5AE6-47DC-9A44-9C173E1C8E7C): 0
LogDevObjectVersion:   Dev-Physics (78F01B33-EBEA-4F98-B9B4-84EACCB95AA2): 0
LogDevObjectVersion:   Dev-Platform (6631380F-2D4D-43E0-8009-CF276956A95A): 0
LogDevObjectVersion:   Dev-Rendering (12F88B9F-8875-4AFC-A67C-D90C383ABD29): 25
LogDevObjectVersion:   Dev-Sequencer (7B5AE74C-D270-4C10-A958-57980B212A5A): 6
LogDevObjectVersion:   Dev-VR (D7296918-1DD6-4BDD-9DE2-64A83CC13884): 1
LogDevObjectVersion:   Dev-LoadTimes (C2A15278-BFE7-4AFE-6C17-90FF531DF755): 1
LogDevObjectVersion:   Private-Geometry (6EACA3D4-40EC-4CC1-B786-8BED09428FC5): 2
LogDevObjectVersion:   Dev-AnimPhys (29E575DD-E0A3-4627-9D10-D276232CDCEA): 16
LogDevObjectVersion:   Dev-ReflectionCapture (6B266CEC-1EC7-4B8F-A30B-E4D90942FC07): 1
LogDevObjectVersion:   Dev-Automation (0DF73D61-A23F-47EA-B727-89E90C41499A): 1
LogInit: Compiled (64-bit): Apr 27 2018 02:06:57
LogInit: Compiled with Visual C++: 19.00.24215.01
LogInit: Build Configuration: Development
LogInit: Branch Name: ++UE4+Release-4.19
LogInit: Command Line:  
LogInit: Base Directory: D:/Program Files/Epic Games/UE_4.19/Engine/Binaries/Win64/
LogInit: Installed Engine Build: 1
LogStreaming: Display: Took  0.014s to delete old logs.
LogInit: Presizing for max 8388607 objects, including 0 objects not considered by GC, pre-allocating 0 bytes for permanent pool.
LogInit: Object subsystem initialized
[2018.08.25-00.05.47:675][  0]LogInit: Selected Device Profile: [Windows]
[2018.08.25-00.05.47:675][  0]LogInit: Applying CVar settings loaded from the selected device profile: [Windows]
[2018.08.25-00.05.47:776][  0]LogInit: Computer: DELL
[2018.08.25-00.05.47:776][  0]LogInit: User: Alton
[2018.08.25-00.05.47:776][  0]LogInit: CPU Page size=4096, Cores=4
[2018.08.25-00.05.47:776][  0]LogInit: High frequency timer resolution =2.531250 MHz
[2018.08.25-00.05.47:777][  0]LogMemory: Memory total: Physical=15.9GB (16GB approx)
[2018.08.25-00.05.47:777][  0]LogMemory: Platform Memory Stats for Windows
[2018.08.25-00.05.47:777][  0]LogMemory: Process Physical Memory: 275.26 MB used, 275.26 MB peak
[2018.08.25-00.05.47:777][  0]LogMemory: Process Virtual Memory: 264.82 MB used, 264.82 MB peak
[2018.08.25-00.05.47:777][  0]LogMemory: Physical Memory: 7925.14 MB used,  8330.18 MB free, 16255.32 MB total
[2018.08.25-00.05.47:777][  0]LogMemory: Virtual Memory: 4797.12 MB used,  8330.18 MB free, 134217728.00 MB total
[2018.08.25-00.05.49:608][  0]LogInit: Using OS detected language (en-US).
[2018.08.25-00.05.49:608][  0]LogInit: Using OS detected locale (en-CA).
[2018.08.25-00.05.49:840][  0]LogTextLocalizationManager: No specific localization for 'en-US' exists, so the 'en' localization will be used.
[2018.08.25-00.05.50:689][  0]LogStreaming: Display: Took  1.081s to EndInitTextLocalization.
[2018.08.25-00.05.50:689][  0]LogInit: Setting process to per monitor DPI aware
[2018.08.25-00.05.50:981][  0]LogSlate: New Slate User Created.  User Index 0, Is Virtual User: 0
[2018.08.25-00.05.50:981][  0]LogSlate: Slate User Registered.  User Index 0, Is Virtual User: 0
[2018.08.25-00.05.54:218][  0]LogD3D11RHI: D3D11 adapters:
[2018.08.25-00.05.54:782][  0]LogD3D11RHI:    0. 'NVIDIA GeForce GTX 1070' (Feature Level 11_0)
[2018.08.25-00.05.54:782][  0]LogD3D11RHI:       8082/0/8127 MB DedicatedVideo/DedicatedSystem/SharedSystem, Outputs:1, VendorId:0x10de
[2018.08.25-00.05.54:792][  0]LogD3D11RHI:    1. 'Intel(R) HD Graphics 530' (Feature Level 11_0)
[2018.08.25-00.05.54:792][  0]LogD3D11RHI:       128/0/8127 MB DedicatedVideo/DedicatedSystem/SharedSystem, Outputs:0, VendorId:0x8086
[2018.08.25-00.05.54:794][  0]LogD3D11RHI:    2. 'Microsoft Basic Render Driver' (Feature Level 11_0)
[2018.08.25-00.05.54:794][  0]LogD3D11RHI:       0/0/8127 MB DedicatedVideo/DedicatedSystem/SharedSystem, Outputs:0, VendorId:0x1414
[2018.08.25-00.05.54:794][  0]LogD3D11RHI: Chosen D3D11 Adapter: 0
[2018.08.25-00.05.54:835][  0]LogD3D11RHI: Creating new Direct3DDevice
[2018.08.25-00.05.54:835][  0]LogD3D11RHI:     GPU DeviceId: 0x1ba1 (for the marketing name, search the web for "GPU Device Id")
[2018.08.25-00.05.54:835][  0]LogWindows: EnumDisplayDevices:
[2018.08.25-00.05.54:835][  0]LogWindows:    0. 'Intel(R) HD Graphics 530' (P:1 D:1)
[2018.08.25-00.05.54:836][  0]LogWindows:    1. 'Intel(R) HD Graphics 530' (P:0 D:0)
[2018.08.25-00.05.54:836][  0]LogWindows:    2. 'Intel(R) HD Graphics 530' (P:0 D:0)
[2018.08.25-00.05.54:837][  0]LogWindows:    3. 'NVIDIA GeForce GTX 1070' (P:0 D:0)
[2018.08.25-00.05.54:837][  0]LogWindows:    4. 'NVIDIA GeForce GTX 1070' (P:0 D:0)
[2018.08.25-00.05.54:838][  0]LogWindows:    5. 'NVIDIA GeForce GTX 1070' (P:0 D:0)
[2018.08.25-00.05.54:838][  0]LogWindows:    6. 'NVIDIA GeForce GTX 1070' (P:0 D:0)
[2018.08.25-00.05.54:838][  0]LogWindows: DebugString: GetVideoDriverDetailsInvalid PrimaryIsNotTheChoosenAdapter GetVideoDriverDetailsInvalid PrimaryIsNotTheChoosenAdapter GetVideoDriverDetailsInvalid PrimaryIsNotTheChoosenAdapter GetVideoDriverDetailsInvalid PrimaryIsNotTheChoosenAdapter GetVideoDriverDetailsInvalid PrimaryIsNotTheChoosenAdapter GetVideoDriverDetailsInvalid PrimaryIsNotTheChoosenAdapter GetVideoDriverDetailsInvalid PrimaryIsNotTheChoosenAdapter FoundDriverCount:0 
[2018.08.25-00.05.54:838][  0]LogD3D11RHI:     Adapter Name: NVIDIA GeForce GTX 1070
[2018.08.25-00.05.54:838][  0]LogD3D11RHI:   Driver Version: Unknown (internal:Unknown, unified:Unknown)
[2018.08.25-00.05.54:838][  0]LogD3D11RHI:      Driver Date: Unknown
[2018.08.25-00.05.54:838][  0]LogRHI: Texture pool is 5657 MB (70% of 8082 MB)
[2018.08.25-00.05.54:901][  0]LogD3D11RHI: [Aftermath] Aftermath enabled and primed
[2018.08.25-00.05.54:901][  0]LogD3D11RHI: [Aftermath] Aftermath enabled and primed
[2018.08.25-00.05.54:901][  0]LogD3D11RHI: Async texture creation enabled
[2018.08.25-00.05.54:981][  0]LogD3D11RHI: GPU Timing Frequency: 1000.000000 (Debug: 2 2)
[2018.08.25-00.05.54:983][  0]LogShaderCompilers: Guid format shader working directory is -9 characters bigger than the processId version (../../../../../../Users/Alton/Documents/GitHub/UberBall/Intermediate/Shaders/WorkingDirectory/9896/).
[2018.08.25-00.05.54:983][  0]LogShaderCompilers: Cleaned the shader compiler working directory 'C:/Users/Alton/AppData/Local/Temp/UnrealShaderWorkingDir/DA0B31484019965DF87E13A24BC95DCF/'.
[2018.08.25-00.05.56:144][  0]LogTemp: Display: Loaded TP AllDesktopTargetPlatform
[2018.08.25-00.05.56:158][  0]LogTemp: Display: Loaded TP MacClientTargetPlatform
[2018.08.25-00.05.56:174][  0]LogTemp: Display: Loaded TP MacNoEditorTargetPlatform
[2018.08.25-00.05.56:189][  0]LogTemp: Display: Loaded TP MacServerTargetPlatform
[2018.08.25-00.05.56:223][  0]LogTemp: Display: Loaded TP MacTargetPlatform
[2018.08.25-00.05.56:238][  0]LogTemp: Display: Loaded TP WindowsClientTargetPlatform
[2018.08.25-00.05.56:254][  0]LogTemp: Display: Loaded TP WindowsNoEditorTargetPlatform
[2018.08.25-00.05.56:271][  0]LogTemp: Display: Loaded TP WindowsServerTargetPlatform
[2018.08.25-00.05.56:279][  0]LogTemp: Display: Loaded TP WindowsTargetPlatform
[2018.08.25-00.05.56:292][  0]LogTemp: Display: Loaded TP Android_ASTCTargetPlatform
[2018.08.25-00.05.56:307][  0]LogTemp: Display: Loaded TP Android_ATCTargetPlatform
[2018.08.25-00.05.56:321][  0]LogTemp: Display: Loaded TP Android_DXTTargetPlatform
[2018.08.25-00.05.56:338][  0]LogTemp: Display: Loaded TP Android_ETC1aTargetPlatform
[2018.08.25-00.05.56:353][  0]LogTemp: Display: Loaded TP Android_ETC1TargetPlatform
[2018.08.25-00.05.56:367][  0]LogTemp: Display: Loaded TP Android_ETC2TargetPlatform
[2018.08.25-00.05.56:401][  0]LogTemp: Display: Loaded TP Android_MultiTargetPlatform
[2018.08.25-00.05.56:401][  0]LogTemp: Display: Loaded TP Android_PVRTCTargetPlatform
[2018.08.25-00.05.56:437][  0]LogTemp: Display: Loaded TP AndroidTargetPlatform
[2018.08.25-00.05.56:438][  0]LogTemp: Display: Loaded TP HTML5TargetPlatform
[2018.08.25-00.05.56:581][  0]LogTemp: Display: Loaded TP IOSTargetPlatform
[2018.08.25-00.05.56:603][  0]LogTemp: Display: Loaded TP TVOSTargetPlatform
[2018.08.25-00.05.56:620][  0]LogTemp: Display: Loaded TP LinuxClientTargetPlatform
[2018.08.25-00.05.56:636][  0]LogTemp: Display: Loaded TP LinuxNoEditorTargetPlatform
[2018.08.25-00.05.56:652][  0]LogTemp: Display: Loaded TP LinuxServerTargetPlatform
[2018.08.25-00.05.56:681][  0]LogTemp: Display: Loaded TP LinuxTargetPlatform
[2018.08.25-00.05.56:681][  0]LogTargetPlatformManager: Display: Building Assets For Windows
[2018.08.25-00.05.57:784][  0]LogXGEController: Cleaning working directory: C:/Users/Alton/AppData/Local/Temp/UnrealXGEWorkingDir/
[2018.08.25-00.05.57:785][  0]LogXGEController: Cannot use XGE Controller as Incredibuild is not installed on this machine.
[2018.08.25-00.05.57:785][  0]LogShaderCompilers: Cannot use XGE Shader Compiler as Incredibuild is not installed on this machine.
[2018.08.25-00.05.57:785][  0]LogShaderCompilers: Display: Using Local Shader Compiler.
[2018.08.25-00.06.00:711][  0]LogDerivedDataCache: Display: Max Cache Size: 512 MB
[2018.08.25-00.06.01:114][  0]LogDerivedDataCache: Loaded boot cache 0.40s 74MB C:/Users/Alton/AppData/Local/UnrealEngine/4.19/DerivedDataCache/Boot.ddc.
[2018.08.25-00.06.01:114][  0]LogDerivedDataCache: Display: Loaded Boot cache: C:/Users/Alton/AppData/Local/UnrealEngine/4.19/DerivedDataCache/Boot.ddc
[2018.08.25-00.06.01:114][  0]LogDerivedDataCache: FDerivedDataBackendGraph:  Pak pak cache file ../../../../../../Users/Alton/Documents/GitHub/UberBall/DerivedDataCache/DDC.ddp not found, will not use a pak cache.
[2018.08.25-00.06.01:114][  0]LogDerivedDataCache: Unable to find inner node Pak for hierarchical cache Hierarchy.
[2018.08.25-00.06.01:115][  0]LogDerivedDataCache: FDerivedDataBackendGraph:  CompressedPak pak cache file ../../../../../../Users/Alton/Documents/GitHub/UberBall/DerivedDataCache/Compressed.ddp not found, will not use a pak cache.
[2018.08.25-00.06.01:115][  0]LogDerivedDataCache: Unable to find inner node CompressedPak for hierarchical cache Hierarchy.
[2018.08.25-00.06.01:223][  0]LogDerivedDataCache: Display: Pak cache opened for reading ../../../Engine/DerivedDataCache/Compressed.ddp.
[2018.08.25-00.06.01:242][  0]LogDerivedDataCache: Using Local data cache path C:/Users/Alton/AppData/Local/UnrealEngine/Common/DerivedDataCache: Writable
[2018.08.25-00.06.01:242][  0]LogDerivedDataCache: Shared data cache path not found in *engine.ini, will not use an Shared cache.
[2018.08.25-00.06.01:242][  0]LogDerivedDataCache: Unable to find inner node Shared for hierarchical cache Hierarchy.
[2018.08.25-00.06.01:257][  0]LogMaterial: Verifying Global Shaders for PCD3D_SM5
[2018.08.25-00.06.01:257][  0]LogSlate: Using Freetype 2.6.0
[2018.08.25-00.06.01:305][  0]LogSlate: SlateFontCache - WITH_FREETYPE: 1, WITH_HARFBUZZ: 1
[2018.08.25-00.06.01:305][  0]LogSlate: SlateFontCache - WITH_FREETYPE: 1, WITH_HARFBUZZ: 1
[2018.08.25-00.06.06:468][  0]LogAssetRegistry: FAssetRegistry took 0.0292 seconds to start up
[2018.08.25-00.06.06:906][  0]LogInit: Selected Device Profile: [Windows]
[2018.08.25-00.06.08:827][  0]LogSimplygon: Simplygon DLL not present - disabling.
[2018.08.25-00.06.08:868][  0]LogMeshReduction: Using SimplygonSwarm for distributed automatic mesh merging
[2018.08.25-00.06.08:897][  0]LogMeshReduction: Using QuadricMeshReduction for automatic static mesh reduction
[2018.08.25-00.06.08:922][  0]LogMeshReduction: No automatic skeletal mesh reduction module available
[2018.08.25-00.06.08:922][  0]LogMeshReduction: No automatic mesh merging module available
[2018.08.25-00.06.08:922][  0]LogMeshMerging: No automatic mesh merging module available
[2018.08.25-00.06.09:223][  0]LogNetVersion: Multiplayer , NetCL: 3944462, EngineNetVer: 2, GameNetVer: 0 (Checksum: 567265365)
[2018.08.25-00.06.12:239][  0]LogPackageLocalizationCache: Processed 9 localized package path(s) for 2 prioritized culture(s) in 0.138961 seconds
[2018.08.25-00.06.12:247][  0]LogUObjectArray: 36735 objects as part of root set at end of initial load.
[2018.08.25-00.06.12:247][  0]LogUObjectAllocator: 7528584 out of 0 bytes used by permanent object pool.
[2018.08.25-00.06.12:247][  0]LogUObjectArray: CloseDisregardForGC: 0/0 objects in disregard for GC pool
[2018.08.25-00.06.27:045][  0]LogTcpMessaging: Initializing TcpMessaging bridge
[2018.08.25-00.06.27:075][  0]LogUdpMessaging: Initializing bridge on interface 0.0.0.0:0 to multicast group 230.0.0.1:6666.
[2018.08.25-00.06.27:612][  0]SourceControl: Source control is disabled
[2018.08.25-00.06.27:612][  0]SourceControl: Source control is disabled
[2018.08.25-00.06.27:632][  0]SourceControl: Source control is disabled
[2018.08.25-00.06.27:648][  0]SourceControl: Source control is disabled
[2018.08.25-00.06.28:253][  0]LogAndroidPermission: UAndroidPermissionCallbackProxy::GetInstance
[2018.08.25-00.06.28:432][  0]LogOcInput: OculusInput pre-init called
[2018.08.25-00.06.28:681][  0]LogEngine: Initializing Engine...
[2018.08.25-00.06.28:683][  0]LogHMD: Failed to initialize OpenVR with code 110
[2018.08.25-00.06.28:685][  0]LogStats: UGameplayTagsManager::ConstructGameplayTagTree: Construct from data asset -  0.000 s
[2018.08.25-00.06.28:685][  0]LogStats: UGameplayTagsManager::ConstructGameplayTagTree: GameplayTagTreeChangedEvent.Broadcast -  0.000 s
[2018.08.25-00.06.29:663][  0]LogAIModule: Creating AISystem for world Untitled
[2018.08.25-00.06.29:681][  0]LogInit: XAudio2 using 'Speakers / Headphones (Realtek Audio)' : 6 channels at 48 kHz using 32 bits per sample (channel mask 0x3f)
[2018.08.25-00.06.29:989][  0]LogInit: FAudioDevice initialized.
[2018.08.25-00.06.30:085][  0]LogDerivedDataCache: Saved boot cache 0.10s 74MB C:/Users/Alton/AppData/Local/UnrealEngine/4.19/DerivedDataCache/Boot.ddc.
[2018.08.25-00.06.30:093][  0]LogInit: Texture streaming: Enabled
[2018.08.25-00.06.30:109][  0]LogEngineSessionManager: EngineSessionManager initialized
[2018.08.25-00.06.30:127][  0]LogInit: Transaction tracking system initialized
[2018.08.25-00.06.30:193][  0]BlueprintLog: New page: Editor Load
[2018.08.25-00.06.30:602][  0]LocalizationService: Localization service is disabled
[2018.08.25-00.06.31:000][  0]LogConsoleResponse: Display: 
[2018.08.25-00.06.33:361][  0]LogCook: Display: Max memory allowance for cook 16384mb min free memory 0mb
[2018.08.25-00.06.33:361][  0]LogCook: Display: Mobile HDR setting 1
[2018.08.25-00.06.33:361][  0]LogGameplayTags: Display: UGameplayTagsManager::DoneAddingNativeTags. DelegateIsBound: 0
[2018.08.25-00.06.33:361][  0]LogStats: UGameplayTagsManager::ConstructGameplayTagTree: Construct from data asset -  0.000 s
[2018.08.25-00.06.33:361][  0]LogStats: UGameplayTagsManager::ConstructGameplayTagTree: GameplayTagTreeChangedEvent.Broadcast -  0.000 s
[2018.08.25-00.06.33:465][  0]LogFileCache: Scanning file cache for directory 'D:/Users/Alton/Documents/GitHub/UberBall/Content/' took 0.05s
[2018.08.25-00.06.35:586][  0]SourceControl: Source control is disabled
[2018.08.25-00.06.35:586][  0]Cmd: MAP LOAD FILE="../../../../../../Users/Alton/Documents/GitHub/UberBall/Content/Maps/MainMenu.umap" TEMPLATE=0 SHOWPROGRESS=1 FEATURELEVEL=3
[2018.08.25-00.06.35:624][  0]LightingResults: New page: Lighting Build
[2018.08.25-00.06.35:627][  0]MapCheck: New page: Map Check
[2018.08.25-00.06.35:627][  0]LightingResults: New page: Lighting Build
[2018.08.25-00.06.35:771][  0]LogUObjectGlobals: Created PersistentFrame Addr=0x0000012fb9d71c00, Size=648, Default__GameInfoInstance_C Function /Game/BluePrints/AllLevels/GameInfoInstance.GameInfoInstance_C:ExecuteUbergraph_GameInfoInstance
[2018.08.25-00.06.35:813][  0]LogUObjectGlobals: Created PersistentFrame Addr=0x0000012fbb544450, Size=40, Default__ErrorDialog_C Function /Game/UI/MainMenu/ErrorDialog.ErrorDialog_C:ExecuteUbergraph_ErrorDialog
[2018.08.25-00.06.35:833][  0]LogUObjectGlobals: Created PersistentFrame Addr=0x0000012fb9b68770, Size=80, Default__HostMenu_C Function /Game/UI/MainMenu/HostMenu.HostMenu_C:ExecuteUbergraph_HostMenu
[2018.08.25-00.06.35:856][  0]LogUObjectGlobals: Created PersistentFrame Addr=0x0000012fbb5442c0, Size=40, Default__MainMenu_C Function /Game/UI/MainMenu/MainMenu.MainMenu_C:ExecuteUbergraph_MainMenu
[2018.08.25-00.06.35:915][  0]LogUObjectGlobals: Created PersistentFrame Addr=0x0000012fb9d38bf0, Size=104, Default__OptionsMenu_C Function /Game/UI/MainMenu/OptionsMenu.OptionsMenu_C:ExecuteUbergraph_OptionsMenu
[2018.08.25-00.06.35:929][  0]LogLinker: Can't find file '/Game/Blueprints/Characters/0_Base'
[2018.08.25-00.06.35:929][  0]LogLinker: Can't find file '/Game/Blueprints/Characters/0_Base'
[2018.08.25-00.06.35:965][  0]LogUObjectGlobals: Created PersistentFrame Addr=0x0000012fbaa0e980, Size=608, Default__ServerMenu_C Function /Game/UI/MainMenu/ServerMenu.ServerMenu_C:ExecuteUbergraph_ServerMenu
[2018.08.25-00.06.36:120][  0]LogUObjectGlobals: Destroyed PersistentFrame Addr=0x0000012fb9d71c00, Size=648
[2018.08.25-00.06.36:120][  0]LogUObjectGlobals: Created PersistentFrame Addr=0x0000012fbb873a00, Size=648, Default__GameInfoInstance_C Function /Engine/Transient.REINST_GameInfoInstance_C_3:ExecuteUbergraph_GameInfoInstance
[2018.08.25-00.06.36:121][  0]LogUObjectGlobals: Destroyed PersistentFrame Addr=0x0000012fbb544450, Size=40
[2018.08.25-00.06.36:121][  0]LogUObjectGlobals: Created PersistentFrame Addr=0x0000012fbaa11a30, Size=40, Default__ErrorDialog_C Function /Engine/Transient.REINST_ErrorDialog_C_0:ExecuteUbergraph_ErrorDialog
[2018.08.25-00.06.36:122][  0]LogUObjectGlobals: Destroyed PersistentFrame Addr=0x0000012fb9b68770, Size=80
[2018.08.25-00.06.36:122][  0]LogUObjectGlobals: Created PersistentFrame Addr=0x0000012fba52ecf0, Size=80, Default__HostMenu_C Function /Engine/Transient.REINST_HostMenu_C_1:ExecuteUbergraph_HostMenu
[2018.08.25-00.06.36:122][  0]LogUObjectGlobals: Destroyed PersistentFrame Addr=0x0000012fbb5442c0, Size=40
[2018.08.25-00.06.36:122][  0]LogUObjectGlobals: Created PersistentFrame Addr=0x0000012fbaa119b8, Size=40, Default__MainMenu_C Function /Engine/Transient.REINST_MainMenu_C_3:ExecuteUbergraph_MainMenu
[2018.08.25-00.06.36:122][  0]LogUObjectGlobals: Destroyed PersistentFrame Addr=0x0000012fb9d38bf0, Size=104
[2018.08.25-00.06.36:122][  0]LogUObjectGlobals: Created PersistentFrame Addr=0x0000012fba535d00, Size=104, Default__OptionsMenu_C Function /Engine/Transient.REINST_OptionsMenu_C_4:ExecuteUbergraph_OptionsMenu
[2018.08.25-00.06.36:123][  0]LogUObjectGlobals: Destroyed PersistentFrame Addr=0x0000012fbaa0e980, Size=608
[2018.08.25-00.06.36:123][  0]LogUObjectGlobals: Created PersistentFrame Addr=0x0000012fba562200, Size=608, Default__ServerMenu_C Function /Engine/Transient.REINST_ServerMenu_C_5:ExecuteUbergraph_ServerMenu
[2018.08.25-00.06.36:163][  0]LogUObjectGlobals: Created PersistentFrame Addr=0x0000012fba374d00, Size=648, Default__GameInfoInstance_C Function /Game/BluePrints/AllLevels/GameInfoInstance.GameInfoInstance_C:ExecuteUbergraph_GameInfoInstance
[2018.08.25-00.06.36:166][  0]LogUObjectGlobals: Created PersistentFrame Addr=0x0000012fbaa12138, Size=40, Default__ErrorDialog_C Function /Game/UI/MainMenu/ErrorDialog.ErrorDialog_C:ExecuteUbergraph_ErrorDialog
[2018.08.25-00.06.36:168][  0]LogUObjectGlobals: Created PersistentFrame Addr=0x0000012fba2885e0, Size=80, Default__HostMenu_C Function /Game/UI/MainMenu/HostMenu.HostMenu_C:ExecuteUbergraph_HostMenu
[2018.08.25-00.06.36:170][  0]LogUObjectGlobals: Created PersistentFrame Addr=0x0000012fbaa12a48, Size=40, Default__MainMenu_C Function /Game/UI/MainMenu/MainMenu.MainMenu_C:ExecuteUbergraph_MainMenu
[2018.08.25-00.06.36:173][  0]LogUObjectGlobals: Created PersistentFrame Addr=0x0000012fba13ee80, Size=104, Default__OptionsMenu_C Function /Game/UI/MainMenu/OptionsMenu.OptionsMenu_C:ExecuteUbergraph_OptionsMenu
[2018.08.25-00.06.36:178][  0]LogUObjectGlobals: Created PersistentFrame Addr=0x0000012fba281a80, Size=608, Default__ServerMenu_C Function /Game/UI/MainMenu/ServerMenu.ServerMenu_C:ExecuteUbergraph_ServerMenu
[2018.08.25-00.06.36:196][  0]LogUObjectGlobals: Created PersistentFrame Addr=0x0000012fba0cfe00, Size=32, Default__MainMenu_C Function /Game/Maps/MainMenu.MainMenu_C:ExecuteUbergraph_MainMenu
[2018.08.25-00.06.36:197][  0]LogUObjectGlobals: Destroyed PersistentFrame Addr=0x0000012fba0cfe00, Size=32
[2018.08.25-00.06.36:197][  0]LogUObjectGlobals: Created PersistentFrame Addr=0x0000012fba0cfe00, Size=32, MainMenu_C_0 Function /Engine/Transient.REINST_MainMenu_C_13:ExecuteUbergraph_MainMenu
[2018.08.25-00.06.36:199][  0]LogUObjectGlobals: Created PersistentFrame Addr=0x0000012fba0cf660, Size=32, Default__MainMenu_C Function /Game/Maps/MainMenu.MainMenu_C:ExecuteUbergraph_MainMenu
[2018.08.25-00.06.36:390][  0]LogAIModule: Creating AISystem for world MainMenu
[2018.08.25-00.06.36:392][  0]LogEditorServer: Finished looking for orphan Actors (0.000 secs)
[2018.08.25-00.06.36:407][  0]LogUObjectGlobals: Destroyed PersistentFrame Addr=0x0000012fbb873a00, Size=648
[2018.08.25-00.06.36:407][  0]LogUObjectGlobals: Destroyed PersistentFrame Addr=0x0000012fbaa11a30, Size=40
[2018.08.25-00.06.36:407][  0]LogUObjectGlobals: Destroyed PersistentFrame Addr=0x0000012fba52ecf0, Size=80
[2018.08.25-00.06.36:407][  0]LogUObjectGlobals: Destroyed PersistentFrame Addr=0x0000012fbaa119b8, Size=40
[2018.08.25-00.06.36:407][  0]LogUObjectGlobals: Destroyed PersistentFrame Addr=0x0000012fba535d00, Size=104
[2018.08.25-00.06.36:407][  0]LogUObjectGlobals: Destroyed PersistentFrame Addr=0x0000012fba562200, Size=608
[2018.08.25-00.06.36:408][  0]LogUObjectGlobals: Destroyed PersistentFrame Addr=0x0000012fba0cfe00, Size=32
[2018.08.25-00.06.36:408][  0]Cmd: MAP CHECKDEP NOCLEARLOG
[2018.08.25-00.06.36:462][  0]MapCheck: Map check complete: 0 Error(s), 0 Warning(s), took 53.678ms to complete.
[2018.08.25-00.06.36:463][  0]LogFileHelpers: Loading map 'MainMenu' took 0.877
[2018.08.25-00.06.36:745][  0]LogCollectionManager: Loaded 0 collections in 0.013510 seconds
[2018.08.25-00.06.36:788][  0]LogFileCache: Scanning file cache for directory 'D:/Users/Alton/Documents/GitHub/UberBall/Saved/Collections/' took 0.01s
[2018.08.25-00.06.36:788][  0]LogFileCache: Scanning file cache for directory 'D:/Users/Alton/Documents/GitHub/UberBall/Content/Developers/Alton/Collections/' took 0.01s
[2018.08.25-00.06.36:788][  0]LogFileCache: Scanning file cache for directory 'D:/Users/Alton/Documents/GitHub/UberBall/Content/Collections/' took 0.01s
[2018.08.25-00.06.36:788][  0]LogCollectionManager: Rebuilt the GUID cache for 0 collections in 0.000000 seconds
[2018.08.25-00.06.36:799][  0]LogContentBrowser: Native class hierarchy populated in 0.0108 seconds. Added 2477 classes and 567 folders.
[2018.08.25-00.06.36:807][  0]LogContentBrowser: Native class hierarchy updated for 'WidgetCarousel' in 0.0002 seconds. Added 0 classes and 0 folders.
[2018.08.25-00.06.39:079][  0]LogContentBrowser: Native class hierarchy updated for 'AddContentDialog' in 0.0004 seconds. Added 0 classes and 0 folders.
[2018.08.25-00.06.39:113][  0]LogContentBrowser: Native class hierarchy updated for 'SceneOutliner' in 0.0004 seconds. Added 1 classes and 2 folders.
[2018.08.25-00.06.39:156][  0]LogSlate: Took 0.018306 seconds to synchronously load lazily loaded font '../../../Engine/Content/Slate/Fonts/Roboto-Regular.ttf' (155K)
[2018.08.25-00.06.39:186][  0]LogSlate: Took 0.027233 seconds to synchronously load lazily loaded font '../../../Engine/Content/Slate/Fonts/Roboto-Bold.ttf' (160K)
[2018.08.25-00.06.39:206][  0]LogSlate: Took 0.014532 seconds to synchronously load lazily loaded font '../../../Engine/Content/Editor/Slate/Fonts/FontAwesome.ttf' (139K)
[2018.08.25-00.06.39:483][  0]LogRenderer: Reallocating scene render targets to support 1208x576 Format 10 NumSamples 1 (Frame:1).
[2018.08.25-00.06.39:724][  0]LogSlate: FSceneViewport::OnFocusLost() reason 2
[2018.08.25-00.06.39:839][  0]LogSlate: Window 'Tutorials' being destroyed
[2018.08.25-00.06.39:900][  0]LogContentBrowser: Native class hierarchy updated for 'HierarchicalLODOutliner' in 0.0004 seconds. Added 0 classes and 0 folders.
[2018.08.25-00.06.39:900][  0]LogLoad: (Engine Initialization) Total time: 76.87 seconds
[2018.08.25-00.06.39:900][  0]LogLoad: (Engine Initialization) Total Blueprint compile time: 0.00 seconds
[2018.08.25-00.06.39:935][  0]LogContentStreaming: Texture pool size now 1000 MB
[2018.08.25-00.06.40:014][  0]LogSlate: Took 0.013608 seconds to synchronously load lazily loaded font '../../../Engine/Content/Slate/Fonts/Roboto-Light.ttf' (167K)
[2018.08.25-00.06.40:043][  1]LogAssetRegistry: Asset discovery search completed in 33.5988 seconds
[2018.08.25-00.06.40:046][  1]LogCollectionManager: Rebuilt the object cache for 0 collections in 0.000000 seconds (found 0 objects)
[2018.08.25-00.06.40:046][  1]LogCollectionManager: Fixed up redirectors for 0 collections in 0.000072 seconds (updated 0 objects)
[2018.08.25-00.07.45:733][761]LogSlate: FSceneViewport::OnFocusLost() reason 0
[2018.08.25-00.07.45:860][775]LogTemp: Repeating last play command: Selected Viewport
[2018.08.25-00.07.45:883][775]LogBlueprintUserMessages: Early PlayInEditor Detection: Level '/Game/Maps/MainMenu.MainMenu:PersistentLevel' has LevelScriptBlueprint '/Game/Maps/MainMenu.MainMenu:PersistentLevel.MainMenu' with GeneratedClass '/Game/Maps/MainMenu.MainMenu_C' with ClassGeneratedBy '/Game/Maps/MainMenu.MainMenu:PersistentLevel.MainMenu'
[2018.08.25-00.07.45:884][775]LogPlayLevel: PlayLevel: No blueprints needed recompiling
[2018.08.25-00.07.45:884][775]LogOnline: Display: OSS: FOnlineSubsystemNull::Shutdown()
[2018.08.25-00.07.45:884][775]LogOnline: Display: OSS: FOnlineAsyncTaskManager::Stop() ActiveTask:0000000000000000 Tasks[0/0]
[2018.08.25-00.07.45:885][775]LogOnline: Display: OSS: FOnlineAsyncTaskManager::Exit() started
[2018.08.25-00.07.45:885][775]LogOnline: Display: OSS: FOnlineAsyncTaskManager::Exit() finished
[2018.08.25-00.07.45:885][775]LogOnline: Warning: STEAM: Steam API disabled!
[2018.08.25-00.07.45:885][775]LogOnline: Display: STEAM: OnlineSubsystemSteam::Shutdown()
[2018.08.25-00.07.45:897][775]PIE: New page: PIE session: MainMenu (Aug 24, 2018, 4:07:45 PM)
[2018.08.25-00.07.45:897][775]LogPlayLevel: Creating play world package: /Game/Maps/UEDPIE_0_MainMenu
[2018.08.25-00.07.45:899][775]LogPlayLevel: PIE: StaticDuplicateObject took: (0.000963s)
[2018.08.25-00.07.45:899][775]LogAIModule: Creating AISystem for world MainMenu
[2018.08.25-00.07.45:899][775]LogPlayLevel: PIE: World Init took: (0.000593s)
[2018.08.25-00.07.45:899][775]LogPlayLevel: PIE: Created PIE world by copying editor world from /Game/Maps/MainMenu.MainMenu to /Game/Maps/UEDPIE_0_MainMenu.MainMenu (0.001730s)
[2018.08.25-00.07.45:919][775]LogInit: XAudio2 using 'Speakers / Headphones (Realtek Audio)' : 6 channels at 48 kHz using 32 bits per sample (channel mask 0x3f)
[2018.08.25-00.07.46:006][775]LogInit: FAudioDevice initialized.
[2018.08.25-00.07.46:441][775]LogUObjectGlobals: Created PersistentFrame Addr=0x0000012fba82fdc0, Size=88, Default__ShooterAnimBP_C Function /Game/BluePrints/ShooterAnimBP.ShooterAnimBP_C:ExecuteUbergraph_ShooterAnimBP
[2018.08.25-00.07.46:456][775]LogUObjectGlobals: Destroyed PersistentFrame Addr=0x0000012fba82fdc0, Size=88
[2018.08.25-00.07.46:456][775]LogUObjectGlobals: Created PersistentFrame Addr=0x0000012fba82fdc0, Size=88, Default__ShooterAnimBP_C Function /Engine/Transient.REINST_ShooterAnimBP_C_0:ExecuteUbergraph_ShooterAnimBP
[2018.08.25-00.07.46:474][775]LogUObjectGlobals: Created PersistentFrame Addr=0x0000012fc7207460, Size=88, Default__ShooterAnimBP_C Function /Game/BluePrints/ShooterAnimBP.ShooterAnimBP_C:ExecuteUbergraph_ShooterAnimBP
[2018.08.25-00.07.46:631][775]LogUObjectGlobals: Created PersistentFrame Addr=0x0000012fc7234e00, Size=72, Default__FirstPerson_AnimBP_C Function /Game/FirstPerson/Animations/FirstPerson_AnimBP.FirstPerson_AnimBP_C:ExecuteUbergraph_FirstPerson_AnimBP
[2018.08.25-00.07.46:641][775]LogUObjectGlobals: Destroyed PersistentFrame Addr=0x0000012fc7234e00, Size=72
[2018.08.25-00.07.46:641][775]LogUObjectGlobals: Created PersistentFrame Addr=0x0000012fc71dbba0, Size=72, Default__FirstPerson_AnimBP_C Function /Engine/Transient.REINST_FirstPerson_AnimBP_C_1:ExecuteUbergraph_FirstPerson_AnimBP
[2018.08.25-00.07.46:649][775]LogUObjectGlobals: Created PersistentFrame Addr=0x0000012fc7166930, Size=72, Default__FirstPerson_AnimBP_C Function /Game/FirstPerson/Animations/FirstPerson_AnimBP.FirstPerson_AnimBP_C:ExecuteUbergraph_FirstPerson_AnimBP
[2018.08.25-00.07.46:757][775]LogUObjectGlobals: Created PersistentFrame Addr=0x0000012fc719cba0, Size=32, Default__HUD_Widget_C Function /Game/BluePrints/HUD_Widget.HUD_Widget_C:ExecuteUbergraph_HUD_Widget
[2018.08.25-00.07.46:762][775]LogUObjectGlobals: Destroyed PersistentFrame Addr=0x0000012fc719cba0, Size=32
[2018.08.25-00.07.46:762][775]LogUObjectGlobals: Created PersistentFrame Addr=0x0000012fc7d33d20, Size=32, Default__HUD_Widget_C Function /Engine/Transient.REINST_HUD_Widget_C_6:ExecuteUbergraph_HUD_Widget
[2018.08.25-00.07.46:766][775]LogUObjectGlobals: Created PersistentFrame Addr=0x0000012fc7d32140, Size=32, Default__HUD_Widget_C Function /Game/BluePrints/HUD_Widget.HUD_Widget_C:ExecuteUbergraph_HUD_Widget
[2018.08.25-00.07.46:769][775]LogUObjectGlobals: Created PersistentFrame Addr=0x0000012fc71c8c10, Size=16, Default__BasicHUD_C Function /Game/BluePrints/BasicHUD.BasicHUD_C:ExecuteUbergraph_BasicHUD
[2018.08.25-00.07.46:770][775]LogUObjectGlobals: Destroyed PersistentFrame Addr=0x0000012fc71c8c10, Size=16
[2018.08.25-00.07.46:771][775]LogUObjectGlobals: Created PersistentFrame Addr=0x0000012fc71c8c10, Size=16, Default__BasicHUD_C Function /Engine/Transient.REINST_BasicHUD_C_20:ExecuteUbergraph_BasicHUD
[2018.08.25-00.07.46:772][775]LogUObjectGlobals: Created PersistentFrame Addr=0x0000012fc71c8bd0, Size=16, Default__BasicHUD_C Function /Game/BluePrints/BasicHUD.BasicHUD_C:ExecuteUbergraph_BasicHUD
[2018.08.25-00.07.46:820][775]LogUObjectGlobals: Created PersistentFrame Addr=0x0000012fc7e92b00, Size=2144, Default__UberBall_Character_C Function /Game/ThirdPersonBP/Blueprints/UberBall_Character.UberBall_Character_C:ExecuteUbergraph_UberBall_Character
[2018.08.25-00.07.46:822][775]LogUObjectGlobals: Created PersistentFrame Addr=0x0000012fc7d4a080, Size=408, Default__BP_GravityBall_C Function /Game/BluePrints/BP_GravityBall.BP_GravityBall_C:ExecuteUbergraph_BP_GravityBall
[2018.08.25-00.07.48:178][775]LogUObjectGlobals: Created PersistentFrame Addr=0x0000012fcb179800, Size=160, Default__STS_C Function /Game/TargetingSystem/STS.STS_C:ExecuteUbergraph_STS
[2018.08.25-00.07.48:317][775]LogUObjectGlobals: Created PersistentFrame Addr=0x0000012fcb958ce0, Size=16, Default__Bullet_C Function /Game/BluePrints/Bullet.Bullet_C:ExecuteUbergraph_Bullet
[2018.08.25-00.07.48:351][775]LogUObjectGlobals: Created PersistentFrame Addr=0x0000012fba291f00, Size=240, Default__UberBall_GameMode_C Function /Game/BluePrints/UberBall_GameMode.UberBall_GameMode_C:ExecuteUbergraph_UberBall_GameMode
[2018.08.25-00.07.48:398][775]LogUObjectGlobals: Created PersistentFrame Addr=0x0000012fcb12d440, Size=264, Default__Scoreboard_C Function /Game/BluePrints/Scoreboard.Scoreboard_C:ExecuteUbergraph_Scoreboard
[2018.08.25-00.07.48:515][775]LogUObjectGlobals: Destroyed PersistentFrame Addr=0x0000012fcb958ce0, Size=16
[2018.08.25-00.07.48:515][775]LogUObjectGlobals: Created PersistentFrame Addr=0x0000012fcaf95760, Size=16, Default__Bullet_C Function /Engine/Transient.REINST_Bullet_C_23:ExecuteUbergraph_Bullet
[2018.08.25-00.07.48:516][775]LogUObjectGlobals: Destroyed PersistentFrame Addr=0x0000012fcb179800, Size=160
[2018.08.25-00.07.48:516][775]LogUObjectGlobals: Created PersistentFrame Addr=0x0000012fcbc7a3e0, Size=160, Default__STS_C Function /Engine/Transient.REINST_STS_C_25:ExecuteUbergraph_STS
[2018.08.25-00.07.48:516][775]LogUObjectGlobals: Destroyed PersistentFrame Addr=0x0000012fc7d4a080, Size=408
[2018.08.25-00.07.48:516][775]LogUObjectGlobals: Created PersistentFrame Addr=0x0000012fcb068800, Size=408, Default__BP_GravityBall_C Function /Engine/Transient.REINST_BP_GravityBall_C_27:ExecuteUbergraph_BP_GravityBall
[2018.08.25-00.07.48:517][775]LogUObjectGlobals: Destroyed PersistentFrame Addr=0x0000012fcb12d440, Size=264
[2018.08.25-00.07.48:517][775]LogUObjectGlobals: Created PersistentFrame Addr=0x0000012fcb029800, Size=264, Default__Scoreboard_C Function /Engine/Transient.REINST_Scoreboard_C_8:ExecuteUbergraph_Scoreboard
[2018.08.25-00.07.48:519][775]LogUObjectGlobals: Destroyed PersistentFrame Addr=0x0000012fc7e92b00, Size=2144
[2018.08.25-00.07.48:519][775]LogUObjectGlobals: Created PersistentFrame Addr=0x0000012fcbc52b00, Size=2144, Default__UberBall_Character_C Function /Engine/Transient.REINST_UberBall_Character_C_29:ExecuteUbergraph_UberBall_Character
[2018.08.25-00.07.48:519][775]LogUObjectGlobals: Destroyed PersistentFrame Addr=0x0000012fba291f00, Size=240
[2018.08.25-00.07.48:519][775]LogUObjectGlobals: Created PersistentFrame Addr=0x0000012fcb0b0a00, Size=240, Default__UberBall_GameMode_C Function /Engine/Transient.REINST_UberBall_GameMode_C_30:ExecuteUbergraph_UberBall_GameMode
[2018.08.25-00.07.48:585][775]LogUObjectGlobals: Created PersistentFrame Addr=0x0000012fcbab0890, Size=16, Default__Bullet_C Function /Game/BluePrints/Bullet.Bullet_C:ExecuteUbergraph_Bullet
[2018.08.25-00.07.48:590][775]LogUObjectGlobals: Created PersistentFrame Addr=0x0000012fcc812ca0, Size=160, Default__STS_C Function /Game/TargetingSystem/STS.STS_C:ExecuteUbergraph_STS
[2018.08.25-00.07.48:593][775]LogUObjectGlobals: Created PersistentFrame Addr=0x0000012fcc856240, Size=408, Default__BP_GravityBall_C Function /Game/BluePrints/BP_GravityBall.BP_GravityBall_C:ExecuteUbergraph_BP_GravityBall
[2018.08.25-00.07.48:596][775]LogUObjectGlobals: Created PersistentFrame Addr=0x0000012fcc956980, Size=264, Default__Scoreboard_C Function /Game/BluePrints/Scoreboard.Scoreboard_C:ExecuteUbergraph_Scoreboard
[2018.08.25-00.07.48:607][775]LogUObjectGlobals: Created PersistentFrame Addr=0x0000012fcc6aab00, Size=2144, Default__UberBall_Character_C Function /Game/ThirdPersonBP/Blueprints/UberBall_Character.UberBall_Character_C:ExecuteUbergraph_UberBall_Character
[2018.08.25-00.07.48:613][775]LogUObjectGlobals: Created PersistentFrame Addr=0x0000012fcc673100, Size=240, Default__UberBall_GameMode_C Function /Game/BluePrints/UberBall_GameMode.UberBall_GameMode_C:ExecuteUbergraph_UberBall_GameMode
[2018.08.25-00.07.49:306][775]LogSkeletalMesh: Skeletal Mesh found in DDC [33.682964ms] /Game/Mannequin/Character/Mesh/SK_Mannequin.SK_Mannequin
[2018.08.25-00.07.49:333][775]LogSkeletalMesh: Skeletal Mesh found in DDC [6.918321ms] /Game/FirstPerson/FPWeapon/Mesh/SK_FPGun.SK_FPGun
[2018.08.25-00.07.49:572][775]LogSkeletalMesh: Skeletal Mesh found in DDC [22.174025ms] /Game/FirstPerson/Character/Mesh/SK_Mannequin_Arms.SK_Mannequin_Arms
[2018.08.25-00.07.49:581][775]LogLoad: Game class is 'ThirdPersonGameMode_C'
[2018.08.25-00.07.49:583][775]LogWorld: Bringing World /Game/Maps/UEDPIE_0_MainMenu.MainMenu up for play (max tick rate 0) at 2018.08.24-20.07.49
[2018.08.25-00.07.49:583][775]LogWorld: Bringing up level for play took: 0.000619
[2018.08.25-00.07.49:603][775]LogContentBrowser: Native class hierarchy updated for 'MovieSceneCapture' in 0.0003 seconds. Added 11 classes and 0 folders.
[2018.08.25-00.07.49:616][775]LogScriptCore: Warning: Script Msg: Attempted to access index 0 from array 'CallFunc_GetAllActorsOfClass_OutActors' of length 0 in '/Game/ThirdPersonBP/Blueprints/UberBall_Character.UberBall_Character_C:ExecuteUbergraph_UberBall_Character'!
[2018.08.25-00.07.49:617][775]PIE: Play in editor start time for /Game/Maps/UEDPIE_0_MainMenu 3.354
[2018.08.25-00.07.49:617][775]LogBlueprintUserMessages: Late PlayInEditor Detection: Level '/Game/Maps/MainMenu.MainMenu:PersistentLevel' has LevelScriptBlueprint '/Game/Maps/MainMenu.MainMenu:PersistentLevel.MainMenu' with GeneratedClass '/Game/Maps/MainMenu.MainMenu_C' with ClassGeneratedBy '/Game/Maps/MainMenu.MainMenu:PersistentLevel.MainMenu'
[2018.08.25-00.07.51:270][930]LogScriptCore: Warning: Script Msg: Attempted to access index 0 from array 'CallFunc_GetAllActorsOfClass_OutActors' of length 0 in '/Game/ThirdPersonBP/Blueprints/UberBall_Character.UberBall_Character_C:ExecuteUbergraph_UberBall_Character'!
[2018.08.25-00.08.39:420][  7]LogActor: Warning: UberBall_Character_C_0 is outside the world bounds!
[2018.08.25-00.08.46:984][831]LogUObjectGlobals: Destroyed PersistentFrame Addr=0x0000012fc71dbba0, Size=72
[2018.08.25-00.08.46:984][831]LogUObjectGlobals: Destroyed PersistentFrame Addr=0x0000012fba82fdc0, Size=88
[2018.08.25-00.08.46:984][831]LogUObjectGlobals: Destroyed PersistentFrame Addr=0x0000012fc7d33d20, Size=32
[2018.08.25-00.08.46:984][831]LogUObjectGlobals: Destroyed PersistentFrame Addr=0x0000012fc71c8c10, Size=16
[2018.08.25-00.08.46:984][831]LogUObjectGlobals: Destroyed PersistentFrame Addr=0x0000012fcbc52b00, Size=2144
[2018.08.25-00.08.46:985][831]LogUObjectGlobals: Destroyed PersistentFrame Addr=0x0000012fcb068800, Size=408
[2018.08.25-00.08.46:985][831]LogUObjectGlobals: Destroyed PersistentFrame Addr=0x0000012fcbc7a3e0, Size=160
[2018.08.25-00.08.46:985][831]LogUObjectGlobals: Destroyed PersistentFrame Addr=0x0000012fcaf95760, Size=16
[2018.08.25-00.08.46:985][831]LogUObjectGlobals: Destroyed PersistentFrame Addr=0x0000012fcb0b0a00, Size=240
[2018.08.25-00.08.46:985][831]LogUObjectGlobals: Destroyed PersistentFrame Addr=0x0000012fcb029800, Size=264
[2018.08.25-00.30.44:194][655]LogBlueprintUserMessages: Early EndPlayMap Detection: Level '/Game/Maps/MainMenu.MainMenu:PersistentLevel' has LevelScriptBlueprint '/Game/Maps/MainMenu.MainMenu:PersistentLevel.MainMenu' with GeneratedClass '/Game/Maps/MainMenu.MainMenu_C' with ClassGeneratedBy '/Game/Maps/MainMenu.MainMenu:PersistentLevel.MainMenu'
[2018.08.25-00.30.44:229][655]LogOnline: Display: OSS: FOnlineSubsystemNull::Shutdown()
[2018.08.25-00.30.44:229][655]LogOnline: Display: OSS: FOnlineAsyncTaskManager::Stop() ActiveTask:0000000000000000 Tasks[0/0]
[2018.08.25-00.30.44:230][655]LogOnline: Display: OSS: FOnlineAsyncTaskManager::Exit() started
[2018.08.25-00.30.44:230][655]LogOnline: Display: OSS: FOnlineAsyncTaskManager::Exit() finished
[2018.08.25-00.30.44:230][655]LogPlayLevel: Display: Shutting down PIE online subsystems
[2018.08.25-00.30.44:230][655]LogBlueprintUserMessages: Late EndPlayMap Detection: Level '/Game/Maps/MainMenu.MainMenu:PersistentLevel' has LevelScriptBlueprint '/Game/Maps/MainMenu.MainMenu:PersistentLevel.MainMenu' with GeneratedClass '/Game/Maps/MainMenu.MainMenu_C' with ClassGeneratedBy '/Game/Maps/MainMenu.MainMenu:PersistentLevel.MainMenu'
[2018.08.25-00.30.44:295][657]LogPlayLevel: Display: Destroying online subsystem :Context_1
[2018.08.25-00.30.44:295][657]LogOnline: Display: OSS: FOnlineSubsystemNull::Shutdown()
[2018.08.26-19.25.44:646][  4]LogRenderer: Reallocating scene render targets to support 1208x600 Format 10 NumSamples 1 (Frame:8).
[2018.08.26-21.23.47:082][372]LogSlate: Window 'Multiplayer - Unreal Editor' being destroyed
[2018.08.26-21.23.47:753][373]Cmd: QUIT_EDITOR
[2018.08.26-21.23.48:684][373]LogWindowsTextInputMethodSystem: Display: IME system now deactivated.
[2018.08.26-21.23.48:703][373]LogSlate: Slate User Destroyed.  User Index 0, Is Virtual User: 0
[2018.08.26-21.23.48:782][373]LogExit: Preparing to exit.
[2018.08.26-21.23.49:930][373]LogDirectoryWatcher: A directory notification for 'D:/Users/Alton/Documents/GitHub/UberBall/Content/' was aborted.
[2018.08.26-21.23.50:193][373]LogExit: Editor shut down
[2018.08.26-21.23.50:214][373]LogExit: Transaction tracking system shut down
[2018.08.26-21.23.50:216][373]LogUObjectGlobals: Destroyed PersistentFrame Addr=0x0000012fc7166930, Size=72
[2018.08.26-21.23.50:216][373]LogUObjectGlobals: Destroyed PersistentFrame Addr=0x0000012fc7207460, Size=88
[2018.08.26-21.23.50:216][373]LogUObjectGlobals: Destroyed PersistentFrame Addr=0x0000012fba374d00, Size=648
[2018.08.26-21.23.50:216][373]LogUObjectGlobals: Destroyed PersistentFrame Addr=0x0000012fbaa12138, Size=40
[2018.08.26-21.23.50:216][373]LogUObjectGlobals: Destroyed PersistentFrame Addr=0x0000012fba2885e0, Size=80
[2018.08.26-21.23.50:216][373]LogUObjectGlobals: Destroyed PersistentFrame Addr=0x0000012fbaa12a48, Size=40
[2018.08.26-21.23.50:216][373]LogUObjectGlobals: Destroyed PersistentFrame Addr=0x0000012fba13ee80, Size=104
[2018.08.26-21.23.50:216][373]LogUObjectGlobals: Destroyed PersistentFrame Addr=0x0000012fba281a80, Size=608
[2018.08.26-21.23.50:218][373]LogUObjectGlobals: Destroyed PersistentFrame Addr=0x0000012fba0cf660, Size=32
[2018.08.26-21.23.50:218][373]LogUObjectGlobals: Destroyed PersistentFrame Addr=0x0000012fc7d32140, Size=32
[2018.08.26-21.23.50:218][373]LogUObjectGlobals: Destroyed PersistentFrame Addr=0x0000012fc71c8bd0, Size=16
[2018.08.26-21.23.50:219][373]LogUObjectGlobals: Destroyed PersistentFrame Addr=0x0000012fcbab0890, Size=16
[2018.08.26-21.23.50:219][373]LogUObjectGlobals: Destroyed PersistentFrame Addr=0x0000012fcc812ca0, Size=160
[2018.08.26-21.23.50:219][373]LogUObjectGlobals: Destroyed PersistentFrame Addr=0x0000012fcc856240, Size=408
[2018.08.26-21.23.50:219][373]LogUObjectGlobals: Destroyed PersistentFrame Addr=0x0000012fcc956980, Size=264
[2018.08.26-21.23.50:219][373]LogUObjectGlobals: Destroyed PersistentFrame Addr=0x0000012fcc6aab00, Size=2144
[2018.08.26-21.23.50:219][373]LogUObjectGlobals: Destroyed PersistentFrame Addr=0x0000012fcc673100, Size=240
[2018.08.26-21.23.50:402][373]LogDirectoryWatcher: A directory notification for '../../../Engine/Content/' was aborted.
[2018.08.26-21.23.50:402][373]LogDirectoryWatcher: A directory notification for '../../../../../../Users/Alton/Documents/GitHub/UberBall/Content/' was aborted.
[2018.08.26-21.23.50:402][373]LogDirectoryWatcher: A directory notification for '../../Plugins/2D/Paper2D/Content/' was aborted.
[2018.08.26-21.23.50:402][373]LogDirectoryWatcher: A directory notification for '../../Plugins/Enterprise/DatasmithContent/Content/' was aborted.
[2018.08.26-21.23.50:402][373]LogDirectoryWatcher: A directory notification for '../../Plugins/Media/MediaCompositing/Content/' was aborted.
[2018.08.26-21.23.50:402][373]LogDirectoryWatcher: A directory notification for '../../Plugins/Runtime/AppleARKit/Content/' was aborted.
[2018.08.26-21.23.50:402][373]LogDirectoryWatcher: A directory notification for '../../Plugins/Runtime/Oculus/OculusVR/Content/' was aborted.
[2018.08.26-21.23.50:402][373]LogDirectoryWatcher: A directory notification for '../../Plugins/Runtime/Steam/SteamVR/Content/' was aborted.
[2018.08.26-21.23.51:667][373]LogExit: Object subsystem successfully closed.
[2018.08.26-21.23.51:873][373]LogShaderCompilers: Display: Shaders left to compile 0
[2018.08.26-21.23.51:923][373]LogD3D11RHI: Shutdown
[2018.08.26-21.23.51:923][373]LogD3D11RHI: CleanupD3DDevice
[2018.08.26-21.23.51:947][373]LogD3D11RHI: ~FD3D11DynamicRHI
[2018.08.26-21.23.52:875][373]LogModuleManager: Shutting down and abandoning module MovieSceneCapture (584)
[2018.08.26-21.23.52:875][373]LogModuleManager: Shutting down and abandoning module Voice (582)
[2018.08.26-21.23.52:882][373]LogModuleManager: Shutting down and abandoning module HierarchicalLODOutliner (580)
[2018.08.26-21.23.52:882][373]LogModuleManager: Shutting down and abandoning module SceneOutliner (578)
[2018.08.26-21.23.52:893][373]LogModuleManager: Shutting down and abandoning module AddContentDialog (576)
[2018.08.26-21.23.52:907][373]LogDirectoryWatcher: A directory notification for 'D:/Program Files/Epic Games/UE_4.19/FeaturePacks/' was aborted.
[2018.08.26-21.23.52:907][373]LogDirectoryWatcher: A directory notification for 'D:/Program Files/Epic Games/UE_4.19/Enterprise/FeaturePacks/' was aborted.
[2018.08.26-21.23.52:912][373]LogModuleManager: Shutting down and abandoning module WidgetCarousel (575)
[2018.08.26-21.23.52:912][373]LogModuleManager: Shutting down and abandoning module EditorWidgets (572)
[2018.08.26-21.23.52:912][373]LogModuleManager: Shutting down and abandoning module CollectionManager (570)
[2018.08.26-21.23.52:921][373]LogDirectoryWatcher: A directory notification for 'D:/Users/Alton/Documents/GitHub/UberBall/Content/Collections/' was aborted.
[2018.08.26-21.23.52:921][373]LogDirectoryWatcher: A directory notification for 'D:/Users/Alton/Documents/GitHub/UberBall/Content/Developers/Alton/Collections/' was aborted.
[2018.08.26-21.23.52:921][373]LogDirectoryWatcher: A directory notification for 'D:/Users/Alton/Documents/GitHub/UberBall/Saved/Collections/' was aborted.
[2018.08.26-21.23.52:921][373]LogModuleManager: Shutting down and abandoning module StatsViewer (568)
[2018.08.26-21.23.52:931][373]LogModuleManager: Shutting down and abandoning module FoliageEdit (566)
[2018.08.26-21.23.52:931][373]LogModuleManager: Shutting down and abandoning module LandscapeEditor (564)
[2018.08.26-21.23.52:950][373]LogModuleManager: Shutting down and abandoning module MeshPaintMode (562)
[2018.08.26-21.23.52:955][373]LogModuleManager: Shutting down and abandoning module SceneDepthPickerMode (560)
[2018.08.26-21.23.52:955][373]LogModuleManager: Shutting down and abandoning module ActorPickerMode (558)
[2018.08.26-21.23.52:955][373]LogModuleManager: Shutting down and abandoning module GeometryMode (556)
[2018.08.26-21.23.52:967][373]LogModuleManager: Shutting down and abandoning module TextureAlignMode (554)
[2018.08.26-21.23.52:967][373]LogModuleManager: Shutting down and abandoning module BspMode (552)
[2018.08.26-21.23.52:967][373]LogModuleManager: Shutting down and abandoning module PIEPreviewDeviceProfileSelector (550)
[2018.08.26-21.23.52:968][373]LogModuleManager: Shutting down and abandoning module HardwareSurvey (548)
[2018.08.26-21.23.52:968][373]LogModuleManager: Shutting down and abandoning module SequenceRecorderSections (546)
[2018.08.26-21.23.52:975][373]LogModuleManager: Shutting down and abandoning module AutomationWorker (544)
[2018.08.26-21.23.52:975][373]LogModuleManager: Shutting down and abandoning module AudioCaptureEditor (542)
[2018.08.26-21.23.52:975][373]LogModuleManager: Shutting down and abandoning module SequenceRecorder (541)
[2018.08.26-21.23.52:997][373]LogModuleManager: Shutting down and abandoning module MatineeToLevelSequence (538)
[2018.08.26-21.23.53:005][373]LogModuleManager: Shutting down and abandoning module LevelSequenceEditor (536)
[2018.08.26-21.23.53:031][373]LogModuleManager: Shutting down and abandoning module PlacementMode (535)
[2018.08.26-21.23.53:031][373]LogModuleManager: Shutting down and abandoning module MaterialEditor (534)
[2018.08.26-21.23.53:057][373]LogModuleManager: Shutting down and abandoning module WmfMediaFactory (530)
[2018.08.26-21.23.53:057][373]LogModuleManager: Shutting down and abandoning module WmfMediaEditor (528)
[2018.08.26-21.23.53:057][373]LogModuleManager: Shutting down and abandoning module MediaPlayerEditor (526)
[2018.08.26-21.23.53:076][373]LogModuleManager: Shutting down and abandoning module OpenExrWrapper (524)
[2018.08.26-21.23.53:077][373]LogModuleManager: Shutting down and abandoning module ImgMediaFactory (522)
[2018.08.26-21.23.53:077][373]LogModuleManager: Shutting down and abandoning module ImgMediaEditor (520)
[2018.08.26-21.23.53:077][373]LogModuleManager: Shutting down and abandoning module AvfMediaFactory (518)
[2018.08.26-21.23.53:077][373]LogModuleManager: Shutting down and abandoning module AvfMediaEditor (516)
[2018.08.26-21.23.53:077][373]LogModuleManager: Shutting down and abandoning module AndroidMediaFactory (514)
[2018.08.26-21.23.53:077][373]LogModuleManager: Shutting down and abandoning module AndroidMediaEditor (512)
[2018.08.26-21.23.53:077][373]LogModuleManager: Shutting down and abandoning module CharacterAI (510)
[2018.08.26-21.23.53:077][373]LogModuleManager: Shutting down and abandoning module SmartSnapping (508)
[2018.08.26-21.23.53:077][373]LogModuleManager: Shutting down and abandoning module SessionServices (506)
[2018.08.26-21.23.53:077][373]LogModuleManager: Shutting down and abandoning module ViewportSnapping (504)
[2018.08.26-21.23.53:077][373]LogModuleManager: Shutting down and abandoning module ViewportInteraction (502)
[2018.08.26-21.23.53:077][373]LogModuleManager: Shutting down and abandoning module ClothPainter (500)
[2018.08.26-21.23.53:099][373]LogModuleManager: Shutting down and abandoning module SkeletalMeshEditor (499)
[2018.08.26-21.23.53:112][373]LogModuleManager: Shutting down and abandoning module LogVisualizer (496)
[2018.08.26-21.23.53:122][373]LogModuleManager: Shutting down and abandoning module IntroTutorials (494)
[2018.08.26-21.23.53:154][373]LogModuleManager: Shutting down and abandoning module GameProjectGeneration (493)
[2018.08.26-21.23.53:167][373]LogModuleManager: Shutting down and abandoning module IOSPlatformEditor (490)
[2018.08.26-21.23.53:175][373]LogModuleManager: Shutting down and abandoning module HTML5PlatformEditor (488)
[2018.08.26-21.23.53:176][373]LogModuleManager: Shutting down and abandoning module AndroidPlatformEditor (486)
[2018.08.26-21.23.53:176][373]LogModuleManager: Shutting down and abandoning module AndroidDeviceDetection (485)
[2018.08.26-21.23.54:141][373]LogModuleManager: Shutting down and abandoning module WindowsPlatformEditor (482)
[2018.08.26-21.23.54:141][373]LogModuleManager: Shutting down and abandoning module IOSRuntimeSettings (480)
[2018.08.26-21.23.54:142][373]LogModuleManager: Shutting down and abandoning module AndroidRuntimeSettings (478)
[2018.08.26-21.23.54:142][373]LogModuleManager: Shutting down and abandoning module InputBindingEditor (476)
[2018.08.26-21.23.54:156][373]LogModuleManager: Shutting down and abandoning module MergeActors (474)
[2018.08.26-21.23.54:164][373]LogModuleManager: Shutting down and abandoning module LocalizationDashboard (472)
[2018.08.26-21.23.54:174][373]LogModuleManager: Shutting down and abandoning module LocalizationService (471)
[2018.08.26-21.23.54:181][373]LogModuleManager: Shutting down and abandoning module HardwareTargeting (468)
[2018.08.26-21.23.54:181][373]LogModuleManager: Shutting down and abandoning module DeviceProfileEditor (466)
[2018.08.26-21.23.54:191][373]LogModuleManager: Shutting down and abandoning module UndoHistory (464)
[2018.08.26-21.23.54:191][373]LogModuleManager: Shutting down and abandoning module XmlParser (462)
[2018.08.26-21.23.54:203][373]LogModuleManager: Shutting down and abandoning module Blutility (460)
[2018.08.26-21.23.54:204][373]LogModuleManager: Shutting down and abandoning module ProjectSettingsViewer (458)
[2018.08.26-21.23.54:204][373]LogModuleManager: Shutting down and abandoning module ProjectTargetPlatformEditor (457)
[2018.08.26-21.23.54:205][373]LogModuleManager: Shutting down and abandoning module EditorSettingsViewer (454)
[2018.08.26-21.23.54:205][373]LogModuleManager: Shutting down and abandoning module SettingsEditor (452)
[2018.08.26-21.23.54:249][373]LogModuleManager: Shutting down and abandoning module ProjectLauncher (450)
[2018.08.26-21.23.54:261][373]LogModuleManager: Shutting down and abandoning module SessionFrontend (448)
[2018.08.26-21.23.54:272][373]LogModuleManager: Shutting down and abandoning module ProfilerClient (446)
[2018.08.26-21.23.54:286][373]LogModuleManager: Shutting down and abandoning module DeviceManager (444)
[2018.08.26-21.23.54:292][373]LogModuleManager: Shutting down and abandoning module TargetDeviceServices (443)
[2018.08.26-21.23.54:347][373]LogModuleManager: Shutting down and abandoning module AutomationController (440)
[2018.08.26-21.23.54:356][373]LogModuleManager: Shutting down and abandoning module AutomationWindow (438)
[2018.08.26-21.23.54:374][373]LogModuleManager: Shutting down and abandoning module Layers (436)
[2018.08.26-21.23.54:387][373]LogModuleManager: Shutting down and abandoning module ComponentVisualizers (434)
[2018.08.26-21.23.54:387][373]LogModuleManager: Shutting down and abandoning module DetailCustomizations (432)
[2018.08.26-21.23.54:410][373]LogModuleManager: Shutting down and abandoning module PackagesDialog (430)
[2018.08.26-21.23.54:410][373]LogModuleManager: Shutting down and abandoning module Persona (428)
[2018.08.26-21.23.54:426][373]LogModuleManager: Shutting down and abandoning module AdvancedPreviewScene (427)
[2018.08.26-21.23.54:426][373]LogModuleManager: Shutting down and abandoning module AnimGraph (425)
[2018.08.26-21.23.54:426][373]LogModuleManager: Shutting down and abandoning module Kismet (422)
[2018.08.26-21.23.54:444][373]LogModuleManager: Shutting down and abandoning module GraphEditor (420)
[2018.08.26-21.23.54:471][373]LogModuleManager: Shutting down and abandoning module ClassViewer (418)
[2018.08.26-21.23.54:471][373]LogModuleManager: Shutting down and abandoning module Toolbox (416)
[2018.08.26-21.23.54:485][373]LogModuleManager: Shutting down and abandoning module ModuleUI (414)
[2018.08.26-21.23.54:493][373]LogModuleManager: Shutting down and abandoning module MovieSceneTools (412)
[2018.08.26-21.23.54:519][373]LogModuleManager: Shutting down and abandoning module OutputLog (410)
[2018.08.26-21.23.54:526][373]LogModuleManager: Shutting down and abandoning module GammaUI (408)
[2018.08.26-21.23.54:535][373]LogModuleManager: Shutting down and abandoning module Documentation (406)
[2018.08.26-21.23.54:535][373]LogModuleManager: Shutting down and abandoning module MovieSceneTracks (404)
[2018.08.26-21.23.54:535][373]LogModuleManager: Shutting down and abandoning module MovieScene (402)
[2018.08.26-21.23.54:535][373]LogModuleManager: Shutting down and abandoning module StreamingPauseRendering (400)
[2018.08.26-21.23.54:535][373]LogModuleManager: Shutting down and abandoning module LauncherPlatform (398)
[2018.08.26-21.23.54:535][373]LogModuleManager: Shutting down and abandoning module AnalyticsET (396)
[2018.08.26-21.23.54:535][373]LogModuleManager: Shutting down and abandoning module PortalServices (394)
[2018.08.26-21.23.54:536][373]LogModuleManager: Shutting down and abandoning module PortalRpc (392)
[2018.08.26-21.23.54:536][373]LogModuleManager: Shutting down and abandoning module MessagingRpc (390)
[2018.08.26-21.23.54:536][373]LogModuleManager: Shutting down and abandoning module AIModule (388)
[2018.08.26-21.23.54:536][373]LogModuleManager: Shutting down and abandoning module GameplayDebugger (387)
[2018.08.26-21.23.54:536][373]LogModuleManager: Shutting down and abandoning module AITestSuite (385)
[2018.08.26-21.23.54:540][373]LogModuleManager: Shutting down and abandoning module DesktopPlatform (382)
[2018.08.26-21.23.54:552][373]LogModuleManager: Shutting down and abandoning module ProfilerService (380)
[2018.08.26-21.23.54:705][373]LogModuleManager: Shutting down and abandoning module TaskGraph (378)
[2018.08.26-21.23.54:715][373]LogModuleManager: Shutting down and abandoning module SteamVRController (376)
[2018.08.26-21.23.54:716][373]LogModuleManager: Shutting down and abandoning module ProceduralMeshComponentEditor (374)
[2018.08.26-21.23.54:716][373]LogModuleManager: Shutting down and abandoning module ProceduralMeshComponent (372)
[2018.08.26-21.23.54:726][373]LogModuleManager: Shutting down and abandoning module OculusInput (370)
[2018.08.26-21.23.54:739][373]LogModuleManager: Shutting down and abandoning module MobilePatchingUtils (368)
[2018.08.26-21.23.54:739][373]LogModuleManager: Shutting down and abandoning module CustomMeshComponent (366)
[2018.08.26-21.23.54:739][373]LogModuleManager: Shutting down and abandoning module CableComponent (364)
[2018.08.26-21.23.54:749][373]LogModuleManager: Shutting down and abandoning module AudioCapture (362)
[2018.08.26-21.23.54:749][373]LogModuleManager: Shutting down and abandoning module ArchVisCharacter (360)
[2018.08.26-21.23.54:749][373]LogModuleManager: Shutting down and abandoning module AndroidPermission (358)
[2018.08.26-21.23.54:749][373]LogModuleManager: Shutting down and abandoning module NUTUnrealEngine4 (356)
[2018.08.26-21.23.54:749][373]LogModuleManager: Shutting down and abandoning module NetcodeUnitTest (354)
[2018.08.26-21.23.54:766][373]LogModuleManager: Shutting down and abandoning module MediaCompositingEditor (352)
[2018.08.26-21.23.54:766][373]LogModuleManager: Shutting down and abandoning module MediaCompositing (350)
[2018.08.26-21.23.54:766][373]LogModuleManager: Shutting down and abandoning module LinearTimecode (348)
[2018.08.26-21.23.54:766][373]LogModuleManager: Shutting down and abandoning module ImgMedia (346)
[2018.08.26-21.23.54:778][373]LogModuleManager: Shutting down and abandoning module HTML5Networking (344)
[2018.08.26-21.23.54:778][373]LogModuleManager: Shutting down and abandoning module AlembicImporter (342)
[2018.08.26-21.23.54:787][373]LogModuleManager: Shutting down and abandoning module AlembicLibrary (341)
[2018.08.26-21.23.54:787][373]LogModuleManager: Shutting down and abandoning module GeometryCache (340)
[2018.08.26-21.23.54:787][373]LogModuleManager: Shutting down and abandoning module GeometryCacheEd (339)
[2018.08.26-21.23.54:787][373]LogModuleManager: Shutting down and abandoning module DatasmithContent (334)
[2018.08.26-21.23.54:787][373]LogModuleManager: Shutting down and abandoning module SpeedTreeImporter (332)
[2018.08.26-21.23.54:787][373]LogModuleManager: Shutting down and abandoning module PluginBrowser (330)
[2018.08.26-21.23.54:799][373]LogModuleManager: Shutting down and abandoning module MobileLauncherProfileWizard (328)
[2018.08.26-21.23.54:807][373]LogModuleManager: Shutting down and abandoning module CryptoKeysOpenSSL (326)
[2018.08.26-21.23.54:817][373]LogModuleManager: Shutting down and abandoning module CryptoKeys (324)
[2018.08.26-21.23.54:817][373]LogModuleManager: Shutting down and abandoning module VisualStudioSourceCodeAccess (322)
[2018.08.26-21.23.54:823][373]LogModuleManager: Shutting down and abandoning module VisualStudioCodeSourceCodeAccess (320)
[2018.08.26-21.23.54:823][373]LogModuleManager: Shutting down and abandoning module UObjectPlugin (318)
[2018.08.26-21.23.54:823][373]LogModuleManager: Shutting down and abandoning module SubversionSourceControl (316)
[2018.08.26-21.23.54:836][373]LogModuleManager: Shutting down and abandoning module PerforceSourceControl (314)
[2018.08.26-21.23.54:847][373]LogModuleManager: Shutting down and abandoning module GitSourceControl (312)
[2018.08.26-21.23.54:859][373]LogModuleManager: Shutting down and abandoning module SourceControl (311)
[2018.08.26-21.23.54:870][373]LogModuleManager: Shutting down and abandoning module CLionSourceCodeAccess (308)
[2018.08.26-21.23.54:876][373]LogModuleManager: Shutting down and abandoning module LightPropagationVolumeEditor (306)
[2018.08.26-21.23.54:876][373]LogModuleManager: Shutting down and abandoning module PaperTiledImporter (304)
[2018.08.26-21.23.54:876][373]LogModuleManager: Shutting down and abandoning module PaperSpriteSheetImporter (302)
[2018.08.26-21.23.54:876][373]LogModuleManager: Shutting down and abandoning module Paper2DEditor (300)
[2018.08.26-21.23.54:893][373]LogModuleManager: Shutting down and abandoning module MeshPaint (299)
[2018.08.26-21.23.54:906][373]LogModuleManager: Shutting down and abandoning module RuntimePhysXCooking (296)
[2018.08.26-21.23.54:906][373]LogModuleManager: Shutting down and abandoning module PhysXVehiclesEditor (294)
[2018.08.26-21.23.54:906][373]LogModuleManager: Shutting down and abandoning module PhysXVehicles (292)
[2018.08.26-21.23.54:906][373]LogModuleManager: Shutting down and abandoning module OculusEditor (290)
[2018.08.26-21.23.54:906][373]LogModuleManager: Shutting down and abandoning module LocationServicesBPLibrary (288)
[2018.08.26-21.23.54:906][373]LogModuleManager: Shutting down and abandoning module ImmediatePhysicsEditor (286)
[2018.08.26-21.23.54:906][373]LogModuleManager: Shutting down and abandoning module ImmediatePhysics (284)
[2018.08.26-21.23.54:919][373]LogModuleManager: Shutting down and abandoning module ActorSequence (282)
[2018.08.26-21.23.54:920][373]LogModuleManager: Shutting down and abandoning module UdpMessaging (280)
[2018.08.26-21.23.55:028][373]LogModuleManager: Shutting down and abandoning module TcpMessaging (278)
[2018.08.26-21.23.55:140][373]LogModuleManager: Shutting down and abandoning module GameplayTagsEditor (276)
[2018.08.26-21.23.55:155][373]LogModuleManager: Shutting down and abandoning module FacialAnimationEditor (274)
[2018.08.26-21.23.55:155][373]LogModuleManager: Shutting down and abandoning module FacialAnimation (272)
[2018.08.26-21.23.55:155][373]LogModuleManager: Shutting down and abandoning module DataValidation (270)
[2018.08.26-21.23.55:159][373]LogModuleManager: Shutting down and abandoning module AssetManagerEditor (268)
[2018.08.26-21.23.55:171][373]LogModuleManager: Shutting down and abandoning module LevelEditor (267)
[2018.08.26-21.23.55:190][373]LogModuleManager: Shutting down and abandoning module PixelInspectorModule (266)
[2018.08.26-21.23.55:199][373]LogModuleManager: Shutting down and abandoning module CommonMenuExtensions (264)
[2018.08.26-21.23.55:209][373]LogModuleManager: Shutting down and abandoning module MainFrame (262)
[2018.08.26-21.23.55:209][373]LogModuleManager: Shutting down and abandoning module HotReload (261)
[2018.08.26-21.23.55:214][373]LogModuleManager: Shutting down and abandoning module ContentBrowser (257)
[2018.08.26-21.23.55:216][373]LogModuleManager: Shutting down and abandoning module TreeMap (255)
[2018.08.26-21.23.55:222][373]LogModuleManager: Shutting down and abandoning module LightPropagationVolumeRuntime (252)
[2018.08.26-21.23.55:222][373]LogModuleManager: Shutting down and abandoning module LiveLinkEditor (250)
[2018.08.26-21.23.55:235][373]LogModuleManager: Shutting down and abandoning module LiveLink (248)
[2018.08.26-21.23.56:151][373]LogModuleManager: Shutting down and abandoning module AdvancedSteamSessions (246)
[2018.08.26-21.23.56:151][373]LogModuleManager: Shutting down and abandoning module AdvancedSessions (244)
[2018.08.26-21.23.56:151][373]LogModuleManager: Shutting down and abandoning module Paper2D (242)
[2018.08.26-21.23.56:171][373]LogModuleManager: Shutting down and abandoning module WindowsMoviePlayer (240)
[2018.08.26-21.23.56:176][373]LogModuleManager: Shutting down and abandoning module WmfMedia (238)
[2018.08.26-21.23.56:184][373]LogModuleManager: Shutting down and abandoning module Media (237)
[2018.08.26-21.23.56:191][373]LogModuleManager: Shutting down and abandoning module PacketHandler (234)
[2018.08.26-21.23.56:191][373]LogModuleManager: Shutting down and abandoning module ClothingSystemEditor (232)
[2018.08.26-21.23.56:191][373]LogModuleManager: Shutting down and abandoning module ClothingSystemRuntime (230)
[2018.08.26-21.23.56:203][373]LogModuleManager: Shutting down and abandoning module MediaAssets (228)
[2018.08.26-21.23.56:203][373]LogModuleManager: Shutting down and abandoning module Overlay (226)
[2018.08.26-21.23.56:203][373]LogModuleManager: Shutting down and abandoning module OverlayEditor (225)
[2018.08.26-21.23.56:203][373]LogModuleManager: Shutting down and abandoning module VREditor (222)
[2018.08.26-21.23.56:215][373]LogModuleManager: Shutting down and abandoning module StringTableEditor (220)
[2018.08.26-21.23.56:215][373]LogModuleManager: Shutting down and abandoning module GameplayTasksEditor (218)
[2018.08.26-21.23.56:215][373]LogModuleManager: Shutting down and abandoning module BehaviorTreeEditor (216)
[2018.08.26-21.23.56:236][373]LogModuleManager: Shutting down and abandoning module FunctionalTesting (214)
[2018.08.26-21.23.56:248][373]LogModuleManager: Shutting down and abandoning module CollisionAnalyzer (212)
[2018.08.26-21.23.56:259][373]LogModuleManager: Shutting down and abandoning module WorkspaceMenuStructure (211)
[2018.08.26-21.23.56:259][373]LogModuleManager: Shutting down and abandoning module UMG (208)
[2018.08.26-21.23.56:259][373]LogModuleManager: Shutting down and abandoning module UMGEditor (207)
[2018.08.26-21.23.56:278][373]LogModuleManager: Shutting down and abandoning module Sequencer (206)
[2018.08.26-21.23.56:295][373]LogModuleManager: Shutting down and abandoning module MessageLog (203)
[2018.08.26-21.23.56:296][373]LogModuleManager: Shutting down and abandoning module SlateReflector (198)
[2018.08.26-21.23.56:322][373]LogModuleManager: Shutting down and abandoning module Slate (196)
[2018.08.26-21.23.56:322][373]LogModuleManager: Shutting down and abandoning module EditorStyle (194)
[2018.08.26-21.23.56:333][373]LogModuleManager: Shutting down and abandoning module MRMesh (192)
[2018.08.26-21.23.56:333][373]LogModuleManager: Shutting down and abandoning module SourceCodeAccess (190)
[2018.08.26-21.23.56:333][373]LogModuleManager: Shutting down and abandoning module HeadMountedDisplay (188)
[2018.08.26-21.23.56:333][373]LogModuleManager: Shutting down and abandoning module XAudio2 (186)
[2018.08.26-21.23.56:333][373]LogModuleManager: Shutting down and abandoning module Networking (184)
[2018.08.26-21.23.56:333][373]LogModuleManager: Shutting down and abandoning module Core (182)
[2018.08.26-21.23.56:333][373]LogModuleManager: Shutting down and abandoning module LevelSequence (180)
[2018.08.26-21.23.56:347][373]LogModuleManager: Shutting down and abandoning module KismetCompiler (178)
[2018.08.26-21.23.56:347][373]LogModuleManager: Shutting down and abandoning module MeshUtilities (176)
[2018.08.26-21.23.56:359][373]LogModuleManager: Shutting down and abandoning module MeshMergeUtilities (175)
[2018.08.26-21.23.56:359][373]LogModuleManager: Shutting down and abandoning module MeshReductionInterface (174)
[2018.08.26-21.23.56:359][373]LogModuleManager: Shutting down and abandoning module SimplygonSwarm (173)
[2018.08.26-21.23.56:368][373]LogModuleManager: Shutting down and abandoning module SimplygonMeshReduction (171)
[2018.08.26-21.23.56:375][373]LogModuleManager: Shutting down and abandoning module QuadricMeshReduction (169)
[2018.08.26-21.23.56:382][373]LogModuleManager: Shutting down and abandoning module MaterialBaking (165)
[2018.08.26-21.23.56:385][373]LogModuleManager: Shutting down and abandoning module DirectoryWatcher (161)
[2018.08.26-21.23.56:390][373]LogModuleManager: Shutting down and abandoning module DerivedDataCache (158)
[2018.08.26-21.23.56:443][373]LogDerivedDataCache: Shutdown
[2018.08.26-21.23.56:443][373]LogModuleManager: Shutting down and abandoning module XGEController (156)
[2018.08.26-21.23.56:443][373]LogXGEController: Cleaning working directory: C:/Users/Alton/AppData/Local/Temp/UnrealXGEWorkingDir/
[2018.08.26-21.23.56:444][373]LogModuleManager: Shutting down and abandoning module TargetPlatform (154)
[2018.08.26-21.23.56:444][373]LogModuleManager: Shutting down and abandoning module VulkanShaderFormat (153)
[2018.08.26-21.23.56:453][373]LogModuleManager: Shutting down and abandoning module ShaderFormatVectorVM (151)
[2018.08.26-21.23.56:465][373]LogModuleManager: Shutting down and abandoning module ShaderFormatOpenGL (149)
[2018.08.26-21.23.56:470][373]LogModuleManager: Shutting down and abandoning module ShaderFormatD3D (147)
[2018.08.26-21.23.56:475][373]LogModuleManager: Shutting down and abandoning module MetalShaderFormat (145)
[2018.08.26-21.23.56:484][373]LogModuleManager: Shutting down and abandoning module TextureFormatUncompressed (143)
[2018.08.26-21.23.56:484][373]LogModuleManager: Shutting down and abandoning module TextureFormatPVR (141)
[2018.08.26-21.23.56:484][373]LogModuleManager: Shutting down and abandoning module TextureFormatDXT (139)
[2018.08.26-21.23.56:489][373]LogModuleManager: Shutting down and abandoning module TextureFormatIntelISPCTexComp (137)
[2018.08.26-21.23.56:499][373]LogModuleManager: Shutting down and abandoning module TextureFormatASTC (135)
[2018.08.26-21.23.56:499][373]LogModuleManager: Shutting down and abandoning module ImageWrapper (134)
[2018.08.26-21.23.56:499][373]LogModuleManager: Shutting down and abandoning module TextureFormatAndroid (131)
[2018.08.26-21.23.56:499][373]LogModuleManager: Shutting down and abandoning module AudioFormatOpus (129)
[2018.08.26-21.23.56:499][373]LogModuleManager: Shutting down and abandoning module AudioFormatOgg (127)
[2018.08.26-21.23.56:499][373]LogModuleManager: Shutting down and abandoning module AudioFormatADPCM (125)
[2018.08.26-21.23.56:499][373]LogModuleManager: Shutting down and abandoning module LinuxTargetPlatform (123)
[2018.08.26-21.23.56:499][373]LogModuleManager: Shutting down and abandoning module LinuxServerTargetPlatform (121)
[2018.08.26-21.23.56:499][373]LogModuleManager: Shutting down and abandoning module LinuxNoEditorTargetPlatform (119)
[2018.08.26-21.23.56:499][373]LogModuleManager: Shutting down and abandoning module LinuxClientTargetPlatform (117)
[2018.08.26-21.23.56:499][373]LogModuleManager: Shutting down and abandoning module TVOSTargetPlatform (115)
[2018.08.26-21.23.56:499][373]LogModuleManager: Shutting down and abandoning module Messaging (113)
[2018.08.26-21.23.56:499][373]LogModuleManager: Shutting down and abandoning module IOSTargetPlatform (111)
[2018.08.26-21.23.56:499][373]LogModuleManager: Shutting down and abandoning module HTML5TargetPlatform (109)
[2018.08.26-21.23.56:499][373]LogModuleManager: Shutting down and abandoning module AndroidTargetPlatform (107)
[2018.08.26-21.23.56:499][373]LogModuleManager: Shutting down and abandoning module Android_PVRTCTargetPlatform (105)
[2018.08.26-21.23.56:499][373]LogModuleManager: Shutting down and abandoning module Android_MultiTargetPlatform (103)
[2018.08.26-21.23.56:499][373]LogModuleManager: Shutting down and abandoning module Android_ETC2TargetPlatform (101)
[2018.08.26-21.23.56:499][373]LogModuleManager: Shutting down and abandoning module Android_ETC1TargetPlatform (99)
[2018.08.26-21.23.56:499][373]LogModuleManager: Shutting down and abandoning module Android_ETC1aTargetPlatform (97)
[2018.08.26-21.23.56:499][373]LogModuleManager: Shutting down and abandoning module Android_DXTTargetPlatform (95)
[2018.08.26-21.23.56:499][373]LogModuleManager: Shutting down and abandoning module Android_ATCTargetPlatform (93)
[2018.08.26-21.23.56:499][373]LogModuleManager: Shutting down and abandoning module Android_ASTCTargetPlatform (91)
[2018.08.26-21.23.56:499][373]LogModuleManager: Shutting down and abandoning module WindowsTargetPlatform (89)
[2018.08.26-21.23.56:499][373]LogModuleManager: Shutting down and abandoning module WindowsServerTargetPlatform (87)
[2018.08.26-21.23.56:499][373]LogModuleManager: Shutting down and abandoning module WindowsNoEditorTargetPlatform (85)
[2018.08.26-21.23.56:499][373]LogModuleManager: Shutting down and abandoning module WindowsClientTargetPlatform (83)
[2018.08.26-21.23.56:499][373]LogModuleManager: Shutting down and abandoning module MacTargetPlatform (81)
[2018.08.26-21.23.56:499][373]LogModuleManager: Shutting down and abandoning module MacServerTargetPlatform (79)
[2018.08.26-21.23.56:499][373]LogModuleManager: Shutting down and abandoning module MacNoEditorTargetPlatform (77)
[2018.08.26-21.23.56:499][373]LogModuleManager: Shutting down and abandoning module MacClientTargetPlatform (75)
[2018.08.26-21.23.56:500][373]LogModuleManager: Shutting down and abandoning module AllDesktopTargetPlatform (73)
[2018.08.26-21.23.56:500][373]LogModuleManager: Shutting down and abandoning module InputCore (70)
[2018.08.26-21.23.56:500][373]LogModuleManager: Shutting down and abandoning module Settings (68)
[2018.08.26-21.23.56:500][373]LogModuleManager: Shutting down and abandoning module PhysXCooking (66)
[2018.08.26-21.23.56:500][373]LogModuleManager: Shutting down and abandoning module SteamVR (64)
[2018.08.26-21.23.56:500][373]LogModuleManager: Shutting down and abandoning module OculusHMD (62)
[2018.08.26-21.23.56:512][373]LogModuleManager: Shutting down and abandoning module ExampleDeviceProfileSelector (60)
[2018.08.26-21.23.56:512][373]LogModuleManager: Shutting down and abandoning module AppleARKit (58)
[2018.08.26-21.23.56:512][373]LogModuleManager: Shutting down and abandoning module AugmentedReality (57)
[2018.08.26-21.23.56:512][373]LogModuleManager: Shutting down and abandoning module OnlineBlueprintSupport (54)
[2018.08.26-21.23.56:512][373]LogModuleManager: Shutting down and abandoning module OnlineSubsystem (50)
[2018.08.26-21.23.56:512][373]LogOnline: Display: OSS: FOnlineSubsystemNull::Shutdown()
[2018.08.26-21.23.56:512][373]LogOnline: Display: OSS: FOnlineAsyncTaskManager::Stop() ActiveTask:0000000000000000 Tasks[0/0]
[2018.08.26-21.23.56:543][373]LogOnline: Display: OSS: FOnlineAsyncTaskManager::Exit() started
[2018.08.26-21.23.56:543][373]LogOnline: Display: OSS: FOnlineAsyncTaskManager::Exit() finished
[2018.08.26-21.23.56:543][373]LogModuleManager: Shutting down and abandoning module XMPP (43)
[2018.08.26-21.23.56:552][373]LogModuleManager: Shutting down and abandoning module HTTP (41)
[2018.08.26-21.23.56:563][373]LogHttp: Display: Http module shutting down, but needs to wait on 1 outstanding Http requests:
[2018.08.26-21.23.56:563][373]LogHttp: Display: 	verb=[POST] url=[https://datarouter.ol.epicgames.com/datarouter/api/v1/public/data?SessionID=%7B66414CEC-403D-98D0-340E-9DAE67159E7D%7D&AppID=UEEditor.Rocket.Release&AppVersion=4.19.2-4033788%2B%2B%2BUE4%2BRelease-4.19&UserID=c941c4e6498b2f44daadf1a33f3d1fe5%7Cbbd1a1f0e776479dae3b6f419d3d00ea%7C17f0c8f2-5fc5-4941-a9c5-8fb912fa44f9&AppEnvironment=datacollector-binary&UploadType=eteventstream] status=Processing
[2018.08.26-21.23.56:587][373]LogModuleManager: Shutting down and abandoning module SSL (40)
[2018.08.26-21.23.56:595][373]LogModuleManager: Shutting down and abandoning module AnimationModifiers (36)
[2018.08.26-21.23.56:604][373]LogModuleManager: Shutting down and abandoning module PropertyEditor (35)
[2018.08.26-21.23.56:641][373]LogModuleManager: Shutting down and abandoning module AudioEditor (32)
[2018.08.26-21.23.56:658][373]LogModuleManager: Shutting down and abandoning module TextureCompressor (30)
[2018.08.26-21.23.56:688][373]LogModuleManager: Shutting down and abandoning module ShaderCore (28)
[2018.08.26-21.23.56:688][373]LogModuleManager: Shutting down and abandoning module Landscape (26)
[2018.08.26-21.23.56:688][373]LogModuleManager: Shutting down and abandoning module SlateRHIRenderer (24)
[2018.08.26-21.23.56:705][373]LogModuleManager: Shutting down and abandoning module OpenGLDrv (22)
[2018.08.26-21.23.56:716][373]LogModuleManager: Shutting down and abandoning module D3D11RHI (20)
[2018.08.26-21.23.56:716][373]LogModuleManager: Shutting down and abandoning module AnimGraphRuntime (18)
[2018.08.26-21.23.56:724][373]LogModuleManager: Shutting down and abandoning module Renderer (16)
[2018.08.26-21.23.56:724][373]LogModuleManager: Shutting down and abandoning module Engine (14)
[2018.08.26-21.23.56:725][373]LogModuleManager: Shutting down and abandoning module CoreUObject (12)
[2018.08.26-21.23.56:725][373]LogModuleManager: Shutting down and abandoning module NetworkFile (10)
[2018.08.26-21.23.56:730][373]LogModuleManager: Shutting down and abandoning module CookedIterativeFile (8)
[2018.08.26-21.23.56:731][373]LogModuleManager: Shutting down and abandoning module StreamingFile (6)
[2018.08.26-21.23.56:741][373]LogModuleManager: Shutting down and abandoning module SandboxFile (4)
[2018.08.26-21.23.56:768][373]LogModuleManager: Shutting down and abandoning module PakFile (2)
[2018.08.26-21.23.56:791][373]LogExit: Exiting.
[2018.08.26-21.23.56:817][373]Log file closed, 08/26/18 17:23:56
