Log file open, 06/04/18 06:42:04
LogWindows: Failed to load 'aqProf.dll' (GetLastError=126)
LogWindows: File 'aqProf.dll' does not exist
LogWindows: Failed to load 'VtuneApi.dll' (GetLastError=126)
LogWindows: File 'VtuneApi.dll' does not exist
LogWindows: Failed to load 'VtuneApi32e.dll' (GetLastError=126)
LogWindows: File 'VtuneApi32e.dll' does not exist
LogInit: Display: Running engine for game: Multiplayer
LogPlatformFile: Not using cached read wrapper
LogInit: Display: RandInit(-373071011) SRandInit(-373071011).
LogInit: Read version file with build ID '3944462'
LogInit: Overriding engine version to CL 4033788, compatible CL 3944462
LogInit: Registered custom module enumerator with build ID '3944462'
LogTaskGraph: Started task graph with 5 named threads and 23 total threads with 3 sets of task threads.
LogStats: Stats thread started at 0.289446
LogD3D11RHI: Aftermath initialized
LogICUInternationalization: Display: ICU TimeZone Detection - Raw Offset: -5:00, Platform Override: ''
LogModuleManager: Display: Found up-to-date module file ../../../Engine/Plugins/AdvancedSessions/AdvancedSessions/Binaries/Win64/UE4Editor-AdvancedSessions.dll (API version 3944462).
LogModuleManager: Display: Found up-to-date module file ../../../Engine/Plugins/Online/OnlineSubsystem/Binaries/Win64/UE4Editor-OnlineSubsystem.dll (API version 3944462).
LogModuleManager: Display: Found up-to-date module file ../../../Engine/Plugins/Online/OnlineSubsystemUtils/Binaries/Win64/UE4Editor-OnlineSubsystemUtils.dll (API version 3944462).
LogModuleManager: Display: Found up-to-date module file ../../../Engine/Plugins/Online/OnlineSubsystemUtils/Binaries/Win64/UE4Editor-OnlineBlueprintSupport.dll (API version 3944462).
LogModuleManager: Display: Found up-to-date module file ../../../Engine/Plugins/2D/Paper2D/Binaries/Win64/UE4Editor-Paper2D.dll (API version 3944462).
LogModuleManager: Display: Found up-to-date module file ../../../Engine/Plugins/2D/Paper2D/Binaries/Win64/UE4Editor-Paper2DEditor.dll (API version 3944462).
LogModuleManager: Display: Found up-to-date module file ../../../Engine/Plugins/2D/Paper2D/Binaries/Win64/UE4Editor-PaperSpriteSheetImporter.dll (API version 3944462).
LogModuleManager: Display: Found up-to-date module file ../../../Engine/Plugins/2D/Paper2D/Binaries/Win64/UE4Editor-PaperTiledImporter.dll (API version 3944462).
LogModuleManager: Display: Found up-to-date module file ../../../Engine/Plugins/2D/Paper2D/Binaries/Win64/UE4Editor-SmartSnapping.dll (API version 3944462).
LogModuleManager: Display: Found up-to-date module file ../../../Engine/Plugins/Blendables/LightPropagationVolume/Binaries/Win64/UE4Editor-LightPropagationVolumeRuntime.dll (API version 3944462).
LogModuleManager: Display: Found up-to-date module file ../../../Engine/Plugins/Blendables/LightPropagationVolume/Binaries/Win64/UE4Editor-LightPropagationVolumeEditor.dll (API version 3944462).
LogModuleManager: Display: Found up-to-date module file ../../../Engine/Plugins/Developer/CLionSourceCodeAccess/Binaries/Win64/UE4Editor-CLionSourceCodeAccess.dll (API version 3944462).
LogModuleManager: Display: Found up-to-date module file ../../../Engine/Plugins/Developer/GitSourceControl/Binaries/Win64/UE4Editor-GitSourceControl.dll (API version 3944462).
LogModuleManager: Display: Found up-to-date module file ../../../Engine/Plugins/Developer/PerforceSourceControl/Binaries/Win64/UE4Editor-PerforceSourceControl.dll (API version 3944462).
LogModuleManager: Display: Found up-to-date module file ../../../Engine/Plugins/Developer/SubversionSourceControl/Binaries/Win64/UE4Editor-SubversionSourceControl.dll (API version 3944462).
LogModuleManager: Display: Found up-to-date module file ../../../Engine/Plugins/Developer/UObjectPlugin/Binaries/Win64/UE4Editor-UObjectPlugin.dll (API version 3944462).
LogModuleManager: Display: Found up-to-date module file ../../../Engine/Plugins/Developer/VisualStudioCodeSourceCodeAccess/Binaries/Win64/UE4Editor-VisualStudioCodeSourceCodeAccess.dll (API version 3944462).
LogModuleManager: Display: Found up-to-date module file ../../../Engine/Plugins/Developer/VisualStudioSourceCodeAccess/Binaries/Win64/UE4Editor-VisualStudioSourceCodeAccess.dll (API version 3944462).
LogModuleManager: Display: Found up-to-date module file ../../../Engine/Plugins/Editor/AssetManagerEditor/Binaries/Win64/UE4Editor-AssetManagerEditor.dll (API version 3944462).
LogModuleManager: Display: Found up-to-date module file ../../../Engine/Plugins/Editor/CryptoKeys/Binaries/Win64/UE4Editor-CryptoKeys.dll (API version 3944462).
LogModuleManager: Display: Found up-to-date module file ../../../Engine/Plugins/Editor/CryptoKeys/Binaries/Win64/UE4Editor-CryptoKeysOpenSSL.dll (API version 3944462).
LogModuleManager: Display: Found up-to-date module file ../../../Engine/Plugins/Editor/DataValidation/Binaries/Win64/UE4Editor-DataValidation.dll (API version 3944462).
LogModuleManager: Display: Found up-to-date module file ../../../Engine/Plugins/Editor/FacialAnimation/Binaries/Win64/UE4Editor-FacialAnimation.dll (API version 3944462).
LogModuleManager: Display: Found up-to-date module file ../../../Engine/Plugins/Editor/FacialAnimation/Binaries/Win64/UE4Editor-FacialAnimationEditor.dll (API version 3944462).
LogModuleManager: Display: Found up-to-date module file ../../../Engine/Plugins/Editor/GameplayTagsEditor/Binaries/Win64/UE4Editor-GameplayTagsEditor.dll (API version 3944462).
LogModuleManager: Display: Found up-to-date module file ../../../Engine/Plugins/Editor/MobileLauncherProfileWizard/Binaries/Win64/UE4Editor-MobileLauncherProfileWizard.dll (API version 3944462).
LogModuleManager: Display: Found up-to-date module file ../../../Engine/Plugins/Editor/PluginBrowser/Binaries/Win64/UE4Editor-PluginBrowser.dll (API version 3944462).
LogModuleManager: Display: Found up-to-date module file ../../../Engine/Plugins/Editor/SpeedTreeImporter/Binaries/Win64/UE4Editor-SpeedTreeImporter.dll (API version 3944462).
LogModuleManager: Display: Found up-to-date module file ../../../Engine/Plugins/Enterprise/DatasmithContent/Binaries/Win64/UE4Editor-DatasmithContent.dll (API version 3944462).
LogModuleManager: Display: Found up-to-date module file ../../../Engine/Plugins/Experimental/AlembicImporter/Binaries/Win64/UE4Editor-AlembicImporter.dll (API version 3944462).
LogModuleManager: Display: Found up-to-date module file ../../../Engine/Plugins/Experimental/AlembicImporter/Binaries/Win64/UE4Editor-AlembicLibrary.dll (API version 3944462).
LogModuleManager: Display: Found up-to-date module file ../../../Engine/Plugins/Experimental/CharacterAI/Binaries/Win64/UE4Editor-CharacterAI.dll (API version 3944462).
LogModuleManager: Display: Found up-to-date module file ../../../Engine/Plugins/Experimental/HTML5Networking/Binaries/Win64/UE4Editor-HTML5Networking.dll (API version 3944462).
LogModuleManager: Display: Found up-to-date module file ../../../Engine/Plugins/Media/AndroidMedia/Binaries/Win64/UE4Editor-AndroidMediaEditor.dll (API version 3944462).
LogModuleManager: Display: Found up-to-date module file ../../../Engine/Plugins/Media/AndroidMedia/Binaries/Win64/UE4Editor-AndroidMediaFactory.dll (API version 3944462).
LogModuleManager: Display: Found up-to-date module file ../../../Engine/Plugins/Media/AvfMedia/Binaries/Win64/UE4Editor-AvfMediaEditor.dll (API version 3944462).
LogModuleManager: Display: Found up-to-date module file ../../../Engine/Plugins/Media/AvfMedia/Binaries/Win64/UE4Editor-AvfMediaFactory.dll (API version 3944462).
LogModuleManager: Display: Found up-to-date module file ../../../Engine/Plugins/Media/AvfMedia/Binaries/Win64/UE4Editor-AvfMediaFactory.dll (API version 3944462).
LogModuleManager: Display: Found up-to-date module file ../../../Engine/Plugins/Media/ImgMedia/Binaries/Win64/UE4Editor-ImgMedia.dll (API version 3944462).
LogModuleManager: Display: Found up-to-date module file ../../../Engine/Plugins/Media/ImgMedia/Binaries/Win64/UE4Editor-ImgMediaEditor.dll (API version 3944462).
LogModuleManager: Display: Found up-to-date module file ../../../Engine/Plugins/Media/ImgMedia/Binaries/Win64/UE4Editor-ImgMediaFactory.dll (API version 3944462).
LogModuleManager: Display: Found up-to-date module file ../../../Engine/Plugins/Media/ImgMedia/Binaries/Win64/UE4Editor-ImgMediaFactory.dll (API version 3944462).
LogModuleManager: Display: Found up-to-date module file ../../../Engine/Plugins/Media/ImgMedia/Binaries/Win64/UE4Editor-OpenExrWrapper.dll (API version 3944462).
LogModuleManager: Display: Found up-to-date module file ../../../Engine/Plugins/Media/LinearTimecode/Binaries/Win64/UE4Editor-LinearTimecode.dll (API version 3944462).
LogModuleManager: Display: Found up-to-date module file ../../../Engine/Plugins/Media/MediaCompositing/Binaries/Win64/UE4Editor-MediaCompositing.dll (API version 3944462).
LogModuleManager: Display: Found up-to-date module file ../../../Engine/Plugins/Media/MediaCompositing/Binaries/Win64/UE4Editor-MediaCompositingEditor.dll (API version 3944462).
LogModuleManager: Display: Found up-to-date module file ../../../Engine/Plugins/Media/MediaPlayerEditor/Binaries/Win64/UE4Editor-MediaPlayerEditor.dll (API version 3944462).
LogModuleManager: Display: Found up-to-date module file ../../../Engine/Plugins/Media/WmfMedia/Binaries/Win64/UE4Editor-WmfMedia.dll (API version 3944462).
LogModuleManager: Display: Found up-to-date module file ../../../Engine/Plugins/Media/WmfMedia/Binaries/Win64/UE4Editor-WmfMediaEditor.dll (API version 3944462).
LogModuleManager: Display: Found up-to-date module file ../../../Engine/Plugins/Media/WmfMedia/Binaries/Win64/UE4Editor-WmfMediaFactory.dll (API version 3944462).
LogModuleManager: Display: Found up-to-date module file ../../../Engine/Plugins/Media/WmfMedia/Binaries/Win64/UE4Editor-WmfMediaFactory.dll (API version 3944462).
LogModuleManager: Display: Found up-to-date module file ../../../Engine/Plugins/Messaging/TcpMessaging/Binaries/Win64/UE4Editor-TcpMessaging.dll (API version 3944462).
LogModuleManager: Display: Found up-to-date module file ../../../Engine/Plugins/Messaging/UdpMessaging/Binaries/Win64/UE4Editor-UdpMessaging.dll (API version 3944462).
LogModuleManager: Display: Found up-to-date module file ../../../Engine/Plugins/MovieScene/ActorSequence/Binaries/Win64/UE4Editor-ActorSequence.dll (API version 3944462).
LogModuleManager: Display: Found up-to-date module file ../../../Engine/Plugins/MovieScene/LevelSequenceEditor/Binaries/Win64/UE4Editor-LevelSequenceEditor.dll (API version 3944462).
LogModuleManager: Display: Found up-to-date module file ../../../Engine/Plugins/MovieScene/MatineeToLevelSequence/Binaries/Win64/UE4Editor-MatineeToLevelSequence.dll (API version 3944462).
LogModuleManager: Display: Found up-to-date module file ../../../Engine/Plugins/NetcodeUnitTest/NetcodeUnitTest/Binaries/Win64/UE4Editor-NetcodeUnitTest.dll (API version 3944462).
LogModuleManager: Display: Found up-to-date module file ../../../Engine/Plugins/NetcodeUnitTest/NUTUnrealEngine4/Binaries/Win64/UE4Editor-NUTUnrealEngine4.dll (API version 3944462).
LogModuleManager: Display: Found up-to-date module file ../../../Engine/Plugins/Runtime/AndroidPermission/Binaries/Win64/UE4Editor-AndroidPermission.dll (API version 3944462).
LogModuleManager: Display: Found up-to-date module file ../../../Engine/Plugins/Online/OnlineSubsystemNull/Binaries/Win64/UE4Editor-OnlineSubsystemNull.dll (API version 3944462).
LogModuleManager: Display: Found up-to-date module file ../../../Engine/Plugins/Runtime/AndroidDeviceProfileSelector/Binaries/Win64/UE4Editor-AndroidDeviceProfileSelector.dll (API version 3944462).
LogModuleManager: Display: Found up-to-date module file ../../../Engine/Plugins/Runtime/AppleARKit/Binaries/Win64/UE4Editor-AppleARKit.dll (API version 3944462).
LogModuleManager: Display: Found up-to-date module file ../../../Engine/Plugins/Runtime/ProceduralMeshComponent/Binaries/Win64/UE4Editor-ProceduralMeshComponent.dll (API version 3944462).
LogModuleManager: Display: Found up-to-date module file ../../../Engine/Plugins/Runtime/ProceduralMeshComponent/Binaries/Win64/UE4Editor-ProceduralMeshComponentEditor.dll (API version 3944462).
LogModuleManager: Display: Found up-to-date module file ../../../Engine/Plugins/Animation/LiveLink/Binaries/Win64/UE4Editor-LiveLink.dll (API version 3944462).
LogModuleManager: Display: Found up-to-date module file ../../../Engine/Plugins/Animation/LiveLink/Binaries/Win64/UE4Editor-LiveLinkEditor.dll (API version 3944462).
LogModuleManager: Display: Found up-to-date module file ../../../Engine/Plugins/Runtime/ArchVisCharacter/Binaries/Win64/UE4Editor-ArchVisCharacter.dll (API version 3944462).
LogModuleManager: Display: Found up-to-date module file ../../../Engine/Plugins/Runtime/AudioCapture/Binaries/Win64/UE4Editor-AudioCapture.dll (API version 3944462).
LogModuleManager: Display: Found up-to-date module file ../../../Engine/Plugins/Runtime/AudioCapture/Binaries/Win64/UE4Editor-AudioCaptureEditor.dll (API version 3944462).
LogModuleManager: Display: Found up-to-date module file ../../../Engine/Plugins/Runtime/CableComponent/Binaries/Win64/UE4Editor-CableComponent.dll (API version 3944462).
LogModuleManager: Display: Found up-to-date module file ../../../Engine/Plugins/Runtime/CustomMeshComponent/Binaries/Win64/UE4Editor-CustomMeshComponent.dll (API version 3944462).
LogModuleManager: Display: Found up-to-date module file ../../../Engine/Plugins/Runtime/ExampleDeviceProfileSelector/Binaries/Win64/UE4Editor-ExampleDeviceProfileSelector.dll (API version 3944462).
LogModuleManager: Display: Found up-to-date module file ../../../Engine/Plugins/Runtime/ImmediatePhysics/Binaries/Win64/UE4Editor-ImmediatePhysics.dll (API version 3944462).
LogModuleManager: Display: Found up-to-date module file ../../../Engine/Plugins/Runtime/ImmediatePhysics/Binaries/Win64/UE4Editor-ImmediatePhysicsEditor.dll (API version 3944462).
LogModuleManager: Display: Found up-to-date module file ../../../Engine/Plugins/Runtime/LocationServicesBPLibrary/Binaries/Win64/UE4Editor-LocationServicesBPLibrary.dll (API version 3944462).
LogModuleManager: Display: Found up-to-date module file ../../../Engine/Plugins/Runtime/MobilePatchingUtils/Binaries/Win64/UE4Editor-MobilePatchingUtils.dll (API version 3944462).
LogModuleManager: Display: Found up-to-date module file ../../../Engine/Plugins/Runtime/Oculus/OculusVR/Binaries/Win64/UE4Editor-OculusHMD.dll (API version 3944462).
LogModuleManager: Display: Found up-to-date module file ../../../Engine/Plugins/Runtime/Oculus/OculusVR/Binaries/Win64/UE4Editor-OculusInput.dll (API version 3944462).
LogModuleManager: Display: Found up-to-date module file ../../../Engine/Plugins/Runtime/Oculus/OculusVR/Binaries/Win64/UE4Editor-OculusEditor.dll (API version 3944462).
LogModuleManager: Display: Found up-to-date module file ../../../Engine/Plugins/Runtime/PhysXVehicles/Binaries/Win64/UE4Editor-PhysXVehicles.dll (API version 3944462).
LogModuleManager: Display: Found up-to-date module file ../../../Engine/Plugins/Runtime/PhysXVehicles/Binaries/Win64/UE4Editor-PhysXVehiclesEditor.dll (API version 3944462).
LogModuleManager: Display: Found up-to-date module file ../../../Engine/Plugins/Runtime/RuntimePhysXCooking/Binaries/Win64/UE4Editor-RuntimePhysXCooking.dll (API version 3944462).
LogModuleManager: Display: Found up-to-date module file ../../../Engine/Plugins/Runtime/Steam/SteamVR/Binaries/Win64/UE4Editor-SteamVR.dll (API version 3944462).
LogModuleManager: Display: Found up-to-date module file ../../../Engine/Plugins/Runtime/Steam/SteamVR/Binaries/Win64/UE4Editor-SteamVRController.dll (API version 3944462).
LogModuleManager: Display: Found up-to-date module file ../../../Engine/Plugins/Runtime/WindowsMoviePlayer/Binaries/Win64/UE4Editor-WindowsMoviePlayer.dll (API version 3944462).
LogPluginManager: Mounting plugin Paper2D
LogPluginManager: Mounting plugin AdvancedSessions
LogPluginManager: Mounting plugin LiveLink
LogPluginManager: Mounting plugin LightPropagationVolume
LogPluginManager: Mounting plugin CLionSourceCodeAccess
LogPluginManager: Mounting plugin CodeLiteSourceCodeAccess
LogPluginManager: Mounting plugin GitSourceControl
LogPluginManager: Mounting plugin KDevelopSourceCodeAccess
LogPluginManager: Mounting plugin NullSourceCodeAccess
LogPluginManager: Mounting plugin PerforceSourceControl
LogPluginManager: Mounting plugin SubversionSourceControl
LogPluginManager: Mounting plugin UObjectPlugin
LogPluginManager: Mounting plugin VisualStudioCodeSourceCodeAccess
LogPluginManager: Mounting plugin VisualStudioSourceCodeAccess
LogPluginManager: Mounting plugin XCodeSourceCodeAccess
LogPluginManager: Mounting plugin AssetManagerEditor
LogPluginManager: Mounting plugin CryptoKeys
LogPluginManager: Mounting plugin DataValidation
LogPluginManager: Mounting plugin FacialAnimation
LogPluginManager: Mounting plugin GameplayTagsEditor
LogPluginManager: Mounting plugin MobileLauncherProfileWizard
LogPluginManager: Mounting plugin PluginBrowser
LogPluginManager: Mounting plugin SpeedTreeImporter
LogPluginManager: Mounting plugin DatasmithContent
LogPluginManager: Mounting plugin AlembicImporter
LogPluginManager: Mounting plugin CharacterAI
LogPluginManager: Mounting plugin HTML5Networking
LogPluginManager: Mounting plugin AndroidMedia
LogPluginManager: Mounting plugin AvfMedia
LogPluginManager: Mounting plugin ImgMedia
LogPluginManager: Mounting plugin LinearTimecode
LogPluginManager: Mounting plugin MediaCompositing
LogPluginManager: Mounting plugin MediaPlayerEditor
LogPluginManager: Mounting plugin WmfMedia
LogPluginManager: Mounting plugin TcpMessaging
LogPluginManager: Mounting plugin UdpMessaging
LogPluginManager: Mounting plugin ActorSequence
LogPluginManager: Mounting plugin LevelSequenceEditor
LogPluginManager: Mounting plugin MatineeToLevelSequence
LogPluginManager: Mounting plugin NetcodeUnitTest
LogPluginManager: Mounting plugin NUTUnrealEngine4
LogPluginManager: Mounting plugin OnlineSubsystemGooglePlay
LogPluginManager: Mounting plugin OnlineSubsystemIOS
LogPluginManager: Mounting plugin OnlineSubsystem
LogPluginManager: Mounting plugin OnlineSubsystemNull
LogPluginManager: Mounting plugin OnlineSubsystemUtils
LogPluginManager: Mounting plugin AndroidDeviceProfileSelector
LogPluginManager: Mounting plugin AndroidMoviePlayer
LogPluginManager: Mounting plugin AndroidPermission
LogPluginManager: Mounting plugin AppleARKit
LogPluginManager: Mounting plugin AppleMoviePlayer
LogPluginManager: Mounting plugin ArchVisCharacter
LogPluginManager: Mounting plugin AudioCapture
LogPluginManager: Mounting plugin CableComponent
LogPluginManager: Mounting plugin CustomMeshComponent
LogPluginManager: Mounting plugin ExampleDeviceProfileSelector
LogPluginManager: Mounting plugin GoogleCloudMessaging
LogPluginManager: Mounting plugin ImmediatePhysics
LogPluginManager: Mounting plugin IOSDeviceProfileSelector
LogPluginManager: Mounting plugin LinuxDeviceProfileSelector
LogPluginManager: Mounting plugin LocationServicesBPLibrary
LogPluginManager: Mounting plugin MobilePatchingUtils
LogPluginManager: Mounting plugin OculusVR
LogPluginManager: Plugin shader directory ../../../Engine/Plugins/Runtime/Oculus/OculusVR/Shaders found
LogPluginManager: Mapping shader source directory ../../../Engine/Plugins/Runtime/Oculus/OculusVR/Shaders to virtual directory /Plugin/OculusVR
LogPluginManager: Mounting plugin PhysXVehicles
LogPluginManager: Mounting plugin ProceduralMeshComponent
LogPluginManager: Mounting plugin RuntimePhysXCooking
LogPluginManager: Mounting plugin SteamVR
LogPluginManager: Mounting plugin WindowsMoviePlayer
LogStreaming: Display: Took  0.942s to configure plugins.
LogInit: Using libcurl 7.47.1
LogInit:  - built for x86_64-pc-win32
LogInit:  - supports SSL with OpenSSL/1.0.2g
LogInit:  - supports HTTP deflate (compression) using libz 1.2.8
LogInit:  - other features:
LogInit:      CURL_VERSION_SSL
LogInit:      CURL_VERSION_LIBZ
LogInit:      CURL_VERSION_IPV6
LogInit:      CURL_VERSION_ASYNCHDNS
LogInit:      CURL_VERSION_LARGEFILE
LogInit:      CURL_VERSION_IDN
LogInit:  CurlRequestOptions (configurable via config and command line):
LogInit:  - bVerifyPeer = false  - Libcurl will NOT verify peer certificate
LogInit:  - bUseHttpProxy = false  - Libcurl will NOT use HTTP proxy
LogInit:  - bDontReuseConnections = false  - Libcurl will reuse connections
LogInit:  - CertBundlePath = nullptr  - Libcurl will use whatever was configured at build time.
LogInit:  - MaxHostConnections = 16  - Libcurl will limit the number of connections to a host
LogInit:  - LocalHostAddr = Default
LogInit: WinSock: version 1.1 (2.2), MaxSocks=32767, MaxUdp=65467
LogInit: WinSock: I am DESKTOP-RR5JK1L (192.168.2.109:0)
LogInit: Build: ++UE4+Release-4.19-CL-4033788
LogInit: Engine Version: 4.19.2-4033788+++UE4+Release-4.19
LogInit: Compatible Engine Version: 4.19.0-3944462+++UE4+Release-4.19
LogInit: Net CL: 3944462
LogDevObjectVersion: Number of dev versions registered: 18
LogDevObjectVersion:   Dev-Blueprints (B0D832E4-1F89-4F0D-ACCF-7EB736FD4AA2): 10
LogDevObjectVersion:   Dev-Build (E1C64328-A22C-4D53-A36C-8E866417BD8C): 0
LogDevObjectVersion:   Dev-Core (375EC13C-06E4-48FB-B500-84F0262A717E): 2
LogDevObjectVersion:   Dev-Editor (E4B068ED-F494-42E9-A231-DA0B2E46BB41): 23
LogDevObjectVersion:   Dev-Framework (CFFC743F-43B0-4480-9391-14DF171D2073): 33
LogDevObjectVersion:   Dev-Mobile (B02B49B5-BB20-44E9-A304-32B752E40360): 2
LogDevObjectVersion:   Dev-Networking (A4E4105C-59A1-49B5-A7C5-40C4547EDFEE): 0
LogDevObjectVersion:   Dev-Online (39C831C9-5AE6-47DC-9A44-9C173E1C8E7C): 0
LogDevObjectVersion:   Dev-Physics (78F01B33-EBEA-4F98-B9B4-84EACCB95AA2): 0
LogDevObjectVersion:   Dev-Platform (6631380F-2D4D-43E0-8009-CF276956A95A): 0
LogDevObjectVersion:   Dev-Rendering (12F88B9F-8875-4AFC-A67C-D90C383ABD29): 25
LogDevObjectVersion:   Dev-Sequencer (7B5AE74C-D270-4C10-A958-57980B212A5A): 6
LogDevObjectVersion:   Dev-VR (D7296918-1DD6-4BDD-9DE2-64A83CC13884): 1
LogDevObjectVersion:   Dev-LoadTimes (C2A15278-BFE7-4AFE-6C17-90FF531DF755): 1
LogDevObjectVersion:   Private-Geometry (6EACA3D4-40EC-4CC1-B786-8BED09428FC5): 2
LogDevObjectVersion:   Dev-AnimPhys (29E575DD-E0A3-4627-9D10-D276232CDCEA): 16
LogDevObjectVersion:   Dev-ReflectionCapture (6B266CEC-1EC7-4B8F-A30B-E4D90942FC07): 1
LogDevObjectVersion:   Dev-Automation (0DF73D61-A23F-47EA-B727-89E90C41499A): 1
LogInit: Compiled (64-bit): Apr 27 2018 02:06:57
LogInit: Compiled with Visual C++: 19.00.24215.01
LogInit: Build Configuration: Development
LogInit: Branch Name: ++UE4+Release-4.19
LogInit: Command Line:  /Game/Maps/Arena01 -game -PIEVIACONSOLE -ResX=1280 -ResY=720  -Multiprocess -messaging -SessionName="Play in Standalone Game" -windowed 
LogInit: Base Directory: D:/Program Files/Epic Games/UE_4.19/Engine/Binaries/Win64/
LogInit: Installed Engine Build: 1
LogStreaming: Display: Took  0.000s to delete old logs.
LogInit: Presizing for max 8388607 objects, including 0 objects not considered by GC, pre-allocating 0 bytes for permanent pool.
LogInit: Object subsystem initialized
[2018.06.04-10.42.05:479][  0]LogInit: Selected Device Profile: [Windows]
[2018.06.04-10.42.05:479][  0]LogInit: Applying CVar settings loaded from the selected device profile: [Windows]
[2018.06.04-10.42.05:483][  0]LogInit: Computer: DESKTOP-RR5JK1L
[2018.06.04-10.42.05:483][  0]LogInit: User: Jr
[2018.06.04-10.42.05:483][  0]LogInit: CPU Page size=4096, Cores=4
[2018.06.04-10.42.05:483][  0]LogInit: High frequency timer resolution =2.531250 MHz
[2018.06.04-10.42.05:484][  0]LogMemory: Memory total: Physical=15.9GB (16GB approx)
[2018.06.04-10.42.05:484][  0]LogMemory: Platform Memory Stats for Windows
[2018.06.04-10.42.05:484][  0]LogMemory: Process Physical Memory: 274.43 MB used, 274.43 MB peak
[2018.06.04-10.42.05:484][  0]LogMemory: Process Virtual Memory: 264.82 MB used, 264.82 MB peak
[2018.06.04-10.42.05:484][  0]LogMemory: Physical Memory: 10138.36 MB used,  6116.96 MB free, 16255.32 MB total
[2018.06.04-10.42.05:484][  0]LogMemory: Virtual Memory: 698.15 MB used,  6116.96 MB free, 134217728.00 MB total
[2018.06.04-10.42.06:181][  0]LogInit: Using OS detected language (en-US).
[2018.06.04-10.42.06:181][  0]LogInit: Using OS detected locale (en-CA).
[2018.06.04-10.42.06:181][  0]LogTextLocalizationManager: No localization for 'en-US' exists, so 'en' will be used for the language.
[2018.06.04-10.42.06:181][  0]LogTextLocalizationManager: No localization for 'en-CA' exists, so 'en' will be used for the locale.
[2018.06.04-10.42.06:774][  0]LogStreaming: Display: Took  0.594s to EndInitTextLocalization.
[2018.06.04-10.42.06:806][  0]LogSlate: New Slate User Created.  User Index 0, Is Virtual User: 0
[2018.06.04-10.42.06:807][  0]LogSlate: Slate User Registered.  User Index 0, Is Virtual User: 0
[2018.06.04-10.42.06:843][  0]LogD3D11RHI: D3D11 adapters:
[2018.06.04-10.42.06:961][  0]LogD3D11RHI:    0. 'NVIDIA GeForce GTX 1070' (Feature Level 11_0)
[2018.06.04-10.42.06:961][  0]LogD3D11RHI:       8082/0/8127 MB DedicatedVideo/DedicatedSystem/SharedSystem, Outputs:1, VendorId:0x10de
[2018.06.04-10.42.06:971][  0]LogD3D11RHI:    1. 'Intel(R) HD Graphics 530' (Feature Level 11_0)
[2018.06.04-10.42.06:971][  0]LogD3D11RHI:       128/0/8127 MB DedicatedVideo/DedicatedSystem/SharedSystem, Outputs:0, VendorId:0x8086
[2018.06.04-10.42.06:974][  0]LogD3D11RHI:    2. 'Microsoft Basic Render Driver' (Feature Level 11_0)
[2018.06.04-10.42.06:974][  0]LogD3D11RHI:       0/0/8127 MB DedicatedVideo/DedicatedSystem/SharedSystem, Outputs:0, VendorId:0x1414
[2018.06.04-10.42.06:974][  0]LogD3D11RHI: Chosen D3D11 Adapter: 0
[2018.06.04-10.42.06:990][  0]LogD3D11RHI: Creating new Direct3DDevice
[2018.06.04-10.42.06:991][  0]LogD3D11RHI:     GPU DeviceId: 0x1ba1 (for the marketing name, search the web for "GPU Device Id")
[2018.06.04-10.42.06:991][  0]LogWindows: EnumDisplayDevices:
[2018.06.04-10.42.06:991][  0]LogWindows:    0. 'Intel(R) HD Graphics 530' (P:1 D:1)
[2018.06.04-10.42.06:991][  0]LogWindows:    1. 'Intel(R) HD Graphics 530' (P:0 D:0)
[2018.06.04-10.42.06:991][  0]LogWindows:    2. 'Intel(R) HD Graphics 530' (P:0 D:0)
[2018.06.04-10.42.06:991][  0]LogWindows:    3. 'NVIDIA GeForce GTX 1070' (P:0 D:0)
[2018.06.04-10.42.06:991][  0]LogWindows:    4. 'NVIDIA GeForce GTX 1070' (P:0 D:0)
[2018.06.04-10.42.06:992][  0]LogWindows:    5. 'NVIDIA GeForce GTX 1070' (P:0 D:0)
[2018.06.04-10.42.06:992][  0]LogWindows:    6. 'NVIDIA GeForce GTX 1070' (P:0 D:0)
[2018.06.04-10.42.06:992][  0]LogWindows: DebugString: GetVideoDriverDetailsInvalid PrimaryIsNotTheChoosenAdapter GetVideoDriverDetailsInvalid PrimaryIsNotTheChoosenAdapter GetVideoDriverDetailsInvalid PrimaryIsNotTheChoosenAdapter GetVideoDriverDetailsInvalid PrimaryIsNotTheChoosenAdapter GetVideoDriverDetailsInvalid PrimaryIsNotTheChoosenAdapter GetVideoDriverDetailsInvalid PrimaryIsNotTheChoosenAdapter GetVideoDriverDetailsInvalid PrimaryIsNotTheChoosenAdapter FoundDriverCount:0 
[2018.06.04-10.42.06:992][  0]LogD3D11RHI:     Adapter Name: NVIDIA GeForce GTX 1070
[2018.06.04-10.42.06:992][  0]LogD3D11RHI:   Driver Version: Unknown (internal:Unknown, unified:Unknown)
[2018.06.04-10.42.06:992][  0]LogD3D11RHI:      Driver Date: Unknown
[2018.06.04-10.42.06:992][  0]LogRHI: Texture pool is 5657 MB (70% of 8082 MB)
[2018.06.04-10.42.07:047][  0]LogD3D11RHI: [Aftermath] Aftermath enabled and primed
[2018.06.04-10.42.07:047][  0]LogD3D11RHI: [Aftermath] Aftermath enabled and primed
[2018.06.04-10.42.07:047][  0]LogD3D11RHI: Async texture creation enabled
[2018.06.04-10.42.07:137][  0]LogD3D11RHI: GPU Timing Frequency: 1000.000000 (Debug: 2 2)
[2018.06.04-10.42.07:138][  0]LogShaderCompilers: Guid format shader working directory is -10 characters bigger than the processId version (../../../../../../Users/Jr/Documents/GitHub/UberBall/Intermediate/Shaders/WorkingDirectory/24384/).
[2018.06.04-10.42.07:139][  0]LogShaderCompilers: Cleaned the shader compiler working directory 'C:/Users/Jr/AppData/Local/Temp/UnrealShaderWorkingDir/1DCF5DD34FEE2A254FD0FCAF9DF9A4D6/'.
[2018.06.04-10.42.07:413][  0]LogTemp: Display: Loaded TP WindowsClientTargetPlatform
[2018.06.04-10.42.07:428][  0]LogTemp: Display: Loaded TP WindowsNoEditorTargetPlatform
[2018.06.04-10.42.07:444][  0]LogTemp: Display: Loaded TP WindowsServerTargetPlatform
[2018.06.04-10.42.07:459][  0]LogTemp: Display: Loaded TP WindowsTargetPlatform
[2018.06.04-10.42.07:459][  0]LogTargetPlatformManager: Display: Building Assets For Windows
[2018.06.04-10.42.07:560][  0]LogXGEController: Cannot use XGE Controller as Incredibuild is not installed on this machine.
[2018.06.04-10.42.07:560][  0]LogShaderCompilers: Cannot use XGE Shader Compiler as Incredibuild is not installed on this machine.
[2018.06.04-10.42.07:560][  0]LogShaderCompilers: Display: Using Local Shader Compiler.
[2018.06.04-10.42.08:327][  0]LogDerivedDataCache: Display: Max Cache Size: 512 MB
[2018.06.04-10.42.08:418][  0]LogDerivedDataCache: Loaded boot cache 0.09s 74MB C:/Users/Jr/AppData/Local/UnrealEngine/4.19/DerivedDataCache/Boot.ddc.
[2018.06.04-10.42.08:418][  0]LogDerivedDataCache: Display: Loaded Boot cache: C:/Users/Jr/AppData/Local/UnrealEngine/4.19/DerivedDataCache/Boot.ddc
[2018.06.04-10.42.08:418][  0]LogDerivedDataCache: FDerivedDataBackendGraph:  Pak pak cache file ../../../../../../Users/Jr/Documents/GitHub/UberBall/DerivedDataCache/DDC.ddp not found, will not use a pak cache.
[2018.06.04-10.42.08:418][  0]LogDerivedDataCache: Unable to find inner node Pak for hierarchical cache Hierarchy.
[2018.06.04-10.42.08:418][  0]LogDerivedDataCache: FDerivedDataBackendGraph:  CompressedPak pak cache file ../../../../../../Users/Jr/Documents/GitHub/UberBall/DerivedDataCache/Compressed.ddp not found, will not use a pak cache.
[2018.06.04-10.42.08:418][  0]LogDerivedDataCache: Unable to find inner node CompressedPak for hierarchical cache Hierarchy.
[2018.06.04-10.42.08:436][  0]LogDerivedDataCache: Display: Pak cache opened for reading ../../../Engine/DerivedDataCache/Compressed.ddp.
[2018.06.04-10.42.08:448][  0]LogDerivedDataCache: Using Local data cache path C:/Users/Jr/AppData/Local/UnrealEngine/Common/DerivedDataCache: Writable
[2018.06.04-10.42.08:448][  0]LogDerivedDataCache: Shared data cache path not found in *engine.ini, will not use an Shared cache.
[2018.06.04-10.42.08:448][  0]LogDerivedDataCache: Unable to find inner node Shared for hierarchical cache Hierarchy.
[2018.06.04-10.42.08:466][  0]LogMaterial: Verifying Global Shaders for PCD3D_SM5
[2018.06.04-10.42.08:466][  0]LogSlate: Using Freetype 2.6.0
[2018.06.04-10.42.08:467][  0]LogSlate: SlateFontCache - WITH_FREETYPE: 1, WITH_HARFBUZZ: 1
[2018.06.04-10.42.08:467][  0]LogSlate: SlateFontCache - WITH_FREETYPE: 1, WITH_HARFBUZZ: 1
[2018.06.04-10.42.08:576][  0]LogAssetRegistry: FAssetRegistry took 0.0056 seconds to start up
[2018.06.04-10.42.08:806][  0]LogPackageLocalizationCache: Processed 9 localized package path(s) for 1 prioritized culture(s) in 0.011383 seconds
[2018.06.04-10.42.08:913][  0]LogInit: Selected Device Profile: [Windows]
[2018.06.04-10.42.09:063][  0]LogSimplygon: Simplygon DLL not present - disabling.
[2018.06.04-10.42.09:065][  0]LogMeshReduction: Using SimplygonSwarm for distributed automatic mesh merging
[2018.06.04-10.42.09:065][  0]LogMeshReduction: Using QuadricMeshReduction for automatic static mesh reduction
[2018.06.04-10.42.09:065][  0]LogMeshReduction: No automatic skeletal mesh reduction module available
[2018.06.04-10.42.09:065][  0]LogMeshReduction: No automatic mesh merging module available
[2018.06.04-10.42.09:065][  0]LogMeshMerging: No automatic mesh merging module available
[2018.06.04-10.42.09:098][  0]LogNetVersion: Multiplayer , NetCL: 3944462, EngineNetVer: 2, GameNetVer: 0 (Checksum: 567265365)
[2018.06.04-10.42.09:990][  0]LogMoviePlayer: Initializing movie player
[2018.06.04-10.42.10:057][  0]LogWindowsTextInputMethodSystem: Display: IME system now deactivated.
[2018.06.04-10.42.10:304][  0]LogTcpMessaging: Initializing TcpMessaging bridge
[2018.06.04-10.42.10:330][  0]LogUdpMessaging: Initializing bridge on interface 0.0.0.0:0 to multicast group 230.0.0.1:6666.
[2018.06.04-10.42.10:556][  0]SourceControl: Source control is disabled
[2018.06.04-10.42.10:556][  0]SourceControl: Source control is disabled
[2018.06.04-10.42.10:572][  0]SourceControl: Source control is disabled
[2018.06.04-10.42.10:882][  0]LogAndroidPermission: UAndroidPermissionCallbackProxy::GetInstance
[2018.06.04-10.42.11:029][  0]LogOcInput: OculusInput pre-init called
[2018.06.04-10.42.11:067][  0]LogUObjectArray: 40677 objects as part of root set at end of initial load.
[2018.06.04-10.42.11:067][  0]LogUObjectAllocator: 8459640 out of 0 bytes used by permanent object pool.
[2018.06.04-10.42.11:067][  0]LogUObjectArray: CloseDisregardForGC: 0/0 objects in disregard for GC pool
[2018.06.04-10.42.11:128][  0]LogEngine: Initializing Engine...
[2018.06.04-10.42.11:131][  0]LogHMD: Failed to initialize OpenVR with code 110
[2018.06.04-10.42.11:144][  0]LogStats: UGameplayTagsManager::ConstructGameplayTagTree: Construct from data asset -  0.000 s
[2018.06.04-10.42.11:144][  0]LogStats: UGameplayTagsManager::ConstructGameplayTagTree: GameplayTagTreeChangedEvent.Broadcast -  0.000 s
[2018.06.04-10.42.11:360][  0]LogInit: XAudio2 using 'Speakers / Headphones (Realtek Audio)' : 6 channels at 48 kHz using 32 bits per sample (channel mask 0x3f)
[2018.06.04-10.42.11:439][  0]LogInit: FAudioDevice initialized.
[2018.06.04-10.42.11:476][  0]LogInit: Texture streaming: Enabled
[2018.06.04-10.42.11:615][  0]LogUObjectGlobals: Created PersistentFrame Addr=0x000001bee7629f80, Size=624, Default__GameInfoInstance_C Function /Game/BluePrints/AllLevels/GameInfoInstance.GameInfoInstance_C:ExecuteUbergraph_GameInfoInstance
[2018.06.04-10.42.11:619][  0]LogUObjectGlobals: Created PersistentFrame Addr=0x000001bee3be0180, Size=40, Default__ErrorDialog_C Function /Game/UI/MainMenu/ErrorDialog.ErrorDialog_C:ExecuteUbergraph_ErrorDialog
[2018.06.04-10.42.11:629][  0]LogUObjectGlobals: Created PersistentFrame Addr=0x000001bee75f33d0, Size=80, Default__HostMenu_C Function /Game/UI/MainMenu/HostMenu.HostMenu_C:ExecuteUbergraph_HostMenu
[2018.06.04-10.42.11:634][  0]LogUObjectGlobals: Created PersistentFrame Addr=0x000001bee75e7ee8, Size=40, Default__MainMenu_C Function /Game/UI/MainMenu/MainMenu.MainMenu_C:ExecuteUbergraph_MainMenu
[2018.06.04-10.42.11:647][  0]LogUObjectGlobals: Created PersistentFrame Addr=0x000001bee75f5c20, Size=104, Default__OptionsMenu_C Function /Game/UI/MainMenu/OptionsMenu.OptionsMenu_C:ExecuteUbergraph_OptionsMenu
[2018.06.04-10.42.11:648][  0]LogLinker: Can't find file '/Game/Blueprints/Characters/0_Base'
[2018.06.04-10.42.11:648][  0]LogLinker: Can't find file '/Game/Blueprints/Characters/0_Base'
[2018.06.04-10.42.11:678][  0]LogUObjectGlobals: Created PersistentFrame Addr=0x000001bee75d9a80, Size=592, Default__ServerMenu_C Function /Game/UI/MainMenu/ServerMenu.ServerMenu_C:ExecuteUbergraph_ServerMenu
[2018.06.04-10.42.11:724][  0]LogUObjectGlobals: Destroyed PersistentFrame Addr=0x000001bee7629f80, Size=624
[2018.06.04-10.42.11:724][  0]LogUObjectGlobals: Created PersistentFrame Addr=0x000001bed6b3df80, Size=624, Default__GameInfoInstance_C Function /Engine/Transient.REINST_GameInfoInstance_C_2:ExecuteUbergraph_GameInfoInstance
[2018.06.04-10.42.11:724][  0]LogUObjectGlobals: Destroyed PersistentFrame Addr=0x000001bee3be0180, Size=40
[2018.06.04-10.42.11:724][  0]LogUObjectGlobals: Created PersistentFrame Addr=0x000001bee75e5238, Size=40, Default__ErrorDialog_C Function /Engine/Transient.REINST_ErrorDialog_C_0:ExecuteUbergraph_ErrorDialog
[2018.06.04-10.42.11:725][  0]LogUObjectGlobals: Destroyed PersistentFrame Addr=0x000001bee75f33d0, Size=80
[2018.06.04-10.42.11:725][  0]LogUObjectGlobals: Created PersistentFrame Addr=0x000001bed6ad6b60, Size=80, Default__HostMenu_C Function /Engine/Transient.REINST_HostMenu_C_1:ExecuteUbergraph_HostMenu
[2018.06.04-10.42.11:725][  0]LogUObjectGlobals: Destroyed PersistentFrame Addr=0x000001bee75e7ee8, Size=40
[2018.06.04-10.42.11:725][  0]LogUObjectGlobals: Created PersistentFrame Addr=0x000001bee75e7ee8, Size=40, Default__MainMenu_C Function /Engine/Transient.REINST_MainMenu_C_3:ExecuteUbergraph_MainMenu
[2018.06.04-10.42.11:726][  0]LogUObjectGlobals: Destroyed PersistentFrame Addr=0x000001bee75f5c20, Size=104
[2018.06.04-10.42.11:726][  0]LogUObjectGlobals: Created PersistentFrame Addr=0x000001bed6a7ae10, Size=104, Default__OptionsMenu_C Function /Engine/Transient.REINST_OptionsMenu_C_4:ExecuteUbergraph_OptionsMenu
[2018.06.04-10.42.11:726][  0]LogUObjectGlobals: Destroyed PersistentFrame Addr=0x000001bee75d9a80, Size=592
[2018.06.04-10.42.11:726][  0]LogUObjectGlobals: Created PersistentFrame Addr=0x000001bed6b3da80, Size=592, Default__ServerMenu_C Function /Engine/Transient.REINST_ServerMenu_C_5:ExecuteUbergraph_ServerMenu
[2018.06.04-10.42.11:761][  0]LogUObjectGlobals: Created PersistentFrame Addr=0x000001bed7783380, Size=624, Default__GameInfoInstance_C Function /Game/BluePrints/AllLevels/GameInfoInstance.GameInfoInstance_C:ExecuteUbergraph_GameInfoInstance
[2018.06.04-10.42.11:762][  0]LogUObjectGlobals: Created PersistentFrame Addr=0x000001bee75e5968, Size=40, Default__ErrorDialog_C Function /Game/UI/MainMenu/ErrorDialog.ErrorDialog_C:ExecuteUbergraph_ErrorDialog
[2018.06.04-10.42.11:764][  0]LogUObjectGlobals: Created PersistentFrame Addr=0x000001bed77530b0, Size=80, Default__HostMenu_C Function /Game/UI/MainMenu/HostMenu.HostMenu_C:ExecuteUbergraph_HostMenu
[2018.06.04-10.42.11:765][  0]LogUObjectGlobals: Created PersistentFrame Addr=0x000001bee75e62c8, Size=40, Default__MainMenu_C Function /Game/UI/MainMenu/MainMenu.MainMenu_C:ExecuteUbergraph_MainMenu
[2018.06.04-10.42.11:768][  0]LogUObjectGlobals: Created PersistentFrame Addr=0x000001bed76f5830, Size=104, Default__OptionsMenu_C Function /Game/UI/MainMenu/OptionsMenu.OptionsMenu_C:ExecuteUbergraph_OptionsMenu
[2018.06.04-10.42.11:770][  0]LogUObjectGlobals: Created PersistentFrame Addr=0x000001bed7781080, Size=592, Default__ServerMenu_C Function /Game/UI/MainMenu/ServerMenu.ServerMenu_C:ExecuteUbergraph_ServerMenu
[2018.06.04-10.42.11:800][  0]LogInit: Display: Game Engine Initialized.
[2018.06.04-10.42.11:800][  0]LogGameplayTags: Display: UGameplayTagsManager::DoneAddingNativeTags. DelegateIsBound: 0
[2018.06.04-10.42.11:800][  0]LogStats: UGameplayTagsManager::ConstructGameplayTagTree: Construct from data asset -  0.000 s
[2018.06.04-10.42.11:800][  0]LogStats: UGameplayTagsManager::ConstructGameplayTagTree: GameplayTagTreeChangedEvent.Broadcast -  0.000 s
[2018.06.04-10.42.11:892][  0]LogInit: Display: Starting Game.
[2018.06.04-10.42.11:892][  0]LogNet: Browse: /Game/Maps/Arena01?Name=Player
[2018.06.04-10.42.11:892][  0]LogLoad: LoadMap: /Game/Maps/Arena01?Name=Player
[2018.06.04-10.42.11:908][  0]LogUObjectGlobals: Destroyed PersistentFrame Addr=0x000001bed6b3df80, Size=624
[2018.06.04-10.42.11:908][  0]LogUObjectGlobals: Destroyed PersistentFrame Addr=0x000001bee75e5238, Size=40
[2018.06.04-10.42.11:908][  0]LogUObjectGlobals: Destroyed PersistentFrame Addr=0x000001bed6ad6b60, Size=80
[2018.06.04-10.42.11:908][  0]LogUObjectGlobals: Destroyed PersistentFrame Addr=0x000001bee75e7ee8, Size=40
[2018.06.04-10.42.11:908][  0]LogUObjectGlobals: Destroyed PersistentFrame Addr=0x000001bed6a7ae10, Size=104
[2018.06.04-10.42.11:908][  0]LogUObjectGlobals: Destroyed PersistentFrame Addr=0x000001bed6b3da80, Size=592
[2018.06.04-10.42.11:966][  0]LogUObjectGlobals: Created PersistentFrame Addr=0x000001bed6c01080, Size=272, Default__BallSpawner_C Function /Game/BluePrints/BallSpawner.BallSpawner_C:ExecuteUbergraph_BallSpawner
[2018.06.04-10.42.11:968][  0]LogUObjectGlobals: Created PersistentFrame Addr=0x000001bed73ba940, Size=408, Default__BP_GravityBall_C Function /Game/BluePrints/BP_GravityBall.BP_GravityBall_C:ExecuteUbergraph_BP_GravityBall
[2018.06.04-10.42.11:976][  0]LogUObjectGlobals: Created PersistentFrame Addr=0x000001bed7701600, Size=1952, Default__UberBall_Character_C Function /Game/ThirdPersonBP/Blueprints/UberBall_Character.UberBall_Character_C:ExecuteUbergraph_UberBall_Character
[2018.06.04-10.42.11:978][  0]LogUObjectGlobals: Created PersistentFrame Addr=0x000001bed7820de0, Size=16, Default__BasicHUD_C Function /Game/BluePrints/BasicHUD.BasicHUD_C:ExecuteUbergraph_BasicHUD
[2018.06.04-10.42.11:980][  0]LogUObjectGlobals: Created PersistentFrame Addr=0x000001bed77ab8a0, Size=32, Default__HUD_Widget_C Function /Game/BluePrints/HUD_Widget.HUD_Widget_C:ExecuteUbergraph_HUD_Widget
[2018.06.04-10.42.11:996][  0]LogUObjectGlobals: Created PersistentFrame Addr=0x000001bed7821590, Size=16, Default__Bullet_C Function /Game/BluePrints/Bullet.Bullet_C:ExecuteUbergraph_Bullet
[2018.06.04-10.42.12:005][  0]LogUObjectGlobals: Created PersistentFrame Addr=0x000001bed7747d00, Size=240, Default__UberBall_GameMode_C Function /Game/BluePrints/UberBall_GameMode.UberBall_GameMode_C:ExecuteUbergraph_UberBall_GameMode
[2018.06.04-10.42.12:018][  0]LogUObjectGlobals: Created PersistentFrame Addr=0x000001bed691e920, Size=88, Default__ShooterAnimBP_C Function /Game/BluePrints/ShooterAnimBP.ShooterAnimBP_C:ExecuteUbergraph_ShooterAnimBP
[2018.06.04-10.42.12:048][  0]LogUObjectGlobals: Created PersistentFrame Addr=0x000001bee6ec6160, Size=72, Default__FirstPerson_AnimBP_C Function /Game/FirstPerson/Animations/FirstPerson_AnimBP.FirstPerson_AnimBP_C:ExecuteUbergraph_FirstPerson_AnimBP
[2018.06.04-10.42.12:065][  0]LogUObjectGlobals: Created PersistentFrame Addr=0x000001beea3319e0, Size=160, Default__STS_C Function /Game/TargetingSystem/STS.STS_C:ExecuteUbergraph_STS
[2018.06.04-10.42.12:087][  0]LogUObjectGlobals: Created PersistentFrame Addr=0x000001beea2c9b20, Size=160, Default__ThirdpersonController_C Function /Game/BluePrints/ThirdpersonController.ThirdpersonController_C:ExecuteUbergraph_ThirdpersonController
[2018.06.04-10.42.12:089][  0]LogUObjectGlobals: Created PersistentFrame Addr=0x000001beea31f580, Size=856, Default__ThirdpersonGameInstance_C Function /Game/BluePrints/ThirdpersonGameInstance.ThirdpersonGameInstance_C:ExecuteUbergraph_ThirdpersonGameInstance
[2018.06.04-10.42.12:090][  0]LogUObjectGlobals: Created PersistentFrame Addr=0x000001beea2cd440, Size=72, Default__HUD_CreateServer_C Function /Game/Interface/HUD_CreateServer.HUD_CreateServer_C:ExecuteUbergraph_HUD_CreateServer
[2018.06.04-10.42.12:095][  0]LogUObjectGlobals: Created PersistentFrame Addr=0x000001bed76b26a0, Size=104, Default__HUD_TravelMenu_C Function /Game/Interface/HUD_TravelMenu.HUD_TravelMenu_C:ExecuteUbergraph_HUD_TravelMenu
[2018.06.04-10.42.12:100][  0]LogUObjectGlobals: Created PersistentFrame Addr=0x000001beea2b3ce0, Size=40, Default__HUD_Lobby_C Function /Game/Interface/HUD_Lobby.HUD_Lobby_C:ExecuteUbergraph_HUD_Lobby
[2018.06.04-10.42.12:102][  0]LogUObjectGlobals: Created PersistentFrame Addr=0x000001bed77ed2c0, Size=64, Default__ServerInfo_C Function /Game/Interface/ServerInfo.ServerInfo_C:ExecuteUbergraph_ServerInfo
[2018.06.04-10.42.12:118][  0]LogUObjectGlobals: Created PersistentFrame Addr=0x000001beea2a16c0, Size=264, Default__Scoreboard_C Function /Game/BluePrints/Scoreboard.Scoreboard_C:ExecuteUbergraph_Scoreboard
[2018.06.04-10.42.12:156][  0]LogUObjectGlobals: Created PersistentFrame Addr=0x000001bed76c97c0, Size=104, Default__GameplayGM_C Function /Game/BluePrints/Gameplay/GameplayGM.GameplayGM_C:ExecuteUbergraph_GameplayGM
[2018.06.04-10.42.12:156][  0]LogUObjectGlobals: Created PersistentFrame Addr=0x000001bed76d8200, Size=240, Default__GameplayGM_C Function /Game/BluePrints/UberBall_GameMode.UberBall_GameMode_C:ExecuteUbergraph_UberBall_GameMode
[2018.06.04-10.42.12:159][  0]LogUObjectGlobals: Created PersistentFrame Addr=0x000001bed8fca480, Size=304, Default__GampleyPC_C Function /Game/BluePrints/Gameplay/GampleyPC.GampleyPC_C:ExecuteUbergraph_GampleyPC
[2018.06.04-10.42.12:165][  0]LogUObjectGlobals: Created PersistentFrame Addr=0x000001bed8fc9f80, Size=320, Default__ChatWindow_C Function /Game/UI/AllLevels/ChatWindow.ChatWindow_C:ExecuteUbergraph_ChatWindow
[2018.06.04-10.42.12:171][  0]LogUObjectGlobals: Created PersistentFrame Addr=0x000001bed8ff2080, Size=880, Default__LobbyPC_C Function /Game/Blueprints/Lobby/LobbyPC.LobbyPC_C:ExecuteUbergraph_LobbyPC
[2018.06.04-10.42.12:174][  0]LogUObjectGlobals: Created PersistentFrame Addr=0x000001beead2a500, Size=752, Default__LobbyGM_C Function /Game/BluePrints/Lobby/LobbyGM.LobbyGM_C:ExecuteUbergraph_LobbyGM
[2018.06.04-10.42.12:176][  0]LogUObjectGlobals: Created PersistentFrame Addr=0x000001beeae54100, Size=1952, Default__0_Base_C Function /Game/ThirdPersonBP/Blueprints/UberBall_Character.UberBall_Character_C:ExecuteUbergraph_UberBall_Character
[2018.06.04-10.42.12:184][  0]LogUObjectGlobals: Created PersistentFrame Addr=0x000001beeaf3a080, Size=1952, Default__Barborous_C Function /Game/ThirdPersonBP/Blueprints/UberBall_Character.UberBall_Character_C:ExecuteUbergraph_UberBall_Character
[2018.06.04-10.42.12:188][  0]LogUObjectGlobals: Created PersistentFrame Addr=0x000001beeb379600, Size=1952, Default__Forge_C Function /Game/ThirdPersonBP/Blueprints/UberBall_Character.UberBall_Character_C:ExecuteUbergraph_UberBall_Character
[2018.06.04-10.42.12:192][  0]LogUObjectGlobals: Created PersistentFrame Addr=0x000001beeb363580, Size=1952, Default__Frosty_C Function /Game/ThirdPersonBP/Blueprints/UberBall_Character.UberBall_Character_C:ExecuteUbergraph_UberBall_Character
[2018.06.04-10.42.12:197][  0]LogUObjectGlobals: Created PersistentFrame Addr=0x000001beeb346b00, Size=1952, Default__Natural_C Function /Game/ThirdPersonBP/Blueprints/UberBall_Character.UberBall_Character_C:ExecuteUbergraph_UberBall_Character
[2018.06.04-10.42.12:200][  0]LogUObjectGlobals: Created PersistentFrame Addr=0x000001beeb339600, Size=1952, Default__Pit_C Function /Game/ThirdPersonBP/Blueprints/UberBall_Character.UberBall_Character_C:ExecuteUbergraph_UberBall_Character
[2018.06.04-10.42.12:203][  0]LogUObjectGlobals: Created PersistentFrame Addr=0x000001beeb330b80, Size=1952, Default__Robo_C Function /Game/ThirdPersonBP/Blueprints/UberBall_Character.UberBall_Character_C:ExecuteUbergraph_UberBall_Character
[2018.06.04-10.42.12:207][  0]LogUObjectGlobals: Created PersistentFrame Addr=0x000001beeb30c100, Size=1952, Default__Tusk_C Function /Game/ThirdPersonBP/Blueprints/UberBall_Character.UberBall_Character_C:ExecuteUbergraph_UberBall_Character
[2018.06.04-10.42.12:212][  0]LogUObjectGlobals: Created PersistentFrame Addr=0x000001beedff6b00, Size=1952, Default__Warrior_C Function /Game/ThirdPersonBP/Blueprints/UberBall_Character.UberBall_Character_C:ExecuteUbergraph_UberBall_Character
[2018.06.04-10.42.12:222][  0]LogUObjectGlobals: Created PersistentFrame Addr=0x000001beeb32d300, Size=320, Default__LobbyMenu_C Function /Game/UI/Lobby/LobbyMenu.LobbyMenu_C:ExecuteUbergraph_LobbyMenu
[2018.06.04-10.42.12:229][  0]LogUObjectGlobals: Created PersistentFrame Addr=0x000001beeb34d620, Size=80, Default__CharacterSelect_C Function /Game/UI/Lobby/CharacterSelect.CharacterSelect_C:ExecuteUbergraph_CharacterSelect
[2018.06.04-10.42.12:239][  0]LogUObjectGlobals: Created PersistentFrame Addr=0x000001beeae1c700, Size=192, Default__GameSettings_C Function /Game/UI/Lobby/GameSettings.GameSettings_C:ExecuteUbergraph_GameSettings
[2018.06.04-10.42.12:241][  0]LogUObjectGlobals: Created PersistentFrame Addr=0x000001beeac51920, Size=32, Default__PlayerButton_C Function /Game/UI/Lobby/PlayerButton.PlayerButton_C:ExecuteUbergraph_PlayerButton
[2018.06.04-10.42.12:263][  0]LogUObjectGlobals: Created PersistentFrame Addr=0x000001beea1ead18, Size=4, Default__ConnectedPlayer_C Function /Game/UI/Lobby/ConnectedPlayer.ConnectedPlayer_C:ExecuteUbergraph_ConnectedPlayer
[2018.06.04-10.42.12:289][  0]LogUObjectGlobals: Created PersistentFrame Addr=0x000001beedfb4900, Size=320, Default__Goal_C Function /Game/BluePrints/Goal.Goal_C:ExecuteUbergraph_Goal
[2018.06.04-10.42.12:384][  0]LogUObjectGlobals: Destroyed PersistentFrame Addr=0x000001bed7821590, Size=16
[2018.06.04-10.42.12:384][  0]LogUObjectGlobals: Created PersistentFrame Addr=0x000001beed88d060, Size=16, Default__Bullet_C Function /Engine/Transient.REINST_Bullet_C_16:ExecuteUbergraph_Bullet
[2018.06.04-10.42.12:385][  0]LogUObjectGlobals: Destroyed PersistentFrame Addr=0x000001bee6ec6160, Size=72
[2018.06.04-10.42.12:385][  0]LogUObjectGlobals: Created PersistentFrame Addr=0x000001beeb6a6200, Size=72, Default__FirstPerson_AnimBP_C Function /Engine/Transient.REINST_FirstPerson_AnimBP_C_0:ExecuteUbergraph_FirstPerson_AnimBP
[2018.06.04-10.42.12:385][  0]LogUObjectGlobals: Destroyed PersistentFrame Addr=0x000001beedfb4900, Size=320
[2018.06.04-10.42.12:385][  0]LogUObjectGlobals: Created PersistentFrame Addr=0x000001beeb737240, Size=320, Default__Goal_C Function /Engine/Transient.REINST_Goal_C_17:ExecuteUbergraph_Goal
[2018.06.04-10.42.12:386][  0]LogUObjectGlobals: Destroyed PersistentFrame Addr=0x000001bed691e920, Size=88
[2018.06.04-10.42.12:386][  0]LogUObjectGlobals: Created PersistentFrame Addr=0x000001beed93e200, Size=88, Default__ShooterAnimBP_C Function /Engine/Transient.REINST_ShooterAnimBP_C_1:ExecuteUbergraph_ShooterAnimBP
[2018.06.04-10.42.12:387][  0]LogUObjectGlobals: Destroyed PersistentFrame Addr=0x000001beea3319e0, Size=160
[2018.06.04-10.42.12:387][  0]LogUObjectGlobals: Created PersistentFrame Addr=0x000001beeb5b13a0, Size=160, Default__STS_C Function /Engine/Transient.REINST_STS_C_19:ExecuteUbergraph_STS
[2018.06.04-10.42.12:387][  0]LogUObjectGlobals: Destroyed PersistentFrame Addr=0x000001beea31f580, Size=856
[2018.06.04-10.42.12:387][  0]LogUObjectGlobals: Created PersistentFrame Addr=0x000001beed8f6e80, Size=856, Default__ThirdpersonGameInstance_C Function /Engine/Transient.REINST_ThirdpersonGameInstance_C_21:ExecuteUbergraph_ThirdpersonGameInstance
[2018.06.04-10.42.12:387][  0]LogUObjectGlobals: Destroyed PersistentFrame Addr=0x000001bed6c01080, Size=272
[2018.06.04-10.42.12:387][  0]LogUObjectGlobals: Created PersistentFrame Addr=0x000001beeb736fc0, Size=272, Default__BallSpawner_C Function /Engine/Transient.REINST_BallSpawner_C_22:ExecuteUbergraph_BallSpawner
[2018.06.04-10.42.12:388][  0]LogUObjectGlobals: Destroyed PersistentFrame Addr=0x000001bed7820de0, Size=16
[2018.06.04-10.42.12:388][  0]LogUObjectGlobals: Created PersistentFrame Addr=0x000001beed88d050, Size=16, Default__BasicHUD_C Function /Engine/Transient.REINST_BasicHUD_C_23:ExecuteUbergraph_BasicHUD
[2018.06.04-10.42.12:388][  0]LogUObjectGlobals: Destroyed PersistentFrame Addr=0x000001bed73ba940, Size=408
[2018.06.04-10.42.12:388][  0]LogUObjectGlobals: Created PersistentFrame Addr=0x000001beeb5aecc0, Size=408, Default__BP_GravityBall_C Function /Engine/Transient.REINST_BP_GravityBall_C_24:ExecuteUbergraph_BP_GravityBall
[2018.06.04-10.42.12:388][  0]LogUObjectGlobals: Destroyed PersistentFrame Addr=0x000001beeb34d620, Size=80
[2018.06.04-10.42.12:388][  0]LogUObjectGlobals: Created PersistentFrame Addr=0x000001beeb597060, Size=80, Default__CharacterSelect_C Function /Engine/Transient.REINST_CharacterSelect_C_6:ExecuteUbergraph_CharacterSelect
[2018.06.04-10.42.12:389][  0]LogUObjectGlobals: Destroyed PersistentFrame Addr=0x000001bed8fc9f80, Size=320
[2018.06.04-10.42.12:389][  0]LogUObjectGlobals: Created PersistentFrame Addr=0x000001beeb736e80, Size=320, Default__ChatWindow_C Function /Engine/Transient.REINST_ChatWindow_C_8:ExecuteUbergraph_ChatWindow
[2018.06.04-10.42.12:389][  0]LogUObjectGlobals: Destroyed PersistentFrame Addr=0x000001beea1ead18, Size=4
[2018.06.04-10.42.12:389][  0]LogUObjectGlobals: Created PersistentFrame Addr=0x000001beea1ead18, Size=4, Default__ConnectedPlayer_C Function /Engine/Transient.REINST_ConnectedPlayer_C_9:ExecuteUbergraph_ConnectedPlayer
[2018.06.04-10.42.12:390][  0]LogUObjectGlobals: Destroyed PersistentFrame Addr=0x000001beeae1c700, Size=192
[2018.06.04-10.42.12:390][  0]LogUObjectGlobals: Created PersistentFrame Addr=0x000001beeda34700, Size=192, Default__GameSettings_C Function /Engine/Transient.REINST_GameSettings_C_11:ExecuteUbergraph_GameSettings
[2018.06.04-10.42.12:390][  0]LogUObjectGlobals: Destroyed PersistentFrame Addr=0x000001bed8fca480, Size=304
[2018.06.04-10.42.12:390][  0]LogUObjectGlobals: Created PersistentFrame Addr=0x000001beeb736480, Size=304, Default__GampleyPC_C Function /Engine/Transient.REINST_GampleyPC_C_27:ExecuteUbergraph_GampleyPC
[2018.06.04-10.42.12:390][  0]LogUObjectGlobals: Destroyed PersistentFrame Addr=0x000001beea2cd440, Size=72
[2018.06.04-10.42.12:390][  0]LogUObjectGlobals: Created PersistentFrame Addr=0x000001beeb595f30, Size=72, Default__HUD_CreateServer_C Function /Engine/Transient.REINST_HUD_CreateServer_C_12:ExecuteUbergraph_HUD_CreateServer
[2018.06.04-10.42.12:390][  0]LogUObjectGlobals: Destroyed PersistentFrame Addr=0x000001beea2b3ce0, Size=40
[2018.06.04-10.42.12:390][  0]LogUObjectGlobals: Created PersistentFrame Addr=0x000001beeda2a5c0, Size=40, Default__HUD_Lobby_C Function /Engine/Transient.REINST_HUD_Lobby_C_13:ExecuteUbergraph_HUD_Lobby
[2018.06.04-10.42.12:390][  0]LogUObjectGlobals: Destroyed PersistentFrame Addr=0x000001bed76b26a0, Size=104
[2018.06.04-10.42.12:391][  0]LogUObjectGlobals: Created PersistentFrame Addr=0x000001beeb67ebe0, Size=104, Default__HUD_TravelMenu_C Function /Engine/Transient.REINST_HUD_TravelMenu_C_14:ExecuteUbergraph_HUD_TravelMenu
[2018.06.04-10.42.12:391][  0]LogUObjectGlobals: Destroyed PersistentFrame Addr=0x000001bed77ab8a0, Size=32
[2018.06.04-10.42.12:391][  0]LogUObjectGlobals: Created PersistentFrame Addr=0x000001beeb5d75e0, Size=32, Default__HUD_Widget_C Function /Engine/Transient.REINST_HUD_Widget_C_15:ExecuteUbergraph_HUD_Widget
[2018.06.04-10.42.12:391][  0]LogUObjectGlobals: Destroyed PersistentFrame Addr=0x000001beead2a500, Size=752
[2018.06.04-10.42.12:391][  0]LogUObjectGlobals: Created PersistentFrame Addr=0x000001beeb55f400, Size=752, Default__LobbyGM_C Function /Engine/Transient.REINST_LobbyGM_C_28:ExecuteUbergraph_LobbyGM
[2018.06.04-10.42.12:392][  0]LogUObjectGlobals: Destroyed PersistentFrame Addr=0x000001beeb32d300, Size=320
[2018.06.04-10.42.12:392][  0]LogUObjectGlobals: Created PersistentFrame Addr=0x000001beeb736200, Size=320, Default__LobbyMenu_C Function /Engine/Transient.REINST_LobbyMenu_C_16:ExecuteUbergraph_LobbyMenu
[2018.06.04-10.42.12:393][  0]LogUObjectGlobals: Destroyed PersistentFrame Addr=0x000001bed8ff2080, Size=880
[2018.06.04-10.42.12:393][  0]LogUObjectGlobals: Created PersistentFrame Addr=0x000001beeb53fc80, Size=880, Default__LobbyPC_C Function /Engine/Transient.REINST_LobbyPC_C_29:ExecuteUbergraph_LobbyPC
[2018.06.04-10.42.12:393][  0]LogUObjectGlobals: Destroyed PersistentFrame Addr=0x000001beeac51920, Size=32
[2018.06.04-10.42.12:393][  0]LogUObjectGlobals: Created PersistentFrame Addr=0x000001beeb5d7340, Size=32, Default__PlayerButton_C Function /Engine/Transient.REINST_PlayerButton_C_18:ExecuteUbergraph_PlayerButton
[2018.06.04-10.42.12:393][  0]LogUObjectGlobals: Destroyed PersistentFrame Addr=0x000001beea2a16c0, Size=264
[2018.06.04-10.42.12:393][  0]LogUObjectGlobals: Created PersistentFrame Addr=0x000001beeb735f80, Size=264, Default__Scoreboard_C Function /Engine/Transient.REINST_Scoreboard_C_19:ExecuteUbergraph_Scoreboard
[2018.06.04-10.42.12:393][  0]LogUObjectGlobals: Destroyed PersistentFrame Addr=0x000001bed77ed2c0, Size=64
[2018.06.04-10.42.12:393][  0]LogUObjectGlobals: Created PersistentFrame Addr=0x000001beeb565440, Size=64, Default__ServerInfo_C Function /Engine/Transient.REINST_ServerInfo_C_20:ExecuteUbergraph_ServerInfo
[2018.06.04-10.42.12:394][  0]LogUObjectGlobals: Destroyed PersistentFrame Addr=0x000001beea2c9b20, Size=160
[2018.06.04-10.42.12:394][  0]LogUObjectGlobals: Created PersistentFrame Addr=0x000001beeb52e8e0, Size=160, Default__ThirdpersonController_C Function /Engine/Transient.REINST_ThirdpersonController_C_30:ExecuteUbergraph_ThirdpersonController
[2018.06.04-10.42.12:396][  0]LogUObjectGlobals: Destroyed PersistentFrame Addr=0x000001bed7701600, Size=1952
[2018.06.04-10.42.12:396][  0]LogUObjectGlobals: Created PersistentFrame Addr=0x000001beeb52ab00, Size=1952, Default__UberBall_Character_C Function /Engine/Transient.REINST_UberBall_Character_C_31:ExecuteUbergraph_UberBall_Character
[2018.06.04-10.42.12:396][  0]LogUObjectGlobals: Destroyed PersistentFrame Addr=0x000001bed7747d00, Size=240
[2018.06.04-10.42.12:396][  0]LogUObjectGlobals: Created PersistentFrame Addr=0x000001bed7784200, Size=240, Default__UberBall_GameMode_C Function /Engine/Transient.REINST_UberBall_GameMode_C_32:ExecuteUbergraph_UberBall_GameMode
[2018.06.04-10.42.12:397][  0]LogUObjectGlobals: Destroyed PersistentFrame Addr=0x000001beeae54100, Size=1952
[2018.06.04-10.42.12:397][  0]LogUObjectGlobals: Created PersistentFrame Addr=0x000001beeb52a080, Size=1952, Default__0_Base_C Function /Engine/Transient.REINST_UberBall_Character_C_31:ExecuteUbergraph_UberBall_Character
[2018.06.04-10.42.12:397][  0]LogUObjectGlobals: Destroyed PersistentFrame Addr=0x000001bed76c97c0, Size=104
[2018.06.04-10.42.12:397][  0]LogUObjectGlobals: Destroyed PersistentFrame Addr=0x000001bed76d8200, Size=240
[2018.06.04-10.42.12:397][  0]LogUObjectGlobals: Created PersistentFrame Addr=0x000001beeb67ecc0, Size=104, Default__GameplayGM_C Function /Engine/Transient.REINST_GameplayGM_C_34:ExecuteUbergraph_GameplayGM
[2018.06.04-10.42.12:397][  0]LogUObjectGlobals: Created PersistentFrame Addr=0x000001bed7784500, Size=240, Default__GameplayGM_C Function /Engine/Transient.REINST_UberBall_GameMode_C_32:ExecuteUbergraph_UberBall_GameMode
[2018.06.04-10.42.12:397][  0]LogUObjectGlobals: Destroyed PersistentFrame Addr=0x000001beeaf3a080, Size=1952
[2018.06.04-10.42.12:397][  0]LogUObjectGlobals: Created PersistentFrame Addr=0x000001beeb529600, Size=1952, Default__Barborous_C Function /Engine/Transient.REINST_UberBall_Character_C_31:ExecuteUbergraph_UberBall_Character
[2018.06.04-10.42.12:397][  0]LogUObjectGlobals: Destroyed PersistentFrame Addr=0x000001beeb379600, Size=1952
[2018.06.04-10.42.12:397][  0]LogUObjectGlobals: Created PersistentFrame Addr=0x000001beeb528b80, Size=1952, Default__Forge_C Function /Engine/Transient.REINST_UberBall_Character_C_31:ExecuteUbergraph_UberBall_Character
[2018.06.04-10.42.12:398][  0]LogUObjectGlobals: Destroyed PersistentFrame Addr=0x000001beeb363580, Size=1952
[2018.06.04-10.42.12:398][  0]LogUObjectGlobals: Created PersistentFrame Addr=0x000001beeb528100, Size=1952, Default__Frosty_C Function /Engine/Transient.REINST_UberBall_Character_C_31:ExecuteUbergraph_UberBall_Character
[2018.06.04-10.42.12:398][  0]LogUObjectGlobals: Destroyed PersistentFrame Addr=0x000001beeb346b00, Size=1952
[2018.06.04-10.42.12:398][  0]LogUObjectGlobals: Created PersistentFrame Addr=0x000001beeb507580, Size=1952, Default__Natural_C Function /Engine/Transient.REINST_UberBall_Character_C_31:ExecuteUbergraph_UberBall_Character
[2018.06.04-10.42.12:398][  0]LogUObjectGlobals: Destroyed PersistentFrame Addr=0x000001beeb339600, Size=1952
[2018.06.04-10.42.12:398][  0]LogUObjectGlobals: Created PersistentFrame Addr=0x000001beeb506b00, Size=1952, Default__Pit_C Function /Engine/Transient.REINST_UberBall_Character_C_31:ExecuteUbergraph_UberBall_Character
[2018.06.04-10.42.12:398][  0]LogUObjectGlobals: Destroyed PersistentFrame Addr=0x000001beeb330b80, Size=1952
[2018.06.04-10.42.12:398][  0]LogUObjectGlobals: Created PersistentFrame Addr=0x000001beeb506080, Size=1952, Default__Robo_C Function /Engine/Transient.REINST_UberBall_Character_C_31:ExecuteUbergraph_UberBall_Character
[2018.06.04-10.42.12:398][  0]LogUObjectGlobals: Destroyed PersistentFrame Addr=0x000001beeb30c100, Size=1952
[2018.06.04-10.42.12:398][  0]LogUObjectGlobals: Created PersistentFrame Addr=0x000001beeb504b80, Size=1952, Default__Tusk_C Function /Engine/Transient.REINST_UberBall_Character_C_31:ExecuteUbergraph_UberBall_Character
[2018.06.04-10.42.12:398][  0]LogUObjectGlobals: Destroyed PersistentFrame Addr=0x000001beedff6b00, Size=1952
[2018.06.04-10.42.12:399][  0]LogUObjectGlobals: Created PersistentFrame Addr=0x000001beeb504100, Size=1952, Default__Warrior_C Function /Engine/Transient.REINST_UberBall_Character_C_31:ExecuteUbergraph_UberBall_Character
[2018.06.04-10.42.12:573][  0]LogUObjectGlobals: Created PersistentFrame Addr=0x000001beeedbc5a0, Size=16, Default__Bullet_C Function /Game/BluePrints/Bullet.Bullet_C:ExecuteUbergraph_Bullet
[2018.06.04-10.42.12:574][  0]LogUObjectGlobals: Created PersistentFrame Addr=0x000001beeecd85c0, Size=64, Default__FirstPerson_AnimBP_C Function /Game/FirstPerson/Animations/FirstPerson_AnimBP.FirstPerson_AnimBP_C:ExecuteUbergraph_FirstPerson_AnimBP
[2018.06.04-10.42.12:576][  0]LogUObjectGlobals: Created PersistentFrame Addr=0x000001beeebe6c00, Size=320, Default__Goal_C Function /Game/BluePrints/Goal.Goal_C:ExecuteUbergraph_Goal
[2018.06.04-10.42.12:579][  0]LogUObjectGlobals: Created PersistentFrame Addr=0x000001beeeb0f160, Size=88, Default__ShooterAnimBP_C Function /Game/BluePrints/ShooterAnimBP.ShooterAnimBP_C:ExecuteUbergraph_ShooterAnimBP
[2018.06.04-10.42.12:582][  0]LogUObjectGlobals: Created PersistentFrame Addr=0x000001beeeac77e0, Size=160, Default__STS_C Function /Game/TargetingSystem/STS.STS_C:ExecuteUbergraph_STS
[2018.06.04-10.42.12:585][  0]LogUObjectGlobals: Created PersistentFrame Addr=0x000001beeeafae80, Size=872, Default__ThirdpersonGameInstance_C Function /Game/BluePrints/ThirdpersonGameInstance.ThirdpersonGameInstance_C:ExecuteUbergraph_ThirdpersonGameInstance
[2018.06.04-10.42.12:586][  0]LogUObjectGlobals: Created PersistentFrame Addr=0x000001beeebe6340, Size=272, Default__BallSpawner_C Function /Game/BluePrints/BallSpawner.BallSpawner_C:ExecuteUbergraph_BallSpawner
[2018.06.04-10.42.12:586][  0]LogUObjectGlobals: Created PersistentFrame Addr=0x000001beeeaef8b0, Size=16, Default__BasicHUD_C Function /Game/BluePrints/BasicHUD.BasicHUD_C:ExecuteUbergraph_BasicHUD
[2018.06.04-10.42.12:587][  0]LogUObjectGlobals: Created PersistentFrame Addr=0x000001beeed19d00, Size=408, Default__BP_GravityBall_C Function /Game/BluePrints/BP_GravityBall.BP_GravityBall_C:ExecuteUbergraph_BP_GravityBall
[2018.06.04-10.42.12:589][  0]LogUObjectGlobals: Created PersistentFrame Addr=0x000001beeea6d350, Size=80, Default__CharacterSelect_C Function /Game/UI/Lobby/CharacterSelect.CharacterSelect_C:ExecuteUbergraph_CharacterSelect
[2018.06.04-10.42.12:590][  0]LogUObjectGlobals: Created PersistentFrame Addr=0x000001beeebe6200, Size=320, Default__ChatWindow_C Function /Game/UI/AllLevels/ChatWindow.ChatWindow_C:ExecuteUbergraph_ChatWindow
[2018.06.04-10.42.12:591][  0]LogUObjectGlobals: Created PersistentFrame Addr=0x000001beeeda2530, Size=4, Default__ConnectedPlayer_C Function /Game/UI/Lobby/ConnectedPlayer.ConnectedPlayer_C:ExecuteUbergraph_ConnectedPlayer
[2018.06.04-10.42.12:594][  0]LogUObjectGlobals: Created PersistentFrame Addr=0x000001beeea31d80, Size=192, Default__GameSettings_C Function /Game/UI/Lobby/GameSettings.GameSettings_C:ExecuteUbergraph_GameSettings
[2018.06.04-10.42.12:596][  0]LogUObjectGlobals: Created PersistentFrame Addr=0x000001beeebe5e40, Size=312, Default__GampleyPC_C Function /Game/BluePrints/Gameplay/GampleyPC.GampleyPC_C:ExecuteUbergraph_GampleyPC
[2018.06.04-10.42.12:597][  0]LogUObjectGlobals: Created PersistentFrame Addr=0x000001beee9d3a60, Size=72, Default__HUD_CreateServer_C Function /Game/Interface/HUD_CreateServer.HUD_CreateServer_C:ExecuteUbergraph_HUD_CreateServer
[2018.06.04-10.42.12:598][  0]LogUObjectGlobals: Created PersistentFrame Addr=0x000001beeef80e78, Size=40, Default__HUD_Lobby_C Function /Game/Interface/HUD_Lobby.HUD_Lobby_C:ExecuteUbergraph_HUD_Lobby
[2018.06.04-10.42.12:599][  0]LogUObjectGlobals: Created PersistentFrame Addr=0x000001beee9af3c0, Size=104, Default__HUD_TravelMenu_C Function /Game/Interface/HUD_TravelMenu.HUD_TravelMenu_C:ExecuteUbergraph_HUD_TravelMenu
[2018.06.04-10.42.12:599][  0]LogUObjectGlobals: Created PersistentFrame Addr=0x000001beeea0d4e0, Size=32, Default__HUD_Widget_C Function /Game/BluePrints/HUD_Widget.HUD_Widget_C:ExecuteUbergraph_HUD_Widget
[2018.06.04-10.42.12:604][  0]LogUObjectGlobals: Created PersistentFrame Addr=0x000001beee9a6780, Size=784, Default__LobbyGM_C Function /Game/BluePrints/Lobby/LobbyGM.LobbyGM_C:ExecuteUbergraph_LobbyGM
[2018.06.04-10.42.12:607][  0]LogUObjectGlobals: Created PersistentFrame Addr=0x000001beeebe5800, Size=320, Default__LobbyMenu_C Function /Game/UI/Lobby/LobbyMenu.LobbyMenu_C:ExecuteUbergraph_LobbyMenu
[2018.06.04-10.42.12:611][  0]LogUObjectGlobals: Created PersistentFrame Addr=0x000001beee8c7580, Size=864, Default__LobbyPC_C Function /Game/Blueprints/Lobby/LobbyPC.LobbyPC_C:ExecuteUbergraph_LobbyPC
[2018.06.04-10.42.12:613][  0]LogUObjectGlobals: Created PersistentFrame Addr=0x000001beee8f5e40, Size=32, Default__PlayerButton_C Function /Game/UI/Lobby/PlayerButton.PlayerButton_C:ExecuteUbergraph_PlayerButton
[2018.06.04-10.42.12:615][  0]LogUObjectGlobals: Created PersistentFrame Addr=0x000001beeebe5300, Size=264, Default__Scoreboard_C Function /Game/BluePrints/Scoreboard.Scoreboard_C:ExecuteUbergraph_Scoreboard
[2018.06.04-10.42.12:616][  0]LogUObjectGlobals: Created PersistentFrame Addr=0x000001beee9191c0, Size=64, Default__ServerInfo_C Function /Game/Interface/ServerInfo.ServerInfo_C:ExecuteUbergraph_ServerInfo
[2018.06.04-10.42.12:619][  0]LogUObjectGlobals: Created PersistentFrame Addr=0x000001beee8b9b20, Size=160, Default__ThirdpersonController_C Function /Game/BluePrints/ThirdpersonController.ThirdpersonController_C:ExecuteUbergraph_ThirdpersonController
[2018.06.04-10.42.12:627][  0]LogUObjectGlobals: Created PersistentFrame Addr=0x000001beee86d600, Size=1952, Default__UberBall_Character_C Function /Game/ThirdPersonBP/Blueprints/UberBall_Character.UberBall_Character_C:ExecuteUbergraph_UberBall_Character
[2018.06.04-10.42.12:630][  0]LogUObjectGlobals: Created PersistentFrame Addr=0x000001beee7aff00, Size=240, Default__UberBall_GameMode_C Function /Game/BluePrints/UberBall_GameMode.UberBall_GameMode_C:ExecuteUbergraph_UberBall_GameMode
[2018.06.04-10.42.12:630][  0]LogUObjectGlobals: Created PersistentFrame Addr=0x000001beee7cc100, Size=1952, Default__0_Base_C Function /Game/ThirdPersonBP/Blueprints/UberBall_Character.UberBall_Character_C:ExecuteUbergraph_UberBall_Character
[2018.06.04-10.42.12:631][  0]LogUObjectGlobals: Created PersistentFrame Addr=0x000001beee7a7270, Size=104, Default__GameplayGM_C Function /Game/BluePrints/Gameplay/GameplayGM.GameplayGM_C:ExecuteUbergraph_GameplayGM
[2018.06.04-10.42.12:631][  0]LogUObjectGlobals: Created PersistentFrame Addr=0x000001beee7adf00, Size=240, Default__GameplayGM_C Function /Game/BluePrints/UberBall_GameMode.UberBall_GameMode_C:ExecuteUbergraph_UberBall_GameMode
[2018.06.04-10.42.12:631][  0]LogUObjectGlobals: Created PersistentFrame Addr=0x000001beee7a1600, Size=1952, Default__Barborous_C Function /Game/ThirdPersonBP/Blueprints/UberBall_Character.UberBall_Character_C:ExecuteUbergraph_UberBall_Character
[2018.06.04-10.42.12:631][  0]LogUObjectGlobals: Created PersistentFrame Addr=0x000001beee79ab00, Size=1952, Default__Forge_C Function /Game/ThirdPersonBP/Blueprints/UberBall_Character.UberBall_Character_C:ExecuteUbergraph_UberBall_Character
[2018.06.04-10.42.12:631][  0]LogUObjectGlobals: Created PersistentFrame Addr=0x000001beee798100, Size=1952, Default__Frosty_C Function /Game/ThirdPersonBP/Blueprints/UberBall_Character.UberBall_Character_C:ExecuteUbergraph_UberBall_Character
[2018.06.04-10.42.12:632][  0]LogUObjectGlobals: Created PersistentFrame Addr=0x000001beee78d600, Size=1952, Default__Natural_C Function /Game/ThirdPersonBP/Blueprints/UberBall_Character.UberBall_Character_C:ExecuteUbergraph_UberBall_Character
[2018.06.04-10.42.12:632][  0]LogUObjectGlobals: Created PersistentFrame Addr=0x000001beee786b00, Size=1952, Default__Pit_C Function /Game/ThirdPersonBP/Blueprints/UberBall_Character.UberBall_Character_C:ExecuteUbergraph_UberBall_Character
[2018.06.04-10.42.12:632][  0]LogUObjectGlobals: Created PersistentFrame Addr=0x000001beee784100, Size=1952, Default__Robo_C Function /Game/ThirdPersonBP/Blueprints/UberBall_Character.UberBall_Character_C:ExecuteUbergraph_UberBall_Character
[2018.06.04-10.42.12:632][  0]LogUObjectGlobals: Created PersistentFrame Addr=0x000001beee789600, Size=1952, Default__Tusk_C Function /Game/ThirdPersonBP/Blueprints/UberBall_Character.UberBall_Character_C:ExecuteUbergraph_UberBall_Character
[2018.06.04-10.42.12:632][  0]LogUObjectGlobals: Created PersistentFrame Addr=0x000001beee77eb00, Size=1952, Default__Warrior_C Function /Game/ThirdPersonBP/Blueprints/UberBall_Character.UberBall_Character_C:ExecuteUbergraph_UberBall_Character
[2018.06.04-10.42.13:055][  0]LogSkeletalMesh: Skeletal Mesh found in DDC [8.836346ms] /Game/FirstPerson/FPWeapon/Mesh/SK_FPGun.SK_FPGun
[2018.06.04-10.42.13:093][  0]LogSkeletalMesh: Skeletal Mesh found in DDC [5.475951ms] /Game/FirstPerson/Character/Mesh/SK_Mannequin_Arms.SK_Mannequin_Arms
[2018.06.04-10.42.13:112][  0]LogSkeletalMesh: Skeletal Mesh found in DDC [14.138469ms] /Game/Mannequin/Character/Mesh/SK_Mannequin.SK_Mannequin
[2018.06.04-10.42.13:138][  0]LogSkeletalMesh: Skeletal Mesh found in DDC [0.432593ms] /Game/InfinityBladeWarriors/Character/CompleteCharacters/SK_CharM_Barbarous.SK_CharM_Barbarous
[2018.06.04-10.42.13:140][  0]LogSkeletalMesh: Skeletal Mesh found in DDC [1.036247ms] /Game/InfinityBladeWarriors/Character/CompleteCharacters/SK_CharM_Tusk.SK_CharM_Tusk
[2018.06.04-10.42.13:141][  0]LogSkeletalMesh: Skeletal Mesh found in DDC [0.834765ms] /Game/InfinityBladeWarriors/Character/CompleteCharacters/SK_CharM_Robo.SK_CharM_Robo
[2018.06.04-10.42.13:142][  0]LogSkeletalMesh: Skeletal Mesh found in DDC [0.659753ms] /Game/InfinityBladeWarriors/Character/CompleteCharacters/SK_CharM_Pit.SK_CharM_Pit
[2018.06.04-10.42.13:144][  0]LogSkeletalMesh: Skeletal Mesh found in DDC [1.110914ms] /Game/InfinityBladeWarriors/Character/CompleteCharacters/SK_CharM_Natural.SK_CharM_Natural
[2018.06.04-10.42.13:145][  0]LogSkeletalMesh: Skeletal Mesh found in DDC [1.088000ms] /Game/InfinityBladeWarriors/Character/CompleteCharacters/SK_CharM_FrostGiant.SK_CharM_FrostGiant
[2018.06.04-10.42.13:146][  0]LogSkeletalMesh: Skeletal Mesh found in DDC [0.654222ms] /Game/InfinityBladeWarriors/Character/CompleteCharacters/SK_CharM_Forge.SK_CharM_Forge
[2018.06.04-10.42.13:185][  0]LogSkeletalMesh: Skeletal Mesh found in DDC [0.597728ms] /Game/InfinityBladeWarriors/Character/CompleteCharacters/SK_CharM_Warrior.SK_CharM_Warrior
[2018.06.04-10.42.13:258][  0]LogAIModule: Creating AISystem for world Arena01
[2018.06.04-10.42.13:259][  0]LogLoad: Game class is 'GameplayGM_C'
[2018.06.04-10.42.13:264][  0]LogWorld: Bringing World /Game/Maps/Arena01.Arena01 up for play (max tick rate 0) at 2018.06.04-06.42.13
[2018.06.04-10.42.13:265][  0]LogWorld: Bringing up level for play took: 0.004809
[2018.06.04-10.42.13:269][  0]LogScriptCore: Warning: Script Msg: Attempted to access index 0 from array 'CallFunc_GetAllActorsOfClass_OutActors' of length 0 in '/Game/BluePrints/BallSpawner.BallSpawner_C:ExecuteUbergraph_BallSpawner'!
[2018.06.04-10.42.13:275][  0]LogLoad: Took 1.382604 seconds to LoadMap(/Game/Maps/Arena01)
[2018.06.04-10.42.13:275][  0]LogSlate: Took 0.000168 seconds to synchronously load lazily loaded font '../../../Engine/Content/Slate/Fonts/Roboto-Regular.ttf' (155K)
[2018.06.04-10.42.13:330][  0]LogLoad: (Engine Initialization) Total time: 10.20 seconds
[2018.06.04-10.42.13:330][  0]LogLoad: (Engine Initialization) Total Blueprint compile time: 0.00 seconds
[2018.06.04-10.42.13:377][  0]LogRenderer: Reallocating scene render targets to support 1280x720 Format 10 NumSamples 1 (Frame:1).
[2018.06.04-10.42.13:444][  0]LogContentStreaming: Texture pool size now 1000 MB
[2018.06.04-10.42.20:859][454]LogSlate: Window 'Multiplayer (64-bit, PCD3D_SM5) ' being destroyed
[2018.06.04-10.42.20:860][454]LogWindowsTextInputMethodSystem: Display: IME system now deactivated.
[2018.06.04-10.42.20:865][454]LogWindowsTextInputMethodSystem: Display: IME system now deactivated.
[2018.06.04-10.42.20:866][454]LogOnline: Warning: OSS: Can't destroy a null online session (GameSession)
[2018.06.04-10.42.20:866][454]LogEngine: All Windows Closed
[2018.06.04-10.42.20:866][454]LogWindows: FPlatformMisc::RequestExit(0)
[2018.06.04-10.42.21:137][455]LogSlate: Slate User Destroyed.  User Index 0, Is Virtual User: 0
[2018.06.04-10.42.21:137][455]LogExit: Preparing to exit.
[2018.06.04-10.42.21:137][455]LogMoviePlayer: Shutting down movie player
[2018.06.04-10.42.21:389][455]LogExit: Game engine shut down
[2018.06.04-10.42.21:392][455]LogUObjectGlobals: Destroyed PersistentFrame Addr=0x000001beed88d060, Size=16
[2018.06.04-10.42.21:392][455]LogUObjectGlobals: Destroyed PersistentFrame Addr=0x000001beeb5d75e0, Size=32
[2018.06.04-10.42.21:392][455]LogUObjectGlobals: Destroyed PersistentFrame Addr=0x000001beed88d050, Size=16
[2018.06.04-10.42.21:392][455]LogUObjectGlobals: Destroyed PersistentFrame Addr=0x000001beeb52ab00, Size=1952
[2018.06.04-10.42.21:392][455]LogUObjectGlobals: Destroyed PersistentFrame Addr=0x000001beeb5aecc0, Size=408
[2018.06.04-10.42.21:392][455]LogUObjectGlobals: Destroyed PersistentFrame Addr=0x000001beeb736fc0, Size=272
[2018.06.04-10.42.21:392][455]LogUObjectGlobals: Destroyed PersistentFrame Addr=0x000001bed7783380, Size=624
[2018.06.04-10.42.21:392][455]LogUObjectGlobals: Destroyed PersistentFrame Addr=0x000001bee75e5968, Size=40
[2018.06.04-10.42.21:392][455]LogUObjectGlobals: Destroyed PersistentFrame Addr=0x000001bed77530b0, Size=80
[2018.06.04-10.42.21:392][455]LogUObjectGlobals: Destroyed PersistentFrame Addr=0x000001bee75e62c8, Size=40
[2018.06.04-10.42.21:392][455]LogUObjectGlobals: Destroyed PersistentFrame Addr=0x000001bed76f5830, Size=104
[2018.06.04-10.42.21:392][455]LogUObjectGlobals: Destroyed PersistentFrame Addr=0x000001bed7781080, Size=592
[2018.06.04-10.42.21:398][455]LogUObjectGlobals: Destroyed PersistentFrame Addr=0x000001bed7784200, Size=240
[2018.06.04-10.42.21:398][455]LogUObjectGlobals: Destroyed PersistentFrame Addr=0x000001beed93e200, Size=88
[2018.06.04-10.42.21:398][455]LogUObjectGlobals: Destroyed PersistentFrame Addr=0x000001beeb6a6200, Size=72
[2018.06.04-10.42.21:398][455]LogUObjectGlobals: Destroyed PersistentFrame Addr=0x000001beeb5b13a0, Size=160
[2018.06.04-10.42.21:398][455]LogUObjectGlobals: Destroyed PersistentFrame Addr=0x000001beeb52e8e0, Size=160
[2018.06.04-10.42.21:398][455]LogUObjectGlobals: Destroyed PersistentFrame Addr=0x000001beed8f6e80, Size=856
[2018.06.04-10.42.21:398][455]LogUObjectGlobals: Destroyed PersistentFrame Addr=0x000001beeb595f30, Size=72
[2018.06.04-10.42.21:398][455]LogUObjectGlobals: Destroyed PersistentFrame Addr=0x000001beeb67ebe0, Size=104
[2018.06.04-10.42.21:398][455]LogUObjectGlobals: Destroyed PersistentFrame Addr=0x000001beeda2a5c0, Size=40
[2018.06.04-10.42.21:398][455]LogUObjectGlobals: Destroyed PersistentFrame Addr=0x000001beeb565440, Size=64
[2018.06.04-10.42.21:398][455]LogUObjectGlobals: Destroyed PersistentFrame Addr=0x000001beeb735f80, Size=264
[2018.06.04-10.42.21:398][455]LogUObjectGlobals: Destroyed PersistentFrame Addr=0x000001beeb67ecc0, Size=104
[2018.06.04-10.42.21:398][455]LogUObjectGlobals: Destroyed PersistentFrame Addr=0x000001bed7784500, Size=240
[2018.06.04-10.42.21:398][455]LogUObjectGlobals: Destroyed PersistentFrame Addr=0x000001beeb736480, Size=304
[2018.06.04-10.42.21:398][455]LogUObjectGlobals: Destroyed PersistentFrame Addr=0x000001beeb736e80, Size=320
[2018.06.04-10.42.21:398][455]LogUObjectGlobals: Destroyed PersistentFrame Addr=0x000001beeb53fc80, Size=880
[2018.06.04-10.42.21:398][455]LogUObjectGlobals: Destroyed PersistentFrame Addr=0x000001beeb55f400, Size=752
[2018.06.04-10.42.21:398][455]LogUObjectGlobals: Destroyed PersistentFrame Addr=0x000001beeb52a080, Size=1952
[2018.06.04-10.42.21:398][455]LogUObjectGlobals: Destroyed PersistentFrame Addr=0x000001beeb529600, Size=1952
[2018.06.04-10.42.21:398][455]LogUObjectGlobals: Destroyed PersistentFrame Addr=0x000001beeb528b80, Size=1952
[2018.06.04-10.42.21:398][455]LogUObjectGlobals: Destroyed PersistentFrame Addr=0x000001beeb528100, Size=1952
[2018.06.04-10.42.21:398][455]LogUObjectGlobals: Destroyed PersistentFrame Addr=0x000001beeb507580, Size=1952
[2018.06.04-10.42.21:398][455]LogUObjectGlobals: Destroyed PersistentFrame Addr=0x000001beeb506b00, Size=1952
[2018.06.04-10.42.21:398][455]LogUObjectGlobals: Destroyed PersistentFrame Addr=0x000001beeb506080, Size=1952
[2018.06.04-10.42.21:398][455]LogUObjectGlobals: Destroyed PersistentFrame Addr=0x000001beeb504b80, Size=1952
[2018.06.04-10.42.21:398][455]LogUObjectGlobals: Destroyed PersistentFrame Addr=0x000001beeb504100, Size=1952
[2018.06.04-10.42.21:398][455]LogUObjectGlobals: Destroyed PersistentFrame Addr=0x000001beeb736200, Size=320
[2018.06.04-10.42.21:398][455]LogUObjectGlobals: Destroyed PersistentFrame Addr=0x000001beeb597060, Size=80
[2018.06.04-10.42.21:398][455]LogUObjectGlobals: Destroyed PersistentFrame Addr=0x000001beeda34700, Size=192
[2018.06.04-10.42.21:398][455]LogUObjectGlobals: Destroyed PersistentFrame Addr=0x000001beeb5d7340, Size=32
[2018.06.04-10.42.21:399][455]LogUObjectGlobals: Destroyed PersistentFrame Addr=0x000001beea1ead18, Size=4
[2018.06.04-10.42.21:399][455]LogUObjectGlobals: Destroyed PersistentFrame Addr=0x000001beeb737240, Size=320
[2018.06.04-10.42.21:399][455]LogUObjectGlobals: Destroyed PersistentFrame Addr=0x000001beeedbc5a0, Size=16
[2018.06.04-10.42.21:399][455]LogUObjectGlobals: Destroyed PersistentFrame Addr=0x000001beeecd85c0, Size=64
[2018.06.04-10.42.21:399][455]LogUObjectGlobals: Destroyed PersistentFrame Addr=0x000001beeebe6c00, Size=320
[2018.06.04-10.42.21:400][455]LogUObjectGlobals: Destroyed PersistentFrame Addr=0x000001beeeb0f160, Size=88
[2018.06.04-10.42.21:400][455]LogUObjectGlobals: Destroyed PersistentFrame Addr=0x000001beeeac77e0, Size=160
[2018.06.04-10.42.21:400][455]LogUObjectGlobals: Destroyed PersistentFrame Addr=0x000001beeeafae80, Size=872
[2018.06.04-10.42.21:400][455]LogUObjectGlobals: Destroyed PersistentFrame Addr=0x000001beeebe6340, Size=272
[2018.06.04-10.42.21:400][455]LogUObjectGlobals: Destroyed PersistentFrame Addr=0x000001beeeaef8b0, Size=16
[2018.06.04-10.42.21:400][455]LogUObjectGlobals: Destroyed PersistentFrame Addr=0x000001beeed19d00, Size=408
[2018.06.04-10.42.21:400][455]LogUObjectGlobals: Destroyed PersistentFrame Addr=0x000001beeea6d350, Size=80
[2018.06.04-10.42.21:400][455]LogUObjectGlobals: Destroyed PersistentFrame Addr=0x000001beeebe6200, Size=320
[2018.06.04-10.42.21:400][455]LogUObjectGlobals: Destroyed PersistentFrame Addr=0x000001beeeda2530, Size=4
[2018.06.04-10.42.21:400][455]LogUObjectGlobals: Destroyed PersistentFrame Addr=0x000001beeea31d80, Size=192
[2018.06.04-10.42.21:400][455]LogUObjectGlobals: Destroyed PersistentFrame Addr=0x000001beeebe5e40, Size=312
[2018.06.04-10.42.21:400][455]LogUObjectGlobals: Destroyed PersistentFrame Addr=0x000001beee9d3a60, Size=72
[2018.06.04-10.42.21:400][455]LogUObjectGlobals: Destroyed PersistentFrame Addr=0x000001beeef80e78, Size=40
[2018.06.04-10.42.21:400][455]LogUObjectGlobals: Destroyed PersistentFrame Addr=0x000001beee9af3c0, Size=104
[2018.06.04-10.42.21:400][455]LogUObjectGlobals: Destroyed PersistentFrame Addr=0x000001beeea0d4e0, Size=32
[2018.06.04-10.42.21:400][455]LogUObjectGlobals: Destroyed PersistentFrame Addr=0x000001beee9a6780, Size=784
[2018.06.04-10.42.21:400][455]LogUObjectGlobals: Destroyed PersistentFrame Addr=0x000001beeebe5800, Size=320
[2018.06.04-10.42.21:400][455]LogUObjectGlobals: Destroyed PersistentFrame Addr=0x000001beee8c7580, Size=864
[2018.06.04-10.42.21:400][455]LogUObjectGlobals: Destroyed PersistentFrame Addr=0x000001beee8f5e40, Size=32
[2018.06.04-10.42.21:400][455]LogUObjectGlobals: Destroyed PersistentFrame Addr=0x000001beeebe5300, Size=264
[2018.06.04-10.42.21:400][455]LogUObjectGlobals: Destroyed PersistentFrame Addr=0x000001beee9191c0, Size=64
[2018.06.04-10.42.21:400][455]LogUObjectGlobals: Destroyed PersistentFrame Addr=0x000001beee8b9b20, Size=160
[2018.06.04-10.42.21:400][455]LogUObjectGlobals: Destroyed PersistentFrame Addr=0x000001beee86d600, Size=1952
[2018.06.04-10.42.21:400][455]LogUObjectGlobals: Destroyed PersistentFrame Addr=0x000001beee7aff00, Size=240
[2018.06.04-10.42.21:400][455]LogUObjectGlobals: Destroyed PersistentFrame Addr=0x000001beee7cc100, Size=1952
[2018.06.04-10.42.21:400][455]LogUObjectGlobals: Destroyed PersistentFrame Addr=0x000001beee7a7270, Size=104
[2018.06.04-10.42.21:400][455]LogUObjectGlobals: Destroyed PersistentFrame Addr=0x000001beee7adf00, Size=240
[2018.06.04-10.42.21:400][455]LogUObjectGlobals: Destroyed PersistentFrame Addr=0x000001beee7a1600, Size=1952
[2018.06.04-10.42.21:400][455]LogUObjectGlobals: Destroyed PersistentFrame Addr=0x000001beee79ab00, Size=1952
[2018.06.04-10.42.21:400][455]LogUObjectGlobals: Destroyed PersistentFrame Addr=0x000001beee798100, Size=1952
[2018.06.04-10.42.21:400][455]LogUObjectGlobals: Destroyed PersistentFrame Addr=0x000001beee78d600, Size=1952
[2018.06.04-10.42.21:400][455]LogUObjectGlobals: Destroyed PersistentFrame Addr=0x000001beee786b00, Size=1952
[2018.06.04-10.42.21:400][455]LogUObjectGlobals: Destroyed PersistentFrame Addr=0x000001beee784100, Size=1952
[2018.06.04-10.42.21:401][455]LogUObjectGlobals: Destroyed PersistentFrame Addr=0x000001beee789600, Size=1952
[2018.06.04-10.42.21:401][455]LogUObjectGlobals: Destroyed PersistentFrame Addr=0x000001beee77eb00, Size=1952
[2018.06.04-10.42.21:464][455]LogExit: Object subsystem successfully closed.
[2018.06.04-10.42.21:485][455]LogShaderCompilers: Display: Shaders left to compile 0
[2018.06.04-10.42.21:488][455]LogD3D11RHI: Shutdown
[2018.06.04-10.42.21:488][455]LogD3D11RHI: CleanupD3DDevice
[2018.06.04-10.42.21:489][455]LogD3D11RHI: ~FD3D11DynamicRHI
[2018.06.04-10.42.21:497][455]LogModuleManager: Shutting down and abandoning module SequenceRecorderSections (336)
[2018.06.04-10.42.21:497][455]LogModuleManager: Shutting down and abandoning module SequenceRecorder (334)
[2018.06.04-10.42.21:497][455]LogModuleManager: Shutting down and abandoning module AutomationController (332)
[2018.06.04-10.42.21:497][455]LogModuleManager: Shutting down and abandoning module AutomationWorker (330)
[2018.06.04-10.42.21:497][455]LogModuleManager: Shutting down and abandoning module Voice (328)
[2018.06.04-10.42.21:497][455]LogModuleManager: Shutting down and abandoning module AIModule (326)
[2018.06.04-10.42.21:497][455]LogModuleManager: Shutting down and abandoning module GameplayDebugger (325)
[2018.06.04-10.42.21:497][455]LogModuleManager: Shutting down and abandoning module AITestSuite (323)
[2018.06.04-10.42.21:497][455]LogModuleManager: Shutting down and abandoning module WmfMediaFactory (320)
[2018.06.04-10.42.21:497][455]LogModuleManager: Shutting down and abandoning module OpenExrWrapper (318)
[2018.06.04-10.42.21:497][455]LogModuleManager: Shutting down and abandoning module ImgMediaFactory (316)
[2018.06.04-10.42.21:498][455]LogModuleManager: Shutting down and abandoning module AvfMediaFactory (314)
[2018.06.04-10.42.21:498][455]LogModuleManager: Shutting down and abandoning module CharacterAI (312)
[2018.06.04-10.42.21:498][455]LogModuleManager: Shutting down and abandoning module SessionServices (310)
[2018.06.04-10.42.21:498][455]LogModuleManager: Shutting down and abandoning module MovieSceneCapture (308)
[2018.06.04-10.42.21:498][455]LogModuleManager: Shutting down and abandoning module MovieSceneTracks (306)
[2018.06.04-10.42.21:498][455]LogModuleManager: Shutting down and abandoning module MovieScene (304)
[2018.06.04-10.42.21:498][455]LogModuleManager: Shutting down and abandoning module GeometryCache (302)
[2018.06.04-10.42.21:498][455]LogModuleManager: Shutting down and abandoning module GeometryCacheEd (301)
[2018.06.04-10.42.21:498][455]LogModuleManager: Shutting down and abandoning module StreamingPauseRendering (298)
[2018.06.04-10.42.21:498][455]LogModuleManager: Shutting down and abandoning module PortalServices (296)
[2018.06.04-10.42.21:498][455]LogModuleManager: Shutting down and abandoning module PortalRpc (294)
[2018.06.04-10.42.21:498][455]LogModuleManager: Shutting down and abandoning module MessagingRpc (292)
[2018.06.04-10.42.21:498][455]LogModuleManager: Shutting down and abandoning module ProfilerService (290)
[2018.06.04-10.42.21:589][455]LogModuleManager: Shutting down and abandoning module TaskGraph (288)
[2018.06.04-10.42.21:589][455]LogModuleManager: Shutting down and abandoning module SteamVRController (286)
[2018.06.04-10.42.21:589][455]LogModuleManager: Shutting down and abandoning module ProceduralMeshComponent (284)
[2018.06.04-10.42.21:589][455]LogModuleManager: Shutting down and abandoning module OculusInput (282)
[2018.06.04-10.42.21:589][455]LogModuleManager: Shutting down and abandoning module MobilePatchingUtils (280)
[2018.06.04-10.42.21:589][455]LogModuleManager: Shutting down and abandoning module CustomMeshComponent (278)
[2018.06.04-10.42.21:589][455]LogModuleManager: Shutting down and abandoning module CableComponent (276)
[2018.06.04-10.42.21:589][455]LogModuleManager: Shutting down and abandoning module AudioCapture (274)
[2018.06.04-10.42.21:589][455]LogModuleManager: Shutting down and abandoning module ArchVisCharacter (272)
[2018.06.04-10.42.21:589][455]LogModuleManager: Shutting down and abandoning module AndroidPermission (270)
[2018.06.04-10.42.21:589][455]LogModuleManager: Shutting down and abandoning module NUTUnrealEngine4 (268)
[2018.06.04-10.42.21:589][455]LogModuleManager: Shutting down and abandoning module NetcodeUnitTest (266)
[2018.06.04-10.42.21:589][455]LogModuleManager: Shutting down and abandoning module MediaCompositing (264)
[2018.06.04-10.42.21:589][455]LogModuleManager: Shutting down and abandoning module LinearTimecode (262)
[2018.06.04-10.42.21:589][455]LogModuleManager: Shutting down and abandoning module ImgMedia (260)
[2018.06.04-10.42.21:591][455]LogModuleManager: Shutting down and abandoning module HTML5Networking (258)
[2018.06.04-10.42.21:591][455]LogModuleManager: Shutting down and abandoning module DatasmithContent (256)
[2018.06.04-10.42.21:591][455]LogModuleManager: Shutting down and abandoning module CryptoKeysOpenSSL (254)
[2018.06.04-10.42.21:591][455]LogModuleManager: Shutting down and abandoning module CryptoKeys (252)
[2018.06.04-10.42.21:591][455]LogModuleManager: Shutting down and abandoning module VisualStudioSourceCodeAccess (250)
[2018.06.04-10.42.21:591][455]LogModuleManager: Shutting down and abandoning module HotReload (249)
[2018.06.04-10.42.21:591][455]LogModuleManager: Shutting down and abandoning module DirectoryWatcher (248)
[2018.06.04-10.42.21:591][455]LogModuleManager: Shutting down and abandoning module VisualStudioCodeSourceCodeAccess (244)
[2018.06.04-10.42.21:591][455]LogModuleManager: Shutting down and abandoning module UObjectPlugin (242)
[2018.06.04-10.42.21:591][455]LogModuleManager: Shutting down and abandoning module SubversionSourceControl (240)
[2018.06.04-10.42.21:592][455]LogModuleManager: Shutting down and abandoning module PerforceSourceControl (238)
[2018.06.04-10.42.21:592][455]LogModuleManager: Shutting down and abandoning module SourceControl (237)
[2018.06.04-10.42.21:592][455]LogModuleManager: Shutting down and abandoning module CLionSourceCodeAccess (234)
[2018.06.04-10.42.21:592][455]LogModuleManager: Shutting down and abandoning module RuntimePhysXCooking (232)
[2018.06.04-10.42.21:592][455]LogModuleManager: Shutting down and abandoning module PhysXVehiclesEditor (230)
[2018.06.04-10.42.21:592][455]LogModuleManager: Shutting down and abandoning module PhysXVehicles (228)
[2018.06.04-10.42.21:592][455]LogModuleManager: Shutting down and abandoning module LocationServicesBPLibrary (226)
[2018.06.04-10.42.21:592][455]LogModuleManager: Shutting down and abandoning module ImmediatePhysicsEditor (224)
[2018.06.04-10.42.21:592][455]LogModuleManager: Shutting down and abandoning module ImmediatePhysics (222)
[2018.06.04-10.42.21:592][455]LogModuleManager: Shutting down and abandoning module ActorSequence (220)
[2018.06.04-10.42.21:592][455]LogModuleManager: Shutting down and abandoning module UdpMessaging (218)
[2018.06.04-10.42.21:693][455]LogModuleManager: Shutting down and abandoning module TcpMessaging (216)
[2018.06.04-10.42.22:309][455]LogModuleManager: Shutting down and abandoning module GameplayTagsEditor (214)
[2018.06.04-10.42.22:309][455]LogModuleManager: Shutting down and abandoning module FacialAnimation (212)
[2018.06.04-10.42.22:309][455]LogModuleManager: Shutting down and abandoning module DataValidation (210)
[2018.06.04-10.42.22:309][455]LogModuleManager: Shutting down and abandoning module AssetManagerEditor (208)
[2018.06.04-10.42.22:309][455]LogModuleManager: Shutting down and abandoning module TreeMap (207)
[2018.06.04-10.42.22:309][455]LogModuleManager: Shutting down and abandoning module LightPropagationVolumeRuntime (204)
[2018.06.04-10.42.22:309][455]LogModuleManager: Shutting down and abandoning module LiveLink (202)
[2018.06.04-10.42.23:201][455]LogModuleManager: Shutting down and abandoning module AdvancedSessions (200)
[2018.06.04-10.42.23:201][455]LogModuleManager: Shutting down and abandoning module Paper2D (198)
[2018.06.04-10.42.23:201][455]LogModuleManager: Shutting down and abandoning module PIEPreviewDeviceProfileSelector (196)
[2018.06.04-10.42.23:201][455]LogModuleManager: Shutting down and abandoning module WindowsMoviePlayer (194)
[2018.06.04-10.42.23:201][455]LogModuleManager: Shutting down and abandoning module WmfMedia (192)
[2018.06.04-10.42.23:202][455]LogModuleManager: Shutting down and abandoning module Media (191)
[2018.06.04-10.42.23:208][455]LogModuleManager: Shutting down and abandoning module PacketHandler (188)
[2018.06.04-10.42.23:208][455]LogModuleManager: Shutting down and abandoning module ClothingSystemEditor (186)
[2018.06.04-10.42.23:208][455]LogModuleManager: Shutting down and abandoning module ClothingSystemRuntime (184)
[2018.06.04-10.42.23:208][455]LogModuleManager: Shutting down and abandoning module MediaAssets (182)
[2018.06.04-10.42.23:208][455]LogModuleManager: Shutting down and abandoning module Overlay (180)
[2018.06.04-10.42.23:208][455]LogModuleManager: Shutting down and abandoning module OverlayEditor (179)
[2018.06.04-10.42.23:209][455]LogModuleManager: Shutting down and abandoning module VREditor (176)
[2018.06.04-10.42.23:209][455]LogModuleManager: Shutting down and abandoning module StringTableEditor (174)
[2018.06.04-10.42.23:209][455]LogModuleManager: Shutting down and abandoning module GameplayTasksEditor (172)
[2018.06.04-10.42.23:209][455]LogModuleManager: Shutting down and abandoning module BehaviorTreeEditor (170)
[2018.06.04-10.42.23:209][455]LogModuleManager: Shutting down and abandoning module FunctionalTesting (168)
[2018.06.04-10.42.23:209][455]LogModuleManager: Shutting down and abandoning module CollisionAnalyzer (166)
[2018.06.04-10.42.23:209][455]LogModuleManager: Shutting down and abandoning module WorkspaceMenuStructure (165)
[2018.06.04-10.42.23:209][455]LogModuleManager: Shutting down and abandoning module UMG (162)
[2018.06.04-10.42.23:209][455]LogModuleManager: Shutting down and abandoning module UMGEditor (161)
[2018.06.04-10.42.23:209][455]LogModuleManager: Shutting down and abandoning module Sequencer (160)
[2018.06.04-10.42.23:209][455]LogModuleManager: Shutting down and abandoning module MessageLog (157)
[2018.06.04-10.42.23:209][455]LogModuleManager: Shutting down and abandoning module SlateReflector (152)
[2018.06.04-10.42.23:209][455]LogModuleManager: Shutting down and abandoning module Slate (150)
[2018.06.04-10.42.23:209][455]LogModuleManager: Shutting down and abandoning module EditorStyle (148)
[2018.06.04-10.42.23:211][455]LogModuleManager: Shutting down and abandoning module MRMesh (146)
[2018.06.04-10.42.23:211][455]LogModuleManager: Shutting down and abandoning module Messaging (144)
[2018.06.04-10.42.23:211][455]LogModuleManager: Shutting down and abandoning module SourceCodeAccess (142)
[2018.06.04-10.42.23:211][455]LogModuleManager: Shutting down and abandoning module HeadMountedDisplay (140)
[2018.06.04-10.42.23:211][455]LogModuleManager: Shutting down and abandoning module XAudio2 (138)
[2018.06.04-10.42.23:211][455]LogModuleManager: Shutting down and abandoning module Networking (136)
[2018.06.04-10.42.23:211][455]LogModuleManager: Shutting down and abandoning module Core (134)
[2018.06.04-10.42.23:211][455]LogModuleManager: Shutting down and abandoning module LevelSequence (132)
[2018.06.04-10.42.23:211][455]LogModuleManager: Shutting down and abandoning module KismetCompiler (130)
[2018.06.04-10.42.23:211][455]LogModuleManager: Shutting down and abandoning module MeshUtilities (128)
[2018.06.04-10.42.23:211][455]LogModuleManager: Shutting down and abandoning module MeshMergeUtilities (127)
[2018.06.04-10.42.23:211][455]LogModuleManager: Shutting down and abandoning module MeshReductionInterface (126)
[2018.06.04-10.42.23:211][455]LogModuleManager: Shutting down and abandoning module SimplygonSwarm (125)
[2018.06.04-10.42.23:211][455]LogModuleManager: Shutting down and abandoning module SimplygonMeshReduction (123)
[2018.06.04-10.42.23:211][455]LogModuleManager: Shutting down and abandoning module QuadricMeshReduction (121)
[2018.06.04-10.42.23:211][455]LogModuleManager: Shutting down and abandoning module MaterialBaking (117)
[2018.06.04-10.42.23:211][455]LogModuleManager: Shutting down and abandoning module DerivedDataCache (112)
[2018.06.04-10.42.23:454][455]LogDerivedDataCache: Shutdown
[2018.06.04-10.42.23:454][455]LogModuleManager: Shutting down and abandoning module XGEController (110)
[2018.06.04-10.42.23:454][455]LogModuleManager: Shutting down and abandoning module TargetPlatform (108)
[2018.06.04-10.42.23:454][455]LogModuleManager: Shutting down and abandoning module VulkanShaderFormat (107)
[2018.06.04-10.42.23:454][455]LogModuleManager: Shutting down and abandoning module ShaderFormatVectorVM (105)
[2018.06.04-10.42.23:454][455]LogModuleManager: Shutting down and abandoning module ShaderFormatOpenGL (103)
[2018.06.04-10.42.23:454][455]LogModuleManager: Shutting down and abandoning module ShaderFormatD3D (101)
[2018.06.04-10.42.23:454][455]LogModuleManager: Shutting down and abandoning module MetalShaderFormat (99)
[2018.06.04-10.42.23:454][455]LogModuleManager: Shutting down and abandoning module TextureFormatUncompressed (97)
[2018.06.04-10.42.23:454][455]LogModuleManager: Shutting down and abandoning module TextureFormatPVR (95)
[2018.06.04-10.42.23:454][455]LogModuleManager: Shutting down and abandoning module TextureFormatDXT (93)
[2018.06.04-10.42.23:454][455]LogModuleManager: Shutting down and abandoning module TextureFormatIntelISPCTexComp (91)
[2018.06.04-10.42.23:454][455]LogModuleManager: Shutting down and abandoning module TextureFormatASTC (89)
[2018.06.04-10.42.23:455][455]LogModuleManager: Shutting down and abandoning module ImageWrapper (88)
[2018.06.04-10.42.23:455][455]LogModuleManager: Shutting down and abandoning module TextureFormatAndroid (85)
[2018.06.04-10.42.23:455][455]LogModuleManager: Shutting down and abandoning module AudioFormatOpus (83)
[2018.06.04-10.42.23:455][455]LogModuleManager: Shutting down and abandoning module AudioFormatOgg (81)
[2018.06.04-10.42.23:455][455]LogModuleManager: Shutting down and abandoning module AudioFormatADPCM (79)
[2018.06.04-10.42.23:455][455]LogModuleManager: Shutting down and abandoning module WindowsTargetPlatform (77)
[2018.06.04-10.42.23:455][455]LogModuleManager: Shutting down and abandoning module WindowsServerTargetPlatform (75)
[2018.06.04-10.42.23:455][455]LogModuleManager: Shutting down and abandoning module WindowsNoEditorTargetPlatform (73)
[2018.06.04-10.42.23:455][455]LogModuleManager: Shutting down and abandoning module WindowsClientTargetPlatform (71)
[2018.06.04-10.42.23:455][455]LogModuleManager: Shutting down and abandoning module InputCore (68)
[2018.06.04-10.42.23:455][455]LogModuleManager: Shutting down and abandoning module Settings (66)
[2018.06.04-10.42.23:455][455]LogModuleManager: Shutting down and abandoning module PhysXCooking (64)
[2018.06.04-10.42.23:455][455]LogModuleManager: Shutting down and abandoning module SteamVR (62)
[2018.06.04-10.42.23:455][455]LogModuleManager: Shutting down and abandoning module OculusHMD (60)
[2018.06.04-10.42.23:455][455]LogModuleManager: Shutting down and abandoning module ExampleDeviceProfileSelector (58)
[2018.06.04-10.42.23:455][455]LogModuleManager: Shutting down and abandoning module AppleARKit (56)
[2018.06.04-10.42.23:455][455]LogModuleManager: Shutting down and abandoning module AugmentedReality (55)
[2018.06.04-10.42.23:455][455]LogModuleManager: Shutting down and abandoning module OnlineBlueprintSupport (52)
[2018.06.04-10.42.23:455][455]LogModuleManager: Shutting down and abandoning module OnlineSubsystem (48)
[2018.06.04-10.42.23:455][455]LogOnline: Display: OSS: FOnlineSubsystemNull::Shutdown()
[2018.06.04-10.42.23:455][455]LogOnline: Display: OSS: FOnlineAsyncTaskManager::Stop() ActiveTask:0000000000000000 Tasks[0/0]
[2018.06.04-10.42.23:455][455]LogOnline: Display: OSS: FOnlineAsyncTaskManager::Exit() started
[2018.06.04-10.42.23:455][455]LogOnline: Display: OSS: FOnlineAsyncTaskManager::Exit() finished
[2018.06.04-10.42.23:456][455]LogModuleManager: Shutting down and abandoning module XMPP (43)
[2018.06.04-10.42.23:456][455]LogModuleManager: Shutting down and abandoning module HTTP (41)
[2018.06.04-10.42.23:467][455]LogModuleManager: Shutting down and abandoning module SSL (40)
[2018.06.04-10.42.23:469][455]LogModuleManager: Shutting down and abandoning module AnimationModifiers (36)
[2018.06.04-10.42.23:469][455]LogModuleManager: Shutting down and abandoning module PropertyEditor (35)
[2018.06.04-10.42.23:469][455]LogModuleManager: Shutting down and abandoning module AudioEditor (32)
[2018.06.04-10.42.23:469][455]LogModuleManager: Shutting down and abandoning module TextureCompressor (30)
[2018.06.04-10.42.23:469][455]LogModuleManager: Shutting down and abandoning module ShaderCore (28)
[2018.06.04-10.42.23:469][455]LogModuleManager: Shutting down and abandoning module Landscape (26)
[2018.06.04-10.42.23:470][455]LogModuleManager: Shutting down and abandoning module SlateRHIRenderer (24)
[2018.06.04-10.42.23:470][455]LogModuleManager: Shutting down and abandoning module OpenGLDrv (22)
[2018.06.04-10.42.23:470][455]LogModuleManager: Shutting down and abandoning module D3D11RHI (20)
[2018.06.04-10.42.23:470][455]LogModuleManager: Shutting down and abandoning module AnimGraphRuntime (18)
[2018.06.04-10.42.23:470][455]LogModuleManager: Shutting down and abandoning module Renderer (16)
[2018.06.04-10.42.23:470][455]LogModuleManager: Shutting down and abandoning module Engine (14)
[2018.06.04-10.42.23:470][455]LogModuleManager: Shutting down and abandoning module CoreUObject (12)
[2018.06.04-10.42.23:470][455]LogModuleManager: Shutting down and abandoning module NetworkFile (10)
[2018.06.04-10.42.23:470][455]LogModuleManager: Shutting down and abandoning module CookedIterativeFile (8)
[2018.06.04-10.42.23:470][455]LogModuleManager: Shutting down and abandoning module StreamingFile (6)
[2018.06.04-10.42.23:470][455]LogModuleManager: Shutting down and abandoning module SandboxFile (4)
[2018.06.04-10.42.23:470][455]LogModuleManager: Shutting down and abandoning module PakFile (2)
[2018.06.04-10.42.23:476][455]LogExit: Exiting.
[2018.06.04-10.42.23:479][455]Log file closed, 06/04/18 06:42:23
