Log file open, 06/23/18 13:53:42
LogWindows: Failed to load 'aqProf.dll' (GetLastError=126)
LogWindows: File 'aqProf.dll' does not exist
LogWindows: Failed to load 'VtuneApi.dll' (GetLastError=126)
LogWindows: File 'VtuneApi.dll' does not exist
LogWindows: Failed to load 'VtuneApi32e.dll' (GetLastError=126)
LogWindows: File 'VtuneApi32e.dll' does not exist
LogInit: Display: Running engine for game: Multiplayer
LogPlatformFile: Not using cached read wrapper
LogInit: Display: RandInit(558806400) SRandInit(558806400).
LogInit: Read version file with build ID '3944462'
LogInit: Overriding engine version to CL 4033788, compatible CL 3944462
LogInit: Registered custom module enumerator with build ID '3944462'
LogTaskGraph: Started task graph with 5 named threads and 23 total threads with 3 sets of task threads.
LogStats: Stats thread started at 0.300644
LogD3D11RHI: Aftermath initialized
LogICUInternationalization: Display: ICU TimeZone Detection - Raw Offset: -5:00, Platform Override: ''
LogModuleManager: Display: Found up-to-date module file ../../../Engine/Plugins/AdvancedSessions/AdvancedSessions/Binaries/Win64/UE4Editor-AdvancedSessions.dll (API version 3944462).
LogModuleManager: Display: Found up-to-date module file ../../../Engine/Plugins/Online/OnlineSubsystem/Binaries/Win64/UE4Editor-OnlineSubsystem.dll (API version 3944462).
LogModuleManager: Display: Found up-to-date module file ../../../Engine/Plugins/Online/OnlineSubsystemUtils/Binaries/Win64/UE4Editor-OnlineSubsystemUtils.dll (API version 3944462).
LogModuleManager: Display: Found up-to-date module file ../../../Engine/Plugins/Online/OnlineSubsystemUtils/Binaries/Win64/UE4Editor-OnlineBlueprintSupport.dll (API version 3944462).
LogModuleManager: Display: Found up-to-date module file ../../../Engine/Plugins/AdvancedSessions/AdvancedSteamSessions/Binaries/Win64/UE4Editor-AdvancedSteamSessions.dll (API version 3944462).
LogModuleManager: Display: Found up-to-date module file ../../../Engine/Plugins/Online/OnlineSubsystemSteam/Binaries/Win64/UE4Editor-OnlineSubsystemSteam.dll (API version 3944462).
LogModuleManager: Display: Found up-to-date module file ../../../Engine/Plugins/2D/Paper2D/Binaries/Win64/UE4Editor-Paper2D.dll (API version 3944462).
LogModuleManager: Display: Found up-to-date module file ../../../Engine/Plugins/2D/Paper2D/Binaries/Win64/UE4Editor-Paper2DEditor.dll (API version 3944462).
LogModuleManager: Display: Found up-to-date module file ../../../Engine/Plugins/2D/Paper2D/Binaries/Win64/UE4Editor-PaperSpriteSheetImporter.dll (API version 3944462).
LogModuleManager: Display: Found up-to-date module file ../../../Engine/Plugins/2D/Paper2D/Binaries/Win64/UE4Editor-PaperTiledImporter.dll (API version 3944462).
LogModuleManager: Display: Found up-to-date module file ../../../Engine/Plugins/2D/Paper2D/Binaries/Win64/UE4Editor-SmartSnapping.dll (API version 3944462).
LogModuleManager: Display: Found up-to-date module file ../../../Engine/Plugins/Blendables/LightPropagationVolume/Binaries/Win64/UE4Editor-LightPropagationVolumeRuntime.dll (API version 3944462).
LogModuleManager: Display: Found up-to-date module file ../../../Engine/Plugins/Blendables/LightPropagationVolume/Binaries/Win64/UE4Editor-LightPropagationVolumeEditor.dll (API version 3944462).
LogModuleManager: Display: Found up-to-date module file ../../../Engine/Plugins/Developer/CLionSourceCodeAccess/Binaries/Win64/UE4Editor-CLionSourceCodeAccess.dll (API version 3944462).
LogModuleManager: Display: Found up-to-date module file ../../../Engine/Plugins/Developer/GitSourceControl/Binaries/Win64/UE4Editor-GitSourceControl.dll (API version 3944462).
LogModuleManager: Display: Found up-to-date module file ../../../Engine/Plugins/Developer/PerforceSourceControl/Binaries/Win64/UE4Editor-PerforceSourceControl.dll (API version 3944462).
LogModuleManager: Display: Found up-to-date module file ../../../Engine/Plugins/Developer/SubversionSourceControl/Binaries/Win64/UE4Editor-SubversionSourceControl.dll (API version 3944462).
LogModuleManager: Display: Found up-to-date module file ../../../Engine/Plugins/Developer/UObjectPlugin/Binaries/Win64/UE4Editor-UObjectPlugin.dll (API version 3944462).
LogModuleManager: Display: Found up-to-date module file ../../../Engine/Plugins/Developer/VisualStudioCodeSourceCodeAccess/Binaries/Win64/UE4Editor-VisualStudioCodeSourceCodeAccess.dll (API version 3944462).
LogModuleManager: Display: Found up-to-date module file ../../../Engine/Plugins/Developer/VisualStudioSourceCodeAccess/Binaries/Win64/UE4Editor-VisualStudioSourceCodeAccess.dll (API version 3944462).
LogModuleManager: Display: Found up-to-date module file ../../../Engine/Plugins/Editor/AssetManagerEditor/Binaries/Win64/UE4Editor-AssetManagerEditor.dll (API version 3944462).
LogModuleManager: Display: Found up-to-date module file ../../../Engine/Plugins/Editor/CryptoKeys/Binaries/Win64/UE4Editor-CryptoKeys.dll (API version 3944462).
LogModuleManager: Display: Found up-to-date module file ../../../Engine/Plugins/Editor/CryptoKeys/Binaries/Win64/UE4Editor-CryptoKeysOpenSSL.dll (API version 3944462).
LogModuleManager: Display: Found up-to-date module file ../../../Engine/Plugins/Editor/DataValidation/Binaries/Win64/UE4Editor-DataValidation.dll (API version 3944462).
LogModuleManager: Display: Found up-to-date module file ../../../Engine/Plugins/Editor/FacialAnimation/Binaries/Win64/UE4Editor-FacialAnimation.dll (API version 3944462).
LogModuleManager: Display: Found up-to-date module file ../../../Engine/Plugins/Editor/FacialAnimation/Binaries/Win64/UE4Editor-FacialAnimationEditor.dll (API version 3944462).
LogModuleManager: Display: Found up-to-date module file ../../../Engine/Plugins/Editor/GameplayTagsEditor/Binaries/Win64/UE4Editor-GameplayTagsEditor.dll (API version 3944462).
LogModuleManager: Display: Found up-to-date module file ../../../Engine/Plugins/Editor/MobileLauncherProfileWizard/Binaries/Win64/UE4Editor-MobileLauncherProfileWizard.dll (API version 3944462).
LogModuleManager: Display: Found up-to-date module file ../../../Engine/Plugins/Editor/PluginBrowser/Binaries/Win64/UE4Editor-PluginBrowser.dll (API version 3944462).
LogModuleManager: Display: Found up-to-date module file ../../../Engine/Plugins/Editor/SpeedTreeImporter/Binaries/Win64/UE4Editor-SpeedTreeImporter.dll (API version 3944462).
LogModuleManager: Display: Found up-to-date module file ../../../Engine/Plugins/Enterprise/DatasmithContent/Binaries/Win64/UE4Editor-DatasmithContent.dll (API version 3944462).
LogModuleManager: Display: Found up-to-date module file ../../../Engine/Plugins/Experimental/AlembicImporter/Binaries/Win64/UE4Editor-AlembicImporter.dll (API version 3944462).
LogModuleManager: Display: Found up-to-date module file ../../../Engine/Plugins/Experimental/AlembicImporter/Binaries/Win64/UE4Editor-AlembicLibrary.dll (API version 3944462).
LogModuleManager: Display: Found up-to-date module file ../../../Engine/Plugins/Experimental/CharacterAI/Binaries/Win64/UE4Editor-CharacterAI.dll (API version 3944462).
LogModuleManager: Display: Found up-to-date module file ../../../Engine/Plugins/Experimental/HTML5Networking/Binaries/Win64/UE4Editor-HTML5Networking.dll (API version 3944462).
LogModuleManager: Display: Found up-to-date module file ../../../Engine/Plugins/Media/AndroidMedia/Binaries/Win64/UE4Editor-AndroidMediaEditor.dll (API version 3944462).
LogModuleManager: Display: Found up-to-date module file ../../../Engine/Plugins/Media/AndroidMedia/Binaries/Win64/UE4Editor-AndroidMediaFactory.dll (API version 3944462).
LogModuleManager: Display: Found up-to-date module file ../../../Engine/Plugins/Media/AvfMedia/Binaries/Win64/UE4Editor-AvfMediaEditor.dll (API version 3944462).
LogModuleManager: Display: Found up-to-date module file ../../../Engine/Plugins/Media/AvfMedia/Binaries/Win64/UE4Editor-AvfMediaFactory.dll (API version 3944462).
LogModuleManager: Display: Found up-to-date module file ../../../Engine/Plugins/Media/AvfMedia/Binaries/Win64/UE4Editor-AvfMediaFactory.dll (API version 3944462).
LogModuleManager: Display: Found up-to-date module file ../../../Engine/Plugins/Media/ImgMedia/Binaries/Win64/UE4Editor-ImgMedia.dll (API version 3944462).
LogModuleManager: Display: Found up-to-date module file ../../../Engine/Plugins/Media/ImgMedia/Binaries/Win64/UE4Editor-ImgMediaEditor.dll (API version 3944462).
LogModuleManager: Display: Found up-to-date module file ../../../Engine/Plugins/Media/ImgMedia/Binaries/Win64/UE4Editor-ImgMediaFactory.dll (API version 3944462).
LogModuleManager: Display: Found up-to-date module file ../../../Engine/Plugins/Media/ImgMedia/Binaries/Win64/UE4Editor-ImgMediaFactory.dll (API version 3944462).
LogModuleManager: Display: Found up-to-date module file ../../../Engine/Plugins/Media/ImgMedia/Binaries/Win64/UE4Editor-OpenExrWrapper.dll (API version 3944462).
LogModuleManager: Display: Found up-to-date module file ../../../Engine/Plugins/Media/LinearTimecode/Binaries/Win64/UE4Editor-LinearTimecode.dll (API version 3944462).
LogModuleManager: Display: Found up-to-date module file ../../../Engine/Plugins/Media/MediaCompositing/Binaries/Win64/UE4Editor-MediaCompositing.dll (API version 3944462).
LogModuleManager: Display: Found up-to-date module file ../../../Engine/Plugins/Media/MediaCompositing/Binaries/Win64/UE4Editor-MediaCompositingEditor.dll (API version 3944462).
LogModuleManager: Display: Found up-to-date module file ../../../Engine/Plugins/Media/MediaPlayerEditor/Binaries/Win64/UE4Editor-MediaPlayerEditor.dll (API version 3944462).
LogModuleManager: Display: Found up-to-date module file ../../../Engine/Plugins/Media/WmfMedia/Binaries/Win64/UE4Editor-WmfMedia.dll (API version 3944462).
LogModuleManager: Display: Found up-to-date module file ../../../Engine/Plugins/Media/WmfMedia/Binaries/Win64/UE4Editor-WmfMediaEditor.dll (API version 3944462).
LogModuleManager: Display: Found up-to-date module file ../../../Engine/Plugins/Media/WmfMedia/Binaries/Win64/UE4Editor-WmfMediaFactory.dll (API version 3944462).
LogModuleManager: Display: Found up-to-date module file ../../../Engine/Plugins/Media/WmfMedia/Binaries/Win64/UE4Editor-WmfMediaFactory.dll (API version 3944462).
LogModuleManager: Display: Found up-to-date module file ../../../Engine/Plugins/Messaging/TcpMessaging/Binaries/Win64/UE4Editor-TcpMessaging.dll (API version 3944462).
LogModuleManager: Display: Found up-to-date module file ../../../Engine/Plugins/Messaging/UdpMessaging/Binaries/Win64/UE4Editor-UdpMessaging.dll (API version 3944462).
LogModuleManager: Display: Found up-to-date module file ../../../Engine/Plugins/MovieScene/ActorSequence/Binaries/Win64/UE4Editor-ActorSequence.dll (API version 3944462).
LogModuleManager: Display: Found up-to-date module file ../../../Engine/Plugins/MovieScene/LevelSequenceEditor/Binaries/Win64/UE4Editor-LevelSequenceEditor.dll (API version 3944462).
LogModuleManager: Display: Found up-to-date module file ../../../Engine/Plugins/MovieScene/MatineeToLevelSequence/Binaries/Win64/UE4Editor-MatineeToLevelSequence.dll (API version 3944462).
LogModuleManager: Display: Found up-to-date module file ../../../Engine/Plugins/NetcodeUnitTest/NetcodeUnitTest/Binaries/Win64/UE4Editor-NetcodeUnitTest.dll (API version 3944462).
LogModuleManager: Display: Found up-to-date module file ../../../Engine/Plugins/NetcodeUnitTest/NUTUnrealEngine4/Binaries/Win64/UE4Editor-NUTUnrealEngine4.dll (API version 3944462).
LogModuleManager: Display: Found up-to-date module file ../../../Engine/Plugins/Runtime/AndroidPermission/Binaries/Win64/UE4Editor-AndroidPermission.dll (API version 3944462).
LogModuleManager: Display: Found up-to-date module file ../../../Engine/Plugins/Online/OnlineSubsystemNull/Binaries/Win64/UE4Editor-OnlineSubsystemNull.dll (API version 3944462).
LogModuleManager: Display: Found up-to-date module file ../../../Engine/Plugins/Runtime/AndroidDeviceProfileSelector/Binaries/Win64/UE4Editor-AndroidDeviceProfileSelector.dll (API version 3944462).
LogModuleManager: Display: Found up-to-date module file ../../../Engine/Plugins/Runtime/AppleARKit/Binaries/Win64/UE4Editor-AppleARKit.dll (API version 3944462).
LogModuleManager: Display: Found up-to-date module file ../../../Engine/Plugins/Runtime/ProceduralMeshComponent/Binaries/Win64/UE4Editor-ProceduralMeshComponent.dll (API version 3944462).
LogModuleManager: Display: Found up-to-date module file ../../../Engine/Plugins/Runtime/ProceduralMeshComponent/Binaries/Win64/UE4Editor-ProceduralMeshComponentEditor.dll (API version 3944462).
LogModuleManager: Display: Found up-to-date module file ../../../Engine/Plugins/Animation/LiveLink/Binaries/Win64/UE4Editor-LiveLink.dll (API version 3944462).
LogModuleManager: Display: Found up-to-date module file ../../../Engine/Plugins/Animation/LiveLink/Binaries/Win64/UE4Editor-LiveLinkEditor.dll (API version 3944462).
LogModuleManager: Display: Found up-to-date module file ../../../Engine/Plugins/Runtime/ArchVisCharacter/Binaries/Win64/UE4Editor-ArchVisCharacter.dll (API version 3944462).
LogModuleManager: Display: Found up-to-date module file ../../../Engine/Plugins/Runtime/AudioCapture/Binaries/Win64/UE4Editor-AudioCapture.dll (API version 3944462).
LogModuleManager: Display: Found up-to-date module file ../../../Engine/Plugins/Runtime/AudioCapture/Binaries/Win64/UE4Editor-AudioCaptureEditor.dll (API version 3944462).
LogModuleManager: Display: Found up-to-date module file ../../../Engine/Plugins/Runtime/CableComponent/Binaries/Win64/UE4Editor-CableComponent.dll (API version 3944462).
LogModuleManager: Display: Found up-to-date module file ../../../Engine/Plugins/Runtime/CustomMeshComponent/Binaries/Win64/UE4Editor-CustomMeshComponent.dll (API version 3944462).
LogModuleManager: Display: Found up-to-date module file ../../../Engine/Plugins/Runtime/ExampleDeviceProfileSelector/Binaries/Win64/UE4Editor-ExampleDeviceProfileSelector.dll (API version 3944462).
LogModuleManager: Display: Found up-to-date module file ../../../Engine/Plugins/Runtime/ImmediatePhysics/Binaries/Win64/UE4Editor-ImmediatePhysics.dll (API version 3944462).
LogModuleManager: Display: Found up-to-date module file ../../../Engine/Plugins/Runtime/ImmediatePhysics/Binaries/Win64/UE4Editor-ImmediatePhysicsEditor.dll (API version 3944462).
LogModuleManager: Display: Found up-to-date module file ../../../Engine/Plugins/Runtime/LocationServicesBPLibrary/Binaries/Win64/UE4Editor-LocationServicesBPLibrary.dll (API version 3944462).
LogModuleManager: Display: Found up-to-date module file ../../../Engine/Plugins/Runtime/MobilePatchingUtils/Binaries/Win64/UE4Editor-MobilePatchingUtils.dll (API version 3944462).
LogModuleManager: Display: Found up-to-date module file ../../../Engine/Plugins/Runtime/Oculus/OculusVR/Binaries/Win64/UE4Editor-OculusHMD.dll (API version 3944462).
LogModuleManager: Display: Found up-to-date module file ../../../Engine/Plugins/Runtime/Oculus/OculusVR/Binaries/Win64/UE4Editor-OculusInput.dll (API version 3944462).
LogModuleManager: Display: Found up-to-date module file ../../../Engine/Plugins/Runtime/Oculus/OculusVR/Binaries/Win64/UE4Editor-OculusEditor.dll (API version 3944462).
LogModuleManager: Display: Found up-to-date module file ../../../Engine/Plugins/Runtime/PhysXVehicles/Binaries/Win64/UE4Editor-PhysXVehicles.dll (API version 3944462).
LogModuleManager: Display: Found up-to-date module file ../../../Engine/Plugins/Runtime/PhysXVehicles/Binaries/Win64/UE4Editor-PhysXVehiclesEditor.dll (API version 3944462).
LogModuleManager: Display: Found up-to-date module file ../../../Engine/Plugins/Runtime/RuntimePhysXCooking/Binaries/Win64/UE4Editor-RuntimePhysXCooking.dll (API version 3944462).
LogModuleManager: Display: Found up-to-date module file ../../../Engine/Plugins/Runtime/Steam/SteamVR/Binaries/Win64/UE4Editor-SteamVR.dll (API version 3944462).
LogModuleManager: Display: Found up-to-date module file ../../../Engine/Plugins/Runtime/Steam/SteamVR/Binaries/Win64/UE4Editor-SteamVRController.dll (API version 3944462).
LogModuleManager: Display: Found up-to-date module file ../../../Engine/Plugins/Runtime/WindowsMoviePlayer/Binaries/Win64/UE4Editor-WindowsMoviePlayer.dll (API version 3944462).
LogPluginManager: Mounting plugin Paper2D
LogPluginManager: Mounting plugin AdvancedSessions
LogPluginManager: Mounting plugin AdvancedSteamSessions
LogPluginManager: Mounting plugin LiveLink
LogPluginManager: Mounting plugin LightPropagationVolume
LogPluginManager: Mounting plugin CLionSourceCodeAccess
LogPluginManager: Mounting plugin CodeLiteSourceCodeAccess
LogPluginManager: Mounting plugin GitSourceControl
LogPluginManager: Mounting plugin KDevelopSourceCodeAccess
LogPluginManager: Mounting plugin NullSourceCodeAccess
LogPluginManager: Mounting plugin PerforceSourceControl
LogPluginManager: Mounting plugin SubversionSourceControl
LogPluginManager: Mounting plugin UObjectPlugin
LogPluginManager: Mounting plugin VisualStudioCodeSourceCodeAccess
LogPluginManager: Mounting plugin VisualStudioSourceCodeAccess
LogPluginManager: Mounting plugin XCodeSourceCodeAccess
LogPluginManager: Mounting plugin AssetManagerEditor
LogPluginManager: Mounting plugin CryptoKeys
LogPluginManager: Mounting plugin DataValidation
LogPluginManager: Mounting plugin FacialAnimation
LogPluginManager: Mounting plugin GameplayTagsEditor
LogPluginManager: Mounting plugin MobileLauncherProfileWizard
LogPluginManager: Mounting plugin PluginBrowser
LogPluginManager: Mounting plugin SpeedTreeImporter
LogPluginManager: Mounting plugin DatasmithContent
LogPluginManager: Mounting plugin AlembicImporter
LogPluginManager: Mounting plugin CharacterAI
LogPluginManager: Mounting plugin HTML5Networking
LogPluginManager: Mounting plugin AndroidMedia
LogPluginManager: Mounting plugin AvfMedia
LogPluginManager: Mounting plugin ImgMedia
LogPluginManager: Mounting plugin LinearTimecode
LogPluginManager: Mounting plugin MediaCompositing
LogPluginManager: Mounting plugin MediaPlayerEditor
LogPluginManager: Mounting plugin WmfMedia
LogPluginManager: Mounting plugin TcpMessaging
LogPluginManager: Mounting plugin UdpMessaging
LogPluginManager: Mounting plugin ActorSequence
LogPluginManager: Mounting plugin LevelSequenceEditor
LogPluginManager: Mounting plugin MatineeToLevelSequence
LogPluginManager: Mounting plugin NetcodeUnitTest
LogPluginManager: Mounting plugin NUTUnrealEngine4
LogPluginManager: Mounting plugin OnlineSubsystemGooglePlay
LogPluginManager: Mounting plugin OnlineSubsystemIOS
LogPluginManager: Mounting plugin OnlineSubsystem
LogPluginManager: Mounting plugin OnlineSubsystemNull
LogPluginManager: Mounting plugin OnlineSubsystemSteam
LogPluginManager: Mounting plugin OnlineSubsystemUtils
LogPluginManager: Mounting plugin AndroidDeviceProfileSelector
LogPluginManager: Mounting plugin AndroidMoviePlayer
LogPluginManager: Mounting plugin AndroidPermission
LogPluginManager: Mounting plugin AppleARKit
LogPluginManager: Mounting plugin AppleMoviePlayer
LogPluginManager: Mounting plugin ArchVisCharacter
LogPluginManager: Mounting plugin AudioCapture
LogPluginManager: Mounting plugin CableComponent
LogPluginManager: Mounting plugin CustomMeshComponent
LogPluginManager: Mounting plugin ExampleDeviceProfileSelector
LogPluginManager: Mounting plugin GoogleCloudMessaging
LogPluginManager: Mounting plugin ImmediatePhysics
LogPluginManager: Mounting plugin IOSDeviceProfileSelector
LogPluginManager: Mounting plugin LinuxDeviceProfileSelector
LogPluginManager: Mounting plugin LocationServicesBPLibrary
LogPluginManager: Mounting plugin MobilePatchingUtils
LogPluginManager: Mounting plugin OculusVR
LogPluginManager: Plugin shader directory ../../../Engine/Plugins/Runtime/Oculus/OculusVR/Shaders found
LogPluginManager: Mapping shader source directory ../../../Engine/Plugins/Runtime/Oculus/OculusVR/Shaders to virtual directory /Plugin/OculusVR
LogPluginManager: Mounting plugin PhysXVehicles
LogPluginManager: Mounting plugin ProceduralMeshComponent
LogPluginManager: Mounting plugin RuntimePhysXCooking
LogPluginManager: Mounting plugin SteamVR
LogPluginManager: Mounting plugin WindowsMoviePlayer
LogStreaming: Display: Took  0.875s to configure plugins.
LogInit: Using libcurl 7.47.1
LogInit:  - built for x86_64-pc-win32
LogInit:  - supports SSL with OpenSSL/1.0.2g
LogInit:  - supports HTTP deflate (compression) using libz 1.2.8
LogInit:  - other features:
LogInit:      CURL_VERSION_SSL
LogInit:      CURL_VERSION_LIBZ
LogInit:      CURL_VERSION_IPV6
LogInit:      CURL_VERSION_ASYNCHDNS
LogInit:      CURL_VERSION_LARGEFILE
LogInit:      CURL_VERSION_IDN
LogInit:  CurlRequestOptions (configurable via config and command line):
LogInit:  - bVerifyPeer = false  - Libcurl will NOT verify peer certificate
LogInit:  - bUseHttpProxy = false  - Libcurl will NOT use HTTP proxy
LogInit:  - bDontReuseConnections = false  - Libcurl will reuse connections
LogInit:  - CertBundlePath = nullptr  - Libcurl will use whatever was configured at build time.
LogInit:  - MaxHostConnections = 16  - Libcurl will limit the number of connections to a host
LogInit:  - LocalHostAddr = Default
LogOnline: Display: STEAM: Loading Steam SDK 1.39
LogOnline: Warning: STEAM: Steam API disabled!
LogOnline: Display: STEAM: OnlineSubsystemSteam::Shutdown()
LogInit: WinSock: version 1.1 (2.2), MaxSocks=32767, MaxUdp=65467
LogInit: WinSock: I am DESKTOP-RR5JK1L (192.168.2.109:0)
LogInit: Build: ++UE4+Release-4.19-CL-4033788
LogInit: Engine Version: 4.19.2-4033788+++UE4+Release-4.19
LogInit: Compatible Engine Version: 4.19.0-3944462+++UE4+Release-4.19
LogInit: Net CL: 3944462
LogDevObjectVersion: Number of dev versions registered: 18
LogDevObjectVersion:   Dev-Blueprints (B0D832E4-1F89-4F0D-ACCF-7EB736FD4AA2): 10
LogDevObjectVersion:   Dev-Build (E1C64328-A22C-4D53-A36C-8E866417BD8C): 0
LogDevObjectVersion:   Dev-Core (375EC13C-06E4-48FB-B500-84F0262A717E): 2
LogDevObjectVersion:   Dev-Editor (E4B068ED-F494-42E9-A231-DA0B2E46BB41): 23
LogDevObjectVersion:   Dev-Framework (CFFC743F-43B0-4480-9391-14DF171D2073): 33
LogDevObjectVersion:   Dev-Mobile (B02B49B5-BB20-44E9-A304-32B752E40360): 2
LogDevObjectVersion:   Dev-Networking (A4E4105C-59A1-49B5-A7C5-40C4547EDFEE): 0
LogDevObjectVersion:   Dev-Online (39C831C9-5AE6-47DC-9A44-9C173E1C8E7C): 0
LogDevObjectVersion:   Dev-Physics (78F01B33-EBEA-4F98-B9B4-84EACCB95AA2): 0
LogDevObjectVersion:   Dev-Platform (6631380F-2D4D-43E0-8009-CF276956A95A): 0
LogDevObjectVersion:   Dev-Rendering (12F88B9F-8875-4AFC-A67C-D90C383ABD29): 25
LogDevObjectVersion:   Dev-Sequencer (7B5AE74C-D270-4C10-A958-57980B212A5A): 6
LogDevObjectVersion:   Dev-VR (D7296918-1DD6-4BDD-9DE2-64A83CC13884): 1
LogDevObjectVersion:   Dev-LoadTimes (C2A15278-BFE7-4AFE-6C17-90FF531DF755): 1
LogDevObjectVersion:   Private-Geometry (6EACA3D4-40EC-4CC1-B786-8BED09428FC5): 2
LogDevObjectVersion:   Dev-AnimPhys (29E575DD-E0A3-4627-9D10-D276232CDCEA): 16
LogDevObjectVersion:   Dev-ReflectionCapture (6B266CEC-1EC7-4B8F-A30B-E4D90942FC07): 1
LogDevObjectVersion:   Dev-Automation (0DF73D61-A23F-47EA-B727-89E90C41499A): 1
LogInit: Compiled (64-bit): Apr 27 2018 02:06:57
LogInit: Compiled with Visual C++: 19.00.24215.01
LogInit: Build Configuration: Development
LogInit: Branch Name: ++UE4+Release-4.19
LogInit: Command Line: 
LogInit: Base Directory: D:/Program Files/Epic Games/UE_4.19/Engine/Binaries/Win64/
LogInit: Installed Engine Build: 1
LogStreaming: Display: Took  0.001s to delete old logs.
LogInit: Presizing for max 8388607 objects, including 0 objects not considered by GC, pre-allocating 0 bytes for permanent pool.
LogInit: Object subsystem initialized
[2018.06.23-17.53.44:094][  0]LogInit: Selected Device Profile: [Windows]
[2018.06.23-17.53.44:094][  0]LogInit: Applying CVar settings loaded from the selected device profile: [Windows]
[2018.06.23-17.53.44:109][  0]LogInit: Computer: DESKTOP-RR5JK1L
[2018.06.23-17.53.44:109][  0]LogInit: User: Jr
[2018.06.23-17.53.44:109][  0]LogInit: CPU Page size=4096, Cores=4
[2018.06.23-17.53.44:109][  0]LogInit: High frequency timer resolution =2.531250 MHz
[2018.06.23-17.53.44:109][  0]LogMemory: Memory total: Physical=15.9GB (16GB approx)
[2018.06.23-17.53.44:109][  0]LogMemory: Platform Memory Stats for Windows
[2018.06.23-17.53.44:109][  0]LogMemory: Process Physical Memory: 275.13 MB used, 275.13 MB peak
[2018.06.23-17.53.44:109][  0]LogMemory: Process Virtual Memory: 265.21 MB used, 265.21 MB peak
[2018.06.23-17.53.44:109][  0]LogMemory: Physical Memory: 6481.08 MB used,  9774.24 MB free, 16255.32 MB total
[2018.06.23-17.53.44:109][  0]LogMemory: Virtual Memory: 4796.01 MB used,  9774.24 MB free, 134217728.00 MB total
[2018.06.23-17.53.44:453][  0]LogInit: Using OS detected language (en-US).
[2018.06.23-17.53.44:453][  0]LogInit: Using OS detected locale (en-CA).
[2018.06.23-17.53.44:456][  0]LogTextLocalizationManager: No specific localization for 'en-US' exists, so the 'en' localization will be used.
[2018.06.23-17.53.44:949][  0]LogStreaming: Display: Took  0.495s to EndInitTextLocalization.
[2018.06.23-17.53.44:949][  0]LogInit: Setting process to per monitor DPI aware
[2018.06.23-17.53.45:003][  0]LogSlate: New Slate User Created.  User Index 0, Is Virtual User: 0
[2018.06.23-17.53.45:003][  0]LogSlate: Slate User Registered.  User Index 0, Is Virtual User: 0
[2018.06.23-17.53.45:220][  0]LogD3D11RHI: D3D11 adapters:
[2018.06.23-17.53.45:231][  0]LogD3D11RHI:    0. 'Intel(R) HD Graphics 530' (Feature Level 11_0)
[2018.06.23-17.53.45:231][  0]LogD3D11RHI:       128/0/8127 MB DedicatedVideo/DedicatedSystem/SharedSystem, Outputs:1, VendorId:0x8086
[2018.06.23-17.53.46:327][  0]LogD3D11RHI:    1. 'NVIDIA GeForce GTX 1070' (Feature Level 11_0)
[2018.06.23-17.53.46:327][  0]LogD3D11RHI:       8082/0/8127 MB DedicatedVideo/DedicatedSystem/SharedSystem, Outputs:0, VendorId:0x10de
[2018.06.23-17.53.46:329][  0]LogD3D11RHI:    2. 'Microsoft Basic Render Driver' (Feature Level 11_0)
[2018.06.23-17.53.46:329][  0]LogD3D11RHI:       0/0/8127 MB DedicatedVideo/DedicatedSystem/SharedSystem, Outputs:0, VendorId:0x1414
[2018.06.23-17.53.46:329][  0]LogD3D11RHI: Chosen D3D11 Adapter: 1
[2018.06.23-17.53.46:339][  0]LogD3D11RHI: Creating new Direct3DDevice
[2018.06.23-17.53.46:339][  0]LogD3D11RHI:     GPU DeviceId: 0x1ba1 (for the marketing name, search the web for "GPU Device Id")
[2018.06.23-17.53.46:339][  0]LogWindows: EnumDisplayDevices:
[2018.06.23-17.53.46:339][  0]LogWindows:    0. 'Intel(R) HD Graphics 530' (P:1 D:1)
[2018.06.23-17.53.46:339][  0]LogWindows:    1. 'Intel(R) HD Graphics 530' (P:0 D:0)
[2018.06.23-17.53.46:339][  0]LogWindows:    2. 'Intel(R) HD Graphics 530' (P:0 D:0)
[2018.06.23-17.53.46:339][  0]LogWindows:    3. 'NVIDIA GeForce GTX 1070' (P:0 D:0)
[2018.06.23-17.53.46:339][  0]LogWindows:    4. 'NVIDIA GeForce GTX 1070' (P:0 D:0)
[2018.06.23-17.53.46:340][  0]LogWindows:    5. 'NVIDIA GeForce GTX 1070' (P:0 D:0)
[2018.06.23-17.53.46:340][  0]LogWindows:    6. 'NVIDIA GeForce GTX 1070' (P:0 D:0)
[2018.06.23-17.53.46:340][  0]LogWindows: DebugString: GetVideoDriverDetailsInvalid PrimaryIsNotTheChoosenAdapter GetVideoDriverDetailsInvalid PrimaryIsNotTheChoosenAdapter GetVideoDriverDetailsInvalid PrimaryIsNotTheChoosenAdapter GetVideoDriverDetailsInvalid PrimaryIsNotTheChoosenAdapter GetVideoDriverDetailsInvalid PrimaryIsNotTheChoosenAdapter GetVideoDriverDetailsInvalid PrimaryIsNotTheChoosenAdapter GetVideoDriverDetailsInvalid PrimaryIsNotTheChoosenAdapter FoundDriverCount:0 
[2018.06.23-17.53.46:340][  0]LogD3D11RHI:     Adapter Name: NVIDIA GeForce GTX 1070
[2018.06.23-17.53.46:340][  0]LogD3D11RHI:   Driver Version: Unknown (internal:Unknown, unified:Unknown)
[2018.06.23-17.53.46:340][  0]LogD3D11RHI:      Driver Date: Unknown
[2018.06.23-17.53.46:340][  0]LogRHI: Texture pool is 5657 MB (70% of 8082 MB)
[2018.06.23-17.53.46:392][  0]LogD3D11RHI: [Aftermath] Aftermath enabled and primed
[2018.06.23-17.53.46:392][  0]LogD3D11RHI: [Aftermath] Aftermath enabled and primed
[2018.06.23-17.53.46:392][  0]LogD3D11RHI: Async texture creation enabled
[2018.06.23-17.53.46:515][  0]LogD3D11RHI: GPU Timing Frequency: 1000.000000 (Debug: 2 2)
[2018.06.23-17.53.46:515][  0]LogShaderCompilers: Guid format shader working directory is -9 characters bigger than the processId version (../../../../../../Users/Jr/Documents/GitHub/UberBall/Intermediate/Shaders/WorkingDirectory/8944/).
[2018.06.23-17.53.46:515][  0]LogShaderCompilers: Cleaned the shader compiler working directory 'C:/Users/Jr/AppData/Local/Temp/UnrealShaderWorkingDir/CD77B9DE48B9BD2EB747A08FECCB1A3D/'.
[2018.06.23-17.53.46:763][  0]LogTemp: Display: Loaded TP AllDesktopTargetPlatform
[2018.06.23-17.53.46:777][  0]LogTemp: Display: Loaded TP MacClientTargetPlatform
[2018.06.23-17.53.46:791][  0]LogTemp: Display: Loaded TP MacNoEditorTargetPlatform
[2018.06.23-17.53.46:804][  0]LogTemp: Display: Loaded TP MacServerTargetPlatform
[2018.06.23-17.53.46:819][  0]LogTemp: Display: Loaded TP MacTargetPlatform
[2018.06.23-17.53.46:834][  0]LogTemp: Display: Loaded TP WindowsClientTargetPlatform
[2018.06.23-17.53.46:850][  0]LogTemp: Display: Loaded TP WindowsNoEditorTargetPlatform
[2018.06.23-17.53.46:863][  0]LogTemp: Display: Loaded TP WindowsServerTargetPlatform
[2018.06.23-17.53.46:869][  0]LogTemp: Display: Loaded TP WindowsTargetPlatform
[2018.06.23-17.53.46:883][  0]LogTemp: Display: Loaded TP Android_ASTCTargetPlatform
[2018.06.23-17.53.46:895][  0]LogTemp: Display: Loaded TP Android_ATCTargetPlatform
[2018.06.23-17.53.46:908][  0]LogTemp: Display: Loaded TP Android_DXTTargetPlatform
[2018.06.23-17.53.46:921][  0]LogTemp: Display: Loaded TP Android_ETC1aTargetPlatform
[2018.06.23-17.53.46:934][  0]LogTemp: Display: Loaded TP Android_ETC1TargetPlatform
[2018.06.23-17.53.46:948][  0]LogTemp: Display: Loaded TP Android_ETC2TargetPlatform
[2018.06.23-17.53.46:976][  0]LogTemp: Display: Loaded TP Android_MultiTargetPlatform
[2018.06.23-17.53.46:976][  0]LogTemp: Display: Loaded TP Android_PVRTCTargetPlatform
[2018.06.23-17.53.46:988][  0]LogTemp: Display: Loaded TP AndroidTargetPlatform
[2018.06.23-17.53.46:988][  0]LogTemp: Display: Loaded TP HTML5TargetPlatform
[2018.06.23-17.53.47:027][  0]LogTemp: Display: Loaded TP IOSTargetPlatform
[2018.06.23-17.53.47:039][  0]LogTemp: Display: Loaded TP TVOSTargetPlatform
[2018.06.23-17.53.47:053][  0]LogTemp: Display: Loaded TP LinuxClientTargetPlatform
[2018.06.23-17.53.47:066][  0]LogTemp: Display: Loaded TP LinuxNoEditorTargetPlatform
[2018.06.23-17.53.47:079][  0]LogTemp: Display: Loaded TP LinuxServerTargetPlatform
[2018.06.23-17.53.47:092][  0]LogTemp: Display: Loaded TP LinuxTargetPlatform
[2018.06.23-17.53.47:092][  0]LogTargetPlatformManager: Display: Building Assets For Windows
[2018.06.23-17.53.47:195][  0]LogXGEController: Cleaning working directory: C:/Users/Jr/AppData/Local/Temp/UnrealXGEWorkingDir/
[2018.06.23-17.53.47:196][  0]LogXGEController: Cannot use XGE Controller as Incredibuild is not installed on this machine.
[2018.06.23-17.53.47:196][  0]LogShaderCompilers: Cannot use XGE Shader Compiler as Incredibuild is not installed on this machine.
[2018.06.23-17.53.47:196][  0]LogShaderCompilers: Display: Using Local Shader Compiler.
[2018.06.23-17.53.47:938][  0]LogDerivedDataCache: Display: Max Cache Size: 512 MB
[2018.06.23-17.53.48:016][  0]LogDerivedDataCache: Loaded boot cache 0.08s 74MB C:/Users/Jr/AppData/Local/UnrealEngine/4.19/DerivedDataCache/Boot.ddc.
[2018.06.23-17.53.48:016][  0]LogDerivedDataCache: Display: Loaded Boot cache: C:/Users/Jr/AppData/Local/UnrealEngine/4.19/DerivedDataCache/Boot.ddc
[2018.06.23-17.53.48:016][  0]LogDerivedDataCache: FDerivedDataBackendGraph:  Pak pak cache file ../../../../../../Users/Jr/Documents/GitHub/UberBall/DerivedDataCache/DDC.ddp not found, will not use a pak cache.
[2018.06.23-17.53.48:016][  0]LogDerivedDataCache: Unable to find inner node Pak for hierarchical cache Hierarchy.
[2018.06.23-17.53.48:016][  0]LogDerivedDataCache: FDerivedDataBackendGraph:  CompressedPak pak cache file ../../../../../../Users/Jr/Documents/GitHub/UberBall/DerivedDataCache/Compressed.ddp not found, will not use a pak cache.
[2018.06.23-17.53.48:016][  0]LogDerivedDataCache: Unable to find inner node CompressedPak for hierarchical cache Hierarchy.
[2018.06.23-17.53.48:033][  0]LogDerivedDataCache: Display: Pak cache opened for reading ../../../Engine/DerivedDataCache/Compressed.ddp.
[2018.06.23-17.53.48:046][  0]LogDerivedDataCache: Using Local data cache path C:/Users/Jr/AppData/Local/UnrealEngine/Common/DerivedDataCache: Writable
[2018.06.23-17.53.48:046][  0]LogDerivedDataCache: Shared data cache path not found in *engine.ini, will not use an Shared cache.
[2018.06.23-17.53.48:046][  0]LogDerivedDataCache: Unable to find inner node Shared for hierarchical cache Hierarchy.
[2018.06.23-17.53.48:059][  0]LogMaterial: Verifying Global Shaders for PCD3D_SM5
[2018.06.23-17.53.48:059][  0]LogSlate: Using Freetype 2.6.0
[2018.06.23-17.53.48:060][  0]LogSlate: SlateFontCache - WITH_FREETYPE: 1, WITH_HARFBUZZ: 1
[2018.06.23-17.53.48:060][  0]LogSlate: SlateFontCache - WITH_FREETYPE: 1, WITH_HARFBUZZ: 1
[2018.06.23-17.53.48:188][  0]LogAssetRegistry: FAssetRegistry took 0.0263 seconds to start up
[2018.06.23-17.53.48:527][  0]LogInit: Selected Device Profile: [Windows]
[2018.06.23-17.53.48:678][  0]LogSimplygon: Simplygon DLL not present - disabling.
[2018.06.23-17.53.48:680][  0]LogMeshReduction: Using SimplygonSwarm for distributed automatic mesh merging
[2018.06.23-17.53.48:680][  0]LogMeshReduction: Using QuadricMeshReduction for automatic static mesh reduction
[2018.06.23-17.53.48:680][  0]LogMeshReduction: No automatic skeletal mesh reduction module available
[2018.06.23-17.53.48:680][  0]LogMeshReduction: No automatic mesh merging module available
[2018.06.23-17.53.48:680][  0]LogMeshMerging: No automatic mesh merging module available
[2018.06.23-17.53.48:718][  0]LogNetVersion: Multiplayer , NetCL: 3944462, EngineNetVer: 2, GameNetVer: 0 (Checksum: 567265365)
[2018.06.23-17.53.49:266][  0]LogPackageLocalizationCache: Processed 9 localized package path(s) for 2 prioritized culture(s) in 0.077158 seconds
[2018.06.23-17.53.49:273][  0]LogUObjectArray: 36735 objects as part of root set at end of initial load.
[2018.06.23-17.53.49:273][  0]LogUObjectAllocator: 7528576 out of 0 bytes used by permanent object pool.
[2018.06.23-17.53.49:273][  0]LogUObjectArray: CloseDisregardForGC: 0/0 objects in disregard for GC pool
[2018.06.23-17.53.51:191][  0]LogTcpMessaging: Initializing TcpMessaging bridge
[2018.06.23-17.53.51:217][  0]LogUdpMessaging: Initializing bridge on interface 0.0.0.0:0 to multicast group 230.0.0.1:6666.
[2018.06.23-17.53.51:545][  0]SourceControl: Source control is disabled
[2018.06.23-17.53.51:545][  0]SourceControl: Source control is disabled
[2018.06.23-17.53.51:560][  0]SourceControl: Source control is disabled
[2018.06.23-17.53.51:577][  0]SourceControl: Source control is disabled
[2018.06.23-17.53.52:003][  0]LogAndroidPermission: UAndroidPermissionCallbackProxy::GetInstance
[2018.06.23-17.53.52:149][  0]LogOcInput: OculusInput pre-init called
[2018.06.23-17.53.52:259][  0]LogEngine: Initializing Engine...
[2018.06.23-17.53.52:260][  0]LogHMD: Failed to initialize OpenVR with code 110
[2018.06.23-17.53.52:263][  0]LogStats: UGameplayTagsManager::ConstructGameplayTagTree: Construct from data asset -  0.000 s
[2018.06.23-17.53.52:263][  0]LogStats: UGameplayTagsManager::ConstructGameplayTagTree: GameplayTagTreeChangedEvent.Broadcast -  0.000 s
[2018.06.23-17.53.52:504][  0]LogAIModule: Creating AISystem for world Untitled
[2018.06.23-17.53.52:591][  0]LogInit: XAudio2 using 'Speakers / Headphones (Realtek Audio)' : 6 channels at 48 kHz using 32 bits per sample (channel mask 0x3f)
[2018.06.23-17.53.53:085][  0]LogInit: FAudioDevice initialized.
[2018.06.23-17.53.53:178][  0]LogDerivedDataCache: Saved boot cache 0.09s 74MB C:/Users/Jr/AppData/Local/UnrealEngine/4.19/DerivedDataCache/Boot.ddc.
[2018.06.23-17.53.53:185][  0]LogInit: Texture streaming: Enabled
[2018.06.23-17.53.53:200][  0]LogEngineSessionManager: EngineSessionManager initialized
[2018.06.23-17.53.53:200][  0]LogEngineSessionManager: EngineSessionManager sent abnormal shutdown report. Type=Crashed, SessionId={0DE67863-4EF4-D3F1-540B-7CB42676BA83}
[2018.06.23-17.53.53:212][  0]LogInit: Transaction tracking system initialized
[2018.06.23-17.53.53:232][  0]BlueprintLog: New page: Editor Load
[2018.06.23-17.53.53:300][  0]LocalizationService: Localization service is disabled
[2018.06.23-17.53.53:407][  0]LogConsoleResponse: Display: 
[2018.06.23-17.53.53:572][  0]LogCook: Display: Max memory allowance for cook 16384mb min free memory 0mb
[2018.06.23-17.53.53:572][  0]LogCook: Display: Mobile HDR setting 1
[2018.06.23-17.53.53:572][  0]LogGameplayTags: Display: UGameplayTagsManager::DoneAddingNativeTags. DelegateIsBound: 0
[2018.06.23-17.53.53:572][  0]LogStats: UGameplayTagsManager::ConstructGameplayTagTree: Construct from data asset -  0.000 s
[2018.06.23-17.53.53:572][  0]LogStats: UGameplayTagsManager::ConstructGameplayTagTree: GameplayTagTreeChangedEvent.Broadcast -  0.000 s
[2018.06.23-17.53.53:911][  0]LogFileCache: Scanning file cache for directory 'D:/Users/Jr/Documents/GitHub/UberBall/Content/' took 0.02s
[2018.06.23-17.53.53:911][  0]SourceControl: Source control is disabled
[2018.06.23-17.53.53:911][  0]Cmd: MAP LOAD FILE="../../../../../../Users/Jr/Documents/GitHub/UberBall/Content/Maps/MainMenu.umap" TEMPLATE=0 SHOWPROGRESS=1 FEATURELEVEL=3
[2018.06.23-17.53.53:911][  0]LightingResults: New page: Lighting Build
[2018.06.23-17.53.53:913][  0]MapCheck: New page: Map Check
[2018.06.23-17.53.53:913][  0]LightingResults: New page: Lighting Build
[2018.06.23-17.53.53:960][  0]LogUObjectGlobals: Created PersistentFrame Addr=0x00000203ff926500, Size=648, Default__GameInfoInstance_C Function /Game/BluePrints/AllLevels/GameInfoInstance.GameInfoInstance_C:ExecuteUbergraph_GameInfoInstance
[2018.06.23-17.53.53:974][  0]LogUObjectGlobals: Created PersistentFrame Addr=0x000002038340ffd8, Size=40, Default__ErrorDialog_C Function /Game/UI/MainMenu/ErrorDialog.ErrorDialog_C:ExecuteUbergraph_ErrorDialog
[2018.06.23-17.53.53:987][  0]LogUObjectGlobals: Created PersistentFrame Addr=0x0000020383459da0, Size=80, Default__HostMenu_C Function /Game/UI/MainMenu/HostMenu.HostMenu_C:ExecuteUbergraph_HostMenu
[2018.06.23-17.53.54:002][  0]LogUObjectGlobals: Created PersistentFrame Addr=0x000002038340fe98, Size=40, Default__MainMenu_C Function /Game/UI/MainMenu/MainMenu.MainMenu_C:ExecuteUbergraph_MainMenu
[2018.06.23-17.53.54:023][  0]LogUObjectGlobals: Created PersistentFrame Addr=0x0000020382804c60, Size=104, Default__OptionsMenu_C Function /Game/UI/MainMenu/OptionsMenu.OptionsMenu_C:ExecuteUbergraph_OptionsMenu
[2018.06.23-17.53.54:026][  0]LogLinker: Can't find file '/Game/Blueprints/Characters/0_Base'
[2018.06.23-17.53.54:026][  0]LogLinker: Can't find file '/Game/Blueprints/Characters/0_Base'
[2018.06.23-17.53.54:041][  0]LogUObjectGlobals: Created PersistentFrame Addr=0x0000020383405a80, Size=608, Default__ServerMenu_C Function /Game/UI/MainMenu/ServerMenu.ServerMenu_C:ExecuteUbergraph_ServerMenu
[2018.06.23-17.53.54:096][  0]LogUObjectGlobals: Destroyed PersistentFrame Addr=0x00000203ff926500, Size=648
[2018.06.23-17.53.54:096][  0]LogUObjectGlobals: Created PersistentFrame Addr=0x0000020383080a00, Size=648, Default__GameInfoInstance_C Function /Engine/Transient.REINST_GameInfoInstance_C_3:ExecuteUbergraph_GameInfoInstance
[2018.06.23-17.53.54:098][  0]LogUObjectGlobals: Destroyed PersistentFrame Addr=0x000002038340ffd8, Size=40
[2018.06.23-17.53.54:099][  0]LogUObjectGlobals: Created PersistentFrame Addr=0x000002038340ffd8, Size=40, Default__ErrorDialog_C Function /Engine/Transient.REINST_ErrorDialog_C_0:ExecuteUbergraph_ErrorDialog
[2018.06.23-17.53.54:099][  0]LogUObjectGlobals: Destroyed PersistentFrame Addr=0x0000020383459da0, Size=80
[2018.06.23-17.53.54:099][  0]LogUObjectGlobals: Created PersistentFrame Addr=0x0000020382f61350, Size=80, Default__HostMenu_C Function /Engine/Transient.REINST_HostMenu_C_1:ExecuteUbergraph_HostMenu
[2018.06.23-17.53.54:100][  0]LogUObjectGlobals: Destroyed PersistentFrame Addr=0x000002038340fe98, Size=40
[2018.06.23-17.53.54:100][  0]LogUObjectGlobals: Created PersistentFrame Addr=0x000002038340fe98, Size=40, Default__MainMenu_C Function /Engine/Transient.REINST_MainMenu_C_3:ExecuteUbergraph_MainMenu
[2018.06.23-17.53.54:100][  0]LogUObjectGlobals: Destroyed PersistentFrame Addr=0x0000020382804c60, Size=104
[2018.06.23-17.53.54:100][  0]LogUObjectGlobals: Created PersistentFrame Addr=0x0000020382f49d70, Size=104, Default__OptionsMenu_C Function /Engine/Transient.REINST_OptionsMenu_C_4:ExecuteUbergraph_OptionsMenu
[2018.06.23-17.53.54:101][  0]LogUObjectGlobals: Destroyed PersistentFrame Addr=0x0000020383405a80, Size=608
[2018.06.23-17.53.54:101][  0]LogUObjectGlobals: Created PersistentFrame Addr=0x0000020382f6dd00, Size=608, Default__ServerMenu_C Function /Engine/Transient.REINST_ServerMenu_C_5:ExecuteUbergraph_ServerMenu
[2018.06.23-17.53.54:146][  0]LogUObjectGlobals: Created PersistentFrame Addr=0x0000020382c60a00, Size=648, Default__GameInfoInstance_C Function /Game/BluePrints/AllLevels/GameInfoInstance.GameInfoInstance_C:ExecuteUbergraph_GameInfoInstance
[2018.06.23-17.53.54:149][  0]LogUObjectGlobals: Created PersistentFrame Addr=0x000002038340df08, Size=40, Default__ErrorDialog_C Function /Game/UI/MainMenu/ErrorDialog.ErrorDialog_C:ExecuteUbergraph_ErrorDialog
[2018.06.23-17.53.54:151][  0]LogUObjectGlobals: Created PersistentFrame Addr=0x0000020382aeb6a0, Size=80, Default__HostMenu_C Function /Game/UI/MainMenu/HostMenu.HostMenu_C:ExecuteUbergraph_HostMenu
[2018.06.23-17.53.54:152][  0]LogUObjectGlobals: Created PersistentFrame Addr=0x000002038340e818, Size=40, Default__MainMenu_C Function /Game/UI/MainMenu/MainMenu.MainMenu_C:ExecuteUbergraph_MainMenu
[2018.06.23-17.53.54:155][  0]LogUObjectGlobals: Created PersistentFrame Addr=0x0000020382aa6f60, Size=104, Default__OptionsMenu_C Function /Game/UI/MainMenu/OptionsMenu.OptionsMenu_C:ExecuteUbergraph_OptionsMenu
[2018.06.23-17.53.54:159][  0]LogUObjectGlobals: Created PersistentFrame Addr=0x0000020382b55300, Size=608, Default__ServerMenu_C Function /Game/UI/MainMenu/ServerMenu.ServerMenu_C:ExecuteUbergraph_ServerMenu
[2018.06.23-17.53.54:177][  0]LogUObjectGlobals: Created PersistentFrame Addr=0x0000020382a5ba80, Size=32, Default__MainMenu_C Function /Game/Maps/MainMenu.MainMenu_C:ExecuteUbergraph_MainMenu
[2018.06.23-17.53.54:178][  0]LogUObjectGlobals: Destroyed PersistentFrame Addr=0x0000020382a5ba80, Size=32
[2018.06.23-17.53.54:178][  0]LogUObjectGlobals: Created PersistentFrame Addr=0x0000020382a5ba80, Size=32, MainMenu_C_0 Function /Engine/Transient.REINST_MainMenu_C_13:ExecuteUbergraph_MainMenu
[2018.06.23-17.53.54:179][  0]LogUObjectGlobals: Created PersistentFrame Addr=0x0000020382a5b2c0, Size=32, Default__MainMenu_C Function /Game/Maps/MainMenu.MainMenu_C:ExecuteUbergraph_MainMenu
[2018.06.23-17.53.54:340][  0]LogAIModule: Creating AISystem for world MainMenu
[2018.06.23-17.53.54:341][  0]LogEditorServer: Finished looking for orphan Actors (0.000 secs)
[2018.06.23-17.53.54:357][  0]LogUObjectGlobals: Destroyed PersistentFrame Addr=0x0000020383080a00, Size=648
[2018.06.23-17.53.54:357][  0]LogUObjectGlobals: Destroyed PersistentFrame Addr=0x000002038340ffd8, Size=40
[2018.06.23-17.53.54:357][  0]LogUObjectGlobals: Destroyed PersistentFrame Addr=0x0000020382f61350, Size=80
[2018.06.23-17.53.54:357][  0]LogUObjectGlobals: Destroyed PersistentFrame Addr=0x000002038340fe98, Size=40
[2018.06.23-17.53.54:357][  0]LogUObjectGlobals: Destroyed PersistentFrame Addr=0x0000020382f49d70, Size=104
[2018.06.23-17.53.54:357][  0]LogUObjectGlobals: Destroyed PersistentFrame Addr=0x0000020382f6dd00, Size=608
[2018.06.23-17.53.54:357][  0]LogUObjectGlobals: Destroyed PersistentFrame Addr=0x0000020382a5ba80, Size=32
[2018.06.23-17.53.54:358][  0]Cmd: MAP CHECKDEP NOCLEARLOG
[2018.06.23-17.53.54:406][  0]MapCheck: Map check complete: 0 Error(s), 0 Warning(s), took 49.451ms to complete.
[2018.06.23-17.53.54:407][  0]LogFileHelpers: Loading map 'MainMenu' took 0.497
[2018.06.23-17.53.54:578][  0]LogCollectionManager: Loaded 0 collections in 0.001231 seconds
[2018.06.23-17.53.54:619][  0]LogFileCache: Scanning file cache for directory 'D:/Users/Jr/Documents/GitHub/UberBall/Saved/Collections/' took 0.01s
[2018.06.23-17.53.54:619][  0]LogFileCache: Scanning file cache for directory 'D:/Users/Jr/Documents/GitHub/UberBall/Content/Developers/Jr/Collections/' took 0.01s
[2018.06.23-17.53.54:619][  0]LogFileCache: Scanning file cache for directory 'D:/Users/Jr/Documents/GitHub/UberBall/Content/Collections/' took 0.01s
[2018.06.23-17.53.54:619][  0]LogCollectionManager: Rebuilt the GUID cache for 0 collections in 0.000000 seconds
[2018.06.23-17.53.54:631][  0]LogContentBrowser: Native class hierarchy populated in 0.0116 seconds. Added 2477 classes and 567 folders.
[2018.06.23-17.53.54:636][  0]LogContentBrowser: Native class hierarchy updated for 'WidgetCarousel' in 0.0002 seconds. Added 0 classes and 0 folders.
[2018.06.23-17.53.54:683][  0]LogContentBrowser: Native class hierarchy updated for 'AddContentDialog' in 0.0002 seconds. Added 0 classes and 0 folders.
[2018.06.23-17.53.54:688][  0]LogContentBrowser: Native class hierarchy updated for 'SceneOutliner' in 0.0002 seconds. Added 1 classes and 2 folders.
[2018.06.23-17.53.56:207][  0]LogSlate: Only BGRA pngs, bmps or icos are supported in by External Image Picker
[2018.06.23-17.53.56:233][  0]LogDirectoryWatcher: Warning: Failed to begin reading directory changes for ../../../../../../Users/Jr/Documents/GitHub/UberBall/Plugins/. Error: The system cannot find the file specified. (0x00000002)
[2018.06.23-17.53.56:238][  0]LogSlate: Took 0.000228 seconds to synchronously load lazily loaded font '../../../Engine/Content/Slate/Fonts/Roboto-Regular.ttf' (155K)
[2018.06.23-17.53.56:242][  0]LogSlate: Took 0.000235 seconds to synchronously load lazily loaded font '../../../Engine/Content/Slate/Fonts/Roboto-Bold.ttf' (160K)
[2018.06.23-17.53.56:254][  0]LogSlate: Took 0.000211 seconds to synchronously load lazily loaded font '../../../Engine/Content/Editor/Slate/Fonts/FontAwesome.ttf' (139K)
[2018.06.23-17.53.56:452][  0]LogTemp: Executing iPhonePackager certificates Engine -bundlename com.YourCompany.Multiplayer
[2018.06.23-17.53.56:452][  0]LogTemp: CWD: D:\Program Files\Epic Games\UE_4.19\Engine\Binaries\DotNET\IOS
[2018.06.23-17.53.56:452][  0]LogTemp: Initial Dir: D:\Program Files\Epic Games\UE_4.19
[2018.06.23-17.53.56:452][  0]LogTemp: Env CWD: D:\Program Files\Epic Games\UE_4.19\Engine\Binaries\DotNET\IOS
[2018.06.23-17.53.56:452][  0]LogTemp: BranchPath = DESKTOP-RR5JK1L/D/Program Files/Epic Games/UE_4.19/Engine/Binaries --- GameBranchPath = DESKTOP-RR5JK1L/D/Program Files/Epic Games/UE_4.19/Engine/Binaries
[2018.06.23-17.53.56:452][  0]LogTemp: IPP ERROR: Could not find provision directory 'C:\Users\Jr\AppData\Local/Apple Computer/MobileDevice/Provisioning Profiles/'.
[2018.06.23-17.53.56:452][  0]LogRenderer: Reallocating scene render targets to support 1208x576 Format 10 NumSamples 1 (Frame:1).
[2018.06.23-17.53.56:639][  0]LogContentBrowser: Native class hierarchy updated for 'HierarchicalLODOutliner' in 0.0002 seconds. Added 0 classes and 0 folders.
[2018.06.23-17.53.56:639][  0]LogLoad: (Engine Initialization) Total time: 14.90 seconds
[2018.06.23-17.53.56:639][  0]LogLoad: (Engine Initialization) Total Blueprint compile time: 0.00 seconds
[2018.06.23-17.53.56:649][  0]LogWindowsTextInputMethodSystem: Display: IME system now deactivated.
[2018.06.23-17.53.56:672][  0]LogContentStreaming: Texture pool size now 1000 MB
[2018.06.23-17.53.56:730][  1]LogAssetRegistry: Asset discovery search completed in 8.5644 seconds
[2018.06.23-17.53.56:734][  1]LogCollectionManager: Rebuilt the object cache for 0 collections in 0.000001 seconds (found 0 objects)
[2018.06.23-17.53.56:734][  1]LogCollectionManager: Fixed up redirectors for 0 collections in 0.000079 seconds (updated 0 objects)
[2018.06.23-17.53.57:689][ 34]LogSlate: Took 0.000190 seconds to synchronously load lazily loaded font '../../../Engine/Content/Slate/Fonts/Roboto-Light.ttf' (167K)
[2018.06.23-17.53.59:602][ 96]LogSlate: FSceneViewport::OnFocusLost() reason 0
[2018.06.23-17.53.59:745][100]LogSlate: Took 0.000127 seconds to synchronously load lazily loaded font '../../../Engine/Content/Slate/Fonts/Roboto-Light.ttf' (167K)
[2018.06.23-17.54.01:607][140]LogUObjectGlobals: Created PersistentFrame Addr=0x00000203cd382200, Size=88, Default__ShooterAnimBP_C Function /Game/BluePrints/ShooterAnimBP.ShooterAnimBP_C:ExecuteUbergraph_ShooterAnimBP
[2018.06.23-17.54.01:622][140]LogUObjectGlobals: Destroyed PersistentFrame Addr=0x00000203cd382200, Size=88
[2018.06.23-17.54.01:622][140]LogUObjectGlobals: Created PersistentFrame Addr=0x00000203cd382200, Size=88, Default__ShooterAnimBP_C Function /Engine/Transient.REINST_ShooterAnimBP_C_0:ExecuteUbergraph_ShooterAnimBP
[2018.06.23-17.54.01:638][140]LogUObjectGlobals: Created PersistentFrame Addr=0x00000203cb59be80, Size=88, Default__ShooterAnimBP_C Function /Game/BluePrints/ShooterAnimBP.ShooterAnimBP_C:ExecuteUbergraph_ShooterAnimBP
[2018.06.23-17.54.01:662][140]LogUObjectGlobals: Created PersistentFrame Addr=0x00000203b4c15ee0, Size=72, Default__FirstPerson_AnimBP_C Function /Game/FirstPerson/Animations/FirstPerson_AnimBP.FirstPerson_AnimBP_C:ExecuteUbergraph_FirstPerson_AnimBP
[2018.06.23-17.54.01:671][140]LogUObjectGlobals: Destroyed PersistentFrame Addr=0x00000203b4c15ee0, Size=72
[2018.06.23-17.54.01:671][140]LogUObjectGlobals: Created PersistentFrame Addr=0x00000203b4beb9c0, Size=72, Default__FirstPerson_AnimBP_C Function /Engine/Transient.REINST_FirstPerson_AnimBP_C_1:ExecuteUbergraph_FirstPerson_AnimBP
[2018.06.23-17.54.01:679][140]LogUObjectGlobals: Created PersistentFrame Addr=0x00000203b4b827a0, Size=72, Default__FirstPerson_AnimBP_C Function /Game/FirstPerson/Animations/FirstPerson_AnimBP.FirstPerson_AnimBP_C:ExecuteUbergraph_FirstPerson_AnimBP
[2018.06.23-17.54.01:697][140]LogUObjectGlobals: Created PersistentFrame Addr=0x00000203b4b7b820, Size=32, Default__HUD_Widget_C Function /Game/BluePrints/HUD_Widget.HUD_Widget_C:ExecuteUbergraph_HUD_Widget
[2018.06.23-17.54.01:701][140]LogUObjectGlobals: Destroyed PersistentFrame Addr=0x00000203b4b7b820, Size=32
[2018.06.23-17.54.01:701][140]LogUObjectGlobals: Created PersistentFrame Addr=0x00000203b4b7b820, Size=32, Default__HUD_Widget_C Function /Engine/Transient.REINST_HUD_Widget_C_6:ExecuteUbergraph_HUD_Widget
[2018.06.23-17.54.01:704][140]LogUObjectGlobals: Created PersistentFrame Addr=0x00000203b4b78a00, Size=32, Default__HUD_Widget_C Function /Game/BluePrints/HUD_Widget.HUD_Widget_C:ExecuteUbergraph_HUD_Widget
[2018.06.23-17.54.01:707][140]LogUObjectGlobals: Created PersistentFrame Addr=0x00000203cacb32e0, Size=16, Default__BasicHUD_C Function /Game/BluePrints/BasicHUD.BasicHUD_C:ExecuteUbergraph_BasicHUD
[2018.06.23-17.54.01:708][140]LogUObjectGlobals: Destroyed PersistentFrame Addr=0x00000203cacb32e0, Size=16
[2018.06.23-17.54.01:708][140]LogUObjectGlobals: Created PersistentFrame Addr=0x00000203cacb32e0, Size=16, Default__BasicHUD_C Function /Engine/Transient.REINST_BasicHUD_C_22:ExecuteUbergraph_BasicHUD
[2018.06.23-17.54.01:709][140]LogUObjectGlobals: Created PersistentFrame Addr=0x00000203cacb3320, Size=16, Default__BasicHUD_C Function /Game/BluePrints/BasicHUD.BasicHUD_C:ExecuteUbergraph_BasicHUD
[2018.06.23-17.54.01:711][140]LogUObjectGlobals: Created PersistentFrame Addr=0x00000203b4916940, Size=408, Default__BP_GravityBall_C Function /Game/BluePrints/BP_GravityBall.BP_GravityBall_C:ExecuteUbergraph_BP_GravityBall
[2018.06.23-17.54.01:717][140]LogUObjectGlobals: Created PersistentFrame Addr=0x000002039e67cb80, Size=1952, Default__UberBall_Character_C Function /Game/ThirdPersonBP/Blueprints/UberBall_Character.UberBall_Character_C:ExecuteUbergraph_UberBall_Character
[2018.06.23-17.54.01:732][140]LogUObjectGlobals: Created PersistentFrame Addr=0x00000203cacb35a0, Size=16, Default__Bullet_C Function /Game/BluePrints/Bullet.Bullet_C:ExecuteUbergraph_Bullet
[2018.06.23-17.54.01:859][140]LogUObjectGlobals: Created PersistentFrame Addr=0x00000203f1bc56c0, Size=160, Default__STS_C Function /Game/TargetingSystem/STS.STS_C:ExecuteUbergraph_STS
[2018.06.23-17.54.01:876][140]LogUObjectGlobals: Created PersistentFrame Addr=0x00000203f1bb3500, Size=240, Default__UberBall_GameMode_C Function /Game/BluePrints/UberBall_GameMode.UberBall_GameMode_C:ExecuteUbergraph_UberBall_GameMode
[2018.06.23-17.54.01:889][140]LogUObjectGlobals: Created PersistentFrame Addr=0x00000203f1b3fd80, Size=264, Default__Scoreboard_C Function /Game/BluePrints/Scoreboard.Scoreboard_C:ExecuteUbergraph_Scoreboard
[2018.06.23-17.54.01:946][140]LogUObjectGlobals: Destroyed PersistentFrame Addr=0x00000203cacb35a0, Size=16
[2018.06.23-17.54.01:946][140]LogUObjectGlobals: Created PersistentFrame Addr=0x00000203ca0709d0, Size=16, Default__Bullet_C Function /Engine/Transient.REINST_Bullet_C_25:ExecuteUbergraph_Bullet
[2018.06.23-17.54.01:947][140]LogUObjectGlobals: Destroyed PersistentFrame Addr=0x00000203f1bc56c0, Size=160
[2018.06.23-17.54.01:947][140]LogUObjectGlobals: Created PersistentFrame Addr=0x00000203e186c9a0, Size=160, Default__STS_C Function /Engine/Transient.REINST_STS_C_27:ExecuteUbergraph_STS
[2018.06.23-17.54.01:947][140]LogUObjectGlobals: Destroyed PersistentFrame Addr=0x00000203b4916940, Size=408
[2018.06.23-17.54.01:947][140]LogUObjectGlobals: Created PersistentFrame Addr=0x00000203e1985ec0, Size=408, Default__BP_GravityBall_C Function /Engine/Transient.REINST_BP_GravityBall_C_29:ExecuteUbergraph_BP_GravityBall
[2018.06.23-17.54.01:948][140]LogUObjectGlobals: Destroyed PersistentFrame Addr=0x00000203f1b3fd80, Size=264
[2018.06.23-17.54.01:948][140]LogUObjectGlobals: Created PersistentFrame Addr=0x00000203f1b3fd80, Size=264, Default__Scoreboard_C Function /Engine/Transient.REINST_Scoreboard_C_8:ExecuteUbergraph_Scoreboard
[2018.06.23-17.54.01:949][140]LogUObjectGlobals: Destroyed PersistentFrame Addr=0x000002039e67cb80, Size=1952
[2018.06.23-17.54.01:949][140]LogUObjectGlobals: Created PersistentFrame Addr=0x00000203e190b580, Size=1952, Default__UberBall_Character_C Function /Engine/Transient.REINST_UberBall_Character_C_31:ExecuteUbergraph_UberBall_Character
[2018.06.23-17.54.01:950][140]LogUObjectGlobals: Destroyed PersistentFrame Addr=0x00000203f1bb3500, Size=240
[2018.06.23-17.54.01:950][140]LogUObjectGlobals: Created PersistentFrame Addr=0x00000203e1923a00, Size=240, Default__UberBall_GameMode_C Function /Engine/Transient.REINST_UberBall_GameMode_C_32:ExecuteUbergraph_UberBall_GameMode
[2018.06.23-17.54.02:010][140]LogUObjectGlobals: Created PersistentFrame Addr=0x00000203cb50d5c0, Size=16, Default__Bullet_C Function /Game/BluePrints/Bullet.Bullet_C:ExecuteUbergraph_Bullet
[2018.06.23-17.54.02:014][140]LogUObjectGlobals: Created PersistentFrame Addr=0x00000203e2352520, Size=160, Default__STS_C Function /Game/TargetingSystem/STS.STS_C:ExecuteUbergraph_STS
[2018.06.23-17.54.02:017][140]LogUObjectGlobals: Created PersistentFrame Addr=0x00000203e2448800, Size=408, Default__BP_GravityBall_C Function /Game/BluePrints/BP_GravityBall.BP_GravityBall_C:ExecuteUbergraph_BP_GravityBall
[2018.06.23-17.54.02:019][140]LogUObjectGlobals: Created PersistentFrame Addr=0x00000203e2501e40, Size=264, Default__Scoreboard_C Function /Game/BluePrints/Scoreboard.Scoreboard_C:ExecuteUbergraph_Scoreboard
[2018.06.23-17.54.02:032][140]LogUObjectGlobals: Created PersistentFrame Addr=0x00000203e21b8100, Size=1952, Default__UberBall_Character_C Function /Game/ThirdPersonBP/Blueprints/UberBall_Character.UberBall_Character_C:ExecuteUbergraph_UberBall_Character
[2018.06.23-17.54.02:037][140]LogUObjectGlobals: Created PersistentFrame Addr=0x00000203e20f8700, Size=240, Default__UberBall_GameMode_C Function /Game/BluePrints/UberBall_GameMode.UberBall_GameMode_C:ExecuteUbergraph_UberBall_GameMode
[2018.06.23-17.54.02:081][140]LogUObjectGlobals: Created PersistentFrame Addr=0x00000203e2501300, Size=272, Default__BallSpawner_C Function /Game/BluePrints/BallSpawner.BallSpawner_C:ExecuteUbergraph_BallSpawner
[2018.06.23-17.54.02:084][140]LogUObjectGlobals: Destroyed PersistentFrame Addr=0x00000203e2501300, Size=272
[2018.06.23-17.54.02:085][140]LogUObjectGlobals: Created PersistentFrame Addr=0x00000203e2501300, Size=272, Default__BallSpawner_C Function /Engine/Transient.REINST_BallSpawner_C_46:ExecuteUbergraph_BallSpawner
[2018.06.23-17.54.02:087][140]LogUObjectGlobals: Created PersistentFrame Addr=0x00000203e2501940, Size=272, Default__BallSpawner_C Function /Game/BluePrints/BallSpawner.BallSpawner_C:ExecuteUbergraph_BallSpawner
[2018.06.23-17.54.02:094][140]LogUObjectGlobals: Created PersistentFrame Addr=0x00000203e20dcbf0, Size=104, Default__GameplayGM_C Function /Game/BluePrints/Gameplay/GameplayGM.GameplayGM_C:ExecuteUbergraph_GameplayGM
[2018.06.23-17.54.02:094][140]LogUObjectGlobals: Created PersistentFrame Addr=0x00000203e20fa100, Size=240, Default__GameplayGM_C Function /Game/BluePrints/UberBall_GameMode.UberBall_GameMode_C:ExecuteUbergraph_UberBall_GameMode
[2018.06.23-17.54.02:097][140]LogUObjectGlobals: Created PersistentFrame Addr=0x00000203e2500f40, Size=304, Default__GampleyPC_C Function /Game/BluePrints/Gameplay/GampleyPC.GampleyPC_C:ExecuteUbergraph_GampleyPC
[2018.06.23-17.54.02:115][140]LogUObjectGlobals: Created PersistentFrame Addr=0x00000203e23a5600, Size=1952, Default__0_Base_C Function /Game/ThirdPersonBP/Blueprints/UberBall_Character.UberBall_Character_C:ExecuteUbergraph_UberBall_Character
[2018.06.23-17.54.02:130][140]LogUObjectGlobals: Created PersistentFrame Addr=0x00000203e2153580, Size=1952, Default__Barborous_C Function /Game/ThirdPersonBP/Blueprints/UberBall_Character.UberBall_Character_C:ExecuteUbergraph_UberBall_Character
[2018.06.23-17.54.02:142][140]LogUObjectGlobals: Created PersistentFrame Addr=0x00000203e21a8b80, Size=1952, Default__Forge_C Function /Game/ThirdPersonBP/Blueprints/UberBall_Character.UberBall_Character_C:ExecuteUbergraph_UberBall_Character
[2018.06.23-17.54.02:159][140]LogUObjectGlobals: Created PersistentFrame Addr=0x00000203e217d600, Size=1952, Default__Frosty_C Function /Game/ThirdPersonBP/Blueprints/UberBall_Character.UberBall_Character_C:ExecuteUbergraph_UberBall_Character
[2018.06.23-17.54.02:171][140]LogUObjectGlobals: Created PersistentFrame Addr=0x00000203f1a88b80, Size=1952, Default__Natural_C Function /Game/ThirdPersonBP/Blueprints/UberBall_Character.UberBall_Character_C:ExecuteUbergraph_UberBall_Character
[2018.06.23-17.54.02:185][140]LogUObjectGlobals: Created PersistentFrame Addr=0x00000203e2328100, Size=1952, Default__Pit_C Function /Game/ThirdPersonBP/Blueprints/UberBall_Character.UberBall_Character_C:ExecuteUbergraph_UberBall_Character
[2018.06.23-17.54.02:201][140]LogUObjectGlobals: Created PersistentFrame Addr=0x00000203f1a9a080, Size=1952, Default__Robo_C Function /Game/ThirdPersonBP/Blueprints/UberBall_Character.UberBall_Character_C:ExecuteUbergraph_UberBall_Character
[2018.06.23-17.54.02:216][140]LogUObjectGlobals: Created PersistentFrame Addr=0x00000203e1dfeb00, Size=1952, Default__Tusk_C Function /Game/ThirdPersonBP/Blueprints/UberBall_Character.UberBall_Character_C:ExecuteUbergraph_UberBall_Character
[2018.06.23-17.54.02:232][140]LogUObjectGlobals: Created PersistentFrame Addr=0x00000203e1de9600, Size=1952, Default__Warrior_C Function /Game/ThirdPersonBP/Blueprints/UberBall_Character.UberBall_Character_C:ExecuteUbergraph_UberBall_Character
[2018.06.23-17.54.02:237][140]LogUObjectGlobals: Created PersistentFrame Addr=0x00000203e1e0a780, Size=880, Default__LobbyPC_C Function /Game/BluePrints/Lobby/LobbyPC.LobbyPC_C:ExecuteUbergraph_LobbyPC
[2018.06.23-17.54.02:239][140]LogUObjectGlobals: Created PersistentFrame Addr=0x00000203e8ef7d00, Size=752, Default__LobbyGM_C Function /Game/BluePrints/Lobby/LobbyGM.LobbyGM_C:ExecuteUbergraph_LobbyGM
[2018.06.23-17.54.02:262][140]LogUObjectGlobals: Created PersistentFrame Addr=0x00000203f2126fc0, Size=320, Default__ChatWindow_C Function /Game/UI/AllLevels/ChatWindow.ChatWindow_C:ExecuteUbergraph_ChatWindow
[2018.06.23-17.54.02:270][140]LogUObjectGlobals: Created PersistentFrame Addr=0x00000203f2126200, Size=320, Default__LobbyMenu_C Function /Game/UI/Lobby/LobbyMenu.LobbyMenu_C:ExecuteUbergraph_LobbyMenu
[2018.06.23-17.54.02:282][140]LogUObjectGlobals: Created PersistentFrame Addr=0x00000203e2366020, Size=80, Default__CharacterSelect_C Function /Game/UI/Lobby/CharacterSelect.CharacterSelect_C:ExecuteUbergraph_CharacterSelect
[2018.06.23-17.54.02:301][140]LogUObjectGlobals: Created PersistentFrame Addr=0x00000203e230ea20, Size=32, Default__PlayerButton_C Function /Game/UI/Lobby/PlayerButton.PlayerButton_C:ExecuteUbergraph_PlayerButton
[2018.06.23-17.54.02:312][140]LogUObjectGlobals: Created PersistentFrame Addr=0x00000203e2132c80, Size=192, Default__GameSettings_C Function /Game/UI/Lobby/GameSettings.GameSettings_C:ExecuteUbergraph_GameSettings
[2018.06.23-17.54.02:331][140]LogUObjectGlobals: Created PersistentFrame Addr=0x00000203f2137040, Size=4, Default__ConnectedPlayer_C Function /Game/UI/Lobby/ConnectedPlayer.ConnectedPlayer_C:ExecuteUbergraph_ConnectedPlayer
[2018.06.23-17.54.02:407][140]LogUObjectGlobals: Destroyed PersistentFrame Addr=0x00000203e2366020, Size=80
[2018.06.23-17.54.02:407][140]LogUObjectGlobals: Created PersistentFrame Addr=0x00000203a6e72ca0, Size=80, Default__CharacterSelect_C Function /Engine/Transient.REINST_CharacterSelect_C_11:ExecuteUbergraph_CharacterSelect
[2018.06.23-17.54.02:408][140]LogUObjectGlobals: Destroyed PersistentFrame Addr=0x00000203f2126fc0, Size=320
[2018.06.23-17.54.02:408][140]LogUObjectGlobals: Created PersistentFrame Addr=0x00000203a6d8bc40, Size=320, Default__ChatWindow_C Function /Engine/Transient.REINST_ChatWindow_C_13:ExecuteUbergraph_ChatWindow
[2018.06.23-17.54.02:408][140]LogUObjectGlobals: Destroyed PersistentFrame Addr=0x00000203f2137040, Size=4
[2018.06.23-17.54.02:408][140]LogUObjectGlobals: Created PersistentFrame Addr=0x00000203f2137040, Size=4, Default__ConnectedPlayer_C Function /Engine/Transient.REINST_ConnectedPlayer_C_14:ExecuteUbergraph_ConnectedPlayer
[2018.06.23-17.54.02:408][140]LogUObjectGlobals: Destroyed PersistentFrame Addr=0x00000203e2132c80, Size=192
[2018.06.23-17.54.02:408][140]LogUObjectGlobals: Created PersistentFrame Addr=0x00000203e23c2f80, Size=192, Default__GameSettings_C Function /Engine/Transient.REINST_GameSettings_C_16:ExecuteUbergraph_GameSettings
[2018.06.23-17.54.02:409][140]LogUObjectGlobals: Destroyed PersistentFrame Addr=0x00000203e2500f40, Size=304
[2018.06.23-17.54.02:409][140]LogUObjectGlobals: Created PersistentFrame Addr=0x00000203a6d8b240, Size=304, Default__GampleyPC_C Function /Engine/Transient.REINST_GampleyPC_C_49:ExecuteUbergraph_GampleyPC
[2018.06.23-17.54.02:409][140]LogUObjectGlobals: Destroyed PersistentFrame Addr=0x00000203e8ef7d00, Size=752
[2018.06.23-17.54.02:409][140]LogUObjectGlobals: Created PersistentFrame Addr=0x00000203a6d5b700, Size=752, Default__LobbyGM_C Function /Engine/Transient.REINST_LobbyGM_C_50:ExecuteUbergraph_LobbyGM
[2018.06.23-17.54.02:410][140]LogUObjectGlobals: Destroyed PersistentFrame Addr=0x00000203f2126200, Size=320
[2018.06.23-17.54.02:410][140]LogUObjectGlobals: Created PersistentFrame Addr=0x00000203a6d8afc0, Size=320, Default__LobbyMenu_C Function /Engine/Transient.REINST_LobbyMenu_C_17:ExecuteUbergraph_LobbyMenu
[2018.06.23-17.54.02:411][140]LogUObjectGlobals: Destroyed PersistentFrame Addr=0x00000203e1e0a780, Size=880
[2018.06.23-17.54.02:411][140]LogUObjectGlobals: Created PersistentFrame Addr=0x00000203a6d72780, Size=880, Default__LobbyPC_C Function /Engine/Transient.REINST_LobbyPC_C_51:ExecuteUbergraph_LobbyPC
[2018.06.23-17.54.02:411][140]LogUObjectGlobals: Destroyed PersistentFrame Addr=0x00000203e230ea20, Size=32
[2018.06.23-17.54.02:411][140]LogUObjectGlobals: Created PersistentFrame Addr=0x00000203a6da9ea0, Size=32, Default__PlayerButton_C Function /Engine/Transient.REINST_PlayerButton_C_18:ExecuteUbergraph_PlayerButton
[2018.06.23-17.54.02:411][140]LogUObjectGlobals: Destroyed PersistentFrame Addr=0x00000203e23a5600, Size=1952
[2018.06.23-17.54.02:411][140]LogUObjectGlobals: Created PersistentFrame Addr=0x00000203a6e62080, Size=1952, Default__0_Base_C Function /Game/ThirdPersonBP/Blueprints/UberBall_Character.UberBall_Character_C:ExecuteUbergraph_UberBall_Character
[2018.06.23-17.54.02:411][140]LogUObjectGlobals: Destroyed PersistentFrame Addr=0x00000203e20dcbf0, Size=104
[2018.06.23-17.54.02:412][140]LogUObjectGlobals: Destroyed PersistentFrame Addr=0x00000203e20fa100, Size=240
[2018.06.23-17.54.02:412][140]LogUObjectGlobals: Created PersistentFrame Addr=0x00000203e21d0720, Size=104, Default__GameplayGM_C Function /Engine/Transient.REINST_GameplayGM_C_53:ExecuteUbergraph_GameplayGM
[2018.06.23-17.54.02:412][140]LogUObjectGlobals: Created PersistentFrame Addr=0x00000203e2188a00, Size=240, Default__GameplayGM_C Function /Game/BluePrints/UberBall_GameMode.UberBall_GameMode_C:ExecuteUbergraph_UberBall_GameMode
[2018.06.23-17.54.02:412][140]LogUObjectGlobals: Destroyed PersistentFrame Addr=0x00000203e2153580, Size=1952
[2018.06.23-17.54.02:412][140]LogUObjectGlobals: Created PersistentFrame Addr=0x00000203a6e61600, Size=1952, Default__Barborous_C Function /Game/ThirdPersonBP/Blueprints/UberBall_Character.UberBall_Character_C:ExecuteUbergraph_UberBall_Character
[2018.06.23-17.54.02:412][140]LogUObjectGlobals: Destroyed PersistentFrame Addr=0x00000203e21a8b80, Size=1952
[2018.06.23-17.54.02:412][140]LogUObjectGlobals: Created PersistentFrame Addr=0x00000203a6e60b80, Size=1952, Default__Forge_C Function /Game/ThirdPersonBP/Blueprints/UberBall_Character.UberBall_Character_C:ExecuteUbergraph_UberBall_Character
[2018.06.23-17.54.02:412][140]LogUObjectGlobals: Destroyed PersistentFrame Addr=0x00000203e217d600, Size=1952
[2018.06.23-17.54.02:412][140]LogUObjectGlobals: Created PersistentFrame Addr=0x00000203a6e60100, Size=1952, Default__Frosty_C Function /Game/ThirdPersonBP/Blueprints/UberBall_Character.UberBall_Character_C:ExecuteUbergraph_UberBall_Character
[2018.06.23-17.54.02:412][140]LogUObjectGlobals: Destroyed PersistentFrame Addr=0x00000203f1a88b80, Size=1952
[2018.06.23-17.54.02:412][140]LogUObjectGlobals: Created PersistentFrame Addr=0x00000203a6d32080, Size=1952, Default__Natural_C Function /Game/ThirdPersonBP/Blueprints/UberBall_Character.UberBall_Character_C:ExecuteUbergraph_UberBall_Character
[2018.06.23-17.54.02:413][140]LogUObjectGlobals: Destroyed PersistentFrame Addr=0x00000203e2328100, Size=1952
[2018.06.23-17.54.02:413][140]LogUObjectGlobals: Created PersistentFrame Addr=0x00000203a6d31600, Size=1952, Default__Pit_C Function /Game/ThirdPersonBP/Blueprints/UberBall_Character.UberBall_Character_C:ExecuteUbergraph_UberBall_Character
[2018.06.23-17.54.02:413][140]LogUObjectGlobals: Destroyed PersistentFrame Addr=0x00000203f1a9a080, Size=1952
[2018.06.23-17.54.02:413][140]LogUObjectGlobals: Created PersistentFrame Addr=0x00000203a6d30b80, Size=1952, Default__Robo_C Function /Game/ThirdPersonBP/Blueprints/UberBall_Character.UberBall_Character_C:ExecuteUbergraph_UberBall_Character
[2018.06.23-17.54.02:414][140]LogUObjectGlobals: Destroyed PersistentFrame Addr=0x00000203e1dfeb00, Size=1952
[2018.06.23-17.54.02:414][140]LogUObjectGlobals: Created PersistentFrame Addr=0x00000203a6d30100, Size=1952, Default__Tusk_C Function /Game/ThirdPersonBP/Blueprints/UberBall_Character.UberBall_Character_C:ExecuteUbergraph_UberBall_Character
[2018.06.23-17.54.02:414][140]LogUObjectGlobals: Destroyed PersistentFrame Addr=0x00000203e1de9600, Size=1952
[2018.06.23-17.54.02:414][140]LogUObjectGlobals: Created PersistentFrame Addr=0x00000203a6d1f580, Size=1952, Default__Warrior_C Function /Game/ThirdPersonBP/Blueprints/UberBall_Character.UberBall_Character_C:ExecuteUbergraph_UberBall_Character
[2018.06.23-17.54.02:471][140]LogUObjectGlobals: Created PersistentFrame Addr=0x00000203f2eafdd0, Size=80, Default__CharacterSelect_C Function /Game/UI/Lobby/CharacterSelect.CharacterSelect_C:ExecuteUbergraph_CharacterSelect
[2018.06.23-17.54.02:473][140]LogUObjectGlobals: Created PersistentFrame Addr=0x00000203f2f2f4c0, Size=320, Default__ChatWindow_C Function /Game/UI/AllLevels/ChatWindow.ChatWindow_C:ExecuteUbergraph_ChatWindow
[2018.06.23-17.54.02:473][140]LogUObjectGlobals: Created PersistentFrame Addr=0x00000203f2134960, Size=4, Default__ConnectedPlayer_C Function /Game/UI/Lobby/ConnectedPlayer.ConnectedPlayer_C:ExecuteUbergraph_ConnectedPlayer
[2018.06.23-17.54.02:476][140]LogUObjectGlobals: Created PersistentFrame Addr=0x00000203f2e7b880, Size=192, Default__GameSettings_C Function /Game/UI/Lobby/GameSettings.GameSettings_C:ExecuteUbergraph_GameSettings
[2018.06.23-17.54.02:480][140]LogUObjectGlobals: Created PersistentFrame Addr=0x00000203f2f2f240, Size=304, Default__GampleyPC_C Function /Game/BluePrints/Gameplay/GampleyPC.GampleyPC_C:ExecuteUbergraph_GampleyPC
[2018.06.23-17.54.02:486][140]LogUObjectGlobals: Created PersistentFrame Addr=0x00000203f2e63100, Size=752, Default__LobbyGM_C Function /Game/BluePrints/Lobby/LobbyGM.LobbyGM_C:ExecuteUbergraph_LobbyGM
[2018.06.23-17.54.02:492][140]LogUObjectGlobals: Created PersistentFrame Addr=0x00000203f2f2ec00, Size=320, Default__LobbyMenu_C Function /Game/UI/Lobby/LobbyMenu.LobbyMenu_C:ExecuteUbergraph_LobbyMenu
[2018.06.23-17.54.02:496][140]LogUObjectGlobals: Created PersistentFrame Addr=0x00000203f2d99280, Size=880, Default__LobbyPC_C Function /Game/BluePrints/Lobby/LobbyPC.LobbyPC_C:ExecuteUbergraph_LobbyPC
[2018.06.23-17.54.02:498][140]LogUObjectGlobals: Created PersistentFrame Addr=0x00000203f2d23420, Size=32, Default__PlayerButton_C Function /Game/UI/Lobby/PlayerButton.PlayerButton_C:ExecuteUbergraph_PlayerButton
[2018.06.23-17.54.02:499][140]LogUObjectGlobals: Created PersistentFrame Addr=0x00000203f2d58100, Size=1952, Default__0_Base_C Function /Game/ThirdPersonBP/Blueprints/UberBall_Character.UberBall_Character_C:ExecuteUbergraph_UberBall_Character
[2018.06.23-17.54.02:500][140]LogUObjectGlobals: Created PersistentFrame Addr=0x00000203f2ce6160, Size=104, Default__GameplayGM_C Function /Game/BluePrints/Gameplay/GameplayGM.GameplayGM_C:ExecuteUbergraph_GameplayGM
[2018.06.23-17.54.02:500][140]LogUObjectGlobals: Created PersistentFrame Addr=0x00000203f2cf1f00, Size=240, Default__GameplayGM_C Function /Game/BluePrints/UberBall_GameMode.UberBall_GameMode_C:ExecuteUbergraph_UberBall_GameMode
[2018.06.23-17.54.02:500][140]LogUObjectGlobals: Created PersistentFrame Addr=0x00000203f2cde080, Size=1952, Default__Barborous_C Function /Game/ThirdPersonBP/Blueprints/UberBall_Character.UberBall_Character_C:ExecuteUbergraph_UberBall_Character
[2018.06.23-17.54.02:501][140]LogUObjectGlobals: Created PersistentFrame Addr=0x00000203f2ce2b00, Size=1952, Default__Forge_C Function /Game/ThirdPersonBP/Blueprints/UberBall_Character.UberBall_Character_C:ExecuteUbergraph_UberBall_Character
[2018.06.23-17.54.02:501][140]LogUObjectGlobals: Created PersistentFrame Addr=0x00000203f2cd7580, Size=1952, Default__Frosty_C Function /Game/ThirdPersonBP/Blueprints/UberBall_Character.UberBall_Character_C:ExecuteUbergraph_UberBall_Character
[2018.06.23-17.54.02:501][140]LogUObjectGlobals: Created PersistentFrame Addr=0x00000203f2cd4100, Size=1952, Default__Natural_C Function /Game/ThirdPersonBP/Blueprints/UberBall_Character.UberBall_Character_C:ExecuteUbergraph_UberBall_Character
[2018.06.23-17.54.02:501][140]LogUObjectGlobals: Created PersistentFrame Addr=0x00000203f2cd8b80, Size=1952, Default__Pit_C Function /Game/ThirdPersonBP/Blueprints/UberBall_Character.UberBall_Character_C:ExecuteUbergraph_UberBall_Character
[2018.06.23-17.54.02:501][140]LogUObjectGlobals: Created PersistentFrame Addr=0x00000203f2cc5600, Size=1952, Default__Robo_C Function /Game/ThirdPersonBP/Blueprints/UberBall_Character.UberBall_Character_C:ExecuteUbergraph_UberBall_Character
[2018.06.23-17.54.02:501][140]LogUObjectGlobals: Created PersistentFrame Addr=0x00000203f2cca080, Size=1952, Default__Tusk_C Function /Game/ThirdPersonBP/Blueprints/UberBall_Character.UberBall_Character_C:ExecuteUbergraph_UberBall_Character
[2018.06.23-17.54.02:501][140]LogUObjectGlobals: Created PersistentFrame Addr=0x00000203f2cb6b00, Size=1952, Default__Warrior_C Function /Game/ThirdPersonBP/Blueprints/UberBall_Character.UberBall_Character_C:ExecuteUbergraph_UberBall_Character
[2018.06.23-17.54.02:565][140]LogUObjectGlobals: Created PersistentFrame Addr=0x00000203f2f2d080, Size=320, Default__Goal_C Function /Game/BluePrints/Goal.Goal_C:ExecuteUbergraph_Goal
[2018.06.23-17.54.02:570][140]LogUObjectGlobals: Destroyed PersistentFrame Addr=0x00000203f2f2d080, Size=320
[2018.06.23-17.54.02:570][140]LogUObjectGlobals: Created PersistentFrame Addr=0x00000203f2f2d080, Size=320, Default__Goal_C Function /Engine/Transient.REINST_Goal_C_76:ExecuteUbergraph_Goal
[2018.06.23-17.54.02:576][140]LogUObjectGlobals: Created PersistentFrame Addr=0x00000203f2f2e200, Size=320, Default__Goal_C Function /Game/BluePrints/Goal.Goal_C:ExecuteUbergraph_Goal
[2018.06.23-17.54.02:586][140]LogUObjectGlobals: Created PersistentFrame Addr=0x00000203f2f2e0c0, Size=320, Default__GoalTeam2_C Function /Game/BluePrints/GoalTeam2.GoalTeam2_C:ExecuteUbergraph_GoalTeam2
[2018.06.23-17.54.02:592][140]LogUObjectGlobals: Destroyed PersistentFrame Addr=0x00000203f2f2e0c0, Size=320
[2018.06.23-17.54.02:592][140]LogUObjectGlobals: Created PersistentFrame Addr=0x00000203f2f2e0c0, Size=320, Default__GoalTeam2_C Function /Engine/Transient.REINST_GoalTeam2_C_78:ExecuteUbergraph_GoalTeam2
[2018.06.23-17.54.02:598][140]LogUObjectGlobals: Created PersistentFrame Addr=0x00000203f2f2c2c0, Size=320, Default__GoalTeam2_C Function /Game/BluePrints/GoalTeam2.GoalTeam2_C:ExecuteUbergraph_GoalTeam2
[2018.06.23-17.54.02:954][140]LogSkeletalMesh: Skeletal Mesh found in DDC [13.773828ms] /Game/Mannequin/Character/Mesh/SK_Mannequin.SK_Mannequin
[2018.06.23-17.54.03:002][140]LogSkeletalMesh: Skeletal Mesh found in DDC [5.114074ms] /Game/FirstPerson/FPWeapon/Mesh/SK_FPGun.SK_FPGun
[2018.06.23-17.54.03:010][140]LogSkeletalMesh: Skeletal Mesh found in DDC [0.489481ms] /Game/InfinityBladeWarriors/Character/CompleteCharacters/SK_CharM_Barbarous.SK_CharM_Barbarous
[2018.06.23-17.54.03:035][140]LogSkeletalMesh: Skeletal Mesh found in DDC [2.145975ms] /Game/FirstPerson/Character/Mesh/SK_Mannequin_Arms.SK_Mannequin_Arms
[2018.06.23-17.54.03:049][140]LogSkeletalMesh: Skeletal Mesh found in DDC [0.751012ms] /Game/InfinityBladeWarriors/Character/CompleteCharacters/SK_CharM_Warrior.SK_CharM_Warrior
[2018.06.23-17.54.03:066][140]LogSkeletalMesh: Skeletal Mesh found in DDC [0.592593ms] /Game/InfinityBladeWarriors/Character/CompleteCharacters/SK_CharM_Forge.SK_CharM_Forge
[2018.06.23-17.54.03:084][140]LogSkeletalMesh: Skeletal Mesh found in DDC [0.572444ms] /Game/InfinityBladeWarriors/Character/CompleteCharacters/SK_CharM_Natural.SK_CharM_Natural
[2018.06.23-17.54.03:091][140]LogSkeletalMesh: Skeletal Mesh found in DDC [0.701235ms] /Game/InfinityBladeWarriors/Character/CompleteCharacters/SK_CharM_FrostGiant.SK_CharM_FrostGiant
[2018.06.23-17.54.03:298][140]LogSkeletalMesh: Skeletal Mesh found in DDC [0.638815ms] /Game/InfinityBladeWarriors/Character/CompleteCharacters/SK_CharM_Tusk.SK_CharM_Tusk
[2018.06.23-17.54.03:314][140]LogSkeletalMesh: Skeletal Mesh found in DDC [0.747852ms] /Game/InfinityBladeWarriors/Character/CompleteCharacters/SK_CharM_Robo.SK_CharM_Robo
[2018.06.23-17.54.03:323][140]LogSkeletalMesh: Skeletal Mesh found in DDC [0.842272ms] /Game/InfinityBladeWarriors/Character/CompleteCharacters/SK_CharM_Pit.SK_CharM_Pit
[2018.06.23-17.54.03:483][140]LogAIModule: Creating AISystem for world Arena01
[2018.06.23-17.54.03:526][140]LogUObjectGlobals: Destroyed PersistentFrame Addr=0x00000203cd382200, Size=88
[2018.06.23-17.54.03:526][140]LogUObjectGlobals: Destroyed PersistentFrame Addr=0x00000203b4beb9c0, Size=72
[2018.06.23-17.54.03:526][140]LogUObjectGlobals: Destroyed PersistentFrame Addr=0x00000203b4b7b820, Size=32
[2018.06.23-17.54.03:526][140]LogUObjectGlobals: Destroyed PersistentFrame Addr=0x00000203cacb32e0, Size=16
[2018.06.23-17.54.03:526][140]LogUObjectGlobals: Destroyed PersistentFrame Addr=0x00000203e1985ec0, Size=408
[2018.06.23-17.54.03:527][140]LogUObjectGlobals: Destroyed PersistentFrame Addr=0x00000203e190b580, Size=1952
[2018.06.23-17.54.03:527][140]LogUObjectGlobals: Destroyed PersistentFrame Addr=0x00000203ca0709d0, Size=16
[2018.06.23-17.54.03:527][140]LogUObjectGlobals: Destroyed PersistentFrame Addr=0x00000203e186c9a0, Size=160
[2018.06.23-17.54.03:527][140]LogUObjectGlobals: Destroyed PersistentFrame Addr=0x00000203e1923a00, Size=240
[2018.06.23-17.54.03:527][140]LogUObjectGlobals: Destroyed PersistentFrame Addr=0x00000203f1b3fd80, Size=264
[2018.06.23-17.54.03:527][140]LogUObjectGlobals: Destroyed PersistentFrame Addr=0x00000203e2501300, Size=272
[2018.06.23-17.54.03:527][140]LogUObjectGlobals: Destroyed PersistentFrame Addr=0x00000203e21d0720, Size=104
[2018.06.23-17.54.03:527][140]LogUObjectGlobals: Destroyed PersistentFrame Addr=0x00000203e2188a00, Size=240
[2018.06.23-17.54.03:527][140]LogUObjectGlobals: Destroyed PersistentFrame Addr=0x00000203a6d8b240, Size=304
[2018.06.23-17.54.03:527][140]LogUObjectGlobals: Destroyed PersistentFrame Addr=0x00000203a6e62080, Size=1952
[2018.06.23-17.54.03:527][140]LogUObjectGlobals: Destroyed PersistentFrame Addr=0x00000203a6e61600, Size=1952
[2018.06.23-17.54.03:527][140]LogUObjectGlobals: Destroyed PersistentFrame Addr=0x00000203a6e60b80, Size=1952
[2018.06.23-17.54.03:527][140]LogUObjectGlobals: Destroyed PersistentFrame Addr=0x00000203a6e60100, Size=1952
[2018.06.23-17.54.03:527][140]LogUObjectGlobals: Destroyed PersistentFrame Addr=0x00000203a6d32080, Size=1952
[2018.06.23-17.54.03:527][140]LogUObjectGlobals: Destroyed PersistentFrame Addr=0x00000203a6d31600, Size=1952
[2018.06.23-17.54.03:527][140]LogUObjectGlobals: Destroyed PersistentFrame Addr=0x00000203a6d30b80, Size=1952
[2018.06.23-17.54.03:527][140]LogUObjectGlobals: Destroyed PersistentFrame Addr=0x00000203a6d30100, Size=1952
[2018.06.23-17.54.03:527][140]LogUObjectGlobals: Destroyed PersistentFrame Addr=0x00000203a6d1f580, Size=1952
[2018.06.23-17.54.03:527][140]LogUObjectGlobals: Destroyed PersistentFrame Addr=0x00000203a6d72780, Size=880
[2018.06.23-17.54.03:527][140]LogUObjectGlobals: Destroyed PersistentFrame Addr=0x00000203a6d5b700, Size=752
[2018.06.23-17.54.03:527][140]LogUObjectGlobals: Destroyed PersistentFrame Addr=0x00000203a6d8bc40, Size=320
[2018.06.23-17.54.03:527][140]LogUObjectGlobals: Destroyed PersistentFrame Addr=0x00000203a6d8afc0, Size=320
[2018.06.23-17.54.03:527][140]LogUObjectGlobals: Destroyed PersistentFrame Addr=0x00000203a6e72ca0, Size=80
[2018.06.23-17.54.03:527][140]LogUObjectGlobals: Destroyed PersistentFrame Addr=0x00000203a6da9ea0, Size=32
[2018.06.23-17.54.03:527][140]LogUObjectGlobals: Destroyed PersistentFrame Addr=0x00000203e23c2f80, Size=192
[2018.06.23-17.54.03:527][140]LogUObjectGlobals: Destroyed PersistentFrame Addr=0x00000203f2137040, Size=4
[2018.06.23-17.54.03:528][140]LogUObjectGlobals: Destroyed PersistentFrame Addr=0x00000203f2f2d080, Size=320
[2018.06.23-17.54.03:528][140]LogUObjectGlobals: Destroyed PersistentFrame Addr=0x00000203f2f2e0c0, Size=320
[2018.06.23-17.54.03:536][140]Cmd: MAP LOAD FILE="../../../../../../Users/Jr/Documents/GitHub/UberBall/Content/Maps/Arena01.umap" TEMPLATE=0 SHOWPROGRESS=1 FEATURELEVEL=3
[2018.06.23-17.54.03:536][140]LightingResults: New page: Lighting Build
[2018.06.23-17.54.03:537][140]LoadErrors: New page: Loading map: Arena01.umap
[2018.06.23-17.54.03:574][140]MapCheck: New page: Map Check
[2018.06.23-17.54.03:574][140]LightingResults: New page: Lighting Build
[2018.06.23-17.54.03:590][140]LogUObjectGlobals: Destroyed PersistentFrame Addr=0x0000020382a5b2c0, Size=32
[2018.06.23-17.54.03:716][140]LogEditorServer: Finished looking for orphan Actors (0.000 secs)
[2018.06.23-17.54.03:760][140]Cmd: MAP CHECKDEP NOCLEARLOG
[2018.06.23-17.54.03:832][140]MapCheck: Map check complete: 0 Error(s), 0 Warning(s), took 72.354ms to complete.
[2018.06.23-17.54.03:832][140]LogFileHelpers: Loading map 'Arena01' took 0.298
[2018.06.23-17.54.22:150][597]LogRHI: Error: [Aftermath] Status: PageFault
[2018.06.23-17.54.22:150][597]LogRHI: Error: [Aftermath] GPU Stack Dump
[2018.06.23-17.54.22:150][597]LogRHI: Error: [Aftermath] 0: FRAME
[2018.06.23-17.54.22:150][597]LogRHI: Error: [Aftermath] 1: SlateUI
[2018.06.23-17.54.22:150][597]LogRHI: Error: [Aftermath] GPU Stack Dump
[2018.06.23-17.54.22:150][597]LogWindows: Windows GetLastError: The operation completed successfully. (0)
[2018.06.23-17.54.23:348][597]LogWindows: Windows GetLastError: The operation completed successfully. (0)
[2018.06.23-17.54.23:348][597]LogWindows: Error: === Critical error: ===
[2018.06.23-17.54.23:348][597]LogWindows: Error: 
[2018.06.23-17.54.23:348][597]LogWindows: Error: Fatal error: [File:D:\Build\++UE4+Release-4.19+Compile\Sync\Engine\Source\Runtime\RenderCore\Private\RenderingThread.cpp] [Line: 819] 
[2018.06.23-17.54.23:348][597]LogWindows: Error: Rendering thread exception:
[2018.06.23-17.54.23:348][597]LogWindows: Error: Fatal error: [File:D:\Build\++UE4+Release-4.19+Compile\Sync\Engine\Source\Runtime\Windows\D3D11RHI\Private\D3D11Query.cpp] [Line: 111] 
[2018.06.23-17.54.23:348][597]LogWindows: Error: GPU has crashed
[2018.06.23-17.54.23:348][597]LogWindows: Error: 
[2018.06.23-17.54.23:348][597]LogWindows: Error: 
[2018.06.23-17.54.23:348][597]LogWindows: Error: [Callstack] 0x00000000AF6CA388 KERNELBASE.dll!UnknownFunction []
[2018.06.23-17.54.23:348][597]LogWindows: Error: [Callstack] 0x000000008B3C7884 UE4Editor-ApplicationCore.dll!UnknownFunction []
[2018.06.23-17.54.23:348][597]LogWindows: Error: [Callstack] 0x000000004E256D9B UE4Editor-Core.dll!UnknownFunction []
[2018.06.23-17.54.23:348][597]LogWindows: Error: [Callstack] 0x000000004E191949 UE4Editor-Core.dll!UnknownFunction []
[2018.06.23-17.54.23:348][597]LogWindows: Error: [Callstack] 0x00000000408857F0 UE4Editor-D3D11RHI.dll!UnknownFunction []
[2018.06.23-17.54.23:348][597]LogWindows: Error: [Callstack] 0x000000004089AC98 UE4Editor-D3D11RHI.dll!UnknownFunction []
[2018.06.23-17.54.23:348][597]LogWindows: Error: [Callstack] 0x000000008B56F0B6 UE4Editor-RHI.dll!UnknownFunction []
[2018.06.23-17.54.23:348][597]LogWindows: Error: [Callstack] 0x0000000040641FF8 UE4Editor-SlateRHIRenderer.dll!UnknownFunction []
[2018.06.23-17.54.23:348][597]LogWindows: Error: [Callstack] 0x0000000040647C4C UE4Editor-SlateRHIRenderer.dll!UnknownFunction []
[2018.06.23-17.54.23:348][597]LogWindows: Error: [Callstack] 0x000000004E06B713 UE4Editor-Core.dll!UnknownFunction []
[2018.06.23-17.54.23:348][597]LogWindows: Error: [Callstack] 0x000000004E06BD3A UE4Editor-Core.dll!UnknownFunction []
[2018.06.23-17.54.23:348][597]LogWindows: Error: [Callstack] 0x000000008B653CC9 UE4Editor-RenderCore.dll!UnknownFunction []
[2018.06.23-17.54.23:348][597]LogWindows: Error: [Callstack] 0x000000008B654CF6 UE4Editor-RenderCore.dll!UnknownFunction []
[2018.06.23-17.54.23:348][597]LogWindows: Error: [Callstack] 0x000000004E439FFC UE4Editor-Core.dll!UnknownFunction []
[2018.06.23-17.54.23:349][597]LogWindows: Error: [Callstack] 0x000000004E42ED63 UE4Editor-Core.dll!UnknownFunction []
[2018.06.23-17.54.23:349][597]LogWindows: Error: [Callstack] 0x00000000B2FC3034 KERNEL32.DLL!UnknownFunction []
[2018.06.23-17.54.23:349][597]LogWindows: Error: [Callstack] 0x00000000B3111431 ntdll.dll!UnknownFunction []
[2018.06.23-17.54.23:349][597]LogWindows: Error: [Callstack] 0x00000000B3111431 ntdll.dll!UnknownFunction []
[2018.06.23-17.54.23:349][597]LogWindows: Error: 
[2018.06.23-17.54.23:349][597]LogWindows: Error: 
[2018.06.23-17.54.23:349][597]LogWindows: Error: 
[2018.06.23-17.54.23:349][597]LogWindows: Error: 
[2018.06.23-17.54.23:369][597]LogExit: Executing StaticShutdownAfterError
[2018.06.23-17.54.23:372][597]LogWindows: FPlatformMisc::RequestExit(1)
[2018.06.23-17.54.23:372][597]Log file closed, 06/23/18 13:54:23
