Log file open, 06/16/18 20:04:50
LogWindows: Failed to load 'aqProf.dll' (GetLastError=126)
LogWindows: File 'aqProf.dll' does not exist
LogWindows: Failed to load 'VtuneApi.dll' (GetLastError=126)
LogWindows: File 'VtuneApi.dll' does not exist
LogWindows: Failed to load 'VtuneApi32e.dll' (GetLastError=126)
LogWindows: File 'VtuneApi32e.dll' does not exist
LogInit: Display: Running engine for game: Multiplayer
LogPlatformFile: Not using cached read wrapper
LogInit: Display: RandInit(431719036) SRandInit(431719036).
LogInit: Read version file with build ID '3944462'
LogInit: Overriding engine version to CL 4033788, compatible CL 3944462
LogInit: Registered custom module enumerator with build ID '3944462'
LogTaskGraph: Started task graph with 5 named threads and 23 total threads with 3 sets of task threads.
LogStats: Stats thread started at 0.295809
LogD3D11RHI: Aftermath initialized
LogICUInternationalization: Display: ICU TimeZone Detection - Raw Offset: -5:00, Platform Override: ''
LogModuleManager: Display: Found up-to-date module file ../../../Engine/Plugins/AdvancedSessions/AdvancedSessions/Binaries/Win64/UE4Editor-AdvancedSessions.dll (API version 3944462).
LogModuleManager: Display: Found up-to-date module file ../../../Engine/Plugins/Online/OnlineSubsystem/Binaries/Win64/UE4Editor-OnlineSubsystem.dll (API version 3944462).
LogModuleManager: Display: Found up-to-date module file ../../../Engine/Plugins/Online/OnlineSubsystemUtils/Binaries/Win64/UE4Editor-OnlineSubsystemUtils.dll (API version 3944462).
LogModuleManager: Display: Found up-to-date module file ../../../Engine/Plugins/Online/OnlineSubsystemUtils/Binaries/Win64/UE4Editor-OnlineBlueprintSupport.dll (API version 3944462).
LogModuleManager: Display: Found up-to-date module file ../../../Engine/Plugins/AdvancedSessions/AdvancedSteamSessions/Binaries/Win64/UE4Editor-AdvancedSteamSessions.dll (API version 3944462).
LogModuleManager: Display: Found up-to-date module file ../../../Engine/Plugins/Online/OnlineSubsystemSteam/Binaries/Win64/UE4Editor-OnlineSubsystemSteam.dll (API version 3944462).
LogModuleManager: Display: Found up-to-date module file ../../../Engine/Plugins/2D/Paper2D/Binaries/Win64/UE4Editor-Paper2D.dll (API version 3944462).
LogModuleManager: Display: Found up-to-date module file ../../../Engine/Plugins/2D/Paper2D/Binaries/Win64/UE4Editor-Paper2DEditor.dll (API version 3944462).
LogModuleManager: Display: Found up-to-date module file ../../../Engine/Plugins/2D/Paper2D/Binaries/Win64/UE4Editor-PaperSpriteSheetImporter.dll (API version 3944462).
LogModuleManager: Display: Found up-to-date module file ../../../Engine/Plugins/2D/Paper2D/Binaries/Win64/UE4Editor-PaperTiledImporter.dll (API version 3944462).
LogModuleManager: Display: Found up-to-date module file ../../../Engine/Plugins/2D/Paper2D/Binaries/Win64/UE4Editor-SmartSnapping.dll (API version 3944462).
LogModuleManager: Display: Found up-to-date module file ../../../Engine/Plugins/Blendables/LightPropagationVolume/Binaries/Win64/UE4Editor-LightPropagationVolumeRuntime.dll (API version 3944462).
LogModuleManager: Display: Found up-to-date module file ../../../Engine/Plugins/Blendables/LightPropagationVolume/Binaries/Win64/UE4Editor-LightPropagationVolumeEditor.dll (API version 3944462).
LogModuleManager: Display: Found up-to-date module file ../../../Engine/Plugins/Developer/CLionSourceCodeAccess/Binaries/Win64/UE4Editor-CLionSourceCodeAccess.dll (API version 3944462).
LogModuleManager: Display: Found up-to-date module file ../../../Engine/Plugins/Developer/GitSourceControl/Binaries/Win64/UE4Editor-GitSourceControl.dll (API version 3944462).
LogModuleManager: Display: Found up-to-date module file ../../../Engine/Plugins/Developer/PerforceSourceControl/Binaries/Win64/UE4Editor-PerforceSourceControl.dll (API version 3944462).
LogModuleManager: Display: Found up-to-date module file ../../../Engine/Plugins/Developer/SubversionSourceControl/Binaries/Win64/UE4Editor-SubversionSourceControl.dll (API version 3944462).
LogModuleManager: Display: Found up-to-date module file ../../../Engine/Plugins/Developer/UObjectPlugin/Binaries/Win64/UE4Editor-UObjectPlugin.dll (API version 3944462).
LogModuleManager: Display: Found up-to-date module file ../../../Engine/Plugins/Developer/VisualStudioCodeSourceCodeAccess/Binaries/Win64/UE4Editor-VisualStudioCodeSourceCodeAccess.dll (API version 3944462).
LogModuleManager: Display: Found up-to-date module file ../../../Engine/Plugins/Developer/VisualStudioSourceCodeAccess/Binaries/Win64/UE4Editor-VisualStudioSourceCodeAccess.dll (API version 3944462).
LogModuleManager: Display: Found up-to-date module file ../../../Engine/Plugins/Editor/AssetManagerEditor/Binaries/Win64/UE4Editor-AssetManagerEditor.dll (API version 3944462).
LogModuleManager: Display: Found up-to-date module file ../../../Engine/Plugins/Editor/CryptoKeys/Binaries/Win64/UE4Editor-CryptoKeys.dll (API version 3944462).
LogModuleManager: Display: Found up-to-date module file ../../../Engine/Plugins/Editor/CryptoKeys/Binaries/Win64/UE4Editor-CryptoKeysOpenSSL.dll (API version 3944462).
LogModuleManager: Display: Found up-to-date module file ../../../Engine/Plugins/Editor/DataValidation/Binaries/Win64/UE4Editor-DataValidation.dll (API version 3944462).
LogModuleManager: Display: Found up-to-date module file ../../../Engine/Plugins/Editor/FacialAnimation/Binaries/Win64/UE4Editor-FacialAnimation.dll (API version 3944462).
LogModuleManager: Display: Found up-to-date module file ../../../Engine/Plugins/Editor/FacialAnimation/Binaries/Win64/UE4Editor-FacialAnimationEditor.dll (API version 3944462).
LogModuleManager: Display: Found up-to-date module file ../../../Engine/Plugins/Editor/GameplayTagsEditor/Binaries/Win64/UE4Editor-GameplayTagsEditor.dll (API version 3944462).
LogModuleManager: Display: Found up-to-date module file ../../../Engine/Plugins/Editor/MobileLauncherProfileWizard/Binaries/Win64/UE4Editor-MobileLauncherProfileWizard.dll (API version 3944462).
LogModuleManager: Display: Found up-to-date module file ../../../Engine/Plugins/Editor/PluginBrowser/Binaries/Win64/UE4Editor-PluginBrowser.dll (API version 3944462).
LogModuleManager: Display: Found up-to-date module file ../../../Engine/Plugins/Editor/SpeedTreeImporter/Binaries/Win64/UE4Editor-SpeedTreeImporter.dll (API version 3944462).
LogModuleManager: Display: Found up-to-date module file ../../../Engine/Plugins/Enterprise/DatasmithContent/Binaries/Win64/UE4Editor-DatasmithContent.dll (API version 3944462).
LogModuleManager: Display: Found up-to-date module file ../../../Engine/Plugins/Experimental/AlembicImporter/Binaries/Win64/UE4Editor-AlembicImporter.dll (API version 3944462).
LogModuleManager: Display: Found up-to-date module file ../../../Engine/Plugins/Experimental/AlembicImporter/Binaries/Win64/UE4Editor-AlembicLibrary.dll (API version 3944462).
LogModuleManager: Display: Found up-to-date module file ../../../Engine/Plugins/Experimental/CharacterAI/Binaries/Win64/UE4Editor-CharacterAI.dll (API version 3944462).
LogModuleManager: Display: Found up-to-date module file ../../../Engine/Plugins/Experimental/HTML5Networking/Binaries/Win64/UE4Editor-HTML5Networking.dll (API version 3944462).
LogModuleManager: Display: Found up-to-date module file ../../../Engine/Plugins/Media/AndroidMedia/Binaries/Win64/UE4Editor-AndroidMediaEditor.dll (API version 3944462).
LogModuleManager: Display: Found up-to-date module file ../../../Engine/Plugins/Media/AndroidMedia/Binaries/Win64/UE4Editor-AndroidMediaFactory.dll (API version 3944462).
LogModuleManager: Display: Found up-to-date module file ../../../Engine/Plugins/Media/AvfMedia/Binaries/Win64/UE4Editor-AvfMediaEditor.dll (API version 3944462).
LogModuleManager: Display: Found up-to-date module file ../../../Engine/Plugins/Media/AvfMedia/Binaries/Win64/UE4Editor-AvfMediaFactory.dll (API version 3944462).
LogModuleManager: Display: Found up-to-date module file ../../../Engine/Plugins/Media/AvfMedia/Binaries/Win64/UE4Editor-AvfMediaFactory.dll (API version 3944462).
LogModuleManager: Display: Found up-to-date module file ../../../Engine/Plugins/Media/ImgMedia/Binaries/Win64/UE4Editor-ImgMedia.dll (API version 3944462).
LogModuleManager: Display: Found up-to-date module file ../../../Engine/Plugins/Media/ImgMedia/Binaries/Win64/UE4Editor-ImgMediaEditor.dll (API version 3944462).
LogModuleManager: Display: Found up-to-date module file ../../../Engine/Plugins/Media/ImgMedia/Binaries/Win64/UE4Editor-ImgMediaFactory.dll (API version 3944462).
LogModuleManager: Display: Found up-to-date module file ../../../Engine/Plugins/Media/ImgMedia/Binaries/Win64/UE4Editor-ImgMediaFactory.dll (API version 3944462).
LogModuleManager: Display: Found up-to-date module file ../../../Engine/Plugins/Media/ImgMedia/Binaries/Win64/UE4Editor-OpenExrWrapper.dll (API version 3944462).
LogModuleManager: Display: Found up-to-date module file ../../../Engine/Plugins/Media/LinearTimecode/Binaries/Win64/UE4Editor-LinearTimecode.dll (API version 3944462).
LogModuleManager: Display: Found up-to-date module file ../../../Engine/Plugins/Media/MediaCompositing/Binaries/Win64/UE4Editor-MediaCompositing.dll (API version 3944462).
LogModuleManager: Display: Found up-to-date module file ../../../Engine/Plugins/Media/MediaCompositing/Binaries/Win64/UE4Editor-MediaCompositingEditor.dll (API version 3944462).
LogModuleManager: Display: Found up-to-date module file ../../../Engine/Plugins/Media/MediaPlayerEditor/Binaries/Win64/UE4Editor-MediaPlayerEditor.dll (API version 3944462).
LogModuleManager: Display: Found up-to-date module file ../../../Engine/Plugins/Media/WmfMedia/Binaries/Win64/UE4Editor-WmfMedia.dll (API version 3944462).
LogModuleManager: Display: Found up-to-date module file ../../../Engine/Plugins/Media/WmfMedia/Binaries/Win64/UE4Editor-WmfMediaEditor.dll (API version 3944462).
LogModuleManager: Display: Found up-to-date module file ../../../Engine/Plugins/Media/WmfMedia/Binaries/Win64/UE4Editor-WmfMediaFactory.dll (API version 3944462).
LogModuleManager: Display: Found up-to-date module file ../../../Engine/Plugins/Media/WmfMedia/Binaries/Win64/UE4Editor-WmfMediaFactory.dll (API version 3944462).
LogModuleManager: Display: Found up-to-date module file ../../../Engine/Plugins/Messaging/TcpMessaging/Binaries/Win64/UE4Editor-TcpMessaging.dll (API version 3944462).
LogModuleManager: Display: Found up-to-date module file ../../../Engine/Plugins/Messaging/UdpMessaging/Binaries/Win64/UE4Editor-UdpMessaging.dll (API version 3944462).
LogModuleManager: Display: Found up-to-date module file ../../../Engine/Plugins/MovieScene/ActorSequence/Binaries/Win64/UE4Editor-ActorSequence.dll (API version 3944462).
LogModuleManager: Display: Found up-to-date module file ../../../Engine/Plugins/MovieScene/LevelSequenceEditor/Binaries/Win64/UE4Editor-LevelSequenceEditor.dll (API version 3944462).
LogModuleManager: Display: Found up-to-date module file ../../../Engine/Plugins/MovieScene/MatineeToLevelSequence/Binaries/Win64/UE4Editor-MatineeToLevelSequence.dll (API version 3944462).
LogModuleManager: Display: Found up-to-date module file ../../../Engine/Plugins/NetcodeUnitTest/NetcodeUnitTest/Binaries/Win64/UE4Editor-NetcodeUnitTest.dll (API version 3944462).
LogModuleManager: Display: Found up-to-date module file ../../../Engine/Plugins/NetcodeUnitTest/NUTUnrealEngine4/Binaries/Win64/UE4Editor-NUTUnrealEngine4.dll (API version 3944462).
LogModuleManager: Display: Found up-to-date module file ../../../Engine/Plugins/Runtime/AndroidPermission/Binaries/Win64/UE4Editor-AndroidPermission.dll (API version 3944462).
LogModuleManager: Display: Found up-to-date module file ../../../Engine/Plugins/Online/OnlineSubsystemNull/Binaries/Win64/UE4Editor-OnlineSubsystemNull.dll (API version 3944462).
LogModuleManager: Display: Found up-to-date module file ../../../Engine/Plugins/Runtime/AndroidDeviceProfileSelector/Binaries/Win64/UE4Editor-AndroidDeviceProfileSelector.dll (API version 3944462).
LogModuleManager: Display: Found up-to-date module file ../../../Engine/Plugins/Runtime/AppleARKit/Binaries/Win64/UE4Editor-AppleARKit.dll (API version 3944462).
LogModuleManager: Display: Found up-to-date module file ../../../Engine/Plugins/Runtime/ProceduralMeshComponent/Binaries/Win64/UE4Editor-ProceduralMeshComponent.dll (API version 3944462).
LogModuleManager: Display: Found up-to-date module file ../../../Engine/Plugins/Runtime/ProceduralMeshComponent/Binaries/Win64/UE4Editor-ProceduralMeshComponentEditor.dll (API version 3944462).
LogModuleManager: Display: Found up-to-date module file ../../../Engine/Plugins/Animation/LiveLink/Binaries/Win64/UE4Editor-LiveLink.dll (API version 3944462).
LogModuleManager: Display: Found up-to-date module file ../../../Engine/Plugins/Animation/LiveLink/Binaries/Win64/UE4Editor-LiveLinkEditor.dll (API version 3944462).
LogModuleManager: Display: Found up-to-date module file ../../../Engine/Plugins/Runtime/ArchVisCharacter/Binaries/Win64/UE4Editor-ArchVisCharacter.dll (API version 3944462).
LogModuleManager: Display: Found up-to-date module file ../../../Engine/Plugins/Runtime/AudioCapture/Binaries/Win64/UE4Editor-AudioCapture.dll (API version 3944462).
LogModuleManager: Display: Found up-to-date module file ../../../Engine/Plugins/Runtime/AudioCapture/Binaries/Win64/UE4Editor-AudioCaptureEditor.dll (API version 3944462).
LogModuleManager: Display: Found up-to-date module file ../../../Engine/Plugins/Runtime/CableComponent/Binaries/Win64/UE4Editor-CableComponent.dll (API version 3944462).
LogModuleManager: Display: Found up-to-date module file ../../../Engine/Plugins/Runtime/CustomMeshComponent/Binaries/Win64/UE4Editor-CustomMeshComponent.dll (API version 3944462).
LogModuleManager: Display: Found up-to-date module file ../../../Engine/Plugins/Runtime/ExampleDeviceProfileSelector/Binaries/Win64/UE4Editor-ExampleDeviceProfileSelector.dll (API version 3944462).
LogModuleManager: Display: Found up-to-date module file ../../../Engine/Plugins/Runtime/ImmediatePhysics/Binaries/Win64/UE4Editor-ImmediatePhysics.dll (API version 3944462).
LogModuleManager: Display: Found up-to-date module file ../../../Engine/Plugins/Runtime/ImmediatePhysics/Binaries/Win64/UE4Editor-ImmediatePhysicsEditor.dll (API version 3944462).
LogModuleManager: Display: Found up-to-date module file ../../../Engine/Plugins/Runtime/LocationServicesBPLibrary/Binaries/Win64/UE4Editor-LocationServicesBPLibrary.dll (API version 3944462).
LogModuleManager: Display: Found up-to-date module file ../../../Engine/Plugins/Runtime/MobilePatchingUtils/Binaries/Win64/UE4Editor-MobilePatchingUtils.dll (API version 3944462).
LogModuleManager: Display: Found up-to-date module file ../../../Engine/Plugins/Runtime/Oculus/OculusVR/Binaries/Win64/UE4Editor-OculusHMD.dll (API version 3944462).
LogModuleManager: Display: Found up-to-date module file ../../../Engine/Plugins/Runtime/Oculus/OculusVR/Binaries/Win64/UE4Editor-OculusInput.dll (API version 3944462).
LogModuleManager: Display: Found up-to-date module file ../../../Engine/Plugins/Runtime/Oculus/OculusVR/Binaries/Win64/UE4Editor-OculusEditor.dll (API version 3944462).
LogModuleManager: Display: Found up-to-date module file ../../../Engine/Plugins/Runtime/PhysXVehicles/Binaries/Win64/UE4Editor-PhysXVehicles.dll (API version 3944462).
LogModuleManager: Display: Found up-to-date module file ../../../Engine/Plugins/Runtime/PhysXVehicles/Binaries/Win64/UE4Editor-PhysXVehiclesEditor.dll (API version 3944462).
LogModuleManager: Display: Found up-to-date module file ../../../Engine/Plugins/Runtime/RuntimePhysXCooking/Binaries/Win64/UE4Editor-RuntimePhysXCooking.dll (API version 3944462).
LogModuleManager: Display: Found up-to-date module file ../../../Engine/Plugins/Runtime/Steam/SteamVR/Binaries/Win64/UE4Editor-SteamVR.dll (API version 3944462).
LogModuleManager: Display: Found up-to-date module file ../../../Engine/Plugins/Runtime/Steam/SteamVR/Binaries/Win64/UE4Editor-SteamVRController.dll (API version 3944462).
LogModuleManager: Display: Found up-to-date module file ../../../Engine/Plugins/Runtime/WindowsMoviePlayer/Binaries/Win64/UE4Editor-WindowsMoviePlayer.dll (API version 3944462).
LogPluginManager: Mounting plugin Paper2D
LogPluginManager: Mounting plugin AdvancedSessions
LogPluginManager: Mounting plugin AdvancedSteamSessions
LogPluginManager: Mounting plugin LiveLink
LogPluginManager: Mounting plugin LightPropagationVolume
LogPluginManager: Mounting plugin CLionSourceCodeAccess
LogPluginManager: Mounting plugin CodeLiteSourceCodeAccess
LogPluginManager: Mounting plugin GitSourceControl
LogPluginManager: Mounting plugin KDevelopSourceCodeAccess
LogPluginManager: Mounting plugin NullSourceCodeAccess
LogPluginManager: Mounting plugin PerforceSourceControl
LogPluginManager: Mounting plugin SubversionSourceControl
LogPluginManager: Mounting plugin UObjectPlugin
LogPluginManager: Mounting plugin VisualStudioCodeSourceCodeAccess
LogPluginManager: Mounting plugin VisualStudioSourceCodeAccess
LogPluginManager: Mounting plugin XCodeSourceCodeAccess
LogPluginManager: Mounting plugin AssetManagerEditor
LogPluginManager: Mounting plugin CryptoKeys
LogPluginManager: Mounting plugin DataValidation
LogPluginManager: Mounting plugin FacialAnimation
LogPluginManager: Mounting plugin GameplayTagsEditor
LogPluginManager: Mounting plugin MobileLauncherProfileWizard
LogPluginManager: Mounting plugin PluginBrowser
LogPluginManager: Mounting plugin SpeedTreeImporter
LogPluginManager: Mounting plugin DatasmithContent
LogPluginManager: Mounting plugin AlembicImporter
LogPluginManager: Mounting plugin CharacterAI
LogPluginManager: Mounting plugin HTML5Networking
LogPluginManager: Mounting plugin AndroidMedia
LogPluginManager: Mounting plugin AvfMedia
LogPluginManager: Mounting plugin ImgMedia
LogPluginManager: Mounting plugin LinearTimecode
LogPluginManager: Mounting plugin MediaCompositing
LogPluginManager: Mounting plugin MediaPlayerEditor
LogPluginManager: Mounting plugin WmfMedia
LogPluginManager: Mounting plugin TcpMessaging
LogPluginManager: Mounting plugin UdpMessaging
LogPluginManager: Mounting plugin ActorSequence
LogPluginManager: Mounting plugin LevelSequenceEditor
LogPluginManager: Mounting plugin MatineeToLevelSequence
LogPluginManager: Mounting plugin NetcodeUnitTest
LogPluginManager: Mounting plugin NUTUnrealEngine4
LogPluginManager: Mounting plugin OnlineSubsystemGooglePlay
LogPluginManager: Mounting plugin OnlineSubsystemIOS
LogPluginManager: Mounting plugin OnlineSubsystem
LogPluginManager: Mounting plugin OnlineSubsystemNull
LogPluginManager: Mounting plugin OnlineSubsystemSteam
LogPluginManager: Mounting plugin OnlineSubsystemUtils
LogPluginManager: Mounting plugin AndroidDeviceProfileSelector
LogPluginManager: Mounting plugin AndroidMoviePlayer
LogPluginManager: Mounting plugin AndroidPermission
LogPluginManager: Mounting plugin AppleARKit
LogPluginManager: Mounting plugin AppleMoviePlayer
LogPluginManager: Mounting plugin ArchVisCharacter
LogPluginManager: Mounting plugin AudioCapture
LogPluginManager: Mounting plugin CableComponent
LogPluginManager: Mounting plugin CustomMeshComponent
LogPluginManager: Mounting plugin ExampleDeviceProfileSelector
LogPluginManager: Mounting plugin GoogleCloudMessaging
LogPluginManager: Mounting plugin ImmediatePhysics
LogPluginManager: Mounting plugin IOSDeviceProfileSelector
LogPluginManager: Mounting plugin LinuxDeviceProfileSelector
LogPluginManager: Mounting plugin LocationServicesBPLibrary
LogPluginManager: Mounting plugin MobilePatchingUtils
LogPluginManager: Mounting plugin OculusVR
LogPluginManager: Plugin shader directory ../../../Engine/Plugins/Runtime/Oculus/OculusVR/Shaders found
LogPluginManager: Mapping shader source directory ../../../Engine/Plugins/Runtime/Oculus/OculusVR/Shaders to virtual directory /Plugin/OculusVR
LogPluginManager: Mounting plugin PhysXVehicles
LogPluginManager: Mounting plugin ProceduralMeshComponent
LogPluginManager: Mounting plugin RuntimePhysXCooking
LogPluginManager: Mounting plugin SteamVR
LogPluginManager: Mounting plugin WindowsMoviePlayer
LogStreaming: Display: Took  1.116s to configure plugins.
LogInit: Using libcurl 7.47.1
LogInit:  - built for x86_64-pc-win32
LogInit:  - supports SSL with OpenSSL/1.0.2g
LogInit:  - supports HTTP deflate (compression) using libz 1.2.8
LogInit:  - other features:
LogInit:      CURL_VERSION_SSL
LogInit:      CURL_VERSION_LIBZ
LogInit:      CURL_VERSION_IPV6
LogInit:      CURL_VERSION_ASYNCHDNS
LogInit:      CURL_VERSION_LARGEFILE
LogInit:      CURL_VERSION_IDN
LogInit:  CurlRequestOptions (configurable via config and command line):
LogInit:  - bVerifyPeer = false  - Libcurl will NOT verify peer certificate
LogInit:  - bUseHttpProxy = false  - Libcurl will NOT use HTTP proxy
LogInit:  - bDontReuseConnections = false  - Libcurl will reuse connections
LogInit:  - CertBundlePath = nullptr  - Libcurl will use whatever was configured at build time.
LogInit:  - MaxHostConnections = 16  - Libcurl will limit the number of connections to a host
LogInit:  - LocalHostAddr = Default
LogOnline: Display: STEAM: Loading Steam SDK 1.39
LogOnline: Warning: STEAM: Failed to initialize Steam, this could be due to a Steam server and client running on the same machine. Try running with -NOSTEAM on the cmdline to disable.
LogOnline: Display: STEAM: OnlineSubsystemSteam::Shutdown()
LogOnline: Warning: STEAM: Steam API failed to initialize!
LogOnline: Display: STEAM: OnlineSubsystemSteam::Shutdown()
LogInit: WinSock: version 1.1 (2.2), MaxSocks=32767, MaxUdp=65467
LogInit: WinSock: I am DESKTOP-RR5JK1L (192.168.2.109:0)
LogInit: Build: ++UE4+Release-4.19-CL-4033788
LogInit: Engine Version: 4.19.2-4033788+++UE4+Release-4.19
LogInit: Compatible Engine Version: 4.19.0-3944462+++UE4+Release-4.19
LogInit: Net CL: 3944462
LogDevObjectVersion: Number of dev versions registered: 18
LogDevObjectVersion:   Dev-Blueprints (B0D832E4-1F89-4F0D-ACCF-7EB736FD4AA2): 10
LogDevObjectVersion:   Dev-Build (E1C64328-A22C-4D53-A36C-8E866417BD8C): 0
LogDevObjectVersion:   Dev-Core (375EC13C-06E4-48FB-B500-84F0262A717E): 2
LogDevObjectVersion:   Dev-Editor (E4B068ED-F494-42E9-A231-DA0B2E46BB41): 23
LogDevObjectVersion:   Dev-Framework (CFFC743F-43B0-4480-9391-14DF171D2073): 33
LogDevObjectVersion:   Dev-Mobile (B02B49B5-BB20-44E9-A304-32B752E40360): 2
LogDevObjectVersion:   Dev-Networking (A4E4105C-59A1-49B5-A7C5-40C4547EDFEE): 0
LogDevObjectVersion:   Dev-Online (39C831C9-5AE6-47DC-9A44-9C173E1C8E7C): 0
LogDevObjectVersion:   Dev-Physics (78F01B33-EBEA-4F98-B9B4-84EACCB95AA2): 0
LogDevObjectVersion:   Dev-Platform (6631380F-2D4D-43E0-8009-CF276956A95A): 0
LogDevObjectVersion:   Dev-Rendering (12F88B9F-8875-4AFC-A67C-D90C383ABD29): 25
LogDevObjectVersion:   Dev-Sequencer (7B5AE74C-D270-4C10-A958-57980B212A5A): 6
LogDevObjectVersion:   Dev-VR (D7296918-1DD6-4BDD-9DE2-64A83CC13884): 1
LogDevObjectVersion:   Dev-LoadTimes (C2A15278-BFE7-4AFE-6C17-90FF531DF755): 1
LogDevObjectVersion:   Private-Geometry (6EACA3D4-40EC-4CC1-B786-8BED09428FC5): 2
LogDevObjectVersion:   Dev-AnimPhys (29E575DD-E0A3-4627-9D10-D276232CDCEA): 16
LogDevObjectVersion:   Dev-ReflectionCapture (6B266CEC-1EC7-4B8F-A30B-E4D90942FC07): 1
LogDevObjectVersion:   Dev-Automation (0DF73D61-A23F-47EA-B727-89E90C41499A): 1
LogInit: Compiled (64-bit): Apr 27 2018 02:06:57
LogInit: Compiled with Visual C++: 19.00.24215.01
LogInit: Build Configuration: Development
LogInit: Branch Name: ++UE4+Release-4.19
LogInit: Command Line:  -game
LogInit: Base Directory: D:/Program Files/Epic Games/UE_4.19/Engine/Binaries/Win64/
LogInit: Installed Engine Build: 1
LogStreaming: Display: Took  0.000s to delete old logs.
LogInit: Presizing for max 8388607 objects, including 0 objects not considered by GC, pre-allocating 0 bytes for permanent pool.
LogInit: Object subsystem initialized
[2018.06.17-00.04.52:334][  0]LogInit: Selected Device Profile: [Windows]
[2018.06.17-00.04.52:334][  0]LogInit: Applying CVar settings loaded from the selected device profile: [Windows]
[2018.06.17-00.04.52:350][  0]LogInit: Computer: DESKTOP-RR5JK1L
[2018.06.17-00.04.52:350][  0]LogInit: User: Jr
[2018.06.17-00.04.52:350][  0]LogInit: CPU Page size=4096, Cores=4
[2018.06.17-00.04.52:350][  0]LogInit: High frequency timer resolution =2.531248 MHz
[2018.06.17-00.04.52:350][  0]LogMemory: Memory total: Physical=15.9GB (16GB approx)
[2018.06.17-00.04.52:350][  0]LogMemory: Platform Memory Stats for Windows
[2018.06.17-00.04.52:350][  0]LogMemory: Process Physical Memory: 301.89 MB used, 301.89 MB peak
[2018.06.17-00.04.52:350][  0]LogMemory: Process Virtual Memory: 273.74 MB used, 273.74 MB peak
[2018.06.17-00.04.52:350][  0]LogMemory: Physical Memory: 9814.85 MB used,  6440.47 MB free, 16255.32 MB total
[2018.06.17-00.04.52:350][  0]LogMemory: Virtual Memory: 4899.30 MB used,  6440.47 MB free, 134217728.00 MB total
[2018.06.17-00.04.52:858][  0]LogInit: Using OS detected language (en-US).
[2018.06.17-00.04.52:858][  0]LogInit: Using OS detected locale (en-CA).
[2018.06.17-00.04.52:858][  0]LogTextLocalizationManager: No localization for 'en-US' exists, so 'en' will be used for the language.
[2018.06.17-00.04.52:858][  0]LogTextLocalizationManager: No localization for 'en-CA' exists, so 'en' will be used for the locale.
[2018.06.17-00.04.53:480][  0]LogStreaming: Display: Took  0.622s to EndInitTextLocalization.
[2018.06.17-00.04.53:522][  0]LogSlate: New Slate User Created.  User Index 0, Is Virtual User: 0
[2018.06.17-00.04.53:522][  0]LogSlate: Slate User Registered.  User Index 0, Is Virtual User: 0
[2018.06.17-00.04.53:579][  0]LogD3D11RHI: D3D11 adapters:
[2018.06.17-00.04.53:727][  0]LogD3D11RHI:    0. 'NVIDIA GeForce GTX 1070' (Feature Level 11_0)
[2018.06.17-00.04.53:727][  0]LogD3D11RHI:       8082/0/8127 MB DedicatedVideo/DedicatedSystem/SharedSystem, Outputs:1, VendorId:0x10de
[2018.06.17-00.04.53:741][  0]LogD3D11RHI:    1. 'Intel(R) HD Graphics 530' (Feature Level 11_0)
[2018.06.17-00.04.53:741][  0]LogD3D11RHI:       128/0/8127 MB DedicatedVideo/DedicatedSystem/SharedSystem, Outputs:0, VendorId:0x8086
[2018.06.17-00.04.53:747][  0]LogD3D11RHI:    2. 'Microsoft Basic Render Driver' (Feature Level 11_0)
[2018.06.17-00.04.53:747][  0]LogD3D11RHI:       0/0/8127 MB DedicatedVideo/DedicatedSystem/SharedSystem, Outputs:0, VendorId:0x1414
[2018.06.17-00.04.53:747][  0]LogD3D11RHI: Chosen D3D11 Adapter: 0
[2018.06.17-00.04.53:805][  0]LogD3D11RHI: Creating new Direct3DDevice
[2018.06.17-00.04.53:806][  0]LogD3D11RHI:     GPU DeviceId: 0x1ba1 (for the marketing name, search the web for "GPU Device Id")
[2018.06.17-00.04.53:806][  0]LogWindows: EnumDisplayDevices:
[2018.06.17-00.04.53:807][  0]LogWindows:    0. 'Intel(R) HD Graphics 530' (P:1 D:1)
[2018.06.17-00.04.53:807][  0]LogWindows:    1. 'Intel(R) HD Graphics 530' (P:0 D:0)
[2018.06.17-00.04.53:807][  0]LogWindows:    2. 'Intel(R) HD Graphics 530' (P:0 D:0)
[2018.06.17-00.04.53:807][  0]LogWindows:    3. 'NVIDIA GeForce GTX 1070' (P:0 D:0)
[2018.06.17-00.04.53:808][  0]LogWindows:    4. 'NVIDIA GeForce GTX 1070' (P:0 D:0)
[2018.06.17-00.04.53:808][  0]LogWindows:    5. 'NVIDIA GeForce GTX 1070' (P:0 D:0)
[2018.06.17-00.04.53:808][  0]LogWindows:    6. 'NVIDIA GeForce GTX 1070' (P:0 D:0)
[2018.06.17-00.04.53:808][  0]LogWindows: DebugString: GetVideoDriverDetailsInvalid PrimaryIsNotTheChoosenAdapter GetVideoDriverDetailsInvalid PrimaryIsNotTheChoosenAdapter GetVideoDriverDetailsInvalid PrimaryIsNotTheChoosenAdapter GetVideoDriverDetailsInvalid PrimaryIsNotTheChoosenAdapter GetVideoDriverDetailsInvalid PrimaryIsNotTheChoosenAdapter GetVideoDriverDetailsInvalid PrimaryIsNotTheChoosenAdapter GetVideoDriverDetailsInvalid PrimaryIsNotTheChoosenAdapter FoundDriverCount:0 
[2018.06.17-00.04.53:808][  0]LogD3D11RHI:     Adapter Name: NVIDIA GeForce GTX 1070
[2018.06.17-00.04.53:808][  0]LogD3D11RHI:   Driver Version: Unknown (internal:Unknown, unified:Unknown)
[2018.06.17-00.04.53:808][  0]LogD3D11RHI:      Driver Date: Unknown
[2018.06.17-00.04.53:808][  0]LogRHI: Texture pool is 5657 MB (70% of 8082 MB)
[2018.06.17-00.04.53:939][  0]LogD3D11RHI: [Aftermath] Aftermath enabled and primed
[2018.06.17-00.04.53:939][  0]LogD3D11RHI: [Aftermath] Aftermath enabled and primed
[2018.06.17-00.04.53:939][  0]LogD3D11RHI: Async texture creation enabled
[2018.06.17-00.04.54:048][  0]LogD3D11RHI: GPU Timing Frequency: 1000.000000 (Debug: 2 2)
[2018.06.17-00.04.54:050][  0]LogShaderCompilers: Guid format shader working directory is -9 characters bigger than the processId version (../../../../../../Users/Jr/Documents/GitHub/UberBall/Intermediate/Shaders/WorkingDirectory/7068/).
[2018.06.17-00.04.54:050][  0]LogShaderCompilers: Cleaned the shader compiler working directory 'C:/Users/Jr/AppData/Local/Temp/UnrealShaderWorkingDir/B440BE5A4461F2CCADF440B56AE01B6D/'.
[2018.06.17-00.04.54:424][  0]LogTemp: Display: Loaded TP WindowsClientTargetPlatform
[2018.06.17-00.04.54:443][  0]LogTemp: Display: Loaded TP WindowsNoEditorTargetPlatform
[2018.06.17-00.04.54:461][  0]LogTemp: Display: Loaded TP WindowsServerTargetPlatform
[2018.06.17-00.04.54:480][  0]LogTemp: Display: Loaded TP WindowsTargetPlatform
[2018.06.17-00.04.54:480][  0]LogTargetPlatformManager: Display: Building Assets For Windows
[2018.06.17-00.04.54:649][  0]LogXGEController: Cannot use XGE Controller as Incredibuild is not installed on this machine.
[2018.06.17-00.04.54:649][  0]LogShaderCompilers: Cannot use XGE Shader Compiler as Incredibuild is not installed on this machine.
[2018.06.17-00.04.54:649][  0]LogShaderCompilers: Display: Using Local Shader Compiler.
[2018.06.17-00.04.55:585][  0]LogDerivedDataCache: Display: Max Cache Size: 512 MB
[2018.06.17-00.04.55:694][  0]LogDerivedDataCache: Loaded boot cache 0.11s 74MB C:/Users/Jr/AppData/Local/UnrealEngine/4.19/DerivedDataCache/Boot.ddc.
[2018.06.17-00.04.55:694][  0]LogDerivedDataCache: Display: Loaded Boot cache: C:/Users/Jr/AppData/Local/UnrealEngine/4.19/DerivedDataCache/Boot.ddc
[2018.06.17-00.04.55:695][  0]LogDerivedDataCache: FDerivedDataBackendGraph:  Pak pak cache file ../../../../../../Users/Jr/Documents/GitHub/UberBall/DerivedDataCache/DDC.ddp not found, will not use a pak cache.
[2018.06.17-00.04.55:695][  0]LogDerivedDataCache: Unable to find inner node Pak for hierarchical cache Hierarchy.
[2018.06.17-00.04.55:695][  0]LogDerivedDataCache: FDerivedDataBackendGraph:  CompressedPak pak cache file ../../../../../../Users/Jr/Documents/GitHub/UberBall/DerivedDataCache/Compressed.ddp not found, will not use a pak cache.
[2018.06.17-00.04.55:695][  0]LogDerivedDataCache: Unable to find inner node CompressedPak for hierarchical cache Hierarchy.
[2018.06.17-00.04.55:715][  0]LogDerivedDataCache: Display: Pak cache opened for reading ../../../Engine/DerivedDataCache/Compressed.ddp.
[2018.06.17-00.04.55:728][  0]LogDerivedDataCache: Using Local data cache path C:/Users/Jr/AppData/Local/UnrealEngine/Common/DerivedDataCache: Writable
[2018.06.17-00.04.55:728][  0]LogDerivedDataCache: Shared data cache path not found in *engine.ini, will not use an Shared cache.
[2018.06.17-00.04.55:728][  0]LogDerivedDataCache: Unable to find inner node Shared for hierarchical cache Hierarchy.
[2018.06.17-00.04.55:746][  0]LogMaterial: Verifying Global Shaders for PCD3D_SM5
[2018.06.17-00.04.55:747][  0]LogSlate: Using Freetype 2.6.0
[2018.06.17-00.04.55:747][  0]LogSlate: SlateFontCache - WITH_FREETYPE: 1, WITH_HARFBUZZ: 1
[2018.06.17-00.04.55:747][  0]LogSlate: SlateFontCache - WITH_FREETYPE: 1, WITH_HARFBUZZ: 1
[2018.06.17-00.04.56:208][  0]LogAssetRegistry: FAssetRegistry took 0.0049 seconds to start up
[2018.06.17-00.04.56:541][  0]LogPackageLocalizationCache: Processed 9 localized package path(s) for 1 prioritized culture(s) in 0.044171 seconds
[2018.06.17-00.04.56:686][  0]LogInit: Selected Device Profile: [Windows]
[2018.06.17-00.04.56:888][  0]LogSimplygon: Simplygon DLL not present - disabling.
[2018.06.17-00.04.56:892][  0]LogMeshReduction: Using SimplygonSwarm for distributed automatic mesh merging
[2018.06.17-00.04.56:892][  0]LogMeshReduction: Using QuadricMeshReduction for automatic static mesh reduction
[2018.06.17-00.04.56:892][  0]LogMeshReduction: No automatic skeletal mesh reduction module available
[2018.06.17-00.04.56:892][  0]LogMeshReduction: No automatic mesh merging module available
[2018.06.17-00.04.56:893][  0]LogMeshMerging: No automatic mesh merging module available
[2018.06.17-00.04.56:933][  0]LogNetVersion: Multiplayer , NetCL: 3944462, EngineNetVer: 2, GameNetVer: 0 (Checksum: 567265365)
[2018.06.17-00.04.57:988][  0]LogMoviePlayer: Initializing movie player
[2018.06.17-00.04.58:727][  0]SourceControl: Source control is disabled
[2018.06.17-00.04.58:727][  0]SourceControl: Source control is disabled
[2018.06.17-00.04.58:750][  0]SourceControl: Source control is disabled
[2018.06.17-00.04.59:152][  0]LogAndroidPermission: UAndroidPermissionCallbackProxy::GetInstance
[2018.06.17-00.04.59:380][  0]LogOcInput: OculusInput pre-init called
[2018.06.17-00.04.59:431][  0]LogUObjectArray: 40777 objects as part of root set at end of initial load.
[2018.06.17-00.04.59:431][  0]LogUObjectAllocator: 8689936 out of 0 bytes used by permanent object pool.
[2018.06.17-00.04.59:431][  0]LogUObjectArray: CloseDisregardForGC: 0/0 objects in disregard for GC pool
[2018.06.17-00.04.59:499][  0]LogEngine: Initializing Engine...
[2018.06.17-00.04.59:503][  0]LogHMD: Failed to initialize OpenVR with code 110
[2018.06.17-00.04.59:516][  0]LogStats: UGameplayTagsManager::ConstructGameplayTagTree: Construct from data asset -  0.000 s
[2018.06.17-00.04.59:516][  0]LogStats: UGameplayTagsManager::ConstructGameplayTagTree: GameplayTagTreeChangedEvent.Broadcast -  0.000 s
[2018.06.17-00.04.59:761][  0]LogInit: XAudio2 using 'Speakers / Headphones (Realtek Audio)' : 6 channels at 48 kHz using 32 bits per sample (channel mask 0x3f)
[2018.06.17-00.04.59:865][  0]LogInit: FAudioDevice initialized.
[2018.06.17-00.04.59:974][  0]LogDerivedDataCache: Saved boot cache 0.10s 73MB C:/Users/Jr/AppData/Local/UnrealEngine/4.19/DerivedDataCache/Boot.ddc.
[2018.06.17-00.04.59:986][  0]LogInit: Texture streaming: Enabled
[2018.06.17-00.05.00:205][  0]LogUObjectGlobals: Created PersistentFrame Addr=0x0000023bdd20b400, Size=648, Default__GameInfoInstance_C Function /Game/BluePrints/AllLevels/GameInfoInstance.GameInfoInstance_C:ExecuteUbergraph_GameInfoInstance
[2018.06.17-00.05.00:214][  0]LogUObjectGlobals: Created PersistentFrame Addr=0x0000023bbeec1878, Size=40, Default__ErrorDialog_C Function /Game/UI/MainMenu/ErrorDialog.ErrorDialog_C:ExecuteUbergraph_ErrorDialog
[2018.06.17-00.05.00:224][  0]LogUObjectGlobals: Created PersistentFrame Addr=0x0000023bdd1fe340, Size=80, Default__HostMenu_C Function /Game/UI/MainMenu/HostMenu.HostMenu_C:ExecuteUbergraph_HostMenu
[2018.06.17-00.05.00:233][  0]LogUObjectGlobals: Created PersistentFrame Addr=0x0000023bbeec17d8, Size=40, Default__MainMenu_C Function /Game/UI/MainMenu/MainMenu.MainMenu_C:ExecuteUbergraph_MainMenu
[2018.06.17-00.05.00:255][  0]LogUObjectGlobals: Created PersistentFrame Addr=0x0000023bdd219210, Size=104, Default__OptionsMenu_C Function /Game/UI/MainMenu/OptionsMenu.OptionsMenu_C:ExecuteUbergraph_OptionsMenu
[2018.06.17-00.05.00:256][  0]LogLinker: Can't find file '/Game/Blueprints/Characters/0_Base'
[2018.06.17-00.05.00:257][  0]LogLinker: Can't find file '/Game/Blueprints/Characters/0_Base'
[2018.06.17-00.05.00:293][  0]LogUObjectGlobals: Created PersistentFrame Addr=0x0000023bdcacb100, Size=608, Default__ServerMenu_C Function /Game/UI/MainMenu/ServerMenu.ServerMenu_C:ExecuteUbergraph_ServerMenu
[2018.06.17-00.05.00:368][  0]LogUObjectGlobals: Destroyed PersistentFrame Addr=0x0000023bdd20b400, Size=648
[2018.06.17-00.05.00:369][  0]LogUObjectGlobals: Created PersistentFrame Addr=0x0000023bdcaa4a00, Size=648, Default__GameInfoInstance_C Function /Engine/Transient.REINST_GameInfoInstance_C_2:ExecuteUbergraph_GameInfoInstance
[2018.06.17-00.05.00:369][  0]LogUObjectGlobals: Destroyed PersistentFrame Addr=0x0000023bbeec1878, Size=40
[2018.06.17-00.05.00:369][  0]LogUObjectGlobals: Created PersistentFrame Addr=0x0000023bdca1ab10, Size=40, Default__ErrorDialog_C Function /Engine/Transient.REINST_ErrorDialog_C_0:ExecuteUbergraph_ErrorDialog
[2018.06.17-00.05.00:369][  0]LogUObjectGlobals: Destroyed PersistentFrame Addr=0x0000023bdd1fe340, Size=80
[2018.06.17-00.05.00:369][  0]LogUObjectGlobals: Created PersistentFrame Addr=0x0000023bdc971c60, Size=80, Default__HostMenu_C Function /Engine/Transient.REINST_HostMenu_C_1:ExecuteUbergraph_HostMenu
[2018.06.17-00.05.00:370][  0]LogUObjectGlobals: Destroyed PersistentFrame Addr=0x0000023bbeec17d8, Size=40
[2018.06.17-00.05.00:370][  0]LogUObjectGlobals: Created PersistentFrame Addr=0x0000023bdca1aa98, Size=40, Default__MainMenu_C Function /Engine/Transient.REINST_MainMenu_C_3:ExecuteUbergraph_MainMenu
[2018.06.17-00.05.00:371][  0]LogUObjectGlobals: Destroyed PersistentFrame Addr=0x0000023bdd219210, Size=104
[2018.06.17-00.05.00:371][  0]LogUObjectGlobals: Created PersistentFrame Addr=0x0000023bdc8e6320, Size=104, Default__OptionsMenu_C Function /Engine/Transient.REINST_OptionsMenu_C_4:ExecuteUbergraph_OptionsMenu
[2018.06.17-00.05.00:371][  0]LogUObjectGlobals: Destroyed PersistentFrame Addr=0x0000023bdcacb100, Size=608
[2018.06.17-00.05.00:371][  0]LogUObjectGlobals: Created PersistentFrame Addr=0x0000023bdc957100, Size=608, Default__ServerMenu_C Function /Engine/Transient.REINST_ServerMenu_C_5:ExecuteUbergraph_ServerMenu
[2018.06.17-00.05.00:426][  0]LogUObjectGlobals: Created PersistentFrame Addr=0x0000023bd8795580, Size=640, Default__GameInfoInstance_C Function /Game/BluePrints/AllLevels/GameInfoInstance.GameInfoInstance_C:ExecuteUbergraph_GameInfoInstance
[2018.06.17-00.05.00:428][  0]LogUObjectGlobals: Created PersistentFrame Addr=0x0000023bdca1b218, Size=40, Default__ErrorDialog_C Function /Game/UI/MainMenu/ErrorDialog.ErrorDialog_C:ExecuteUbergraph_ErrorDialog
[2018.06.17-00.05.00:431][  0]LogUObjectGlobals: Created PersistentFrame Addr=0x0000023bdc7f52b0, Size=80, Default__HostMenu_C Function /Game/UI/MainMenu/HostMenu.HostMenu_C:ExecuteUbergraph_HostMenu
[2018.06.17-00.05.00:433][  0]LogUObjectGlobals: Created PersistentFrame Addr=0x0000023bdca1bb50, Size=40, Default__MainMenu_C Function /Game/UI/MainMenu/MainMenu.MainMenu_C:ExecuteUbergraph_MainMenu
[2018.06.17-00.05.00:436][  0]LogUObjectGlobals: Created PersistentFrame Addr=0x0000023bcf241050, Size=104, Default__OptionsMenu_C Function /Game/UI/MainMenu/OptionsMenu.OptionsMenu_C:ExecuteUbergraph_OptionsMenu
[2018.06.17-00.05.00:442][  0]LogUObjectGlobals: Created PersistentFrame Addr=0x0000023bcf22f100, Size=616, Default__ServerMenu_C Function /Game/UI/MainMenu/ServerMenu.ServerMenu_C:ExecuteUbergraph_ServerMenu
[2018.06.17-00.05.00:483][  0]LogInit: Display: Game Engine Initialized.
[2018.06.17-00.05.00:483][  0]LogGameplayTags: Display: UGameplayTagsManager::DoneAddingNativeTags. DelegateIsBound: 0
[2018.06.17-00.05.00:483][  0]LogStats: UGameplayTagsManager::ConstructGameplayTagTree: Construct from data asset -  0.000 s
[2018.06.17-00.05.00:483][  0]LogStats: UGameplayTagsManager::ConstructGameplayTagTree: GameplayTagTreeChangedEvent.Broadcast -  0.000 s
[2018.06.17-00.05.00:620][  0]LogInit: Display: Starting Game.
[2018.06.17-00.05.00:621][  0]LogNet: Browse: /Game/Maps/MainMenu?Name=Player
[2018.06.17-00.05.00:621][  0]LogLoad: LoadMap: /Game/Maps/MainMenu?Name=Player
[2018.06.17-00.05.00:637][  0]LogUObjectGlobals: Destroyed PersistentFrame Addr=0x0000023bdcaa4a00, Size=648
[2018.06.17-00.05.00:637][  0]LogUObjectGlobals: Destroyed PersistentFrame Addr=0x0000023bdca1ab10, Size=40
[2018.06.17-00.05.00:637][  0]LogUObjectGlobals: Destroyed PersistentFrame Addr=0x0000023bdc971c60, Size=80
[2018.06.17-00.05.00:637][  0]LogUObjectGlobals: Destroyed PersistentFrame Addr=0x0000023bdca1aa98, Size=40
[2018.06.17-00.05.00:637][  0]LogUObjectGlobals: Destroyed PersistentFrame Addr=0x0000023bdc8e6320, Size=104
[2018.06.17-00.05.00:637][  0]LogUObjectGlobals: Destroyed PersistentFrame Addr=0x0000023bdc957100, Size=608
[2018.06.17-00.05.00:641][  0]LogUObjectGlobals: Created PersistentFrame Addr=0x0000023bd8788540, Size=32, Default__MainMenu_C Function /Game/Maps/MainMenu.MainMenu_C:ExecuteUbergraph_MainMenu
[2018.06.17-00.05.00:643][  0]LogUObjectGlobals: Destroyed PersistentFrame Addr=0x0000023bd8788540, Size=32
[2018.06.17-00.05.00:643][  0]LogUObjectGlobals: Created PersistentFrame Addr=0x0000023bd8788540, Size=32, Default__MainMenu_C Function /Engine/Transient.REINST_MainMenu_C_13:ExecuteUbergraph_MainMenu
[2018.06.17-00.05.00:644][  0]LogUObjectGlobals: Created PersistentFrame Addr=0x0000023bd87892e0, Size=32, Default__MainMenu_C Function /Game/Maps/MainMenu.MainMenu_C:ExecuteUbergraph_MainMenu
[2018.06.17-00.05.00:659][  0]LogAIModule: Creating AISystem for world MainMenu
[2018.06.17-00.05.00:668][  0]LogUObjectGlobals: Created PersistentFrame Addr=0x0000023bd87a4b80, Size=1952, Default__UberBall_Character_C Function /Game/ThirdPersonBP/Blueprints/UberBall_Character.UberBall_Character_C:ExecuteUbergraph_UberBall_Character
[2018.06.17-00.05.00:669][  0]LogUObjectGlobals: Created PersistentFrame Addr=0x0000023bdc8cc730, Size=16, Default__BasicHUD_C Function /Game/BluePrints/BasicHUD.BasicHUD_C:ExecuteUbergraph_BasicHUD
[2018.06.17-00.05.00:671][  0]LogUObjectGlobals: Created PersistentFrame Addr=0x0000023bd8788b20, Size=32, Default__HUD_Widget_C Function /Game/BluePrints/HUD_Widget.HUD_Widget_C:ExecuteUbergraph_HUD_Widget
[2018.06.17-00.05.00:678][  0]LogUObjectGlobals: Created PersistentFrame Addr=0x0000023bcdf850c0, Size=408, Default__BP_GravityBall_C Function /Game/BluePrints/BP_GravityBall.BP_GravityBall_C:ExecuteUbergraph_BP_GravityBall
[2018.06.17-00.05.00:694][  0]LogUObjectGlobals: Created PersistentFrame Addr=0x0000023bd883fe80, Size=88, Default__ShooterAnimBP_C Function /Game/BluePrints/ShooterAnimBP.ShooterAnimBP_C:ExecuteUbergraph_ShooterAnimBP
[2018.06.17-00.05.00:728][  0]LogUObjectGlobals: Created PersistentFrame Addr=0x0000023bd8877b00, Size=72, Default__FirstPerson_AnimBP_C Function /Game/FirstPerson/Animations/FirstPerson_AnimBP.FirstPerson_AnimBP_C:ExecuteUbergraph_FirstPerson_AnimBP
[2018.06.17-00.05.00:748][  0]LogUObjectGlobals: Created PersistentFrame Addr=0x0000023bce3f8680, Size=160, Default__STS_C Function /Game/TargetingSystem/STS.STS_C:ExecuteUbergraph_STS
[2018.06.17-00.05.00:781][  0]LogUObjectGlobals: Created PersistentFrame Addr=0x0000023bdcad96c0, Size=16, Default__Bullet_C Function /Game/BluePrints/Bullet.Bullet_C:ExecuteUbergraph_Bullet
[2018.06.17-00.05.00:791][  0]LogUObjectGlobals: Created PersistentFrame Addr=0x0000023bcf1fce00, Size=240, Default__UberBall_GameMode_C Function /Game/BluePrints/UberBall_GameMode.UberBall_GameMode_C:ExecuteUbergraph_UberBall_GameMode
[2018.06.17-00.05.00:796][  0]LogUObjectGlobals: Created PersistentFrame Addr=0x0000023bd8a62700, Size=264, Default__Scoreboard_C Function /Game/BluePrints/Scoreboard.Scoreboard_C:ExecuteUbergraph_Scoreboard
[2018.06.17-00.05.00:876][  0]LogUObjectGlobals: Destroyed PersistentFrame Addr=0x0000023bdcad96c0, Size=16
[2018.06.17-00.05.00:876][  0]LogUObjectGlobals: Created PersistentFrame Addr=0x0000023be8b114b0, Size=16, Default__Bullet_C Function /Engine/Transient.REINST_Bullet_C_16:ExecuteUbergraph_Bullet
[2018.06.17-00.05.00:877][  0]LogUObjectGlobals: Destroyed PersistentFrame Addr=0x0000023bd8877b00, Size=72
[2018.06.17-00.05.00:877][  0]LogUObjectGlobals: Created PersistentFrame Addr=0x0000023bd88cf060, Size=72, Default__FirstPerson_AnimBP_C Function /Engine/Transient.REINST_FirstPerson_AnimBP_C_0:ExecuteUbergraph_FirstPerson_AnimBP
[2018.06.17-00.05.00:878][  0]LogUObjectGlobals: Destroyed PersistentFrame Addr=0x0000023bd883fe80, Size=88
[2018.06.17-00.05.00:878][  0]LogUObjectGlobals: Created PersistentFrame Addr=0x0000023bce017160, Size=88, Default__ShooterAnimBP_C Function /Engine/Transient.REINST_ShooterAnimBP_C_1:ExecuteUbergraph_ShooterAnimBP
[2018.06.17-00.05.00:878][  0]LogUObjectGlobals: Destroyed PersistentFrame Addr=0x0000023bce3f8680, Size=160
[2018.06.17-00.05.00:878][  0]LogUObjectGlobals: Created PersistentFrame Addr=0x0000023be97aefc0, Size=160, Default__STS_C Function /Engine/Transient.REINST_STS_C_18:ExecuteUbergraph_STS
[2018.06.17-00.05.00:879][  0]LogUObjectGlobals: Destroyed PersistentFrame Addr=0x0000023bdc8cc730, Size=16
[2018.06.17-00.05.00:879][  0]LogUObjectGlobals: Created PersistentFrame Addr=0x0000023be8b114a0, Size=16, Default__BasicHUD_C Function /Engine/Transient.REINST_BasicHUD_C_20:ExecuteUbergraph_BasicHUD
[2018.06.17-00.05.00:879][  0]LogUObjectGlobals: Destroyed PersistentFrame Addr=0x0000023bcdf850c0, Size=408
[2018.06.17-00.05.00:879][  0]LogUObjectGlobals: Created PersistentFrame Addr=0x0000023be8b54b80, Size=408, Default__BP_GravityBall_C Function /Engine/Transient.REINST_BP_GravityBall_C_21:ExecuteUbergraph_BP_GravityBall
[2018.06.17-00.05.00:880][  0]LogUObjectGlobals: Destroyed PersistentFrame Addr=0x0000023bd8788b20, Size=32
[2018.06.17-00.05.00:880][  0]LogUObjectGlobals: Created PersistentFrame Addr=0x0000023be97e6780, Size=32, Default__HUD_Widget_C Function /Engine/Transient.REINST_HUD_Widget_C_6:ExecuteUbergraph_HUD_Widget
[2018.06.17-00.05.00:880][  0]LogUObjectGlobals: Destroyed PersistentFrame Addr=0x0000023bd8a62700, Size=264
[2018.06.17-00.05.00:880][  0]LogUObjectGlobals: Created PersistentFrame Addr=0x0000023be8b8ee80, Size=264, Default__Scoreboard_C Function /Engine/Transient.REINST_Scoreboard_C_8:ExecuteUbergraph_Scoreboard
[2018.06.17-00.05.00:882][  0]LogUObjectGlobals: Destroyed PersistentFrame Addr=0x0000023bd87a4b80, Size=1952
[2018.06.17-00.05.00:882][  0]LogUObjectGlobals: Created PersistentFrame Addr=0x0000023be97cab00, Size=1952, Default__UberBall_Character_C Function /Engine/Transient.REINST_UberBall_Character_C_25:ExecuteUbergraph_UberBall_Character
[2018.06.17-00.05.00:882][  0]LogUObjectGlobals: Destroyed PersistentFrame Addr=0x0000023bcf1fce00, Size=240
[2018.06.17-00.05.00:883][  0]LogUObjectGlobals: Created PersistentFrame Addr=0x0000023bce022500, Size=240, Default__UberBall_GameMode_C Function /Engine/Transient.REINST_UberBall_GameMode_C_26:ExecuteUbergraph_UberBall_GameMode
[2018.06.17-00.05.00:985][  0]LogUObjectGlobals: Created PersistentFrame Addr=0x0000023be94614d0, Size=16, Default__Bullet_C Function /Game/BluePrints/Bullet.Bullet_C:ExecuteUbergraph_Bullet
[2018.06.17-00.05.00:987][  0]LogUObjectGlobals: Created PersistentFrame Addr=0x0000023be9381c80, Size=64, Default__FirstPerson_AnimBP_C Function /Game/FirstPerson/Animations/FirstPerson_AnimBP.FirstPerson_AnimBP_C:ExecuteUbergraph_FirstPerson_AnimBP
[2018.06.17-00.05.00:990][  0]LogUObjectGlobals: Created PersistentFrame Addr=0x0000023be9360d00, Size=88, Default__ShooterAnimBP_C Function /Game/BluePrints/ShooterAnimBP.ShooterAnimBP_C:ExecuteUbergraph_ShooterAnimBP
[2018.06.17-00.05.00:997][  0]LogUObjectGlobals: Created PersistentFrame Addr=0x0000023be92c42c0, Size=160, Default__STS_C Function /Game/TargetingSystem/STS.STS_C:ExecuteUbergraph_STS
[2018.06.17-00.05.00:998][  0]LogUObjectGlobals: Created PersistentFrame Addr=0x0000023be9460c30, Size=16, Default__BasicHUD_C Function /Game/BluePrints/BasicHUD.BasicHUD_C:ExecuteUbergraph_BasicHUD
[2018.06.17-00.05.00:999][  0]LogUObjectGlobals: Created PersistentFrame Addr=0x0000023be934f200, Size=408, Default__BP_GravityBall_C Function /Game/BluePrints/BP_GravityBall.BP_GravityBall_C:ExecuteUbergraph_BP_GravityBall
[2018.06.17-00.05.01:000][  0]LogUObjectGlobals: Created PersistentFrame Addr=0x0000023be92a56c0, Size=32, Default__HUD_Widget_C Function /Game/BluePrints/HUD_Widget.HUD_Widget_C:ExecuteUbergraph_HUD_Widget
[2018.06.17-00.05.01:003][  0]LogUObjectGlobals: Created PersistentFrame Addr=0x0000023be9499800, Size=264, Default__Scoreboard_C Function /Game/BluePrints/Scoreboard.Scoreboard_C:ExecuteUbergraph_Scoreboard
[2018.06.17-00.05.01:014][  0]LogUObjectGlobals: Created PersistentFrame Addr=0x0000023be9250b80, Size=1952, Default__UberBall_Character_C Function /Game/ThirdPersonBP/Blueprints/UberBall_Character.UberBall_Character_C:ExecuteUbergraph_UberBall_Character
[2018.06.17-00.05.01:017][  0]LogUObjectGlobals: Created PersistentFrame Addr=0x0000023be918f000, Size=240, Default__UberBall_GameMode_C Function /Game/BluePrints/UberBall_GameMode.UberBall_GameMode_C:ExecuteUbergraph_UberBall_GameMode
[2018.06.17-00.05.01:228][  0]LogSkeletalMesh: Skeletal Mesh found in DDC [2.481385ms] /Game/FirstPerson/Character/Mesh/SK_Mannequin_Arms.SK_Mannequin_Arms
[2018.06.17-00.05.01:240][  0]LogSkeletalMesh: Skeletal Mesh found in DDC [4.813831ms] /Game/FirstPerson/FPWeapon/Mesh/SK_FPGun.SK_FPGun
[2018.06.17-00.05.01:258][  0]LogSkeletalMesh: Skeletal Mesh found in DDC [16.697693ms] /Game/Mannequin/Character/Mesh/SK_Mannequin.SK_Mannequin
[2018.06.17-00.05.01:367][  0]LogLoad: Game class is 'ThirdPersonGameMode_C'
[2018.06.17-00.05.01:368][  0]LogWorld: Bringing World /Game/Maps/MainMenu.MainMenu up for play (max tick rate 0) at 2018.06.16-20.05.01
[2018.06.17-00.05.01:368][  0]LogWorld: Bringing up level for play took: 0.000647
[2018.06.17-00.05.01:369][  0]LogGameMode: FindPlayerStart: PATHS NOT DEFINED or NO PLAYERSTART with positive rating
[2018.06.17-00.05.01:382][  0]LogScriptCore: Warning: Script Msg: Attempted to access index 0 from array 'CallFunc_GetAllActorsOfClass_OutActors' of length 0 in '/Game/ThirdPersonBP/Blueprints/UberBall_Character.UberBall_Character_C:ExecuteUbergraph_UberBall_Character'!
[2018.06.17-00.05.01:383][  0]LogLoad: Took 0.762376 seconds to LoadMap(/Game/Maps/MainMenu)
[2018.06.17-00.05.01:450][  0]LogLoad: (Engine Initialization) Total time: 12.19 seconds
[2018.06.17-00.05.01:450][  0]LogLoad: (Engine Initialization) Total Blueprint compile time: 0.00 seconds
[2018.06.17-00.05.01:497][  0]LogRenderer: Reallocating scene render targets to support 1920x1080 Format 10 NumSamples 1 (Frame:1).
[2018.06.17-00.05.01:556][  0]LogWindowsTextInputMethodSystem: Display: IME system now deactivated.
[2018.06.17-00.05.01:560][  0]LogContentStreaming: Texture pool size now 1000 MB
[2018.06.17-00.05.03:554][117]LogScriptCore: Warning: Script Msg: Attempted to access index 0 from array 'CallFunc_GetAllActorsOfClass_OutActors' of length 0 in '/Game/ThirdPersonBP/Blueprints/UberBall_Character.UberBall_Character_C:ExecuteUbergraph_UberBall_Character'!
[2018.06.17-00.05.05:286][224]LogSlate: FSceneViewport::OnFocusLost() reason 0
[2018.06.17-00.05.11:442][603]LogScriptCore: Script Msg: Found a session. Ping is 61
[2018.06.17-00.05.14:067][763]LogNet: Browse: 192.168.2.109//Game/Maps/MainMenu
[2018.06.17-00.05.14:146][763]LogOnline: Warning: STEAM: Failed to initialize Steam, this could be due to a Steam server and client running on the same machine. Try running with -NOSTEAM on the cmdline to disable.
[2018.06.17-00.05.14:146][763]LogOnline: Display: STEAM: OnlineSubsystemSteam::Shutdown()
[2018.06.17-00.05.14:156][763]LogOnline: Warning: STEAM: Steam API failed to initialize!
[2018.06.17-00.05.14:156][763]LogOnline: Display: STEAM: OnlineSubsystemSteam::Shutdown()
[2018.06.17-00.05.14:157][763]LogTemp: Display: ParseSettings for GameNetDriver
[2018.06.17-00.05.14:157][763]LogTemp: Display: ParseSettings for IpNetDriver_0
[2018.06.17-00.05.14:157][763]LogTemp: Display: ParseSettings for PendingNetDriver
[2018.06.17-00.05.14:157][763]LogInit: WinSock: Socket queue 32768 / 32768
[2018.06.17-00.05.14:177][763]PacketHandlerLog: Loaded PacketHandler component: Engine.EngineHandlerComponentFactory (StatelessConnectHandlerComponent)
[2018.06.17-00.05.14:197][763]LogNet: Game client on port 7777, rate 10000
[2018.06.17-00.05.46:975][792]LogSlate: Window 'Multiplayer (64-bit, PCD3D_SM5) ' being destroyed
[2018.06.17-00.05.46:990][792]LogWindowsTextInputMethodSystem: Display: IME system now deactivated.
[2018.06.17-00.05.46:999][792]LogWindowsTextInputMethodSystem: Display: IME system now deactivated.
[2018.06.17-00.05.47:011][792]LogEngine: All Windows Closed
[2018.06.17-00.05.47:011][792]LogWindows: FPlatformMisc::RequestExit(0)
[2018.06.17-00.05.47:059][793]LogNet: UNetConnection::Close: [UNetConnection] RemoteAddr: 192.168.2.109:7777, Name: IpConnection_0, Driver: PendingNetDriver IpNetDriver_0, IsServer: NO, PC: NULL, Owner: NULL, UniqueId: INVALID, Channels: 2, Time: 2018.06.17-00.05.47
[2018.06.17-00.05.47:069][793]LogNet: UChannel::Close: Sending CloseBunch. ChIndex == 0. Name: [UChannel] ChIndex: 0, Closing: 0 [UNetConnection] RemoteAddr: 192.168.2.109:7777, Name: IpConnection_0, Driver: PendingNetDriver IpNetDriver_0, IsServer: NO, PC: NULL, Owner: NULL, UniqueId: INVALID
[2018.06.17-00.05.47:070][793]LogNet: DestroyNamedNetDriver IpNetDriver_0 [PendingNetDriver]
[2018.06.17-00.05.47:070][793]LogExit: PendingNetDriver IpNetDriver_0 shut down
[2018.06.17-00.05.47:556][793]LogSlate: Slate User Destroyed.  User Index 0, Is Virtual User: 0
[2018.06.17-00.05.47:565][793]LogExit: Preparing to exit.
[2018.06.17-00.05.47:565][793]LogMoviePlayer: Shutting down movie player
[2018.06.17-00.05.47:841][793]LogNet: UChannel::CleanUp: ChIndex == 0. Closing connection. [UChannel] ChIndex: 0, Closing: 0 [UNetConnection] RemoteAddr: 192.168.2.109:7777, Name: None, Driver: PendingNetDriver None, IsServer: NO, PC: NULL, Owner: NULL, UniqueId: INVALID
[2018.06.17-00.05.47:921][793]LogExit: Game engine shut down
[2018.06.17-00.05.47:926][793]LogUObjectGlobals: Destroyed PersistentFrame Addr=0x0000023bd88cf060, Size=72
[2018.06.17-00.05.47:927][793]LogUObjectGlobals: Destroyed PersistentFrame Addr=0x0000023bce017160, Size=88
[2018.06.17-00.05.47:927][793]LogUObjectGlobals: Destroyed PersistentFrame Addr=0x0000023be8b54b80, Size=408
[2018.06.17-00.05.47:927][793]LogUObjectGlobals: Destroyed PersistentFrame Addr=0x0000023be97e6780, Size=32
[2018.06.17-00.05.47:927][793]LogUObjectGlobals: Destroyed PersistentFrame Addr=0x0000023be8b114a0, Size=16
[2018.06.17-00.05.47:927][793]LogUObjectGlobals: Destroyed PersistentFrame Addr=0x0000023be97cab00, Size=1952
[2018.06.17-00.05.47:927][793]LogUObjectGlobals: Destroyed PersistentFrame Addr=0x0000023bd87892e0, Size=32
[2018.06.17-00.05.47:927][793]LogUObjectGlobals: Destroyed PersistentFrame Addr=0x0000023bd8788540, Size=32
[2018.06.17-00.05.47:927][793]LogUObjectGlobals: Destroyed PersistentFrame Addr=0x0000023bd8795580, Size=640
[2018.06.17-00.05.47:927][793]LogUObjectGlobals: Destroyed PersistentFrame Addr=0x0000023bdca1b218, Size=40
[2018.06.17-00.05.47:927][793]LogUObjectGlobals: Destroyed PersistentFrame Addr=0x0000023bdc7f52b0, Size=80
[2018.06.17-00.05.47:927][793]LogUObjectGlobals: Destroyed PersistentFrame Addr=0x0000023bdca1bb50, Size=40
[2018.06.17-00.05.47:927][793]LogUObjectGlobals: Destroyed PersistentFrame Addr=0x0000023bcf241050, Size=104
[2018.06.17-00.05.47:927][793]LogUObjectGlobals: Destroyed PersistentFrame Addr=0x0000023bcf22f100, Size=616
[2018.06.17-00.05.47:928][793]LogUObjectGlobals: Destroyed PersistentFrame Addr=0x0000023be97aefc0, Size=160
[2018.06.17-00.05.47:928][793]LogUObjectGlobals: Destroyed PersistentFrame Addr=0x0000023be8b114b0, Size=16
[2018.06.17-00.05.47:928][793]LogUObjectGlobals: Destroyed PersistentFrame Addr=0x0000023bce022500, Size=240
[2018.06.17-00.05.47:928][793]LogUObjectGlobals: Destroyed PersistentFrame Addr=0x0000023be8b8ee80, Size=264
[2018.06.17-00.05.47:929][793]LogUObjectGlobals: Destroyed PersistentFrame Addr=0x0000023be94614d0, Size=16
[2018.06.17-00.05.47:929][793]LogUObjectGlobals: Destroyed PersistentFrame Addr=0x0000023be9381c80, Size=64
[2018.06.17-00.05.47:929][793]LogUObjectGlobals: Destroyed PersistentFrame Addr=0x0000023be9360d00, Size=88
[2018.06.17-00.05.47:929][793]LogUObjectGlobals: Destroyed PersistentFrame Addr=0x0000023be92c42c0, Size=160
[2018.06.17-00.05.47:929][793]LogUObjectGlobals: Destroyed PersistentFrame Addr=0x0000023be9460c30, Size=16
[2018.06.17-00.05.47:929][793]LogUObjectGlobals: Destroyed PersistentFrame Addr=0x0000023be934f200, Size=408
[2018.06.17-00.05.47:929][793]LogUObjectGlobals: Destroyed PersistentFrame Addr=0x0000023be92a56c0, Size=32
[2018.06.17-00.05.47:929][793]LogUObjectGlobals: Destroyed PersistentFrame Addr=0x0000023be9499800, Size=264
[2018.06.17-00.05.47:929][793]LogUObjectGlobals: Destroyed PersistentFrame Addr=0x0000023be9250b80, Size=1952
[2018.06.17-00.05.47:929][793]LogUObjectGlobals: Destroyed PersistentFrame Addr=0x0000023be918f000, Size=240
[2018.06.17-00.05.48:874][793]LogExit: Object subsystem successfully closed.
[2018.06.17-00.05.48:990][793]LogShaderCompilers: Display: Shaders left to compile 0
[2018.06.17-00.05.49:027][793]LogD3D11RHI: Shutdown
[2018.06.17-00.05.49:027][793]LogD3D11RHI: CleanupD3DDevice
[2018.06.17-00.05.49:044][793]LogD3D11RHI: ~FD3D11DynamicRHI
[2018.06.17-00.05.49:350][793]LogModuleManager: Shutting down and abandoning module SequenceRecorderSections (340)
[2018.06.17-00.05.49:350][793]LogModuleManager: Shutting down and abandoning module SequenceRecorder (338)
[2018.06.17-00.05.49:350][793]LogModuleManager: Shutting down and abandoning module AutomationController (336)
[2018.06.17-00.05.49:350][793]LogModuleManager: Shutting down and abandoning module AutomationWorker (334)
[2018.06.17-00.05.49:350][793]LogModuleManager: Shutting down and abandoning module Voice (332)
[2018.06.17-00.05.49:351][793]LogModuleManager: Shutting down and abandoning module AIModule (330)
[2018.06.17-00.05.49:351][793]LogModuleManager: Shutting down and abandoning module GameplayDebugger (329)
[2018.06.17-00.05.49:362][793]LogModuleManager: Shutting down and abandoning module AITestSuite (327)
[2018.06.17-00.05.49:362][793]LogModuleManager: Shutting down and abandoning module WmfMediaFactory (324)
[2018.06.17-00.05.49:362][793]LogModuleManager: Shutting down and abandoning module OpenExrWrapper (322)
[2018.06.17-00.05.49:362][793]LogModuleManager: Shutting down and abandoning module ImgMediaFactory (320)
[2018.06.17-00.05.49:362][793]LogModuleManager: Shutting down and abandoning module AvfMediaFactory (318)
[2018.06.17-00.05.49:362][793]LogModuleManager: Shutting down and abandoning module CharacterAI (316)
[2018.06.17-00.05.49:362][793]LogModuleManager: Shutting down and abandoning module SessionServices (314)
[2018.06.17-00.05.49:362][793]LogModuleManager: Shutting down and abandoning module MovieSceneCapture (312)
[2018.06.17-00.05.49:362][793]LogModuleManager: Shutting down and abandoning module MovieSceneTracks (310)
[2018.06.17-00.05.49:362][793]LogModuleManager: Shutting down and abandoning module MovieScene (308)
[2018.06.17-00.05.49:362][793]LogModuleManager: Shutting down and abandoning module GeometryCache (306)
[2018.06.17-00.05.49:362][793]LogModuleManager: Shutting down and abandoning module GeometryCacheEd (305)
[2018.06.17-00.05.49:362][793]LogModuleManager: Shutting down and abandoning module StreamingPauseRendering (302)
[2018.06.17-00.05.49:362][793]LogModuleManager: Shutting down and abandoning module PortalServices (300)
[2018.06.17-00.05.49:362][793]LogModuleManager: Shutting down and abandoning module PortalRpc (298)
[2018.06.17-00.05.49:362][793]LogModuleManager: Shutting down and abandoning module MessagingRpc (296)
[2018.06.17-00.05.49:362][793]LogModuleManager: Shutting down and abandoning module ProfilerService (294)
[2018.06.17-00.05.49:536][793]LogModuleManager: Shutting down and abandoning module TaskGraph (292)
[2018.06.17-00.05.49:551][793]LogModuleManager: Shutting down and abandoning module SteamVRController (290)
[2018.06.17-00.05.49:551][793]LogModuleManager: Shutting down and abandoning module ProceduralMeshComponent (288)
[2018.06.17-00.05.49:551][793]LogModuleManager: Shutting down and abandoning module OculusInput (286)
[2018.06.17-00.05.49:551][793]LogModuleManager: Shutting down and abandoning module MobilePatchingUtils (284)
[2018.06.17-00.05.49:551][793]LogModuleManager: Shutting down and abandoning module CustomMeshComponent (282)
[2018.06.17-00.05.49:551][793]LogModuleManager: Shutting down and abandoning module CableComponent (280)
[2018.06.17-00.05.49:551][793]LogModuleManager: Shutting down and abandoning module AudioCapture (278)
[2018.06.17-00.05.49:551][793]LogModuleManager: Shutting down and abandoning module ArchVisCharacter (276)
[2018.06.17-00.05.49:551][793]LogModuleManager: Shutting down and abandoning module AndroidPermission (274)
[2018.06.17-00.05.49:551][793]LogModuleManager: Shutting down and abandoning module NUTUnrealEngine4 (272)
[2018.06.17-00.05.49:551][793]LogModuleManager: Shutting down and abandoning module NetcodeUnitTest (270)
[2018.06.17-00.05.49:551][793]LogModuleManager: Shutting down and abandoning module MediaCompositing (268)
[2018.06.17-00.05.49:551][793]LogModuleManager: Shutting down and abandoning module LinearTimecode (266)
[2018.06.17-00.05.49:552][793]LogModuleManager: Shutting down and abandoning module ImgMedia (264)
[2018.06.17-00.05.49:555][793]LogModuleManager: Shutting down and abandoning module HTML5Networking (262)
[2018.06.17-00.05.49:555][793]LogModuleManager: Shutting down and abandoning module DatasmithContent (260)
[2018.06.17-00.05.49:555][793]LogModuleManager: Shutting down and abandoning module CryptoKeysOpenSSL (258)
[2018.06.17-00.05.49:555][793]LogModuleManager: Shutting down and abandoning module CryptoKeys (256)
[2018.06.17-00.05.49:555][793]LogModuleManager: Shutting down and abandoning module VisualStudioSourceCodeAccess (254)
[2018.06.17-00.05.49:556][793]LogModuleManager: Shutting down and abandoning module HotReload (253)
[2018.06.17-00.05.49:556][793]LogModuleManager: Shutting down and abandoning module DirectoryWatcher (252)
[2018.06.17-00.05.49:557][793]LogModuleManager: Shutting down and abandoning module VisualStudioCodeSourceCodeAccess (248)
[2018.06.17-00.05.49:557][793]LogModuleManager: Shutting down and abandoning module UObjectPlugin (246)
[2018.06.17-00.05.49:557][793]LogModuleManager: Shutting down and abandoning module SubversionSourceControl (244)
[2018.06.17-00.05.49:557][793]LogModuleManager: Shutting down and abandoning module PerforceSourceControl (242)
[2018.06.17-00.05.49:557][793]LogModuleManager: Shutting down and abandoning module SourceControl (241)
[2018.06.17-00.05.49:557][793]LogModuleManager: Shutting down and abandoning module CLionSourceCodeAccess (238)
[2018.06.17-00.05.49:557][793]LogModuleManager: Shutting down and abandoning module RuntimePhysXCooking (236)
[2018.06.17-00.05.49:557][793]LogModuleManager: Shutting down and abandoning module PhysXVehiclesEditor (234)
[2018.06.17-00.05.49:558][793]LogModuleManager: Shutting down and abandoning module PhysXVehicles (232)
[2018.06.17-00.05.49:558][793]LogModuleManager: Shutting down and abandoning module LocationServicesBPLibrary (230)
[2018.06.17-00.05.49:558][793]LogModuleManager: Shutting down and abandoning module ImmediatePhysicsEditor (228)
[2018.06.17-00.05.49:558][793]LogModuleManager: Shutting down and abandoning module ImmediatePhysics (226)
[2018.06.17-00.05.49:558][793]LogModuleManager: Shutting down and abandoning module ActorSequence (224)
[2018.06.17-00.05.49:558][793]LogModuleManager: Shutting down and abandoning module UdpMessaging (222)
[2018.06.17-00.05.49:558][793]LogModuleManager: Shutting down and abandoning module TcpMessaging (220)
[2018.06.17-00.05.49:558][793]LogModuleManager: Shutting down and abandoning module GameplayTagsEditor (218)
[2018.06.17-00.05.49:558][793]LogModuleManager: Shutting down and abandoning module FacialAnimation (216)
[2018.06.17-00.05.49:558][793]LogModuleManager: Shutting down and abandoning module DataValidation (214)
[2018.06.17-00.05.49:558][793]LogModuleManager: Shutting down and abandoning module AssetManagerEditor (212)
[2018.06.17-00.05.49:558][793]LogModuleManager: Shutting down and abandoning module TreeMap (211)
[2018.06.17-00.05.49:558][793]LogModuleManager: Shutting down and abandoning module LightPropagationVolumeRuntime (208)
[2018.06.17-00.05.49:558][793]LogModuleManager: Shutting down and abandoning module LiveLink (206)
[2018.06.17-00.05.50:352][793]LogModuleManager: Shutting down and abandoning module AdvancedSteamSessions (204)
[2018.06.17-00.05.50:352][793]LogModuleManager: Shutting down and abandoning module AdvancedSessions (202)
[2018.06.17-00.05.50:353][793]LogModuleManager: Shutting down and abandoning module Paper2D (200)
[2018.06.17-00.05.50:353][793]LogModuleManager: Shutting down and abandoning module PIEPreviewDeviceProfileSelector (198)
[2018.06.17-00.05.50:353][793]LogModuleManager: Shutting down and abandoning module WindowsMoviePlayer (196)
[2018.06.17-00.05.50:353][793]LogModuleManager: Shutting down and abandoning module WmfMedia (194)
[2018.06.17-00.05.50:355][793]LogModuleManager: Shutting down and abandoning module Media (193)
[2018.06.17-00.05.50:362][793]LogModuleManager: Shutting down and abandoning module PacketHandler (190)
[2018.06.17-00.05.50:362][793]LogModuleManager: Shutting down and abandoning module ClothingSystemEditor (188)
[2018.06.17-00.05.50:362][793]LogModuleManager: Shutting down and abandoning module ClothingSystemRuntime (186)
[2018.06.17-00.05.50:362][793]LogModuleManager: Shutting down and abandoning module MediaAssets (184)
[2018.06.17-00.05.50:362][793]LogModuleManager: Shutting down and abandoning module Overlay (182)
[2018.06.17-00.05.50:362][793]LogModuleManager: Shutting down and abandoning module OverlayEditor (181)
[2018.06.17-00.05.50:362][793]LogModuleManager: Shutting down and abandoning module VREditor (178)
[2018.06.17-00.05.50:362][793]LogModuleManager: Shutting down and abandoning module StringTableEditor (176)
[2018.06.17-00.05.50:362][793]LogModuleManager: Shutting down and abandoning module GameplayTasksEditor (174)
[2018.06.17-00.05.50:362][793]LogModuleManager: Shutting down and abandoning module BehaviorTreeEditor (172)
[2018.06.17-00.05.50:362][793]LogModuleManager: Shutting down and abandoning module FunctionalTesting (170)
[2018.06.17-00.05.50:362][793]LogModuleManager: Shutting down and abandoning module CollisionAnalyzer (168)
[2018.06.17-00.05.50:362][793]LogModuleManager: Shutting down and abandoning module WorkspaceMenuStructure (167)
[2018.06.17-00.05.50:386][793]LogModuleManager: Shutting down and abandoning module UMG (164)
[2018.06.17-00.05.50:386][793]LogModuleManager: Shutting down and abandoning module UMGEditor (163)
[2018.06.17-00.05.50:417][793]LogModuleManager: Shutting down and abandoning module Sequencer (162)
[2018.06.17-00.05.50:430][793]LogModuleManager: Shutting down and abandoning module MessageLog (159)
[2018.06.17-00.05.50:452][793]LogModuleManager: Shutting down and abandoning module SlateReflector (154)
[2018.06.17-00.05.50:452][793]LogModuleManager: Shutting down and abandoning module Slate (152)
[2018.06.17-00.05.50:452][793]LogModuleManager: Shutting down and abandoning module EditorStyle (150)
[2018.06.17-00.05.50:465][793]LogModuleManager: Shutting down and abandoning module MRMesh (148)
[2018.06.17-00.05.50:466][793]LogModuleManager: Shutting down and abandoning module Messaging (146)
[2018.06.17-00.05.50:466][793]LogModuleManager: Shutting down and abandoning module SourceCodeAccess (144)
[2018.06.17-00.05.50:466][793]LogModuleManager: Shutting down and abandoning module HeadMountedDisplay (142)
[2018.06.17-00.05.50:466][793]LogModuleManager: Shutting down and abandoning module XAudio2 (140)
[2018.06.17-00.05.50:466][793]LogModuleManager: Shutting down and abandoning module Networking (138)
[2018.06.17-00.05.50:466][793]LogModuleManager: Shutting down and abandoning module Core (136)
[2018.06.17-00.05.50:466][793]LogModuleManager: Shutting down and abandoning module LevelSequence (134)
[2018.06.17-00.05.50:471][793]LogModuleManager: Shutting down and abandoning module KismetCompiler (132)
[2018.06.17-00.05.50:471][793]LogModuleManager: Shutting down and abandoning module MeshUtilities (130)
[2018.06.17-00.05.50:471][793]LogModuleManager: Shutting down and abandoning module MeshMergeUtilities (129)
[2018.06.17-00.05.50:471][793]LogModuleManager: Shutting down and abandoning module MeshReductionInterface (128)
[2018.06.17-00.05.50:471][793]LogModuleManager: Shutting down and abandoning module SimplygonSwarm (127)
[2018.06.17-00.05.50:471][793]LogModuleManager: Shutting down and abandoning module SimplygonMeshReduction (125)
[2018.06.17-00.05.50:471][793]LogModuleManager: Shutting down and abandoning module QuadricMeshReduction (123)
[2018.06.17-00.05.50:471][793]LogModuleManager: Shutting down and abandoning module MaterialBaking (119)
[2018.06.17-00.05.50:471][793]LogModuleManager: Shutting down and abandoning module DerivedDataCache (114)
[2018.06.17-00.05.50:782][793]LogDerivedDataCache: Shutdown
[2018.06.17-00.05.50:783][793]LogModuleManager: Shutting down and abandoning module XGEController (112)
[2018.06.17-00.05.50:783][793]LogModuleManager: Shutting down and abandoning module TargetPlatform (110)
[2018.06.17-00.05.50:783][793]LogModuleManager: Shutting down and abandoning module VulkanShaderFormat (109)
[2018.06.17-00.05.50:783][793]LogModuleManager: Shutting down and abandoning module ShaderFormatVectorVM (107)
[2018.06.17-00.05.50:783][793]LogModuleManager: Shutting down and abandoning module ShaderFormatOpenGL (105)
[2018.06.17-00.05.50:783][793]LogModuleManager: Shutting down and abandoning module ShaderFormatD3D (103)
[2018.06.17-00.05.50:783][793]LogModuleManager: Shutting down and abandoning module MetalShaderFormat (101)
[2018.06.17-00.05.50:791][793]LogModuleManager: Shutting down and abandoning module TextureFormatUncompressed (99)
[2018.06.17-00.05.50:791][793]LogModuleManager: Shutting down and abandoning module TextureFormatPVR (97)
[2018.06.17-00.05.50:791][793]LogModuleManager: Shutting down and abandoning module TextureFormatDXT (95)
[2018.06.17-00.05.50:791][793]LogModuleManager: Shutting down and abandoning module TextureFormatIntelISPCTexComp (93)
[2018.06.17-00.05.50:791][793]LogModuleManager: Shutting down and abandoning module TextureFormatASTC (91)
[2018.06.17-00.05.50:791][793]LogModuleManager: Shutting down and abandoning module ImageWrapper (90)
[2018.06.17-00.05.50:791][793]LogModuleManager: Shutting down and abandoning module TextureFormatAndroid (87)
[2018.06.17-00.05.50:791][793]LogModuleManager: Shutting down and abandoning module AudioFormatOpus (85)
[2018.06.17-00.05.50:791][793]LogModuleManager: Shutting down and abandoning module AudioFormatOgg (83)
[2018.06.17-00.05.50:791][793]LogModuleManager: Shutting down and abandoning module AudioFormatADPCM (81)
[2018.06.17-00.05.50:791][793]LogModuleManager: Shutting down and abandoning module WindowsTargetPlatform (79)
[2018.06.17-00.05.50:791][793]LogModuleManager: Shutting down and abandoning module WindowsServerTargetPlatform (77)
[2018.06.17-00.05.50:791][793]LogModuleManager: Shutting down and abandoning module WindowsNoEditorTargetPlatform (75)
[2018.06.17-00.05.50:791][793]LogModuleManager: Shutting down and abandoning module WindowsClientTargetPlatform (73)
[2018.06.17-00.05.50:791][793]LogModuleManager: Shutting down and abandoning module InputCore (70)
[2018.06.17-00.05.50:791][793]LogModuleManager: Shutting down and abandoning module Settings (68)
[2018.06.17-00.05.50:791][793]LogModuleManager: Shutting down and abandoning module PhysXCooking (66)
[2018.06.17-00.05.50:791][793]LogModuleManager: Shutting down and abandoning module SteamVR (64)
[2018.06.17-00.05.50:791][793]LogModuleManager: Shutting down and abandoning module OculusHMD (62)
[2018.06.17-00.05.50:802][793]LogModuleManager: Shutting down and abandoning module ExampleDeviceProfileSelector (60)
[2018.06.17-00.05.50:802][793]LogModuleManager: Shutting down and abandoning module AppleARKit (58)
[2018.06.17-00.05.50:802][793]LogModuleManager: Shutting down and abandoning module AugmentedReality (57)
[2018.06.17-00.05.50:802][793]LogModuleManager: Shutting down and abandoning module OnlineBlueprintSupport (54)
[2018.06.17-00.05.50:802][793]LogModuleManager: Shutting down and abandoning module OnlineSubsystem (50)
[2018.06.17-00.05.50:814][793]LogOnline: Display: OSS: FOnlineSubsystemNull::Shutdown()
[2018.06.17-00.05.50:814][793]LogOnline: Display: OSS: FOnlineAsyncTaskManager::Stop() ActiveTask:0000000000000000 Tasks[0/0]
[2018.06.17-00.05.50:826][793]LogOnline: Display: OSS: FOnlineAsyncTaskManager::Exit() started
[2018.06.17-00.05.50:826][793]LogOnline: Display: OSS: FOnlineAsyncTaskManager::Exit() finished
[2018.06.17-00.05.50:826][793]LogModuleManager: Shutting down and abandoning module XMPP (43)
[2018.06.17-00.05.50:838][793]LogModuleManager: Shutting down and abandoning module HTTP (41)
[2018.06.17-00.05.50:881][793]LogModuleManager: Shutting down and abandoning module SSL (40)
[2018.06.17-00.05.50:894][793]LogModuleManager: Shutting down and abandoning module AnimationModifiers (36)
[2018.06.17-00.05.50:904][793]LogModuleManager: Shutting down and abandoning module PropertyEditor (35)
[2018.06.17-00.05.50:966][793]LogModuleManager: Shutting down and abandoning module AudioEditor (32)
[2018.06.17-00.05.50:977][793]LogModuleManager: Shutting down and abandoning module TextureCompressor (30)
[2018.06.17-00.05.50:989][793]LogModuleManager: Shutting down and abandoning module ShaderCore (28)
[2018.06.17-00.05.50:989][793]LogModuleManager: Shutting down and abandoning module Landscape (26)
[2018.06.17-00.05.50:989][793]LogModuleManager: Shutting down and abandoning module SlateRHIRenderer (24)
[2018.06.17-00.05.51:003][793]LogModuleManager: Shutting down and abandoning module OpenGLDrv (22)
[2018.06.17-00.05.51:015][793]LogModuleManager: Shutting down and abandoning module D3D11RHI (20)
[2018.06.17-00.05.51:015][793]LogModuleManager: Shutting down and abandoning module AnimGraphRuntime (18)
[2018.06.17-00.05.51:025][793]LogModuleManager: Shutting down and abandoning module Renderer (16)
[2018.06.17-00.05.51:025][793]LogModuleManager: Shutting down and abandoning module Engine (14)
[2018.06.17-00.05.51:025][793]LogModuleManager: Shutting down and abandoning module CoreUObject (12)
[2018.06.17-00.05.51:025][793]LogModuleManager: Shutting down and abandoning module NetworkFile (10)
[2018.06.17-00.05.51:035][793]LogModuleManager: Shutting down and abandoning module CookedIterativeFile (8)
[2018.06.17-00.05.51:035][793]LogModuleManager: Shutting down and abandoning module StreamingFile (6)
[2018.06.17-00.05.51:042][793]LogModuleManager: Shutting down and abandoning module SandboxFile (4)
[2018.06.17-00.05.51:042][793]LogModuleManager: Shutting down and abandoning module PakFile (2)
[2018.06.17-00.05.51:071][793]LogExit: Exiting.
[2018.06.17-00.05.51:076][793]Log file closed, 06/16/18 20:05:51
